SF:lib\core\services\search_service.dart
DA:11,1
DA:26,1
DA:45,1
DA:56,0
DA:57,0
DA:58,0
DA:59,0
DA:60,0
DA:61,0
DA:62,0
DA:63,0
DA:64,0
DA:86,1
DA:107,1
DA:116,3
DA:117,2
DA:119,1
DA:122,0
DA:129,1
DA:130,1
DA:134,1
DA:142,1
DA:143,1
DA:145,1
DA:146,0
DA:150,1
DA:153,1
DA:155,2
DA:157,1
DA:162,1
DA:163,1
DA:164,1
DA:165,2
DA:168,1
DA:169,1
DA:170,0
DA:176,1
DA:179,3
DA:183,1
DA:189,1
DA:190,2
DA:193,1
DA:194,1
DA:200,4
DA:203,1
DA:204,1
DA:210,4
DA:213,2
DA:214,1
DA:221,4
DA:224,1
DA:225,1
DA:231,4
DA:234,3
DA:235,1
DA:239,2
DA:240,1
DA:243,1
DA:247,1
DA:254,1
DA:258,1
DA:262,2
DA:263,1
DA:268,1
DA:269,1
DA:270,1
DA:273,1
DA:274,1
DA:275,2
DA:277,1
DA:279,4
DA:282,2
DA:285,1
DA:288,2
DA:289,1
DA:290,2
DA:291,1
DA:297,1
DA:298,3
DA:305,1
DA:306,1
DA:311,2
DA:314,2
DA:315,1
DA:317,0
DA:319,1
DA:320,3
DA:321,2
DA:323,1
DA:324,1
DA:333,1
DA:334,1
DA:335,0
DA:337,1
DA:338,0
DA:341,1
DA:342,1
DA:345,5
DA:347,2
DA:348,2
DA:350,2
DA:351,2
DA:354,2
DA:355,2
DA:356,5
DA:357,3
DA:358,9
DA:359,5
DA:364,2
DA:368,1
DA:369,1
DA:370,5
DA:374,1
DA:375,0
DA:376,0
DA:383,1
DA:387,1
DA:388,0
DA:389,0
DA:393,1
DA:394,0
DA:399,1
DA:400,0
DA:401,0
DA:406,1
DA:407,0
DA:411,1
DA:412,0
DA:420,1
DA:425,1
DA:427,1
DA:429,0
DA:430,0
DA:431,0
DA:432,0
DA:433,0
DA:434,0
DA:436,0
DA:437,0
DA:438,0
DA:439,0
DA:440,0
DA:441,0
DA:448,1
DA:449,4
DA:453,1
DA:454,1
DA:455,2
DA:459,2
DA:460,2
DA:463,3
DA:464,0
DA:468,5
DA:472,0
DA:473,0
DA:477,1
DA:478,1
DA:479,1
DA:481,1
DA:483,0
DA:484,0
DA:485,0
DA:486,0
DA:487,0
DA:489,0
DA:495,2
DA:496,3
DA:497,2
DA:501,2
DA:506,2
DA:507,2
DA:508,5
DA:509,1
DA:510,5
DA:512,2
DA:513,5
DA:514,2
DA:515,1
DA:517,1
DA:519,2
DA:527,1
DA:528,2
DA:532,0
DA:533,0
DA:537,0
DA:543,0
DA:544,0
DA:545,0
DA:546,0
DA:547,0
DA:550,0
DA:560,0
LF:192
LH:137
end_of_record
SF:lib\data\models\course_model.dart
DA:33,2
DA:66,0
DA:67,0
DA:68,0
DA:74,0
DA:75,0
DA:76,0
DA:78,0
DA:79,0
DA:81,0
DA:85,0
DA:86,0
DA:87,0
DA:90,0
DA:91,0
DA:92,0
DA:93,0
DA:94,0
DA:95,0
DA:96,0
DA:97,0
DA:98,0
DA:99,0
DA:100,0
DA:101,0
DA:102,0
DA:103,0
DA:104,0
DA:105,0
DA:106,0
DA:107,0
DA:108,0
DA:109,0
DA:110,0
DA:111,0
DA:112,0
DA:113,0
DA:115,0
DA:116,0
DA:117,0
DA:118,0
DA:119,0
DA:120,0
DA:121,0
DA:122,0
DA:123,0
DA:124,0
DA:129,0
DA:130,0
DA:131,0
DA:132,0
DA:133,0
DA:134,0
DA:135,0
DA:136,0
DA:137,0
DA:138,0
DA:139,0
DA:140,0
DA:141,0
DA:142,0
DA:143,0
DA:144,0
DA:145,0
DA:146,0
DA:147,0
DA:148,0
DA:149,0
DA:150,0
DA:151,0
DA:152,0
DA:153,0
DA:154,0
DA:155,0
DA:156,0
DA:157,0
DA:158,0
DA:159,0
DA:171,0
DA:173,0
DA:175,0
DA:177,0
DA:179,0
DA:192,0
DA:200,0
DA:201,0
DA:203,0
DA:207,0
DA:208,0
DA:209,0
DA:210,0
DA:211,0
DA:212,0
DA:213,0
DA:214,0
DA:218,0
DA:219,0
DA:220,0
DA:221,0
DA:222,0
DA:223,0
DA:243,0
DA:259,0
DA:260,0
DA:261,0
DA:262,0
DA:265,0
DA:266,0
DA:267,0
DA:268,0
DA:269,0
DA:270,0
DA:271,0
DA:272,0
DA:273,0
DA:274,0
DA:275,0
DA:276,0
DA:277,0
DA:278,0
DA:282,0
DA:283,0
DA:284,0
DA:285,0
DA:286,0
DA:287,0
DA:288,0
DA:289,0
DA:290,0
DA:291,0
DA:292,0
DA:293,0
DA:294,0
DA:295,0
DA:309,0
DA:311,0
DA:313,0
DA:315,0
DA:317,0
DA:319,0
DA:321,0
LF:141
LH:1
end_of_record
SF:lib\core\constants\app_constants.dart
DA:9,0
DA:41,0
DA:79,0
DA:82,0
DA:83,0
DA:84,0
DA:85,0
DA:92,0
DA:93,0
DA:94,0
DA:97,0
DA:101,0
DA:102,0
DA:103,0
DA:107,0
DA:108,0
DA:109,0
DA:110,0
DA:112,0
DA:146,0
DA:163,0
DA:180,0
DA:194,0
LF:23
LH:0
end_of_record
SF:lib\core\di\injection_container.dart
DA:24,0
DA:28,0
DA:32,0
DA:35,0
DA:38,0
DA:41,0
DA:46,0
DA:49,0
DA:52,0
DA:57,0
DA:58,0
DA:62,0
DA:63,0
DA:69,0
DA:70,0
DA:76,0
DA:77,0
DA:80,0
DA:81,0
DA:82,0
DA:88,0
DA:89,0
DA:90,0
DA:91,0
DA:92,0
DA:93,0
DA:105,0
DA:106,0
DA:110,0
DA:113,0
LF:30
LH:0
end_of_record
SF:lib\core\services\api_client.dart
DA:28,2
DA:35,0
DA:37,0
DA:39,0
DA:40,0
DA:41,0
DA:42,0
DA:43,0
DA:48,0
DA:53,0
DA:54,0
DA:55,0
DA:56,0
DA:58,0
DA:64,0
DA:65,0
DA:72,0
DA:74,0
DA:79,0
DA:80,0
DA:81,0
DA:82,0
DA:83,0
DA:87,0
DA:90,0
DA:91,0
DA:97,0
DA:98,0
DA:104,0
DA:105,0
DA:111,0
DA:112,0
DA:113,0
DA:114,0
DA:121,0
DA:138,2
DA:145,2
DA:146,2
DA:153,0
DA:155,1
DA:156,1
DA:166,3
DA:167,2
DA:188,0
DA:189,0
DA:192,0
DA:193,0
DA:197,0
DA:200,0
DA:202,0
DA:206,0
DA:208,0
DA:211,0
DA:212,0
DA:215,0
DA:216,0
DA:220,0
DA:222,0
DA:223,0
DA:224,0
DA:227,0
DA:228,0
DA:230,0
DA:237,0
DA:238,0
DA:240,0
DA:241,0
DA:243,0
DA:246,1
DA:247,3
DA:252,1
DA:259,1
DA:260,1
DA:267,1
DA:277,2
DA:282,0
DA:288,0
DA:293,0
DA:300,0
DA:303,0
DA:304,0
DA:305,0
DA:306,0
DA:308,0
DA:312,1
DA:314,1
DA:315,4
DA:316,0
DA:318,0
DA:320,0
DA:323,0
DA:328,4
DA:330,1
DA:331,0
DA:332,0
DA:334,0
DA:338,0
DA:339,0
DA:340,0
DA:341,0
DA:342,0
DA:346,0
DA:348,0
DA:349,0
DA:351,0
DA:355,0
DA:356,0
DA:359,0
DA:364,0
DA:370,1
DA:374,0
DA:380,0
DA:382,0
DA:385,0
DA:386,0
DA:387,0
DA:388,0
DA:391,0
DA:393,0
DA:396,0
DA:399,0
DA:401,0
DA:405,0
DA:408,0
DA:412,0
DA:414,0
DA:415,0
DA:416,0
DA:417,0
DA:428,0
DA:431,0
DA:436,0
DA:437,0
DA:438,0
DA:439,0
DA:440,0
DA:443,0
DA:445,0
DA:446,0
DA:448,0
DA:450,0
DA:451,0
DA:453,0
DA:455,0
DA:464,0
DA:465,0
DA:466,0
DA:469,0
DA:470,0
DA:477,0
DA:479,0
DA:480,0
DA:485,0
DA:490,0
DA:498,0
DA:499,0
DA:501,0
DA:502,0
DA:503,0
DA:509,0
DA:511,0
DA:517,0
DA:518,0
DA:519,0
DA:528,0
DA:529,0
DA:530,0
DA:531,0
DA:533,0
DA:536,0
DA:537,0
DA:553,0
DA:554,0
DA:556,0
DA:559,0
DA:560,0
DA:568,0
DA:571,0
DA:572,0
DA:582,0
DA:598,0
DA:600,0
DA:616,0
DA:618,0
DA:634,0
DA:639,0
DA:641,0
DA:644,0
DA:649,0
DA:650,0
DA:652,0
DA:653,0
DA:654,0
DA:670,0
DA:686,0
DA:702,0
DA:724,0
DA:725,0
DA:727,0
DA:728,0
DA:741,0
DA:742,0
DA:744,0
DA:755,0
DA:756,0
DA:758,0
DA:765,0
DA:766,0
DA:767,0
DA:768,0
DA:770,0
DA:772,0
DA:777,0
DA:778,0
DA:779,0
DA:780,0
DA:782,0
DA:784,0
DA:787,0
DA:793,0
DA:795,0
DA:796,0
DA:799,0
DA:802,0
DA:803,0
DA:806,0
DA:810,0
DA:813,0
DA:817,0
DA:824,0
DA:827,0
DA:833,0
DA:836,0
DA:840,0
DA:841,0
DA:842,0
DA:844,0
DA:845,0
DA:851,0
DA:866,0
DA:867,0
DA:868,0
DA:871,0
DA:873,0
DA:875,0
DA:879,0
DA:881,0
DA:887,0
DA:888,0
DA:889,0
DA:891,0
DA:895,0
DA:902,0
DA:904,0
DA:905,0
DA:906,0
DA:912,0
DA:913,0
DA:915,0
DA:916,0
DA:918,0
DA:920,0
DA:922,0
DA:928,0
DA:935,0
DA:936,0
DA:937,0
DA:938,0
DA:942,0
DA:950,0
DA:951,0
DA:952,0
DA:955,0
DA:956,0
DA:957,0
DA:958,0
DA:961,0
DA:962,0
DA:966,0
DA:967,0
DA:973,0
DA:979,0
DA:980,0
DA:984,0
DA:985,0
DA:986,0
DA:987,0
DA:992,0
DA:998,0
DA:999,0
DA:1003,0
DA:1004,0
DA:1005,0
DA:1006,0
DA:1011,0
DA:1017,0
DA:1018,0
DA:1022,0
DA:1023,0
DA:1024,0
DA:1025,0
DA:1030,0
DA:1035,0
DA:1036,0
DA:1040,0
DA:1041,0
DA:1042,0
DA:1043,0
DA:1048,0
DA:1057,0
DA:1058,0
DA:1059,0
DA:1062,0
DA:1069,0
DA:1070,0
DA:1071,0
DA:1072,0
DA:1073,0
DA:1078,0
DA:1085,0
DA:1092,0
DA:1095,0
DA:1102,0
DA:1106,0
DA:1107,0
DA:1111,0
DA:1112,0
DA:1113,0
DA:1117,0
DA:1118,0
DA:1119,0
LF:331
LH:21
end_of_record
SF:lib\core\services\user_service.dart
DA:15,4
DA:25,3
DA:26,2
DA:32,2
DA:36,1
DA:37,1
DA:38,1
DA:41,1
DA:47,1
DA:53,0
DA:60,0
DA:63,2
DA:66,3
DA:69,2
DA:74,4
DA:76,2
DA:82,4
DA:83,2
DA:85,2
DA:86,2
DA:90,4
DA:91,2
DA:92,2
DA:96,2
DA:97,2
DA:100,6
DA:101,6
DA:104,4
DA:105,2
DA:106,2
DA:108,4
DA:111,2
DA:113,2
DA:114,2
DA:118,0
DA:120,0
DA:125,0
DA:130,0
DA:132,0
DA:139,0
DA:141,0
DA:144,0
DA:146,0
DA:151,1
DA:153,2
DA:156,1
DA:157,2
DA:160,3
DA:164,1
DA:165,1
DA:167,2
DA:169,0
DA:170,0
DA:171,0
DA:172,0
DA:175,0
DA:176,0
DA:179,0
DA:180,0
DA:181,0
DA:183,0
DA:186,0
DA:192,0
DA:197,0
DA:199,0
DA:200,0
DA:201,0
DA:202,0
DA:206,0
DA:207,0
DA:208,0
DA:211,0
DA:213,0
DA:218,0
DA:222,0
DA:224,0
DA:230,0
DA:231,0
DA:232,0
DA:237,0
DA:238,0
DA:240,0
DA:245,0
DA:246,0
DA:248,0
DA:250,0
DA:254,0
DA:255,0
DA:262,0
DA:271,0
DA:272,0
DA:274,0
DA:292,0
DA:293,0
DA:294,0
DA:298,0
DA:302,0
DA:304,0
DA:305,0
DA:306,0
DA:310,0
DA:311,0
DA:315,0
DA:320,0
DA:321,0
LF:105
LH:40
end_of_record
SF:lib\core\services\course_service.dart
DA:21,1
DA:30,0
DA:31,0
DA:32,0
DA:33,0
DA:34,0
DA:35,0
DA:36,0
DA:39,0
DA:40,0
DA:41,0
DA:42,0
DA:43,0
DA:44,0
DA:45,0
DA:46,0
DA:53,0
DA:54,0
DA:58,1
DA:63,0
DA:64,1
DA:65,0
DA:71,0
DA:72,0
DA:73,0
DA:74,0
DA:77,0
DA:82,0
DA:85,0
DA:87,0
DA:88,0
DA:90,0
DA:93,0
DA:94,0
DA:95,0
DA:96,0
DA:99,0
DA:100,0
DA:101,0
DA:104,0
DA:108,0
DA:109,0
DA:110,0
DA:111,0
DA:116,0
DA:118,0
DA:119,0
DA:120,0
DA:121,0
DA:122,0
DA:125,0
DA:126,0
DA:127,0
DA:128,0
DA:130,0
DA:132,0
DA:133,0
DA:140,0
DA:141,0
DA:146,0
DA:147,0
DA:151,0
DA:153,0
DA:154,0
DA:158,0
DA:160,0
DA:164,0
DA:170,1
DA:171,2
DA:173,1
DA:174,2
DA:176,0
DA:177,0
DA:178,0
DA:179,0
DA:182,0
DA:183,0
DA:185,0
DA:186,0
DA:187,0
DA:192,0
DA:196,0
DA:198,0
DA:200,0
DA:201,0
DA:207,0
DA:213,0
DA:216,0
DA:220,0
DA:226,0
DA:227,0
DA:228,0
DA:232,0
DA:233,0
DA:235,0
DA:236,0
DA:237,0
DA:239,0
DA:240,0
DA:243,0
DA:244,0
DA:246,0
DA:249,0
DA:258,1
DA:264,2
DA:267,1
DA:271,2
DA:277,1
DA:278,0
DA:279,0
DA:280,0
DA:281,0
DA:283,0
DA:284,0
DA:287,0
DA:290,0
DA:291,0
DA:293,0
DA:296,0
DA:303,1
DA:304,2
DA:305,1
DA:308,1
DA:310,2
DA:317,0
DA:319,0
DA:320,0
DA:321,0
DA:322,0
DA:323,0
DA:326,0
DA:330,0
DA:331,0
DA:332,0
DA:334,0
DA:336,0
DA:339,0
DA:340,0
DA:341,0
DA:342,0
DA:345,0
DA:346,0
DA:347,0
DA:349,0
DA:353,0
DA:354,0
DA:356,0
DA:357,0
DA:358,0
DA:359,0
DA:360,0
DA:361,0
DA:363,0
DA:365,0
DA:368,0
DA:373,0
DA:374,0
DA:375,0
DA:378,0
DA:379,0
DA:381,0
DA:383,0
DA:386,0
DA:387,0
DA:388,0
DA:390,0
DA:391,0
DA:392,0
DA:394,0
LF:169
LH:17
end_of_record
SF:lib\core\services\cache_manager.dart
DA:12,1
DA:18,6
DA:20,2
DA:21,2
DA:22,2
DA:23,2
DA:26,0
DA:30,0
DA:31,0
DA:32,0
DA:33,0
DA:45,0
DA:52,0
DA:57,3
DA:58,2
DA:60,2
DA:77,1
DA:82,2
DA:83,2
DA:84,1
DA:85,2
DA:86,1
DA:87,1
DA:90,0
DA:91,0
DA:98,3
DA:101,0
DA:102,0
DA:104,0
DA:107,0
DA:108,0
DA:110,0
DA:111,0
DA:114,0
DA:120,0
DA:124,2
DA:129,1
DA:136,1
DA:138,1
DA:143,1
DA:148,2
DA:149,2
DA:150,2
DA:154,0
DA:161,1
DA:163,3
DA:164,0
DA:165,0
DA:168,2
DA:169,1
DA:173,1
DA:174,2
DA:175,2
DA:179,1
DA:180,2
DA:181,2
DA:184,3
DA:188,0
DA:194,1
DA:197,4
DA:198,1
DA:199,0
DA:200,0
DA:205,2
DA:206,1
DA:207,0
DA:208,0
DA:214,0
DA:220,0
DA:221,0
DA:222,0
DA:223,0
DA:224,0
DA:227,0
DA:228,0
DA:229,0
DA:230,0
DA:236,0
DA:242,1
DA:251,1
DA:257,1
DA:258,0
DA:263,0
DA:270,0
DA:271,0
DA:275,0
DA:281,0
DA:282,0
DA:283,0
DA:284,0
DA:285,0
DA:288,0
DA:291,0
DA:293,0
DA:295,0
DA:302,0
DA:303,0
DA:309,0
DA:312,0
DA:314,0
DA:315,0
DA:316,0
DA:317,0
DA:328,0
DA:330,0
DA:331,0
DA:332,4
DA:333,0
DA:334,0
LF:109
LH:45
end_of_record
SF:lib\core\services\sync_service.dart
DA:26,0
DA:37,0
DA:42,0
DA:43,0
DA:44,0
DA:45,0
DA:46,0
DA:47,0
DA:48,0
DA:49,0
DA:50,0
DA:54,0
DA:55,0
DA:56,0
DA:57,0
DA:58,0
DA:59,0
DA:60,0
DA:61,0
DA:62,0
DA:65,0
DA:66,0
DA:67,0
DA:68,0
DA:69,0
DA:70,0
DA:71,0
DA:72,0
DA:73,0
DA:74,0
DA:89,0
DA:90,0
DA:92,0
DA:93,0
DA:97,1
DA:114,0
DA:115,0
DA:116,0
DA:120,0
DA:122,0
DA:123,0
DA:124,0
DA:125,0
DA:126,0
DA:127,0
DA:128,0
DA:133,0
DA:135,0
DA:136,0
DA:139,0
DA:140,0
DA:141,0
DA:142,0
DA:148,0
DA:154,0
DA:156,0
DA:157,0
DA:158,0
DA:162,0
DA:168,0
DA:169,0
DA:170,0
DA:171,0
DA:173,0
DA:175,0
DA:176,0
DA:182,0
DA:186,0
DA:190,0
DA:195,0
DA:196,0
DA:200,0
DA:203,0
DA:204,0
DA:207,0
DA:211,0
DA:212,0
DA:214,0
DA:217,0
DA:222,0
DA:223,0
DA:224,0
DA:227,0
DA:232,0
DA:234,0
DA:235,0
DA:238,0
DA:244,0
DA:245,0
DA:246,0
DA:250,0
DA:253,0
DA:254,0
DA:256,0
DA:257,0
DA:260,0
DA:261,0
DA:265,0
DA:266,0
DA:267,0
DA:269,0
DA:272,0
DA:277,0
DA:278,0
DA:279,0
DA:283,0
DA:284,0
DA:287,0
DA:290,0
DA:292,0
DA:297,0
DA:302,0
DA:303,0
DA:304,0
DA:305,0
DA:310,0
DA:312,0
DA:313,0
DA:315,0
DA:321,0
DA:323,0
DA:324,0
DA:325,0
DA:332,0
DA:333,0
DA:334,0
DA:336,0
DA:339,0
DA:340,0
DA:341,0
DA:343,0
DA:346,0
DA:347,0
DA:351,0
DA:352,0
DA:356,0
DA:357,0
DA:358,0
DA:359,0
DA:365,0
DA:366,0
DA:370,0
DA:371,0
DA:372,0
DA:376,0
DA:377,0
DA:378,0
DA:382,0
DA:383,0
DA:384,0
DA:394,0
DA:400,0
DA:401,0
DA:406,0
LF:154
LH:1
end_of_record
SF:lib\core\services\analytics_service.dart
DA:8,0
DA:9,0
DA:16,2
DA:20,0
DA:21,0
DA:25,2
DA:31,2
DA:37,0
DA:46,2
DA:47,2
DA:51,2
DA:52,2
DA:53,2
DA:59,0
DA:60,0
DA:66,0
DA:67,0
DA:68,0
DA:72,2
DA:73,2
DA:74,4
DA:76,0
DA:79,2
DA:80,2
DA:81,4
DA:84,0
DA:87,2
DA:90,4
DA:91,0
DA:92,0
DA:94,0
DA:95,0
DA:96,0
DA:97,0
DA:98,0
DA:107,0
DA:108,0
DA:111,0
DA:112,0
DA:116,0
DA:117,0
DA:118,0
DA:120,0
DA:124,0
DA:128,2
DA:130,2
DA:131,2
DA:134,6
DA:135,4
DA:137,8
DA:140,2
DA:141,6
DA:144,4
DA:147,2
DA:150,2
DA:151,4
DA:157,6
DA:160,2
DA:161,4
DA:170,0
DA:171,0
DA:172,0
DA:175,0
DA:176,0
DA:178,0
DA:179,0
DA:181,0
DA:182,0
DA:185,0
DA:188,0
DA:191,0
DA:197,0
DA:199,0
DA:206,0
DA:207,0
DA:210,0
DA:211,0
DA:214,0
DA:215,0
DA:218,0
DA:219,0
DA:223,0
DA:224,0
DA:225,0
DA:227,0
DA:228,0
DA:231,0
DA:234,0
DA:235,0
DA:236,0
DA:242,0
DA:243,0
DA:244,0
DA:246,0
DA:247,0
DA:250,0
DA:253,0
DA:255,0
DA:256,0
DA:262,0
DA:263,0
DA:266,0
DA:267,0
DA:271,0
DA:272,0
DA:275,0
DA:276,0
DA:280,0
DA:281,0
DA:282,0
DA:284,0
DA:285,0
DA:286,0
DA:287,0
DA:291,0
DA:292,0
DA:293,0
DA:298,0
DA:299,0
DA:301,0
DA:304,0
DA:306,0
DA:307,0
DA:309,0
LF:124
LH:31
end_of_record
SF:lib\core\services\notification_service.dart
DA:35,1
DA:47,1
DA:48,1
DA:49,1
DA:50,1
DA:51,1
DA:52,1
DA:53,1
DA:54,0
DA:55,1
DA:56,1
DA:57,1
DA:61,0
DA:62,0
DA:63,0
DA:64,0
DA:66,0
DA:67,0
DA:69,0
DA:70,0
DA:72,0
DA:73,0
DA:78,0
DA:79,0
DA:80,0
DA:82,0
DA:84,0
DA:86,0
DA:88,0
DA:90,0
DA:92,0
DA:94,0
DA:96,0
DA:101,2
DA:102,1
DA:103,2
DA:104,1
DA:105,1
DA:106,2
DA:107,1
DA:108,2
DA:109,1
DA:110,1
DA:113,0
DA:114,0
DA:115,0
DA:116,0
DA:117,0
DA:118,0
DA:119,0
DA:120,0
DA:121,0
DA:122,0
DA:123,0
DA:130,3
DA:131,2
DA:133,1
DA:143,0
DA:145,1
DA:146,1
DA:149,1
DA:151,2
DA:153,0
DA:154,0
DA:155,0
DA:156,0
DA:161,0
DA:166,1
DA:168,5
DA:169,2
DA:170,1
DA:173,0
DA:178,1
DA:186,1
DA:187,3
DA:191,1
DA:197,2
DA:198,3
DA:199,0
DA:202,1
DA:203,2
DA:206,3
DA:207,1
DA:208,5
DA:209,6
DA:211,1
DA:212,5
DA:213,1
DA:214,5
DA:215,1
DA:219,0
DA:220,0
DA:221,0
DA:223,0
DA:226,0
DA:227,0
DA:228,0
DA:231,0
DA:232,0
DA:233,0
DA:236,0
DA:237,0
DA:246,2
DA:251,0
DA:255,0
DA:256,0
DA:257,0
DA:264,0
DA:265,0
DA:270,0
DA:271,0
DA:272,0
DA:273,0
DA:274,0
DA:278,0
DA:279,0
DA:280,0
DA:281,0
DA:285,0
DA:286,0
DA:287,0
DA:290,0
DA:291,0
DA:292,0
DA:295,0
DA:296,0
DA:297,0
DA:300,0
DA:301,0
DA:302,0
DA:305,0
DA:307,0
DA:308,0
DA:313,0
DA:314,0
DA:315,0
DA:319,0
DA:320,0
LF:138
LH:50
end_of_record
SF:lib\core\services\ai_tutor_service.dart
DA:33,1
DA:41,0
DA:42,0
DA:43,0
DA:44,0
DA:45,0
DA:46,0
DA:49,0
DA:50,0
DA:51,0
DA:52,0
DA:53,0
DA:54,0
DA:55,0
DA:71,1
DA:82,1
DA:83,1
DA:84,1
DA:85,1
DA:86,1
DA:87,1
DA:88,3
DA:89,1
DA:90,1
DA:91,1
DA:95,0
DA:96,0
DA:97,0
DA:98,0
DA:99,0
DA:100,0
DA:101,0
DA:102,0
DA:103,0
DA:106,0
DA:107,0
DA:108,0
DA:109,0
DA:110,0
DA:111,0
DA:112,0
DA:113,0
DA:114,0
DA:115,0
DA:116,0
DA:117,0
DA:118,0
DA:130,0
DA:147,3
DA:159,3
DA:160,2
DA:162,1
DA:163,1
DA:180,1
DA:183,1
DA:187,0
DA:190,0
DA:191,0
DA:194,2
DA:196,2
DA:197,2
DA:199,3
DA:203,0
DA:204,0
DA:208,0
DA:209,0
DA:210,0
DA:365,0
DA:368,0
DA:370,0
DA:371,0
DA:373,0
DA:377,0
DA:378,0
DA:381,0
DA:383,0
DA:385,0
DA:390,0
DA:392,0
DA:393,0
DA:394,0
DA:395,0
DA:396,0
DA:398,0
DA:403,0
DA:404,0
DA:408,1
DA:414,1
DA:415,4
DA:419,2
DA:420,1
DA:423,1
DA:424,3
DA:427,1
DA:429,1
DA:433,1
DA:436,2
DA:437,1
DA:438,0
DA:440,0
DA:441,0
DA:444,0
DA:449,3
DA:451,3
DA:452,1
DA:453,1
DA:455,1
DA:457,2
DA:459,1
DA:461,1
DA:466,2
DA:470,3
DA:471,1
DA:476,0
DA:483,1
DA:485,1
DA:486,3
DA:487,1
DA:488,2
DA:489,1
DA:491,1
DA:492,1
DA:493,3
DA:494,2
DA:496,1
DA:499,1
DA:501,1
DA:502,1
DA:504,1
DA:505,1
DA:511,1
DA:512,1
DA:514,1
DA:520,0
DA:521,0
DA:523,0
DA:531,0
DA:541,0
DA:562,1
DA:564,0
DA:567,1
DA:568,1
DA:572,0
DA:576,0
DA:580,0
DA:583,0
DA:586,0
DA:592,1
DA:603,1
DA:613,0
DA:614,0
DA:617,0
DA:618,0
DA:620,0
DA:639,0
DA:640,0
DA:641,0
DA:643,0
DA:644,0
DA:650,0
DA:651,0
DA:652,0
DA:654,0
DA:657,0
DA:661,0
DA:664,0
DA:669,0
DA:676,0
DA:677,0
DA:680,0
DA:681,0
DA:684,0
DA:686,0
DA:690,0
DA:692,0
DA:693,0
DA:694,0
DA:696,0
DA:697,0
DA:700,0
DA:704,0
DA:706,0
DA:707,0
DA:711,0
DA:713,0
DA:714,0
DA:715,0
DA:717,0
DA:719,0
DA:722,0
DA:723,0
DA:724,0
DA:725,0
DA:732,0
DA:736,0
DA:745,0
DA:747,0
DA:748,0
DA:749,0
DA:754,1
DA:755,1
DA:756,2
DA:757,2
DA:758,1
DA:759,2
DA:762,0
DA:766,1
DA:767,3
DA:768,1
DA:770,3
DA:772,1
DA:773,1
DA:774,1
DA:784,1
DA:785,2
DA:787,1
DA:796,6
DA:798,1
DA:799,0
DA:803,0
DA:804,0
DA:805,0
DA:806,0
DA:812,0
DA:813,0
DA:814,0
DA:815,0
DA:816,0
DA:818,0
DA:819,0
DA:820,0
DA:824,2
DA:825,1
DA:830,1
DA:832,1
DA:834,1
DA:835,3
DA:838,1
DA:845,0
DA:846,0
DA:847,0
DA:851,0
DA:852,0
DA:854,0
DA:855,0
DA:856,0
DA:858,0
DA:863,0
DA:864,0
DA:866,0
DA:867,0
DA:868,0
DA:870,0
DA:871,0
DA:872,0
DA:876,0
DA:881,1
DA:882,1
DA:884,0
DA:885,0
DA:887,0
DA:889,0
DA:893,0
DA:898,0
DA:901,0
DA:904,0
DA:905,0
DA:906,0
DA:914,1
DA:916,0
DA:919,0
DA:921,0
DA:924,1
DA:926,1
DA:928,2
DA:929,2
DA:930,5
DA:934,2
DA:935,0
DA:938,2
DA:939,0
DA:942,3
DA:945,0
DA:949,0
DA:950,0
DA:951,0
DA:952,0
LF:287
LH:106
end_of_record
SF:lib\core\services\security_service.dart
DA:10,1
DA:11,3
DA:20,1
DA:21,1
DA:24,1
DA:26,0
DA:27,0
DA:29,0
DA:30,0
DA:31,0
DA:36,0
DA:40,0
DA:44,1
DA:45,1
DA:48,1
DA:50,1
DA:54,1
DA:56,0
DA:61,0
DA:62,0
DA:63,0
DA:64,0
DA:66,0
DA:68,0
DA:71,0
DA:83,0
DA:84,0
DA:88,0
DA:90,0
DA:95,0
DA:96,0
DA:97,0
DA:101,0
DA:102,0
DA:103,0
DA:104,0
DA:108,0
DA:109,0
DA:110,0
DA:111,0
DA:114,0
DA:115,0
DA:120,0
DA:121,0
DA:122,0
DA:132,0
DA:133,0
DA:134,0
DA:136,0
DA:137,0
DA:147,0
DA:149,0
DA:151,0
DA:159,0
DA:160,0
DA:164,0
DA:165,0
DA:166,0
DA:167,0
DA:171,1
DA:172,1
DA:175,1
DA:177,2
DA:178,4
DA:181,1
DA:185,1
DA:186,1
DA:187,1
DA:188,1
DA:193,1
DA:194,1
DA:200,2
DA:204,2
DA:207,1
DA:208,1
DA:211,1
DA:212,1
DA:216,1
DA:217,1
DA:224,1
DA:225,1
DA:226,1
DA:227,1
DA:230,2
DA:233,1
DA:234,1
DA:237,2
DA:238,0
DA:241,1
DA:245,1
DA:246,2
DA:250,1
DA:253,2
DA:257,0
DA:258,0
DA:263,0
DA:264,0
DA:272,1
DA:273,1
DA:275,2
DA:276,0
DA:279,2
DA:280,0
DA:283,2
DA:284,0
DA:286,2
DA:287,0
DA:289,2
DA:290,0
DA:292,2
DA:293,0
DA:298,2
DA:299,1
DA:301,2
DA:302,1
DA:304,2
DA:305,1
DA:307,2
DA:308,1
DA:310,2
DA:311,1
DA:313,2
DA:314,1
DA:317,1
DA:318,1
DA:321,1
DA:325,1
DA:326,1
DA:329,1
DA:332,1
DA:338,0
DA:339,0
DA:340,0
DA:341,0
DA:342,0
DA:344,0
DA:355,3
DA:370,2
DA:385,1
LF:139
LH:73
end_of_record
SF:lib\core\network\network_info.dart
DA:10,0
DA:12,0
DA:14,0
DA:15,0
LF:4
LH:0
end_of_record
SF:lib\features\gamification\data\datasources\gamification_remote_data_source_impl.dart
DA:9,0
DA:11,0
DA:14,0
DA:15,0
DA:16,0
DA:17,0
DA:18,0
DA:20,0
DA:22,0
DA:23,0
DA:24,0
DA:28,0
DA:30,0
DA:34,0
DA:35,0
DA:36,0
DA:39,0
DA:40,0
DA:42,0
DA:43,0
DA:44,0
DA:48,0
DA:50,0
DA:52,0
DA:55,0
DA:56,0
DA:57,0
DA:60,0
DA:61,0
DA:63,0
DA:64,0
DA:65,0
DA:69,0
DA:71,0
DA:73,0
DA:76,0
DA:78,0
DA:79,0
DA:80,0
DA:84,0
DA:86,0
DA:88,0
DA:91,0
DA:92,0
DA:93,0
DA:94,0
LF:46
LH:0
end_of_record
SF:lib\features\gamification\data\datasources\gamification_local_data_source_impl.dart
DA:8,0
DA:10,0
DA:12,0
DA:15,0
DA:17,0
DA:20,0
DA:22,0
DA:25,0
DA:26,0
DA:27,0
DA:29,0
DA:32,0
DA:34,0
DA:35,0
DA:38,0
DA:41,0
DA:44,0
DA:45,0
DA:46,0
DA:48,0
DA:51,0
DA:54,0
DA:55,0
DA:58,0
DA:60,0
DA:63,0
DA:65,0
DA:68,0
DA:70,0
DA:71,0
DA:72,0
DA:73,0
LF:32
LH:0
end_of_record
SF:lib\features\gamification\data\repositories\gamification_repository_impl.dart
DA:16,1
DA:23,1
DA:25,2
DA:27,2
DA:28,2
DA:29,1
DA:31,0
DA:35,2
DA:36,1
DA:38,0
DA:43,1
DA:45,2
DA:47,2
DA:48,2
DA:49,1
DA:51,0
DA:55,0
DA:56,0
DA:58,0
DA:63,0
DA:66,0
DA:68,0
DA:69,0
DA:71,0
DA:73,0
DA:78,0
DA:79,0
DA:81,0
DA:86,0
DA:89,0
DA:92,0
DA:94,0
DA:99,0
DA:101,0
DA:112,0
DA:116,0
DA:117,0
DA:121,0
DA:124,0
DA:126,0
DA:131,0
DA:133,0
DA:144,0
DA:147,0
DA:149,0
LF:45
LH:13
end_of_record
SF:lib\core\error\exceptions.dart
DA:11,0
DA:17,0
DA:18,0
DA:25,0
DA:32,0
DA:33,0
DA:38,0
DA:47,0
DA:56,0
DA:67,0
DA:77,0
DA:86,0
LF:12
LH:0
end_of_record
SF:lib\core\error\failures.dart
DA:10,0
DA:16,0
DA:17,0
DA:22,0
DA:31,0
DA:40,0
DA:49,0
DA:60,0
DA:67,0
DA:68,0
DA:73,0
DA:82,0
DA:91,0
LF:13
LH:0
end_of_record
SF:lib\core\providers\auth_provider.dart
DA:10,1
DA:13,2
DA:19,2
DA:24,0
DA:25,0
DA:35,0
DA:36,0
DA:38,0
DA:43,0
DA:44,0
DA:47,0
DA:51,0
DA:57,0
DA:62,0
DA:64,0
DA:70,0
DA:71,0
DA:74,0
DA:78,0
DA:84,0
DA:87,0
DA:91,0
DA:98,0
DA:100,0
DA:108,0
DA:110,0
DA:117,0
DA:118,0
DA:120,0
DA:121,0
DA:122,0
DA:125,0
DA:129,0
DA:135,0
DA:137,0
DA:138,0
DA:140,0
DA:145,0
DA:150,0
DA:152,0
DA:155,0
DA:158,0
DA:159,0
DA:163,0
DA:164,0
DA:167,0
DA:173,3
DA:176,0
DA:179,0
DA:182,0
DA:185,0
DA:189,4
DA:190,1
DA:194,0
DA:195,0
DA:196,0
DA:200,0
DA:201,0
DA:202,0
LF:59
LH:6
end_of_record
SF:lib\data\models\user_model.dart
DA:23,2
DA:46,0
DA:49,0
DA:50,0
DA:51,0
DA:53,0
DA:57,0
DA:60,0
DA:62,2
DA:63,2
DA:64,2
DA:65,2
DA:66,2
DA:67,2
DA:68,2
DA:69,2
DA:70,2
DA:71,2
DA:72,4
DA:73,4
DA:74,4
DA:75,4
DA:77,4
DA:78,2
DA:79,0
DA:80,0
DA:82,4
DA:83,4
DA:84,4
DA:85,2
DA:86,2
DA:90,2
DA:91,2
DA:92,2
DA:93,2
DA:94,2
DA:95,2
DA:96,2
DA:97,2
DA:98,2
DA:99,2
DA:100,4
DA:101,2
DA:102,2
DA:103,2
DA:104,4
DA:105,2
DA:106,4
DA:107,4
DA:108,4
DA:109,2
DA:110,2
DA:114,0
DA:135,0
DA:136,0
DA:137,0
DA:138,0
DA:139,0
DA:140,0
DA:141,0
DA:142,0
DA:143,0
DA:144,0
DA:145,0
DA:146,0
DA:147,0
DA:148,0
DA:149,0
DA:150,0
DA:151,0
DA:152,0
DA:153,0
DA:154,0
DA:166,0
DA:168,0
DA:170,0
DA:172,0
DA:174,0
DA:193,2
DA:206,2
DA:207,2
DA:208,4
DA:209,4
DA:210,2
DA:211,2
DA:212,2
DA:213,2
DA:214,4
DA:215,2
DA:216,4
DA:217,2
DA:221,2
DA:222,2
DA:223,2
DA:224,2
DA:225,2
DA:226,2
DA:227,2
DA:228,2
DA:229,2
DA:230,2
DA:231,4
DA:232,2
DA:237,1
DA:238,1
DA:239,1
DA:240,1
DA:261,0
DA:263,0
DA:265,0
DA:267,0
DA:269,0
DA:271,0
DA:286,0
DA:296,0
DA:297,0
DA:298,0
DA:299,0
DA:304,0
DA:305,0
DA:306,0
DA:307,0
DA:308,0
DA:309,0
DA:310,0
DA:311,0
DA:315,0
DA:316,0
DA:317,0
DA:318,0
DA:319,0
DA:320,0
DA:321,0
DA:322,0
DA:334,0
DA:336,0
DA:338,0
DA:340,0
DA:342,0
DA:361,2
DA:375,0
DA:376,0
DA:377,0
DA:378,0
DA:381,2
DA:382,2
DA:383,2
DA:384,2
DA:385,2
DA:386,2
DA:387,2
DA:389,4
DA:390,2
DA:391,2
DA:392,2
DA:393,2
DA:394,0
DA:399,2
DA:400,2
DA:401,2
DA:402,2
DA:403,2
DA:404,2
DA:405,2
DA:406,4
DA:407,2
DA:408,2
DA:409,2
DA:410,2
DA:415,1
DA:416,1
LF:171
LH:99
end_of_record
SF:lib\core\providers\gamification_provider.dart
DA:20,2
DA:32,0
DA:43,0
DA:44,0
DA:45,0
DA:46,0
DA:47,0
DA:49,0
DA:50,0
DA:51,0
DA:53,0
DA:54,0
DA:60,0
DA:61,0
DA:62,0
DA:63,0
DA:67,0
DA:69,0
DA:70,0
DA:71,0
DA:80,0
DA:82,0
DA:83,0
DA:87,0
DA:89,0
DA:90,0
DA:91,0
DA:94,0
DA:98,0
DA:99,0
DA:101,0
DA:102,0
DA:103,0
DA:104,0
DA:106,0
DA:107,0
DA:109,0
DA:116,0
DA:121,0
DA:122,0
DA:123,0
DA:124,0
DA:125,0
DA:126,0
DA:134,0
DA:135,0
DA:138,0
DA:139,0
DA:141,0
DA:142,0
DA:145,0
DA:147,0
DA:148,0
DA:149,0
DA:151,0
DA:152,0
DA:153,0
DA:156,0
DA:161,0
DA:162,0
DA:166,0
DA:167,0
DA:169,0
DA:170,0
DA:171,0
DA:172,0
DA:173,0
DA:174,0
DA:175,0
DA:176,0
DA:182,0
DA:184,0
DA:193,2
DA:194,1
DA:195,0
LF:75
LH:3
end_of_record
SF:lib\features\gamification\domain\entities\achievement.dart
DA:23,0
DA:25,0
DA:27,0
DA:29,0
DA:31,0
DA:33,0
DA:38,0
DA:40,0
DA:42,0
DA:44,0
DA:46,0
DA:48,0
DA:68,2
DA:83,0
DA:84,0
DA:85,0
DA:86,0
DA:87,0
DA:88,0
DA:89,0
DA:90,0
DA:91,0
DA:92,0
DA:93,0
DA:94,0
DA:95,0
DA:96,0
LF:27
LH:1
end_of_record
SF:lib\features\gamification\domain\entities\leaderboard_entry.dart
DA:11,0
DA:20,0
DA:22,0
LF:3
LH:0
end_of_record
SF:lib\core\providers\theme_provider.dart
DA:7,2
DA:8,2
DA:9,1
DA:14,2
DA:15,1
DA:21,1
DA:22,1
DA:23,1
DA:25,1
DA:26,1
DA:27,1
DA:28,1
DA:29,0
DA:31,1
DA:36,1
DA:37,1
DA:38,1
DA:40,1
DA:43,1
DA:44,1
DA:46,1
DA:47,1
DA:50,1
DA:55,0
DA:56,0
DA:57,0
DA:59,0
DA:64,0
DA:65,0
DA:66,0
DA:68,0
LF:31
LH:22
end_of_record
SF:lib\core\repositories\knowledge_repository.dart
DA:12,0
DA:25,1
DA:28,0
DA:29,0
DA:31,0
DA:32,0
DA:35,0
DA:36,0
DA:39,0
DA:40,0
DA:41,0
DA:42,0
DA:43,0
DA:44,0
DA:45,0
DA:55,0
DA:57,0
DA:58,0
DA:59,0
DA:60,0
DA:61,0
DA:62,0
DA:71,1
DA:73,5
DA:76,0
DA:79,0
DA:81,0
DA:82,0
DA:83,0
DA:87,0
DA:90,0
DA:91,0
DA:92,0
DA:93,0
DA:95,0
DA:99,0
DA:100,0
DA:101,0
DA:102,0
DA:103,0
DA:104,0
DA:106,0
DA:110,0
DA:111,0
DA:117,0
DA:118,0
DA:119,0
DA:120,0
DA:123,0
DA:124,0
LF:50
LH:3
end_of_record
SF:lib\core\services\ai\gemini_client.dart
DA:16,0
DA:18,0
DA:23,0
DA:24,0
DA:26,0
DA:28,0
DA:29,0
DA:31,0
DA:32,0
DA:38,0
DA:41,0
DA:42,0
DA:43,0
DA:44,0
DA:45,0
DA:48,0
DA:51,0
DA:53,0
DA:54,0
DA:58,0
DA:61,0
DA:64,0
DA:66,0
DA:67,0
DA:68,0
DA:69,0
DA:70,0
DA:73,0
DA:75,0
DA:77,0
DA:78,0
DA:82,0
DA:85,0
DA:86,0
DA:89,0
DA:91,0
DA:92,0
DA:94,0
DA:102,0
DA:107,0
DA:110,0
DA:115,0
DA:116,0
DA:119,0
DA:120,0
DA:121,0
DA:122,0
DA:124,0
DA:125,0
DA:126,0
DA:129,0
DA:130,0
DA:131,0
DA:132,0
DA:133,0
DA:134,0
DA:135,0
DA:136,0
DA:142,0
DA:147,0
DA:148,0
DA:149,0
DA:151,0
DA:152,0
DA:156,0
DA:157,0
DA:160,0
DA:162,0
DA:163,0
DA:165,0
DA:174,0
DA:175,0
DA:176,0
DA:177,0
DA:178,0
DA:179,0
DA:180,0
DA:181,0
DA:190,0
DA:191,0
DA:192,0
DA:194,0
DA:195,0
LF:83
LH:0
end_of_record
SF:lib\core\services\ai\gemini_embedding_client.dart
DA:16,0
DA:18,0
DA:23,0
DA:24,0
DA:26,0
DA:28,0
DA:31,0
DA:33,0
DA:34,0
DA:36,0
DA:37,0
DA:38,0
DA:44,0
DA:45,0
DA:46,0
DA:47,0
DA:48,0
DA:55,0
DA:56,0
DA:57,0
DA:59,0
DA:63,0
DA:65,0
DA:66,0
DA:69,0
DA:71,0
DA:72,0
DA:74,0
DA:76,0
DA:77,0
DA:78,0
DA:82,0
DA:86,0
DA:87,0
DA:88,0
DA:89,0
DA:90,0
DA:91,0
DA:92,0
DA:99,0
DA:100,0
DA:102,0
LF:42
LH:0
end_of_record
SF:lib\core\services\ai\mock_embedding_client.dart
DA:5,1
DA:8,0
DA:11,0
DA:14,0
DA:16,0
LF:5
LH:1
end_of_record
SF:lib\core\services\biometric_service.dart
DA:5,3
DA:6,2
DA:10,1
DA:11,1
DA:13,0
DA:15,0
DA:16,0
DA:21,0
DA:23,0
DA:24,0
DA:25,0
DA:29,0
DA:31,0
DA:34,0
LF:14
LH:4
end_of_record
SF:lib\data\models\live_class_model.dart
DA:12,0
DA:22,0
DA:23,0
DA:24,0
DA:25,0
DA:27,0
DA:29,0
DA:31,0
DA:32,0
DA:33,0
DA:34,0
DA:36,0
DA:40,0
DA:41,0
DA:42,0
DA:43,0
DA:44,0
DA:45,0
DA:46,0
DA:47,0
DA:51,0
DA:52,0
DA:53,0
DA:54,0
DA:55,0
DA:56,0
DA:57,0
DA:58,0
LF:28
LH:0
end_of_record
SF:lib\features\gamification\data\models\gamification_models.dart
DA:5,1
DA:20,0
DA:21,0
DA:22,0
DA:23,0
DA:24,0
DA:25,0
DA:26,0
DA:27,0
DA:28,0
DA:29,0
DA:30,0
DA:31,0
DA:32,0
DA:34,0
DA:35,0
DA:39,0
DA:40,0
DA:41,0
DA:42,0
DA:43,0
DA:44,0
DA:45,0
DA:46,0
DA:47,0
DA:48,0
DA:49,0
DA:50,0
DA:51,0
DA:52,0
DA:56,0
DA:59,0
DA:65,0
DA:68,0
DA:76,0
DA:85,0
DA:86,0
DA:87,0
DA:88,0
DA:89,0
DA:90,0
DA:91,0
DA:92,0
DA:96,0
DA:97,0
DA:98,0
DA:99,0
DA:100,0
DA:101,0
DA:102,0
DA:103,0
LF:51
LH:1
end_of_record
SF:lib\shared\widgets\recently_viewed_widget.dart
DA:12,2
DA:13,1
DA:14,0
DA:17,0
DA:19,0
DA:20,0
DA:24,0
DA:25,0
DA:28,0
DA:31,0
DA:33,0
DA:35,0
DA:37,0
DA:52,1
DA:54,1
DA:56,2
DA:58,1
DA:59,1
DA:60,1
DA:64,1
DA:66,1
DA:67,1
DA:69,1
DA:71,1
DA:72,1
DA:74,4
DA:78,1
DA:79,0
DA:80,0
DA:88,1
DA:90,1
DA:94,1
DA:95,0
DA:96,1
DA:97,1
DA:98,1
DA:99,1
DA:101,1
DA:105,1
DA:106,3
DA:107,1
DA:114,1
DA:115,0
DA:124,1
DA:129,1
DA:131,1
DA:132,0
DA:133,1
DA:135,1
DA:136,2
DA:137,1
DA:138,1
DA:139,1
DA:140,1
DA:147,1
DA:148,1
DA:150,1
DA:151,1
DA:152,1
DA:153,2
DA:157,0
DA:160,0
DA:167,1
DA:168,1
DA:171,1
DA:172,1
DA:173,2
DA:176,4
DA:181,1
DA:182,1
DA:183,1
DA:184,5
DA:185,4
DA:191,1
DA:192,2
DA:210,1
DA:212,1
DA:214,1
DA:216,1
DA:220,1
DA:221,1
DA:224,1
DA:225,1
DA:226,1
DA:228,5
LF:85
LH:67
end_of_record
SF:lib\core\theme\app_colors.dart
DA:11,0
LF:1
LH:0
end_of_record
SF:lib\shared\widgets\main_scaffold.dart
DA:8,0
DA:14,0
DA:16,0
DA:18,0
DA:19,0
DA:20,0
DA:23,0
DA:25,0
DA:27,0
DA:36,0
DA:38,0
DA:40,0
DA:42,0
DA:43,0
DA:45,0
DA:47,0
DA:48,0
DA:49,0
DA:82,0
DA:84,0
DA:86,0
DA:88,0
DA:89,0
DA:90,0
DA:91,0
DA:93,0
DA:94,0
DA:95,0
DA:98,0
DA:100,0
DA:104,0
DA:105,0
DA:108,0
DA:110,0
DA:145,0
DA:156,0
DA:158,0
DA:160,0
DA:161,0
DA:163,0
DA:164,0
DA:165,0
DA:167,0
DA:169,0
DA:170,0
DA:171,0
DA:172,0
DA:173,0
DA:178,0
DA:179,0
DA:181,0
DA:183,0
DA:184,0
DA:185,0
DA:188,0
DA:190,0
DA:199,0
DA:201,0
DA:211,0
DA:212,0
DA:215,0
DA:216,0
DA:220,0
DA:221,0
DA:222,0
DA:223,0
DA:226,0
DA:230,0
DA:231,0
DA:232,0
DA:233,0
DA:236,0
DA:240,0
DA:241,0
DA:242,0
DA:243,0
DA:250,0
DA:253,0
DA:255,0
DA:256,0
DA:261,0
DA:266,0
DA:268,0
DA:273,0
DA:275,0
DA:280,0
DA:282,0
DA:287,0
DA:293,0
DA:298,0
DA:300,0
DA:305,0
DA:313,0
DA:315,0
DA:319,0
DA:320,0
DA:321,0
DA:322,0
DA:326,0
DA:329,0
DA:334,0
DA:342,0
DA:358,0
DA:367,0
DA:369,0
DA:370,0
DA:371,0
DA:372,0
DA:373,0
DA:375,0
DA:377,0
DA:378,0
DA:379,0
DA:381,0
DA:382,0
DA:383,0
DA:384,0
DA:385,0
DA:387,0
DA:388,0
DA:389,0
DA:390,0
DA:395,0
DA:396,0
DA:397,0
DA:398,0
DA:399,0
DA:400,0
DA:401,0
DA:403,0
DA:417,0
DA:419,0
DA:420,0
DA:422,0
DA:423,0
DA:425,0
DA:426,0
DA:428,0
DA:429,0
LF:139
LH:0
end_of_record
SF:lib\shared\widgets\quick_actions_fab.dart
DA:14,1
DA:16,0
DA:17,0
DA:26,0
DA:28,0
DA:29,0
DA:33,0
DA:34,0
DA:38,0
DA:40,0
DA:41,0
DA:44,0
DA:45,0
DA:46,0
DA:47,0
DA:48,0
DA:50,0
DA:55,0
DA:56,0
DA:57,0
DA:60,0
DA:62,0
DA:65,0
DA:67,0
DA:68,0
DA:72,0
DA:73,0
DA:75,0
DA:79,0
DA:80,0
DA:82,0
DA:86,0
DA:88,0
DA:91,0
DA:92,0
DA:93,0
DA:95,0
DA:99,0
DA:101,0
DA:102,0
DA:103,0
DA:108,0
DA:109,0
DA:110,0
DA:112,0
DA:114,0
DA:115,0
DA:117,0
DA:118,0
DA:119,0
DA:137,0
DA:144,0
DA:146,0
DA:148,0
DA:150,0
DA:152,0
DA:154,0
DA:155,0
DA:156,0
DA:157,0
DA:158,0
DA:159,0
DA:165,0
DA:166,0
DA:167,0
DA:174,0
DA:175,0
DA:177,0
DA:178,0
DA:179,0
DA:180,0
DA:181,0
DA:185,0
DA:186,0
LF:74
LH:1
end_of_record
SF:lib\shared\widgets\progress_ring.dart
DA:14,1
DA:25,1
DA:27,1
DA:28,1
DA:30,3
DA:32,1
DA:33,1
DA:34,1
DA:35,1
DA:37,1
DA:39,1
DA:40,1
DA:41,1
DA:42,1
DA:44,1
DA:50,1
DA:51,1
DA:52,1
DA:53,1
DA:54,2
DA:55,1
DA:57,1
DA:58,1
DA:60,1
DA:68,1
DA:69,0
DA:70,1
DA:71,0
DA:72,0
DA:73,0
DA:74,0
DA:75,0
DA:76,0
DA:77,0
DA:79,0
LF:35
LH:26
end_of_record
