============================= test session starts =============================
platform win32 -- Python 3.13.9, pytest-9.0.2, pluggy-1.6.0
django: version: 5.0.1, settings: config.settings.development (from ini)
rootdir: C:\Users\shiva\Desktop\windows_app\conductor
configfile: pytest.ini
plugins: django-4.11.1
collected 26 items

tests\test_courses.py ......FF..                                         [ 38%]
tests\test_users.py ................                                     [100%]

================================== FAILURES ===================================
________ TestCourseEnrollment.test_enroll_paid_course_without_payment _________

self = <tests.test_courses.TestCourseEnrollment object at 0x0000023C8901AD70>
authenticated_client = <rest_framework.test.APIClient object at 0x0000023C898D8D10>
paid_course = <Course: Advanced Python>

    def test_enroll_paid_course_without_payment(
        self, authenticated_client, paid_course
    ):
        """Test paid course enrollment requires payment."""
>       response = authenticated_client.post(
            f"/api/v1/courses/{paid_course.slug}/enroll/"
        )

tests\test_courses.py:118: 
_ _ _ _ _ _ _ _ _ _ _ _ _ _ _ _ _ _ _ _ _ _ _ _ _ _ _ _ _ _ _ _ _ _ _ _ _ _ _ _
venv\Lib\site-packages\rest_framework\test.py:296: in post
    response = super().post(
venv\Lib\site-packages\rest_framework\test.py:210: in post
    return self.generic('POST', path, data, content_type, **extra)
           ^^^^^^^^^^^^^^^^^^^^^^^^^^^^^^^^^^^^^^^^^^^^^^^^^^^^^^^
venv\Lib\site-packages\rest_framework\test.py:234: in generic
    return super().generic(
venv\Lib\site-packages\django\test\client.py:617: in generic
    return self.request(**r)
           ^^^^^^^^^^^^^^^^^
venv\Lib\site-packages\rest_framework\test.py:286: in request
    return super().request(**kwargs)
           ^^^^^^^^^^^^^^^^^^^^^^^^^
venv\Lib\site-packages\rest_framework\test.py:238: in request
    request = super().request(**kwargs)
              ^^^^^^^^^^^^^^^^^^^^^^^^^
venv\Lib\site-packages\django\test\client.py:1013: in request
    self.check_exception(response)
venv\Lib\site-packages\django\test\client.py:743: in check_exception
    raise exc_value
venv\Lib\site-packages\django\core\handlers\exception.py:55: in inner
    response = get_response(request)
               ^^^^^^^^^^^^^^^^^^^^^
venv\Lib\site-packages\django\core\handlers\base.py:197: in _get_response
    response = wrapped_callback(request, *callback_args, **callback_kwargs)
               ^^^^^^^^^^^^^^^^^^^^^^^^^^^^^^^^^^^^^^^^^^^^^^^^^^^^^^^^^^^^
venv\Lib\site-packages\django\views\decorators\csrf.py:65: in _view_wrapper
    return view_func(request, *args, **kwargs)
           ^^^^^^^^^^^^^^^^^^^^^^^^^^^^^^^^^^^
venv\Lib\site-packages\rest_framework\viewsets.py:125: in view
    return self.dispatch(request, *args, **kwargs)
           ^^^^^^^^^^^^^^^^^^^^^^^^^^^^^^^^^^^^^^^
venv\Lib\site-packages\rest_framework\views.py:509: in dispatch
    response = self.handle_exception(exc)
               ^^^^^^^^^^^^^^^^^^^^^^^^^^
venv\Lib\site-packages\rest_framework\views.py:469: in handle_exception
    self.raise_uncaught_exception(exc)
venv\Lib\site-packages\rest_framework\views.py:480: in raise_uncaught_exception
    raise exc
venv\Lib\site-packages\rest_framework\views.py:506: in dispatch
    response = handler(request, *args, **kwargs)
               ^^^^^^^^^^^^^^^^^^^^^^^^^^^^^^^^^
apps\courses\views.py:93: in enroll
    enrollment = CourseService.enroll_user(user, course)
                 ^^^^^^^^^^^^^^^^^^^^^^^^^^^^^^^^^^^^^^^
_ _ _ _ _ _ _ _ _ _ _ _ _ _ _ _ _ _ _ _ _ _ _ _ _ _ _ _ _ _ _ _ _ _ _ _ _ _ _ _

user = <User: test@example.com>, course = <Course: Advanced Python>

    @staticmethod
    def enroll_user(user, course) -> Enrollment:
        """
        Enroll a user in a course.
        Raises ValueError if already enrolled or PaymentRequiredException if course is paid.
        """
        # Check if already enrolled
        if Enrollment.objects.filter(user=user, course=course).exists():
            raise ValueError("Already enrolled in this course.")
    
        # Check if course is paid (simple check for now)
        if not course.is_free and course.price > 0:
            # In a real scenario, we'd check for successful transaction here
>           raise PaymentRequiredException("This is a paid course. Please complete payment first.")
E           core.exceptions.PaymentRequiredException: This is a paid course. Please complete payment first.

apps\courses\services.py:28: PaymentRequiredException
---------------------------- Captured stderr call -----------------------------
ERROR 2026-01-05 17:54:25,062 log 18776 23164 Internal Server Error: /api/v1/courses/advanced-python/enroll/
Traceback (most recent call last):
  File "C:\Users\shiva\Desktop\windows_app\conductor\venv\Lib\site-packages\django\core\handlers\exception.py", line 55, in inner
    response = get_response(request)
  File "C:\Users\shiva\Desktop\windows_app\conductor\venv\Lib\site-packages\django\core\handlers\base.py", line 197, in _get_response
    response = wrapped_callback(request, *callback_args, **callback_kwargs)
  File "C:\Users\shiva\Desktop\windows_app\conductor\venv\Lib\site-packages\django\views\decorators\csrf.py", line 65, in _view_wrapper
    return view_func(request, *args, **kwargs)
  File "C:\Users\shiva\Desktop\windows_app\conductor\venv\Lib\site-packages\rest_framework\viewsets.py", line 125, in view
    return self.dispatch(request, *args, **kwargs)
           ~~~~~~~~~~~~~^^^^^^^^^^^^^^^^^^^^^^^^^^
  File "C:\Users\shiva\Desktop\windows_app\conductor\venv\Lib\site-packages\rest_framework\views.py", line 509, in dispatch
    response = self.handle_exception(exc)
  File "C:\Users\shiva\Desktop\windows_app\conductor\venv\Lib\site-packages\rest_framework\views.py", line 469, in handle_exception
    self.raise_uncaught_exception(exc)
    ~~~~~~~~~~~~~~~~~~~~~~~~~~~~~^^^^^
  File "C:\Users\shiva\Desktop\windows_app\conductor\venv\Lib\site-packages\rest_framework\views.py", line 480, in raise_uncaught_exception
    raise exc
  File "C:\Users\shiva\Desktop\windows_app\conductor\venv\Lib\site-packages\rest_framework\views.py", line 506, in dispatch
    response = handler(request, *args, **kwargs)
  File "C:\Users\shiva\Desktop\windows_app\conductor\apps\courses\views.py", line 93, in enroll
    enrollment = CourseService.enroll_user(user, course)
  File "C:\Users\shiva\Desktop\windows_app\conductor\apps\courses\services.py", line 28, in enroll_user
    raise PaymentRequiredException("This is a paid course. Please complete payment first.")
core.exceptions.PaymentRequiredException: This is a paid course. Please complete payment first.
_______________ TestCourseEnrollment.test_duplicate_enrollment ________________

self = <tests.test_courses.TestCourseEnrollment object at 0x0000023C8901AEA0>
authenticated_client = <rest_framework.test.APIClient object at 0x0000023C898DA8B0>
course = <Course: Python Basics>, user = <User: test@example.com>

    def test_duplicate_enrollment(self, authenticated_client, course, user):
        """Test cannot enroll twice in same course."""
        Enrollment.objects.create(user=user, course=course)
    
>       response = authenticated_client.post(f"/api/v1/courses/{course.slug}/enroll/")
                   ^^^^^^^^^^^^^^^^^^^^^^^^^^^^^^^^^^^^^^^^^^^^^^^^^^^^^^^^^^^^^^^^^^^

tests\test_courses.py:128: 
_ _ _ _ _ _ _ _ _ _ _ _ _ _ _ _ _ _ _ _ _ _ _ _ _ _ _ _ _ _ _ _ _ _ _ _ _ _ _ _
venv\Lib\site-packages\rest_framework\test.py:296: in post
    response = super().post(
venv\Lib\site-packages\rest_framework\test.py:210: in post
    return self.generic('POST', path, data, content_type, **extra)
           ^^^^^^^^^^^^^^^^^^^^^^^^^^^^^^^^^^^^^^^^^^^^^^^^^^^^^^^
venv\Lib\site-packages\rest_framework\test.py:234: in generic
    return super().generic(
venv\Lib\site-packages\django\test\client.py:617: in generic
    return self.request(**r)
           ^^^^^^^^^^^^^^^^^
venv\Lib\site-packages\rest_framework\test.py:286: in request
    return super().request(**kwargs)
           ^^^^^^^^^^^^^^^^^^^^^^^^^
venv\Lib\site-packages\rest_framework\test.py:238: in request
    request = super().request(**kwargs)
              ^^^^^^^^^^^^^^^^^^^^^^^^^
venv\Lib\site-packages\django\test\client.py:1013: in request
    self.check_exception(response)
venv\Lib\site-packages\django\test\client.py:743: in check_exception
    raise exc_value
venv\Lib\site-packages\django\core\handlers\exception.py:55: in inner
    response = get_response(request)
               ^^^^^^^^^^^^^^^^^^^^^
venv\Lib\site-packages\django\core\handlers\base.py:197: in _get_response
    response = wrapped_callback(request, *callback_args, **callback_kwargs)
               ^^^^^^^^^^^^^^^^^^^^^^^^^^^^^^^^^^^^^^^^^^^^^^^^^^^^^^^^^^^^
venv\Lib\site-packages\django\views\decorators\csrf.py:65: in _view_wrapper
    return view_func(request, *args, **kwargs)
           ^^^^^^^^^^^^^^^^^^^^^^^^^^^^^^^^^^^
venv\Lib\site-packages\rest_framework\viewsets.py:125: in view
    return self.dispatch(request, *args, **kwargs)
           ^^^^^^^^^^^^^^^^^^^^^^^^^^^^^^^^^^^^^^^
venv\Lib\site-packages\rest_framework\views.py:509: in dispatch
    response = self.handle_exception(exc)
               ^^^^^^^^^^^^^^^^^^^^^^^^^^
venv\Lib\site-packages\rest_framework\views.py:469: in handle_exception
    self.raise_uncaught_exception(exc)
venv\Lib\site-packages\rest_framework\views.py:480: in raise_uncaught_exception
    raise exc
venv\Lib\site-packages\rest_framework\views.py:506: in dispatch
    response = handler(request, *args, **kwargs)
               ^^^^^^^^^^^^^^^^^^^^^^^^^^^^^^^^^
apps\courses\views.py:93: in enroll
    enrollment = CourseService.enroll_user(user, course)
                 ^^^^^^^^^^^^^^^^^^^^^^^^^^^^^^^^^^^^^^^
_ _ _ _ _ _ _ _ _ _ _ _ _ _ _ _ _ _ _ _ _ _ _ _ _ _ _ _ _ _ _ _ _ _ _ _ _ _ _ _

user = <User: test@example.com>, course = <Course: Python Basics>

    @staticmethod
    def enroll_user(user, course) -> Enrollment:
        """
        Enroll a user in a course.
        Raises ValueError if already enrolled or PaymentRequiredException if course is paid.
        """
        # Check if already enrolled
        if Enrollment.objects.filter(user=user, course=course).exists():
>           raise ValueError("Already enrolled in this course.")
E           ValueError: Already enrolled in this course.

apps\courses\services.py:23: ValueError
---------------------------- Captured stderr call -----------------------------
ERROR 2026-01-05 17:54:26,776 log 18776 23164 Internal Server Error: /api/v1/courses/python-basics/enroll/
Traceback (most recent call last):
  File "C:\Users\shiva\Desktop\windows_app\conductor\venv\Lib\site-packages\django\core\handlers\exception.py", line 55, in inner
    response = get_response(request)
  File "C:\Users\shiva\Desktop\windows_app\conductor\venv\Lib\site-packages\django\core\handlers\base.py", line 197, in _get_response
    response = wrapped_callback(request, *callback_args, **callback_kwargs)
  File "C:\Users\shiva\Desktop\windows_app\conductor\venv\Lib\site-packages\django\views\decorators\csrf.py", line 65, in _view_wrapper
    return view_func(request, *args, **kwargs)
  File "C:\Users\shiva\Desktop\windows_app\conductor\venv\Lib\site-packages\rest_framework\viewsets.py", line 125, in view
    return self.dispatch(request, *args, **kwargs)
           ~~~~~~~~~~~~~^^^^^^^^^^^^^^^^^^^^^^^^^^
  File "C:\Users\shiva\Desktop\windows_app\conductor\venv\Lib\site-packages\rest_framework\views.py", line 509, in dispatch
    response = self.handle_exception(exc)
  File "C:\Users\shiva\Desktop\windows_app\conductor\venv\Lib\site-packages\rest_framework\views.py", line 469, in handle_exception
    self.raise_uncaught_exception(exc)
    ~~~~~~~~~~~~~~~~~~~~~~~~~~~~~^^^^^
  File "C:\Users\shiva\Desktop\windows_app\conductor\venv\Lib\site-packages\rest_framework\views.py", line 480, in raise_uncaught_exception
    raise exc
  File "C:\Users\shiva\Desktop\windows_app\conductor\venv\Lib\site-packages\rest_framework\views.py", line 506, in dispatch
    response = handler(request, *args, **kwargs)
  File "C:\Users\shiva\Desktop\windows_app\conductor\apps\courses\views.py", line 93, in enroll
    enrollment = CourseService.enroll_user(user, course)
  File "C:\Users\shiva\Desktop\windows_app\conductor\apps\courses\services.py", line 23, in enroll_user
    raise ValueError("Already enrolled in this course.")
ValueError: Already enrolled in this course.
============================== warnings summary ===============================
venv\Lib\site-packages\_pytest\config\__init__.py:1428
  C:\Users\shiva\Desktop\windows_app\conductor\venv\Lib\site-packages\_pytest\config\__init__.py:1428: PytestConfigWarning: Unknown config option: pass_env
  
    self._warn_or_fail_if_strict(f"Unknown config option: {key}\n")

-- Docs: https://docs.pytest.org/en/stable/how-to/capture-warnings.html
=========================== short test summary info ===========================
FAILED tests/test_courses.py::TestCourseEnrollment::test_enroll_paid_course_without_payment
FAILED tests/test_courses.py::TestCourseEnrollment::test_duplicate_enrollment
================== 2 failed, 24 passed, 1 warning in 12.62s ===================
