TN:
SF:src/config/database.ts
FN:48,(anonymous_1)
FN:66,(anonymous_2)
FN:123,(anonymous_3)
FN:128,(anonymous_4)
FN:131,(anonymous_5)
FN:148,(anonymous_6)
FN:157,(anonymous_7)
FN:166,(anonymous_8)
FN:177,(anonymous_9)
FN:185,(anonymous_10)
FN:189,(anonymous_11)
FN:196,(anonymous_12)
FN:209,(anonymous_13)
FN:248,(anonymous_14)
FN:285,(anonymous_15)
FN:297,(anonymous_16)
FN:300,(anonymous_17)
FN:301,(anonymous_18)
FN:307,(anonymous_19)
FN:314,(anonymous_20)
FN:361,(anonymous_21)
FNF:21
FNH:9
FNDA:0,(anonymous_1)
FNDA:4,(anonymous_2)
FNDA:17,(anonymous_3)
FNDA:17,(anonymous_4)
FNDA:0,(anonymous_5)
FNDA:0,(anonymous_6)
FNDA:0,(anonymous_7)
FNDA:17,(anonymous_8)
FNDA:0,(anonymous_9)
FNDA:0,(anonymous_10)
FNDA:0,(anonymous_11)
FNDA:0,(anonymous_12)
FNDA:0,(anonymous_13)
FNDA:4,(anonymous_14)
FNDA:18,(anonymous_15)
FNDA:43,(anonymous_16)
FNDA:4,(anonymous_17)
FNDA:4,(anonymous_18)
FNDA:0,(anonymous_19)
FNDA:0,(anonymous_20)
FNDA:0,(anonymous_21)
DA:1,4
DA:2,4
DA:3,4
DA:27,4
DA:43,4
DA:48,4
DA:49,0
DA:50,0
DA:56,0
DA:66,4
DA:67,4
DA:68,4
DA:69,4
DA:70,4
DA:72,0
DA:75,0
DA:79,0
DA:80,0
DA:81,0
DA:83,0
DA:84,0
DA:87,0
DA:93,4
DA:116,4
DA:117,17
DA:124,17
DA:125,17
DA:130,17
DA:131,17
DA:132,0
DA:133,0
DA:134,0
DA:140,0
DA:141,0
DA:142,0
DA:148,17
DA:149,0
DA:153,0
DA:157,17
DA:158,0
DA:163,17
DA:167,17
DA:177,17
DA:180,0
DA:181,0
DA:183,0
DA:184,0
DA:185,0
DA:187,0
DA:188,0
DA:189,0
DA:191,0
DA:194,0
DA:195,0
DA:196,0
DA:198,0
DA:202,0
DA:203,0
DA:206,0
DA:209,17
DA:210,0
DA:211,0
DA:219,0
DA:221,0
DA:227,0
DA:229,0
DA:230,0
DA:232,0
DA:233,0
DA:234,0
DA:236,0
DA:237,0
DA:238,0
DA:241,0
DA:259,4
DA:260,7
DA:261,7
DA:263,5
DA:266,5
DA:267,1
DA:270,4
DA:275,4
DA:279,1
DA:286,18
DA:288,13
DA:297,43
DA:301,4
DA:308,0
DA:315,0
DA:316,0
DA:317,0
DA:318,0
DA:323,0
DA:324,0
DA:333,4
DA:335,4
DA:338,4
DA:339,0
DA:345,4
DA:356,4
DA:357,4
DA:361,4
DA:362,0
DA:363,0
DA:371,4
LF:105
LH:45
BRDA:28,0,0,4
BRDA:28,0,1,0
BRDA:49,1,0,0
BRDA:49,1,1,0
BRDA:51,2,0,0
BRDA:51,2,1,0
BRDA:52,3,0,0
BRDA:52,3,1,0
BRDA:53,4,0,0
BRDA:53,4,1,0
BRDA:68,5,0,4
BRDA:68,5,1,0
BRDA:69,6,0,4
BRDA:69,6,1,0
BRDA:80,7,0,0
BRDA:80,7,1,0
BRDA:83,8,0,0
BRDA:83,8,1,0
BRDA:95,9,0,0
BRDA:95,9,1,4
BRDA:130,10,0,17
BRDA:130,10,1,0
BRDA:133,11,0,0
BRDA:133,11,1,0
BRDA:141,12,0,0
BRDA:141,12,1,0
BRDA:180,13,0,0
BRDA:180,13,1,0
BRDA:181,14,0,0
BRDA:181,14,1,0
BRDA:184,15,0,0
BRDA:184,15,1,0
BRDA:187,16,0,0
BRDA:187,16,1,0
BRDA:188,17,0,0
BRDA:188,17,1,0
BRDA:194,18,0,0
BRDA:194,18,1,0
BRDA:195,19,0,0
BRDA:195,19,1,0
BRDA:202,20,0,0
BRDA:202,20,1,0
BRDA:210,21,0,0
BRDA:210,21,1,0
BRDA:210,22,0,0
BRDA:210,22,1,0
BRDA:211,23,0,0
BRDA:211,23,1,0
BRDA:212,24,0,0
BRDA:212,24,1,0
BRDA:212,24,2,0
BRDA:212,24,3,0
BRDA:221,25,0,0
BRDA:221,25,1,0
BRDA:222,26,0,0
BRDA:222,26,1,0
BRDA:222,26,2,0
BRDA:222,26,3,0
BRDA:229,27,0,0
BRDA:229,27,1,0
BRDA:232,28,0,0
BRDA:232,28,1,0
BRDA:236,29,0,0
BRDA:236,29,1,0
BRDA:238,30,0,0
BRDA:238,30,1,0
BRDA:255,31,0,0
BRDA:266,32,0,1
BRDA:266,32,1,4
BRDA:286,33,0,5
BRDA:286,33,1,13
BRDA:333,34,0,4
BRDA:333,34,1,4
BRDA:338,35,0,0
BRDA:338,35,1,4
BRDA:345,36,0,0
BRDA:345,36,1,4
BRDA:356,37,0,4
BRDA:356,37,1,0
BRF:79
BRH:14
end_of_record
TN:
SF:src/config/index.ts
FN:1,(anonymous_5)
FNF:1
FNH:0
FNDA:0,(anonymous_5)
DA:1,3
DA:2,3
LF:2
LH:2
BRF:0
BRH:0
end_of_record
TN:
SF:src/config/security.ts
FN:32,(anonymous_1)
FN:55,(anonymous_2)
FN:81,(anonymous_3)
FN:96,(anonymous_4)
FN:109,(anonymous_5)
FN:189,(anonymous_6)
FN:241,(anonymous_7)
FN:289,(anonymous_8)
FN:312,(anonymous_9)
FN:324,(anonymous_10)
FNF:10
FNH:6
FNDA:0,(anonymous_1)
FNDA:0,(anonymous_2)
FNDA:0,(anonymous_3)
FNDA:5,(anonymous_4)
FNDA:20,(anonymous_5)
FNDA:10,(anonymous_6)
FNDA:6,(anonymous_7)
FNDA:60,(anonymous_8)
FNDA:4,(anonymous_9)
FNDA:0,(anonymous_10)
DA:2,5
DA:20,5
DA:33,0
DA:43,5
DA:56,0
DA:65,5
DA:78,5
DA:82,0
DA:83,0
DA:96,5
DA:97,5
DA:98,5
DA:101,5
DA:102,5
DA:103,0
DA:107,5
DA:109,20
DA:111,5
DA:114,5
DA:133,5
DA:189,5
DA:191,10
DA:192,10
DA:193,0
DA:195,10
DA:198,5
DA:215,5
DA:222,5
DA:233,5
DA:241,5
DA:244,6
DA:246,6
DA:247,2
DA:250,6
DA:251,0
DA:254,6
DA:255,2
DA:258,6
DA:259,2
DA:262,6
DA:263,0
DA:266,6
DA:270,6
DA:271,6
DA:272,2
DA:276,6
DA:289,60
DA:290,0
DA:293,6
DA:312,5
DA:313,4
DA:324,5
DA:325,0
LF:53
LH:43
BRDA:21,0,0,5
BRDA:21,0,1,5
BRDA:22,1,0,5
BRDA:22,1,1,5
BRDA:44,2,0,5
BRDA:44,2,1,5
BRDA:45,3,0,5
BRDA:45,3,1,5
BRDA:66,4,0,5
BRDA:66,4,1,5
BRDA:67,5,0,5
BRDA:67,5,1,5
BRDA:79,6,0,5
BRDA:79,6,1,5
BRDA:80,7,0,5
BRDA:80,7,1,5
BRDA:83,8,0,0
BRDA:83,8,1,0
BRDA:83,9,0,0
BRDA:83,9,1,0
BRDA:98,10,0,5
BRDA:98,10,1,0
BRDA:101,11,0,5
BRDA:101,11,1,5
BRDA:102,12,0,0
BRDA:102,12,1,5
BRDA:111,13,0,0
BRDA:111,13,1,5
BRDA:141,14,0,0
BRDA:141,14,1,5
BRDA:152,15,0,0
BRDA:152,15,1,5
BRDA:160,16,0,0
BRDA:160,16,1,5
BRDA:192,17,0,0
BRDA:192,17,1,10
BRDA:192,18,0,10
BRDA:192,18,1,10
BRDA:207,19,0,5
BRDA:207,19,1,5
BRDA:208,20,0,5
BRDA:208,20,1,5
BRDA:216,21,0,5
BRDA:216,21,1,5
BRDA:234,22,0,5
BRDA:234,22,1,5
BRDA:246,23,0,2
BRDA:246,23,1,4
BRDA:250,24,0,0
BRDA:250,24,1,6
BRDA:254,25,0,2
BRDA:254,25,1,4
BRDA:254,26,0,6
BRDA:254,26,1,6
BRDA:258,27,0,2
BRDA:258,27,1,4
BRDA:258,28,0,6
BRDA:258,28,1,6
BRDA:262,29,0,0
BRDA:262,29,1,6
BRDA:262,30,0,6
BRDA:262,30,1,6
BRDA:271,31,0,2
BRDA:271,31,1,4
BRDA:271,32,0,6
BRDA:271,32,1,6
BRDA:289,33,0,0
BRDA:289,33,1,6
BRDA:324,34,0,0
BRF:69
BRH:54
end_of_record
TN:
SF:src/controllers/adminController.ts
FN:22,(anonymous_1)
FN:59,(anonymous_2)
FN:113,(anonymous_3)
FN:143,(anonymous_4)
FN:193,(anonymous_5)
FN:211,(anonymous_6)
FN:223,(anonymous_7)
FN:237,(anonymous_8)
FN:259,(anonymous_9)
FN:285,(anonymous_10)
FN:301,(anonymous_11)
FN:321,(anonymous_12)
FN:327,(anonymous_13)
FN:328,(anonymous_14)
FN:331,(anonymous_15)
FN:339,(anonymous_16)
FN:362,(anonymous_17)
FN:371,(anonymous_18)
FN:372,(anonymous_19)
FNF:19
FNH:5
FNDA:2,(anonymous_1)
FNDA:2,(anonymous_2)
FNDA:3,(anonymous_3)
FNDA:4,(anonymous_4)
FNDA:2,(anonymous_5)
FNDA:0,(anonymous_6)
FNDA:0,(anonymous_7)
FNDA:0,(anonymous_8)
FNDA:0,(anonymous_9)
FNDA:0,(anonymous_10)
FNDA:0,(anonymous_11)
FNDA:0,(anonymous_12)
FNDA:0,(anonymous_13)
FNDA:0,(anonymous_14)
FNDA:0,(anonymous_15)
FNDA:0,(anonymous_16)
FNDA:0,(anonymous_17)
FNDA:0,(anonymous_18)
FNDA:0,(anonymous_19)
DA:3,1
DA:4,1
DA:5,1
DA:6,1
DA:7,1
DA:8,1
DA:9,1
DA:10,1
DA:21,1
DA:23,2
DA:25,2
DA:27,2
DA:28,2
DA:29,2
DA:31,2
DA:44,1
DA:59,1
DA:60,2
DA:62,2
DA:63,2
DA:65,2
DA:70,2
DA:71,2
DA:72,1
DA:78,2
DA:99,2
DA:113,1
DA:114,3
DA:115,3
DA:116,3
DA:118,3
DA:119,3
DA:120,1
DA:121,1
DA:124,2
DA:135,1
DA:137,1
DA:143,1
DA:144,4
DA:145,4
DA:147,4
DA:148,1
DA:149,1
DA:152,3
DA:156,3
DA:157,1
DA:158,1
DA:160,2
DA:164,0
DA:165,0
DA:168,2
DA:185,1
DA:187,1
DA:193,1
DA:194,2
DA:196,2
DA:198,2
DA:200,1
DA:210,1
DA:212,0
DA:213,0
DA:214,0
DA:215,0
DA:222,1
DA:224,0
DA:225,0
DA:226,0
DA:227,0
DA:228,0
DA:237,1
DA:238,0
DA:240,0
DA:242,0
DA:247,0
DA:249,0
DA:259,1
DA:260,0
DA:262,0
DA:264,0
DA:275,0
DA:277,0
DA:284,1
DA:286,0
DA:288,0
DA:290,0
DA:292,0
DA:294,0
DA:301,1
DA:302,0
DA:303,0
DA:304,0
DA:306,0
DA:307,0
DA:309,0
DA:320,0
DA:321,0
DA:322,0
DA:323,0
DA:326,0
DA:327,0
DA:328,0
DA:330,0
DA:331,0
DA:339,1
DA:340,0
DA:341,0
DA:342,0
DA:345,0
DA:346,0
DA:347,0
DA:349,0
DA:354,0
DA:356,0
DA:357,0
DA:358,0
DA:359,0
DA:362,0
DA:363,0
DA:364,0
DA:366,0
DA:370,0
DA:371,0
DA:372,0
DA:374,0
LF:124
LH:63
BRDA:23,0,0,2
BRDA:23,0,1,0
BRDA:60,1,0,2
BRDA:60,1,1,0
BRDA:67,2,0,1
BRDA:67,2,1,1
BRDA:71,3,0,1
BRDA:71,3,1,1
BRDA:116,4,0,3
BRDA:116,4,1,0
BRDA:118,5,0,3
BRDA:118,5,1,0
BRDA:119,6,0,1
BRDA:119,6,1,2
BRDA:145,7,0,4
BRDA:145,7,1,0
BRDA:147,8,0,1
BRDA:147,8,1,3
BRDA:156,9,0,1
BRDA:156,9,1,2
BRDA:160,10,0,0
BRDA:160,10,1,2
BRDA:161,11,0,2
BRDA:161,11,1,2
BRDA:161,11,2,0
BRDA:194,12,0,2
BRDA:194,12,1,0
BRDA:212,13,0,0
BRDA:212,13,1,0
BRDA:224,14,0,0
BRDA:224,14,1,0
BRDA:238,15,0,0
BRDA:238,15,1,0
BRDA:240,16,0,0
BRDA:240,16,1,0
BRDA:260,17,0,0
BRDA:260,17,1,0
BRDA:265,18,0,0
BRDA:265,18,1,0
BRDA:266,19,0,0
BRDA:266,19,1,0
BRDA:271,20,0,0
BRDA:271,20,1,0
BRDA:272,21,0,0
BRDA:272,21,1,0
BRDA:286,22,0,0
BRDA:286,22,1,0
BRDA:288,23,0,0
BRDA:288,23,1,0
BRDA:302,24,0,0
BRDA:302,24,1,0
BRDA:323,25,0,0
BRDA:323,25,1,0
BRDA:340,26,0,0
BRDA:340,26,1,0
BRDA:345,27,0,0
BRDA:345,27,1,0
BRDA:364,28,0,0
BRDA:364,28,1,0
BRF:59
BRH:19
end_of_record
TN:
SF:src/controllers/analyticsController.ts
FN:9,(anonymous_0)
FN:14,(anonymous_1)
FN:21,(anonymous_2)
FN:31,(anonymous_3)
FN:66,(anonymous_4)
FN:86,(anonymous_5)
FN:97,(anonymous_6)
FN:163,(anonymous_7)
FN:175,(anonymous_8)
FN:187,(anonymous_9)
FN:197,(anonymous_10)
FNF:11
FNH:7
FNDA:1,(anonymous_0)
FNDA:5,(anonymous_1)
FNDA:2,(anonymous_2)
FNDA:2,(anonymous_3)
FNDA:1,(anonymous_4)
FNDA:2,(anonymous_5)
FNDA:1,(anonymous_6)
FNDA:0,(anonymous_7)
FNDA:0,(anonymous_8)
FNDA:0,(anonymous_9)
FNDA:0,(anonymous_10)
DA:2,1
DA:3,1
DA:4,1
DA:5,1
DA:6,1
DA:7,1
DA:9,1
DA:10,1
DA:11,1
DA:14,5
DA:20,1
DA:22,2
DA:23,2
DA:24,0
DA:25,0
DA:28,2
DA:29,2
DA:32,2
DA:53,2
DA:54,1
DA:57,1
DA:66,1
DA:77,1
DA:85,1
DA:87,2
DA:88,2
DA:89,1
DA:90,1
DA:93,1
DA:94,1
DA:95,1
DA:98,1
DA:99,1
DA:100,1
DA:102,1
DA:113,1
DA:123,1
DA:124,2
DA:125,2
DA:126,2
DA:127,2
DA:135,1
DA:136,1
DA:137,1
DA:140,1
DA:141,2
DA:142,2
DA:143,2
DA:144,2
DA:145,2
DA:149,1
DA:154,1
DA:162,1
DA:164,0
DA:165,0
DA:166,0
DA:167,0
DA:170,0
DA:171,0
DA:173,0
DA:175,0
DA:179,0
DA:187,1
DA:188,0
DA:189,0
DA:190,0
DA:191,0
DA:194,0
DA:195,0
DA:197,0
DA:201,0
LF:71
LH:52
BRDA:10,0,0,1
BRDA:10,0,1,0
BRDA:11,1,0,1
BRDA:11,1,1,0
BRDA:23,2,0,0
BRDA:23,2,1,2
BRDA:53,3,0,1
BRDA:53,3,1,1
BRDA:61,4,0,1
BRDA:61,4,1,0
BRDA:88,5,0,1
BRDA:88,5,1,1
BRDA:137,6,0,1
BRDA:137,6,1,0
BRDA:141,7,0,0
BRDA:141,7,1,2
BRDA:143,8,0,2
BRDA:143,8,1,0
BRDA:145,9,0,1
BRDA:145,9,1,1
BRDA:165,10,0,0
BRDA:165,10,1,0
BRDA:189,11,0,0
BRDA:189,11,1,0
BRF:24
BRH:13
end_of_record
TN:
SF:src/controllers/authController.ts
FN:24,generateMfaSessionToken
FN:30,verifyMfaSessionToken
FN:56,(anonymous_3)
FN:115,(anonymous_4)
FN:180,(anonymous_5)
FN:194,(anonymous_6)
FN:210,(anonymous_7)
FN:248,(anonymous_8)
FN:249,(anonymous_9)
FN:289,(anonymous_10)
FN:317,(anonymous_11)
FN:341,(anonymous_12)
FN:371,(anonymous_13)
FN:407,(anonymous_14)
FN:419,(anonymous_15)
FN:439,(anonymous_16)
FN:454,(anonymous_17)
FN:472,(anonymous_18)
FN:496,(anonymous_19)
FN:522,(anonymous_20)
FN:536,(anonymous_21)
FN:551,(anonymous_22)
FN:566,(anonymous_23)
FN:577,(anonymous_24)
FN:591,(anonymous_25)
FN:607,(anonymous_26)
FN:623,(anonymous_27)
FN:642,(anonymous_28)
FN:661,(anonymous_29)
FN:676,(anonymous_30)
FNF:30
FNH:10
FNDA:1,generateMfaSessionToken
FNDA:1,verifyMfaSessionToken
FNDA:4,(anonymous_3)
FNDA:5,(anonymous_4)
FNDA:0,(anonymous_5)
FNDA:6,(anonymous_6)
FNDA:3,(anonymous_7)
FNDA:0,(anonymous_8)
FNDA:3,(anonymous_9)
FNDA:0,(anonymous_10)
FNDA:0,(anonymous_11)
FNDA:0,(anonymous_12)
FNDA:0,(anonymous_13)
FNDA:0,(anonymous_14)
FNDA:0,(anonymous_15)
FNDA:0,(anonymous_16)
FNDA:0,(anonymous_17)
FNDA:0,(anonymous_18)
FNDA:0,(anonymous_19)
FNDA:0,(anonymous_20)
FNDA:0,(anonymous_21)
FNDA:0,(anonymous_22)
FNDA:0,(anonymous_23)
FNDA:0,(anonymous_24)
FNDA:1,(anonymous_25)
FNDA:1,(anonymous_26)
FNDA:0,(anonymous_27)
FNDA:0,(anonymous_28)
FNDA:0,(anonymous_29)
FNDA:1,(anonymous_30)
DA:2,1
DA:3,1
DA:4,1
DA:5,1
DA:6,1
DA:7,1
DA:8,1
DA:9,1
DA:18,1
DA:19,1
DA:20,1
DA:21,1
DA:22,1
DA:25,1
DA:31,1
DA:32,1
DA:36,1
DA:37,1
DA:39,0
DA:42,1
DA:43,1
DA:50,1
DA:56,1
DA:57,4
DA:58,4
DA:60,4
DA:61,1
DA:62,1
DA:65,3
DA:66,3
DA:67,0
DA:68,0
DA:71,3
DA:72,3
DA:77,1
DA:82,1
DA:98,2
DA:99,2
DA:104,1
DA:105,1
DA:107,1
DA:108,0
DA:109,0
DA:111,1
DA:115,1
DA:116,5
DA:117,5
DA:119,5
DA:120,5
DA:127,2
DA:128,1
DA:129,1
DA:137,1
DA:140,1
DA:145,1
DA:146,1
DA:148,1
DA:165,3
DA:166,3
DA:167,0
DA:168,0
DA:170,3
DA:171,2
DA:172,2
DA:173,2
DA:174,2
DA:176,1
DA:180,1
DA:181,0
DA:182,0
DA:185,0
DA:187,0
DA:189,0
DA:191,0
DA:194,1
DA:195,6
DA:196,6
DA:197,1
DA:198,1
DA:201,5
DA:202,5
DA:203,2
DA:204,2
DA:206,3
DA:210,1
DA:211,3
DA:213,3
DA:248,0
DA:249,3
DA:252,2
DA:253,1
DA:254,1
DA:257,1
DA:259,1
DA:261,1
DA:262,1
DA:272,1
DA:273,1
DA:274,1
DA:276,0
DA:283,1
DA:284,1
DA:285,1
DA:286,1
DA:287,1
DA:290,0
DA:294,1
DA:297,1
DA:317,1
DA:318,0
DA:319,0
DA:321,0
DA:322,0
DA:327,0
DA:329,0
DA:330,0
DA:331,0
DA:333,0
DA:334,0
DA:335,0
DA:337,0
DA:341,1
DA:342,0
DA:343,0
DA:345,0
DA:346,0
DA:347,0
DA:350,0
DA:351,0
DA:352,0
DA:354,0
DA:355,0
DA:356,0
DA:358,0
DA:359,0
DA:360,0
DA:362,0
DA:363,0
DA:364,0
DA:366,0
DA:370,1
DA:372,0
DA:376,0
DA:377,0
DA:378,0
DA:379,0
DA:380,0
DA:381,0
DA:382,0
DA:383,0
DA:384,0
DA:386,0
DA:388,0
DA:389,0
DA:392,0
DA:403,0
DA:407,1
DA:408,0
DA:410,0
DA:411,0
DA:412,0
DA:414,0
DA:418,1
DA:420,0
DA:422,0
DA:423,0
DA:424,0
DA:426,0
DA:427,0
DA:428,0
DA:430,0
DA:431,0
DA:432,0
DA:434,0
DA:439,1
DA:440,0
DA:442,0
DA:443,0
DA:444,0
DA:446,0
DA:447,0
DA:448,0
DA:450,0
DA:454,1
DA:455,0
DA:456,0
DA:458,0
DA:459,0
DA:460,0
DA:463,0
DA:465,0
DA:472,1
DA:473,0
DA:475,0
DA:476,0
DA:477,0
DA:480,0
DA:481,0
DA:482,0
DA:484,0
DA:485,0
DA:486,0
DA:488,0
DA:489,0
DA:490,0
DA:492,0
DA:496,1
DA:497,0
DA:499,0
DA:507,0
DA:508,0
DA:509,0
DA:512,0
DA:522,0
DA:531,0
DA:532,0
DA:533,0
DA:536,1
DA:537,0
DA:539,0
DA:547,0
DA:550,1
DA:552,0
DA:554,0
DA:555,0
DA:557,0
DA:566,0
DA:577,0
DA:587,0
DA:591,1
DA:592,1
DA:593,1
DA:594,1
DA:595,0
DA:596,0
DA:598,1
DA:599,0
DA:600,0
DA:602,1
DA:603,1
DA:606,1
DA:608,1
DA:609,1
DA:610,1
DA:611,0
DA:612,0
DA:614,1
DA:615,1
DA:616,0
DA:617,0
DA:619,1
DA:623,1
DA:624,0
DA:625,0
DA:626,0
DA:627,0
DA:628,0
DA:630,0
DA:631,0
DA:632,0
DA:633,0
DA:635,0
DA:639,0
DA:642,1
DA:643,0
DA:644,0
DA:658,0
DA:661,1
DA:662,0
DA:663,0
DA:664,0
DA:665,0
DA:666,0
DA:667,0
DA:669,0
DA:673,0
DA:676,1
DA:677,1
DA:678,1
DA:679,0
DA:680,0
DA:683,1
DA:684,1
DA:685,0
DA:686,0
DA:690,1
DA:691,1
DA:692,1
DA:693,0
DA:694,0
DA:697,1
DA:698,1
DA:699,0
DA:700,0
DA:704,1
DA:706,1
DA:707,1
DA:708,0
DA:709,0
DA:712,1
DA:713,1
DA:715,1
DA:717,1
LF:303
LH:137
BRDA:36,0,0,0
BRDA:36,0,1,1
BRDA:58,1,0,4
BRDA:58,1,1,0
BRDA:60,2,0,1
BRDA:60,2,1,3
BRDA:60,3,0,4
BRDA:60,3,1,4
BRDA:66,4,0,0
BRDA:66,4,1,3
BRDA:98,5,0,2
BRDA:98,5,1,0
BRDA:99,6,0,1
BRDA:99,6,1,1
BRDA:100,7,0,2
BRDA:100,7,1,1
BRDA:100,7,2,1
BRDA:107,8,0,0
BRDA:107,8,1,1
BRDA:117,9,0,5
BRDA:117,9,1,0
BRDA:127,10,0,1
BRDA:127,10,1,1
BRDA:145,11,0,1
BRDA:145,11,1,0
BRDA:145,11,2,0
BRDA:165,12,0,3
BRDA:165,12,1,0
BRDA:166,13,0,0
BRDA:166,13,1,3
BRDA:170,14,0,2
BRDA:170,14,1,1
BRDA:170,15,0,3
BRDA:170,15,1,1
BRDA:171,16,0,2
BRDA:171,16,1,0
BRDA:171,16,2,0
BRDA:181,17,0,0
BRDA:181,17,1,0
BRDA:181,17,2,0
BRDA:182,18,0,0
BRDA:182,18,1,0
BRDA:195,19,0,6
BRDA:195,19,1,2
BRDA:195,19,2,1
BRDA:196,20,0,1
BRDA:196,20,1,5
BRDA:249,21,0,3
BRDA:249,21,1,3
BRDA:252,22,0,1
BRDA:252,22,1,1
BRDA:261,23,0,1
BRDA:261,23,1,0
BRDA:278,24,0,0
BRDA:278,24,1,0
BRDA:286,25,0,1
BRDA:286,25,1,0
BRDA:286,26,0,1
BRDA:286,26,1,0
BRDA:291,27,0,0
BRDA:291,27,1,0
BRDA:329,28,0,0
BRDA:329,28,1,0
BRDA:329,29,0,0
BRDA:329,29,1,0
BRDA:333,30,0,0
BRDA:333,30,1,0
BRDA:333,31,0,0
BRDA:333,31,1,0
BRDA:345,32,0,0
BRDA:345,32,1,0
BRDA:345,33,0,0
BRDA:345,33,1,0
BRDA:354,34,0,0
BRDA:354,34,1,0
BRDA:354,35,0,0
BRDA:354,35,1,0
BRDA:358,36,0,0
BRDA:358,36,1,0
BRDA:358,37,0,0
BRDA:358,37,1,0
BRDA:362,38,0,0
BRDA:362,38,1,0
BRDA:362,39,0,0
BRDA:362,39,1,0
BRDA:376,40,0,0
BRDA:376,40,1,0
BRDA:378,41,0,0
BRDA:378,41,1,0
BRDA:378,42,0,0
BRDA:378,42,1,0
BRDA:382,43,0,0
BRDA:382,43,1,0
BRDA:382,44,0,0
BRDA:382,44,1,0
BRDA:382,44,2,0
BRDA:426,45,0,0
BRDA:426,45,1,0
BRDA:426,46,0,0
BRDA:426,46,1,0
BRDA:430,47,0,0
BRDA:430,47,1,0
BRDA:430,48,0,0
BRDA:430,48,1,0
BRDA:446,49,0,0
BRDA:446,49,1,0
BRDA:446,50,0,0
BRDA:446,50,1,0
BRDA:456,51,0,0
BRDA:456,51,1,0
BRDA:458,52,0,0
BRDA:458,52,1,0
BRDA:475,53,0,0
BRDA:475,53,1,0
BRDA:475,54,0,0
BRDA:475,54,1,0
BRDA:484,55,0,0
BRDA:484,55,1,0
BRDA:484,56,0,0
BRDA:484,56,1,0
BRDA:488,57,0,0
BRDA:488,57,1,0
BRDA:488,58,0,0
BRDA:488,58,1,0
BRDA:507,59,0,0
BRDA:507,59,1,0
BRDA:555,60,0,0
BRDA:555,60,1,0
BRDA:560,61,0,0
BRDA:560,61,1,0
BRDA:561,62,0,0
BRDA:561,62,1,0
BRDA:563,63,0,0
BRDA:563,63,1,0
BRDA:564,64,0,0
BRDA:564,64,1,0
BRDA:571,65,0,0
BRDA:571,65,1,0
BRDA:572,66,0,0
BRDA:572,66,1,0
BRDA:574,67,0,0
BRDA:574,67,1,0
BRDA:575,68,0,0
BRDA:575,68,1,0
BRDA:594,69,0,0
BRDA:594,69,1,1
BRDA:598,70,0,0
BRDA:598,70,1,1
BRDA:610,71,0,0
BRDA:610,71,1,1
BRDA:615,72,0,0
BRDA:615,72,1,1
BRDA:626,73,0,0
BRDA:626,73,1,0
BRDA:631,74,0,0
BRDA:631,74,1,0
BRDA:665,75,0,0
BRDA:665,75,1,0
BRDA:678,76,0,0
BRDA:678,76,1,1
BRDA:678,77,0,1
BRDA:678,77,1,1
BRDA:684,78,0,0
BRDA:684,78,1,1
BRDA:692,79,0,0
BRDA:692,79,1,1
BRDA:698,80,0,0
BRDA:698,80,1,1
BRDA:707,81,0,0
BRDA:707,81,1,1
BRF:170
BRH:48
end_of_record
TN:
SF:src/controllers/problemsController.ts
FN:11,(anonymous_1)
FN:66,(anonymous_2)
FN:70,(anonymous_3)
FN:71,(anonymous_4)
FN:73,(anonymous_5)
FN:81,(anonymous_6)
FN:91,(anonymous_7)
FN:128,(anonymous_8)
FN:184,(anonymous_9)
FN:211,(anonymous_10)
FNF:10
FNH:7
FNDA:2,(anonymous_1)
FNDA:3,(anonymous_2)
FNDA:3,(anonymous_3)
FNDA:0,(anonymous_4)
FNDA:0,(anonymous_5)
FNDA:0,(anonymous_6)
FNDA:2,(anonymous_7)
FNDA:4,(anonymous_8)
FNDA:3,(anonymous_9)
FNDA:1,(anonymous_10)
DA:2,1
DA:3,1
DA:4,1
DA:5,1
DA:6,1
DA:8,1
DA:9,1
DA:10,1
DA:11,1
DA:12,2
DA:13,2
DA:14,2
DA:17,2
DA:21,2
DA:23,2
DA:24,0
DA:25,0
DA:28,2
DA:30,2
DA:31,1
DA:34,2
DA:35,0
DA:42,2
DA:43,0
DA:44,0
DA:45,0
DA:46,0
DA:47,0
DA:48,0
DA:52,2
DA:63,2
DA:64,2
DA:65,2
DA:66,3
DA:70,2
DA:71,3
DA:72,3
DA:73,3
DA:74,0
DA:75,3
DA:76,0
DA:78,3
DA:81,0
DA:84,2
DA:86,2
DA:88,2
DA:91,1
DA:92,2
DA:94,2
DA:95,2
DA:97,2
DA:98,0
DA:99,0
DA:102,2
DA:119,2
DA:120,1
DA:121,1
DA:124,1
DA:125,1
DA:128,1
DA:129,4
DA:130,4
DA:131,4
DA:133,4
DA:134,4
DA:135,1
DA:136,1
DA:139,3
DA:140,3
DA:141,3
DA:142,3
DA:144,0
DA:151,3
DA:153,0
DA:156,3
DA:165,3
DA:175,3
DA:176,3
DA:178,3
DA:184,3
DA:185,3
DA:198,3
DA:199,1
DA:202,3
DA:205,3
DA:206,3
DA:208,3
DA:211,1
DA:212,1
DA:213,1
DA:215,1
DA:220,1
LF:92
LH:76
BRDA:19,0,0,2
BRDA:19,0,1,0
BRDA:23,1,0,0
BRDA:23,1,1,2
BRDA:30,2,0,1
BRDA:30,2,1,1
BRDA:30,3,0,2
BRDA:30,3,1,1
BRDA:34,4,0,0
BRDA:34,4,1,2
BRDA:34,5,0,2
BRDA:34,5,1,0
BRDA:42,6,0,0
BRDA:42,6,1,2
BRDA:42,7,0,2
BRDA:42,7,1,0
BRDA:42,7,2,0
BRDA:43,8,0,0
BRDA:43,8,1,0
BRDA:45,9,0,0
BRDA:45,9,1,0
BRDA:47,10,0,0
BRDA:47,10,1,0
BRDA:64,11,0,2
BRDA:64,11,1,0
BRDA:73,12,0,0
BRDA:73,12,1,3
BRDA:75,13,0,0
BRDA:75,13,1,3
BRDA:97,14,0,0
BRDA:97,14,1,2
BRDA:119,15,0,1
BRDA:119,15,1,1
BRDA:134,16,0,1
BRDA:134,16,1,3
BRDA:140,17,0,3
BRDA:140,17,1,0
BRDA:146,18,0,0
BRDA:146,18,1,0
BRDA:151,19,0,0
BRDA:151,19,1,3
BRDA:151,20,0,3
BRDA:151,20,1,3
BRDA:165,21,0,1
BRDA:165,21,1,2
BRDA:167,22,0,1
BRDA:167,22,1,1
BRDA:169,23,0,1
BRDA:169,23,1,0
BRDA:171,24,0,0
BRDA:171,24,1,0
BRDA:178,25,0,1
BRDA:178,25,1,2
BRDA:198,26,0,1
BRDA:198,26,1,2
BRF:55
BRH:31
end_of_record
TN:
SF:src/controllers/testsController.ts
FN:27,(anonymous_0)
FN:40,(anonymous_1)
FN:79,(anonymous_2)
FN:153,(anonymous_3)
FN:156,(anonymous_4)
FN:159,(anonymous_5)
FN:194,(anonymous_6)
FN:248,(anonymous_7)
FN:347,(anonymous_8)
FN:401,(anonymous_9)
FN:440,(anonymous_10)
FN:471,(anonymous_11)
FN:477,(anonymous_12)
FN:526,(anonymous_13)
FN:530,(anonymous_14)
FN:557,(anonymous_15)
FN:603,(anonymous_16)
FN:604,(anonymous_17)
FN:642,(anonymous_18)
FN:657,(anonymous_19)
FN:672,(anonymous_20)
FN:705,(anonymous_21)
FNF:22
FNH:11
FNDA:2,(anonymous_0)
FNDA:2,(anonymous_1)
FNDA:0,(anonymous_2)
FNDA:1,(anonymous_3)
FNDA:0,(anonymous_4)
FNDA:1,(anonymous_5)
FNDA:2,(anonymous_6)
FNDA:5,(anonymous_7)
FNDA:2,(anonymous_8)
FNDA:2,(anonymous_9)
FNDA:1,(anonymous_10)
FNDA:1,(anonymous_11)
FNDA:0,(anonymous_12)
FNDA:0,(anonymous_13)
FNDA:0,(anonymous_14)
FNDA:0,(anonymous_15)
FNDA:0,(anonymous_16)
FNDA:0,(anonymous_17)
FNDA:0,(anonymous_18)
FNDA:0,(anonymous_19)
FNDA:0,(anonymous_20)
FNDA:4,(anonymous_21)
DA:2,1
DA:3,1
DA:5,1
DA:13,1
DA:14,1
DA:15,1
DA:17,1
DA:27,1
DA:28,2
DA:29,2
DA:30,0
DA:31,0
DA:32,0
DA:33,0
DA:34,0
DA:35,0
DA:37,2
DA:40,1
DA:41,2
DA:42,2
DA:43,2
DA:45,2
DA:50,2
DA:51,2
DA:52,0
DA:53,0
DA:54,0
DA:57,2
DA:59,2
DA:60,2
DA:62,2
DA:63,2
DA:65,2
DA:66,0
DA:67,0
DA:76,0
DA:77,0
DA:79,0
DA:83,2
DA:84,2
DA:85,2
DA:87,2
DA:88,0
DA:89,0
DA:96,2
DA:97,0
DA:98,0
DA:107,2
DA:108,0
DA:111,2
DA:149,1
DA:150,1
DA:151,1
DA:153,1
DA:156,1
DA:159,1
DA:188,1
DA:190,1
DA:191,1
DA:194,1
DA:195,2
DA:197,2
DA:198,2
DA:199,2
DA:200,0
DA:201,0
DA:204,2
DA:223,2
DA:224,1
DA:225,1
DA:228,1
DA:244,1
DA:245,1
DA:248,1
DA:249,5
DA:250,5
DA:252,5
DA:283,5
DA:284,1
DA:285,1
DA:288,4
DA:305,4
DA:306,1
DA:307,1
DA:308,1
DA:309,0
DA:312,1
DA:314,1
DA:326,1
DA:329,3
DA:334,3
DA:336,3
DA:337,3
DA:338,1
DA:343,1
DA:347,2
DA:351,2
DA:356,2
DA:358,2
DA:359,2
DA:360,3
DA:361,3
DA:374,1
DA:375,1
DA:376,1
DA:377,1
DA:379,0
DA:382,0
DA:385,2
DA:387,2
DA:401,1
DA:402,2
DA:404,2
DA:440,2
DA:441,1
DA:442,1
DA:443,0
DA:447,1
DA:470,2
DA:471,1
DA:474,2
DA:477,1
DA:478,0
DA:479,0
DA:481,0
DA:520,0
DA:521,0
DA:522,0
DA:523,0
DA:526,0
DA:530,0
DA:534,0
DA:536,0
DA:553,0
DA:556,1
DA:558,0
DA:559,0
DA:561,0
DA:579,0
DA:580,0
DA:581,0
DA:584,0
DA:585,0
DA:586,0
DA:589,0
DA:592,0
DA:593,0
DA:594,0
DA:597,0
DA:598,0
DA:599,0
DA:603,0
DA:604,0
DA:605,0
DA:606,0
DA:608,0
DA:609,0
DA:611,0
DA:612,0
DA:613,0
DA:615,0
DA:617,0
DA:620,0
DA:634,0
DA:642,1
DA:643,0
DA:644,0
DA:645,0
DA:647,0
DA:648,0
DA:649,0
DA:652,0
DA:653,0
DA:654,0
DA:657,0
DA:658,0
DA:666,0
DA:667,0
DA:670,0
DA:671,0
DA:673,0
DA:674,0
DA:694,0
DA:697,0
DA:698,0
DA:699,0
DA:702,0
DA:705,1
DA:706,4
DA:707,4
DA:708,4
DA:710,4
DA:711,1
DA:712,1
DA:715,3
DA:717,3
DA:727,2
DA:728,2
DA:729,2
DA:730,2
DA:732,2
DA:750,2
DA:751,0
DA:752,0
DA:755,2
DA:757,1
DA:758,0
DA:759,0
DA:761,1
DA:765,1
DA:766,1
DA:768,0
LF:212
LH:119
BRDA:30,0,0,0
BRDA:30,0,1,0
BRDA:30,1,0,0
BRDA:30,1,1,0
BRDA:30,1,2,0
BRDA:32,2,0,0
BRDA:32,2,1,0
BRDA:32,3,0,0
BRDA:32,3,1,0
BRDA:33,4,0,0
BRDA:33,4,1,0
BRDA:34,5,0,0
BRDA:34,5,1,0
BRDA:47,6,0,2
BRDA:47,6,1,0
BRDA:51,7,0,0
BRDA:51,7,1,2
BRDA:60,8,0,0
BRDA:60,8,1,2
BRDA:63,9,0,0
BRDA:63,9,1,2
BRDA:65,10,0,0
BRDA:65,10,1,2
BRDA:65,11,0,2
BRDA:65,11,1,0
BRDA:76,12,0,0
BRDA:76,12,1,0
BRDA:84,13,0,0
BRDA:84,13,1,2
BRDA:85,14,0,0
BRDA:85,14,1,2
BRDA:87,15,0,0
BRDA:87,15,1,2
BRDA:87,16,0,2
BRDA:87,16,1,0
BRDA:96,17,0,0
BRDA:96,17,1,2
BRDA:96,18,0,2
BRDA:96,18,1,0
BRDA:107,19,0,0
BRDA:107,19,1,2
BRDA:150,20,0,1
BRDA:150,20,1,0
BRDA:164,21,0,1
BRDA:164,21,1,1
BRDA:165,22,0,1
BRDA:165,22,1,1
BRDA:166,23,0,1
BRDA:166,23,1,1
BRDA:167,24,0,1
BRDA:167,24,1,1
BRDA:168,25,0,1
BRDA:168,25,1,1
BRDA:177,26,0,1
BRDA:177,26,1,1
BRDA:178,27,0,1
BRDA:178,27,1,1
BRDA:199,28,0,0
BRDA:199,28,1,2
BRDA:223,29,0,1
BRDA:223,29,1,1
BRDA:283,30,0,1
BRDA:283,30,1,4
BRDA:305,31,0,1
BRDA:305,31,1,3
BRDA:310,32,0,0
BRDA:310,32,1,0
BRDA:310,33,0,0
BRDA:310,33,1,0
BRDA:334,34,0,3
BRDA:334,34,1,2
BRDA:336,35,0,3
BRDA:336,35,1,3
BRDA:336,36,0,3
BRDA:336,36,1,3
BRDA:337,37,0,1
BRDA:337,37,1,2
BRDA:337,38,0,3
BRDA:337,38,1,1
BRDA:356,39,0,0
BRDA:356,39,1,2
BRDA:375,40,0,1
BRDA:375,40,1,0
BRDA:375,41,0,1
BRDA:375,41,1,0
BRDA:375,41,2,1
BRDA:444,42,0,0
BRDA:444,42,1,0
BRDA:444,43,0,0
BRDA:444,43,1,0
BRDA:450,44,0,1
BRDA:450,44,1,0
BRDA:452,45,0,1
BRDA:452,45,1,0
BRDA:460,46,0,0
BRDA:460,46,1,1
BRDA:461,47,0,0
BRDA:461,47,1,0
BRDA:466,48,0,1
BRDA:466,48,1,0
BRDA:471,49,0,1
BRDA:471,49,1,0
BRDA:521,50,0,0
BRDA:521,50,1,0
BRDA:539,51,0,0
BRDA:539,51,1,0
BRDA:540,52,0,0
BRDA:540,52,1,0
BRDA:546,53,0,0
BRDA:546,53,1,0
BRDA:579,54,0,0
BRDA:579,54,1,0
BRDA:584,55,0,0
BRDA:584,55,1,0
BRDA:600,56,0,0
BRDA:600,56,1,0
BRDA:600,57,0,0
BRDA:600,57,1,0
BRDA:604,58,0,0
BRDA:604,58,1,0
BRDA:611,59,0,0
BRDA:611,59,1,0
BRDA:612,60,0,0
BRDA:612,60,1,0
BRDA:612,61,0,0
BRDA:612,61,1,0
BRDA:615,62,0,0
BRDA:615,62,1,0
BRDA:617,63,0,0
BRDA:617,63,1,0
BRDA:617,64,0,0
BRDA:617,64,1,0
BRDA:624,65,0,0
BRDA:624,65,1,0
BRDA:624,66,0,0
BRDA:624,66,1,0
BRDA:625,67,0,0
BRDA:625,67,1,0
BRDA:625,68,0,0
BRDA:625,68,1,0
BRDA:626,69,0,0
BRDA:626,69,1,0
BRDA:626,70,0,0
BRDA:626,70,1,0
BRDA:627,71,0,0
BRDA:627,71,1,0
BRDA:628,72,0,0
BRDA:628,72,1,0
BRDA:629,73,0,0
BRDA:629,73,1,0
BRDA:630,74,0,0
BRDA:630,74,1,0
BRDA:647,75,0,0
BRDA:647,75,1,0
BRDA:647,76,0,0
BRDA:647,76,1,0
BRDA:652,77,0,0
BRDA:652,77,1,0
BRDA:652,78,0,0
BRDA:652,78,1,0
BRDA:659,79,0,0
BRDA:659,79,1,0
BRDA:666,80,0,0
BRDA:666,80,1,0
BRDA:673,81,0,0
BRDA:673,81,1,0
BRDA:673,82,0,0
BRDA:673,82,1,0
BRDA:683,83,0,0
BRDA:683,83,1,0
BRDA:689,84,0,0
BRDA:689,84,1,0
BRDA:697,85,0,0
BRDA:697,85,1,0
BRDA:710,86,0,1
BRDA:710,86,1,3
BRDA:710,87,0,4
BRDA:710,87,1,3
BRDA:710,87,2,3
BRDA:728,88,0,2
BRDA:728,88,1,0
BRDA:729,89,0,2
BRDA:729,89,1,0
BRDA:750,90,0,0
BRDA:750,90,1,2
BRDA:757,91,0,0
BRDA:757,91,1,1
BRDA:757,92,0,1
BRDA:757,92,1,1
BRDA:761,93,0,1
BRDA:761,93,1,0
BRDA:762,94,0,1
BRDA:762,94,1,1
BRDA:762,94,2,0
BRF:194
BRH:68
end_of_record
TN:
SF:src/engines/index.ts
FNF:0
FNH:0
DA:2,1
DA:3,1
DA:4,1
DA:5,1
DA:6,1
DA:7,1
DA:8,1
DA:9,1
DA:10,1
DA:11,1
DA:12,1
DA:14,1
LF:12
LH:12
BRF:0
BRH:0
end_of_record
TN:
SF:src/engines/admin/AdminEngine.ts
FN:49,(anonymous_1)
FN:119,(anonymous_2)
FN:157,(anonymous_3)
FN:158,(anonymous_4)
FN:172,(anonymous_5)
FNF:5
FNH:3
FNDA:1,(anonymous_1)
FNDA:1,(anonymous_2)
FNDA:1,(anonymous_3)
FNDA:0,(anonymous_4)
FNDA:0,(anonymous_5)
DA:1,1
DA:2,1
DA:45,1
DA:50,1
DA:52,1
DA:53,1
DA:54,1
DA:55,1
DA:57,1
DA:58,1
DA:59,1
DA:61,0
DA:62,0
DA:63,0
DA:64,0
DA:70,1
DA:71,1
DA:72,1
DA:73,1
DA:75,1
DA:77,1
DA:81,1
DA:82,1
DA:83,1
DA:85,1
DA:125,1
DA:127,1
DA:129,1
DA:130,1
DA:138,1
DA:139,0
DA:147,1
DA:148,0
DA:156,1
DA:157,1
DA:158,0
DA:159,0
DA:161,1
DA:175,0
DA:176,0
DA:180,0
DA:182,0
DA:183,0
DA:184,0
DA:187,0
DA:188,0
DA:194,0
DA:200,0
DA:201,0
DA:207,0
DA:212,0
DA:213,0
DA:214,0
DA:216,0
DA:230,1
LF:55
LH:31
BRDA:62,0,0,0
BRDA:62,0,1,0
BRDA:66,1,0,0
BRDA:66,1,1,0
BRDA:75,2,0,0
BRDA:75,2,1,1
BRDA:77,3,0,0
BRDA:77,3,1,1
BRDA:82,4,0,0
BRDA:82,4,1,1
BRDA:83,5,0,0
BRDA:83,5,1,1
BRDA:83,6,0,1
BRDA:83,6,1,1
BRDA:108,7,0,0
BRDA:108,7,1,1
BRDA:110,8,0,0
BRDA:110,8,1,1
BRDA:129,9,0,1
BRDA:129,9,1,0
BRDA:132,10,0,1
BRDA:132,10,1,0
BRDA:138,11,0,0
BRDA:138,11,1,1
BRDA:141,12,0,0
BRDA:141,12,1,0
BRDA:147,13,0,0
BRDA:147,13,1,1
BRDA:157,14,0,1
BRDA:157,14,1,0
BRDA:158,15,0,0
BRDA:158,15,1,0
BRDA:159,16,0,0
BRDA:159,16,1,0
BRDA:173,17,0,0
BRF:35
BRH:13
end_of_record
TN:
SF:src/engines/admin/index.ts
FN:1,(anonymous_0)
FN:1,(anonymous_1)
FNF:2
FNH:1
FNDA:0,(anonymous_0)
FNDA:2,(anonymous_1)
DA:1,3
DA:8,1
LF:2
LH:2
BRF:0
BRH:0
end_of_record
TN:
SF:src/engines/ai/AIEngine.ts
FN:48,(anonymous_1)
FN:115,(anonymous_2)
FN:163,(anonymous_3)
FN:196,(anonymous_4)
FN:207,(anonymous_5)
FNF:5
FNH:4
FNDA:1,(anonymous_1)
FNDA:1,(anonymous_2)
FNDA:0,(anonymous_3)
FNDA:1,(anonymous_4)
FNDA:3,(anonymous_5)
DA:1,1
DA:2,1
DA:44,1
DA:53,1
DA:58,1
DA:59,1
DA:60,1
DA:63,1
DA:64,0
DA:67,0
DA:72,1
DA:73,1
DA:75,1
DA:102,1
DA:120,1
DA:124,1
DA:125,1
DA:127,1
DA:128,1
DA:131,0
DA:132,0
DA:133,0
DA:134,0
DA:135,0
DA:139,1
DA:140,1
DA:141,0
DA:142,1
DA:143,1
DA:144,0
DA:145,0
DA:146,0
DA:147,0
DA:148,0
DA:149,0
DA:152,1
DA:168,0
DA:172,0
DA:173,0
DA:175,0
DA:176,0
DA:177,0
DA:178,0
DA:179,0
DA:180,0
DA:182,0
DA:183,0
DA:186,0
DA:201,1
DA:205,1
DA:207,3
DA:209,1
DA:210,1
DA:211,0
DA:212,0
DA:215,1
DA:217,1
DA:218,1
DA:219,0
DA:220,0
DA:222,1
DA:223,1
DA:224,1
DA:225,1
DA:226,1
DA:229,1
DA:230,0
DA:232,1
DA:233,1
DA:234,1
DA:237,1
DA:240,0
DA:241,0
DA:245,0
DA:250,1
DA:260,1
LF:76
LH:42
BRDA:51,0,0,0
BRDA:63,1,0,0
BRDA:63,1,1,1
BRDA:68,2,0,0
BRDA:68,2,1,0
BRDA:73,3,0,1
BRDA:73,3,1,0
BRDA:73,4,0,0
BRDA:73,4,1,0
BRDA:117,5,0,0
BRDA:118,6,0,0
BRDA:125,7,0,1
BRDA:125,7,1,0
BRDA:132,8,0,0
BRDA:132,8,1,0
BRDA:132,9,0,0
BRDA:132,9,1,0
BRDA:134,10,0,0
BRDA:134,10,1,0
BRDA:134,11,0,0
BRDA:134,11,1,0
BRDA:140,12,0,0
BRDA:140,12,1,1
BRDA:142,13,0,1
BRDA:142,13,1,0
BRDA:144,14,0,0
BRDA:144,14,1,0
BRDA:146,15,0,0
BRDA:146,15,1,0
BRDA:148,16,0,0
BRDA:148,16,1,0
BRDA:156,17,0,0
BRDA:156,17,1,1
BRDA:166,18,0,0
BRDA:175,19,0,0
BRDA:175,19,1,0
BRDA:178,20,0,0
BRDA:178,20,1,0
BRDA:199,21,0,0
BRDA:207,22,0,1
BRDA:207,22,1,0
BRDA:209,23,0,1
BRDA:209,23,1,0
BRDA:211,24,0,0
BRDA:211,24,1,0
BRDA:218,25,0,1
BRDA:218,25,1,0
BRDA:219,26,0,0
BRDA:219,26,1,0
BRDA:220,27,0,0
BRDA:220,27,1,0
BRDA:223,28,0,1
BRDA:223,28,1,0
BRDA:225,29,0,1
BRDA:225,29,1,0
BRDA:229,30,0,0
BRDA:229,30,1,1
BRDA:233,31,0,1
BRDA:233,31,1,0
BRDA:233,32,0,1
BRDA:233,32,1,0
BRDA:240,33,0,0
BRDA:240,33,1,0
BRF:63
BRH:14
end_of_record
TN:
SF:src/engines/ai/index.ts
FN:1,(anonymous_0)
FN:1,(anonymous_1)
FNF:2
FNH:1
FNDA:0,(anonymous_0)
FNDA:3,(anonymous_1)
DA:1,4
DA:10,1
LF:2
LH:2
BRF:0
BRH:0
end_of_record
TN:
SF:src/engines/analytics/BayesianKnowledgeTracingService.ts
FN:26,(anonymous_1)
FN:54,(anonymous_2)
FN:118,(anonymous_3)
FNF:3
FNH:0
FNDA:0,(anonymous_1)
FNDA:0,(anonymous_2)
FNDA:0,(anonymous_3)
DA:1,1
DA:2,1
DA:15,1
DA:22,1
DA:31,0
DA:33,0
DA:35,0
DA:36,0
DA:37,0
DA:40,0
DA:41,0
DA:42,0
DA:46,0
DA:48,0
DA:61,0
DA:63,0
DA:64,0
DA:65,0
DA:67,0
DA:72,0
DA:74,0
DA:75,0
DA:77,0
DA:78,0
DA:80,0
DA:81,0
DA:91,0
DA:104,0
DA:108,0
DA:119,0
DA:120,0
DA:121,0
DA:122,0
DA:123,0
DA:124,0
DA:128,1
LF:36
LH:5
BRDA:29,0,0,0
BRDA:33,1,0,0
BRDA:33,1,1,0
BRDA:37,2,0,0
BRDA:37,2,1,0
BRDA:42,3,0,0
BRDA:42,3,1,0
BRDA:61,4,0,0
BRDA:61,4,1,0
BRDA:65,5,0,0
BRDA:65,5,1,0
BRDA:72,6,0,0
BRDA:72,6,1,0
BRDA:77,7,0,0
BRDA:77,7,1,0
BRDA:80,8,0,0
BRDA:80,8,1,0
BRDA:110,9,0,0
BRDA:110,9,1,0
BRDA:119,10,0,0
BRDA:119,10,1,0
BRDA:120,11,0,0
BRDA:120,11,1,0
BRDA:121,12,0,0
BRDA:121,12,1,0
BRDA:122,13,0,0
BRDA:122,13,1,0
BRDA:123,14,0,0
BRDA:123,14,1,0
BRF:29
BRH:0
end_of_record
TN:
SF:src/engines/analytics/MasteryAnalyticsService.ts
FN:6,_computeMasteryScore
FN:23,_computeRecencyScore
FN:29,_computeConsistencyScore
FN:36,strengthLevelFromAccuracy
FN:46,(anonymous_14)
FN:59,(anonymous_15)
FN:60,(anonymous_16)
FN:64,(anonymous_17)
FN:75,(anonymous_18)
FN:165,(anonymous_19)
FN:211,(anonymous_20)
FN:289,(anonymous_21)
FN:301,(anonymous_22)
FN:306,(anonymous_23)
FN:308,(anonymous_24)
FN:363,(anonymous_25)
FN:371,(anonymous_26)
FN:374,(anonymous_27)
FN:381,(anonymous_28)
FN:395,(anonymous_29)
FNF:20
FNH:0
FNDA:0,_computeMasteryScore
FNDA:0,_computeRecencyScore
FNDA:0,_computeConsistencyScore
FNDA:0,strengthLevelFromAccuracy
FNDA:0,(anonymous_14)
FNDA:0,(anonymous_15)
FNDA:0,(anonymous_16)
FNDA:0,(anonymous_17)
FNDA:0,(anonymous_18)
FNDA:0,(anonymous_19)
FNDA:0,(anonymous_20)
FNDA:0,(anonymous_21)
FNDA:0,(anonymous_22)
FNDA:0,(anonymous_23)
FNDA:0,(anonymous_24)
FNDA:0,(anonymous_25)
FNDA:0,(anonymous_26)
FNDA:0,(anonymous_27)
FNDA:0,(anonymous_28)
FNDA:0,(anonymous_29)
DA:1,1
DA:2,1
DA:3,1
DA:4,1
DA:13,0
DA:15,0
DA:20,0
DA:24,0
DA:25,0
DA:26,0
DA:30,0
DA:31,0
DA:32,0
DA:33,0
DA:37,0
DA:38,0
DA:39,0
DA:40,0
DA:41,0
DA:42,0
DA:45,1
DA:58,0
DA:59,0
DA:60,0
DA:63,0
DA:64,0
DA:67,0
DA:68,0
DA:69,0
DA:70,0
DA:72,0
DA:73,0
DA:74,0
DA:76,0
DA:80,0
DA:81,0
DA:82,0
DA:84,0
DA:89,0
DA:90,0
DA:91,0
DA:93,0
DA:94,0
DA:95,0
DA:96,0
DA:97,0
DA:98,0
DA:99,0
DA:101,0
DA:102,0
DA:115,0
DA:131,0
DA:132,0
DA:135,0
DA:145,0
DA:156,0
DA:158,0
DA:159,0
DA:160,0
DA:165,0
DA:171,0
DA:184,0
DA:185,0
DA:186,0
DA:196,0
DA:197,0
DA:198,0
DA:199,0
DA:200,0
DA:203,0
DA:204,0
DA:205,0
DA:206,0
DA:207,0
DA:208,0
DA:209,0
DA:210,0
DA:212,0
DA:215,0
DA:216,0
DA:217,0
DA:219,0
DA:223,0
DA:227,0
DA:231,0
DA:233,0
DA:234,0
DA:247,0
DA:265,0
DA:267,0
DA:268,0
DA:269,0
DA:277,0
DA:278,0
DA:279,0
DA:280,0
DA:282,0
DA:283,0
DA:293,0
DA:294,0
DA:295,0
DA:296,0
DA:297,0
DA:298,0
DA:299,0
DA:300,0
DA:302,0
DA:305,0
DA:306,0
DA:307,0
DA:308,0
DA:311,0
DA:315,0
DA:316,0
DA:317,0
DA:318,0
DA:331,0
DA:345,0
DA:347,0
DA:348,0
DA:349,0
DA:356,0
DA:357,0
DA:364,0
DA:365,0
DA:369,0
DA:370,0
DA:371,0
DA:373,0
DA:374,0
DA:376,0
DA:381,0
DA:390,0
DA:395,0
DA:405,0
DA:406,0
DA:413,1
LF:137
LH:6
BRDA:24,0,0,0
BRDA:24,0,1,0
BRDA:30,1,0,0
BRDA:30,1,1,0
BRDA:32,2,0,0
BRDA:32,2,1,0
BRDA:37,3,0,0
BRDA:37,3,1,0
BRDA:38,4,0,0
BRDA:38,4,1,0
BRDA:39,5,0,0
BRDA:39,5,1,0
BRDA:40,6,0,0
BRDA:40,6,1,0
BRDA:41,7,0,0
BRDA:41,7,1,0
BRDA:68,8,0,0
BRDA:68,8,1,0
BRDA:68,8,2,0
BRDA:72,9,0,0
BRDA:72,9,1,0
BRDA:80,10,0,0
BRDA:80,10,1,0
BRDA:82,11,0,0
BRDA:82,11,1,0
BRDA:82,12,0,0
BRDA:82,12,1,0
BRDA:84,13,0,0
BRDA:84,13,1,0
BRDA:85,14,0,0
BRDA:85,14,1,0
BRDA:89,15,0,0
BRDA:89,15,1,0
BRDA:94,16,0,0
BRDA:94,16,1,0
BRDA:95,17,0,0
BRDA:95,17,1,0
BRDA:96,18,0,0
BRDA:96,18,1,0
BRDA:97,19,0,0
BRDA:97,19,1,0
BRDA:98,20,0,0
BRDA:98,20,1,0
BRDA:101,21,0,0
BRDA:101,21,1,0
BRDA:111,22,0,0
BRDA:111,22,1,0
BRDA:119,23,0,0
BRDA:119,23,1,0
BRDA:131,24,0,0
BRDA:131,24,1,0
BRDA:139,25,0,0
BRDA:139,25,1,0
BRDA:150,26,0,0
BRDA:150,26,1,0
BRDA:159,27,0,0
BRDA:159,27,1,0
BRDA:162,28,0,0
BRDA:162,28,1,0
BRDA:185,29,0,0
BRDA:185,29,1,0
BRDA:185,29,2,0
BRDA:186,30,0,0
BRDA:186,30,1,0
BRDA:187,31,0,0
BRDA:187,31,1,0
BRDA:192,32,0,0
BRDA:192,32,1,0
BRDA:193,33,0,0
BRDA:193,33,1,0
BRDA:194,34,0,0
BRDA:194,34,1,0
BRDA:197,35,0,0
BRDA:197,35,1,0
BRDA:199,36,0,0
BRDA:199,36,1,0
BRDA:204,37,0,0
BRDA:204,37,1,0
BRDA:208,38,0,0
BRDA:208,38,1,0
BRDA:213,39,0,0
BRDA:213,39,1,0
BRDA:215,40,0,0
BRDA:215,40,1,0
BRDA:217,41,0,0
BRDA:217,41,1,0
BRDA:219,42,0,0
BRDA:219,42,1,0
BRDA:223,43,0,0
BRDA:223,43,1,0
BRDA:224,44,0,0
BRDA:224,44,1,0
BRDA:231,45,0,0
BRDA:231,45,1,0
BRDA:233,46,0,0
BRDA:233,46,1,0
BRDA:268,47,0,0
BRDA:268,47,1,0
BRDA:282,48,0,0
BRDA:282,48,1,0
BRDA:294,49,0,0
BRDA:294,49,1,0
BRDA:298,50,0,0
BRDA:298,50,1,0
BRDA:311,51,0,0
BRDA:311,51,1,0
BRDA:315,52,0,0
BRDA:315,52,1,0
BRDA:325,53,0,0
BRDA:325,53,1,0
BRDA:348,54,0,0
BRDA:348,54,1,0
BRDA:350,55,0,0
BRDA:350,55,1,0
BRDA:356,56,0,0
BRDA:356,56,1,0
BRDA:369,57,0,0
BRDA:369,57,1,0
BRDA:371,58,0,0
BRDA:371,58,1,0
BRDA:374,59,0,0
BRDA:374,59,1,0
BRDA:405,60,0,0
BRDA:405,60,1,0
BRF:124
BRH:0
end_of_record
TN:
SF:src/engines/analytics/index.ts
FN:1,(anonymous_0)
FN:2,(anonymous_1)
FNF:2
FNH:0
FNDA:0,(anonymous_0)
FNDA:0,(anonymous_1)
DA:1,1
DA:2,1
LF:2
LH:2
BRF:0
BRH:0
end_of_record
TN:
SF:src/engines/exam/ExamEngine.ts
FN:57,(anonymous_1)
FN:107,(anonymous_2)
FN:154,(anonymous_3)
FN:186,(anonymous_4)
FNF:4
FNH:3
FNDA:1,(anonymous_1)
FNDA:1,(anonymous_2)
FNDA:2,(anonymous_3)
FNDA:0,(anonymous_4)
DA:1,1
DA:2,1
DA:3,1
DA:51,1
DA:52,1
DA:63,1
DA:64,1
DA:65,1
DA:67,1
DA:70,1
DA:73,1
DA:74,1
DA:84,0
DA:89,1
DA:116,1
DA:121,1
DA:122,1
DA:125,1
DA:126,1
DA:127,1
DA:130,1
DA:133,1
DA:134,1
DA:135,1
DA:136,1
DA:137,0
DA:138,0
DA:140,1
DA:159,2
DA:160,2
DA:162,2
DA:166,2
DA:167,2
DA:169,2
DA:170,1
DA:173,2
DA:191,0
DA:194,0
DA:195,0
DA:196,0
DA:198,0
DA:199,0
DA:200,0
DA:201,0
DA:202,0
DA:203,0
DA:205,0
DA:206,0
DA:207,0
DA:208,0
DA:209,0
DA:210,0
DA:214,0
DA:215,0
DA:218,0
DA:221,0
DA:222,0
DA:234,0
DA:248,1
LF:59
LH:34
BRDA:60,0,0,0
BRDA:61,1,0,0
BRDA:85,2,0,0
BRDA:85,2,1,0
BRDA:97,3,0,1
BRDA:97,3,1,0
BRDA:112,4,0,0
BRDA:113,5,0,1
BRDA:114,6,0,1
BRDA:126,7,0,1
BRDA:126,7,1,0
BRDA:134,8,0,0
BRDA:134,8,1,1
BRDA:135,9,0,0
BRDA:135,9,1,1
BRDA:136,10,0,1
BRDA:136,10,1,0
BRDA:137,11,0,0
BRDA:137,11,1,0
BRDA:157,12,0,0
BRDA:159,13,0,2
BRDA:159,13,1,1
BRDA:169,14,0,1
BRDA:169,14,1,1
BRDA:194,15,0,0
BRDA:194,15,1,0
BRDA:196,16,0,0
BRDA:196,16,1,0
BRDA:199,17,0,0
BRDA:199,17,1,0
BRDA:200,18,0,0
BRDA:200,18,1,0
BRDA:201,19,0,0
BRDA:201,19,1,0
BRDA:202,20,0,0
BRDA:202,20,1,0
BRDA:203,21,0,0
BRDA:203,21,1,0
BRDA:206,22,0,0
BRDA:206,22,1,0
BRDA:209,23,0,0
BRDA:209,23,1,0
BRF:42
BRH:11
end_of_record
TN:
SF:src/engines/exam/index.ts
FN:1,(anonymous_0)
FN:1,(anonymous_1)
FNF:2
FNH:1
FNDA:0,(anonymous_0)
FNDA:4,(anonymous_1)
DA:1,5
DA:9,1
LF:2
LH:2
BRF:0
BRH:0
end_of_record
TN:
SF:src/engines/knowledge/KnowledgeGraphService.ts
FN:15,(anonymous_0)
FN:87,(anonymous_1)
FNF:2
FNH:0
FNDA:0,(anonymous_0)
FNDA:0,(anonymous_1)
DA:1,1
DA:2,1
DA:4,1
DA:5,1
DA:6,1
DA:21,0
DA:22,0
DA:25,0
DA:27,0
DA:31,0
DA:33,0
DA:35,0
DA:37,0
DA:43,0
DA:45,0
DA:47,0
DA:59,0
DA:67,0
DA:75,0
DA:93,0
DA:95,0
DA:99,0
DA:101,0
DA:107,0
DA:108,0
DA:119,0
DA:130,0
DA:132,0
DA:140,1
LF:29
LH:6
BRDA:19,0,0,0
BRDA:21,1,0,0
BRDA:21,1,1,0
BRDA:21,2,0,0
BRDA:21,2,1,0
BRDA:31,3,0,0
BRDA:31,3,1,0
BRDA:43,4,0,0
BRDA:43,4,1,0
BRDA:99,5,0,0
BRDA:99,5,1,0
BRDA:107,6,0,0
BRDA:107,6,1,0
BRF:13
BRH:0
end_of_record
TN:
SF:src/engines/knowledge/index.ts
FN:1,(anonymous_0)
FNF:1
FNH:0
FNDA:0,(anonymous_0)
DA:1,1
LF:1
LH:1
BRF:0
BRH:0
end_of_record
TN:
SF:src/engines/learning/SpacedRepetitionEngine.ts
FN:12,(anonymous_1)
FN:53,(anonymous_2)
FNF:2
FNH:2
FNDA:17,(anonymous_1)
FNDA:3,(anonymous_2)
DA:1,2
DA:2,2
DA:11,2
DA:18,17
DA:19,17
DA:20,17
DA:22,17
DA:24,17
DA:25,9
DA:28,17
DA:29,5
DA:30,2
DA:31,3
DA:32,2
DA:34,1
DA:36,5
DA:38,12
DA:39,12
DA:42,17
DA:43,17
DA:45,17
DA:58,3
DA:59,3
DA:61,3
DA:69,3
DA:70,2
DA:77,2
DA:89,1
DA:91,1
DA:105,3
DA:112,0
DA:116,0
DA:121,2
LF:33
LH:31
BRDA:24,0,0,9
BRDA:24,0,1,8
BRDA:28,1,0,5
BRDA:28,1,1,12
BRDA:29,2,0,2
BRDA:29,2,1,3
BRDA:31,3,0,2
BRDA:31,3,1,1
BRDA:69,4,0,2
BRDA:69,4,1,1
BRDA:85,5,0,1
BRDA:85,5,1,1
BRDA:100,6,0,0
BRDA:100,6,1,1
BRF:14
BRH:13
end_of_record
TN:
SF:src/engines/learning/index.ts
FN:1,(anonymous_0)
FNF:1
FNH:0
FNDA:0,(anonymous_0)
DA:1,1
LF:1
LH:1
BRF:0
BRH:0
end_of_record
TN:
SF:src/engines/progression/ProgressionEngine.ts
FN:42,(anonymous_1)
FN:70,(anonymous_2)
FN:75,(anonymous_3)
FN:76,(anonymous_4)
FN:112,(anonymous_5)
FN:182,(anonymous_6)
FN:262,(anonymous_7)
FNF:7
FNH:5
FNDA:1,(anonymous_1)
FNDA:1,(anonymous_2)
FNDA:2,(anonymous_3)
FNDA:2,(anonymous_4)
FNDA:1,(anonymous_5)
FNDA:0,(anonymous_6)
FNDA:0,(anonymous_7)
DA:1,1
DA:2,1
DA:38,1
DA:48,1
DA:54,1
DA:56,1
DA:58,1
DA:71,1
DA:72,1
DA:75,2
DA:76,2
DA:78,1
DA:79,1
DA:80,1
DA:82,1
DA:83,1
DA:84,1
DA:85,1
DA:87,1
DA:92,1
DA:93,1
DA:98,1
DA:117,1
DA:118,1
DA:120,1
DA:121,0
DA:130,1
DA:136,1
DA:138,1
DA:140,0
DA:147,1
DA:149,0
DA:150,0
DA:157,1
DA:159,1
DA:160,1
DA:169,0
DA:187,0
DA:189,0
DA:234,0
DA:236,0
DA:237,0
DA:239,0
DA:240,0
DA:241,0
DA:242,0
DA:243,0
DA:244,0
DA:245,0
DA:246,0
DA:251,0
DA:252,0
DA:254,0
DA:255,0
DA:256,0
DA:261,0
DA:262,0
DA:263,0
DA:264,0
DA:275,0
DA:279,1
LF:61
LH:33
BRDA:43,0,0,0
BRDA:44,1,0,0
BRDA:45,2,0,0
BRDA:92,3,0,1
BRDA:92,3,1,0
BRDA:114,4,0,0
BRDA:115,5,0,0
BRDA:120,6,0,0
BRDA:120,6,1,1
BRDA:138,7,0,0
BRDA:138,7,1,1
BRDA:147,8,0,0
BRDA:147,8,1,1
BRDA:157,9,0,1
BRDA:157,9,1,0
BRDA:157,10,0,1
BRDA:157,10,1,1
BRDA:185,11,0,0
BRDA:237,12,0,0
BRDA:237,12,1,0
BRDA:240,13,0,0
BRDA:240,13,1,0
BRDA:240,14,0,0
BRDA:240,14,1,0
BRDA:241,15,0,0
BRDA:241,15,1,0
BRDA:241,16,0,0
BRDA:241,16,1,0
BRDA:242,17,0,0
BRDA:242,17,1,0
BRDA:242,18,0,0
BRDA:242,18,1,0
BRDA:244,19,0,0
BRDA:244,19,1,0
BRDA:244,20,0,0
BRDA:244,20,1,0
BRDA:246,21,0,0
BRDA:246,21,1,0
BRDA:247,22,0,0
BRDA:247,22,1,0
BRDA:247,22,2,0
BRDA:252,23,0,0
BRDA:252,23,1,0
BRDA:252,24,0,0
BRDA:252,24,1,0
BRDA:254,25,0,0
BRDA:254,25,1,0
BRDA:261,26,0,0
BRDA:261,26,1,0
BRF:49
BRH:7
end_of_record
TN:
SF:src/engines/progression/index.ts
FN:1,(anonymous_0)
FN:1,(anonymous_1)
FNF:2
FNH:1
FNDA:0,(anonymous_0)
FNDA:3,(anonymous_1)
DA:1,4
DA:9,1
LF:2
LH:2
BRF:0
BRH:0
end_of_record
TN:
SF:src/engines/question/QuestionEngine.ts
FN:43,(anonymous_1)
FN:51,(anonymous_2)
FN:72,(anonymous_3)
FN:131,(anonymous_4)
FN:140,(anonymous_5)
FN:146,(anonymous_6)
FN:191,(anonymous_7)
FNF:7
FNH:6
FNDA:1,(anonymous_1)
FNDA:2,(anonymous_2)
FNDA:1,(anonymous_3)
FNDA:1,(anonymous_4)
FNDA:2,(anonymous_5)
FNDA:22,(anonymous_6)
FNDA:0,(anonymous_7)
DA:1,2
DA:39,2
DA:47,1
DA:51,1
DA:52,2
DA:55,2
DA:56,2
DA:57,2
DA:58,2
DA:59,0
DA:60,2
DA:61,2
DA:62,0
DA:63,2
DA:65,1
DA:77,1
DA:81,1
DA:82,1
DA:85,1
DA:86,1
DA:87,1
DA:92,1
DA:97,1
DA:104,0
DA:109,0
DA:114,0
DA:121,1
DA:136,1
DA:140,1
DA:141,2
DA:146,22
DA:150,1
DA:151,1
DA:155,1
DA:156,1
DA:157,1
DA:159,1
DA:160,1
DA:161,8
DA:164,1
DA:165,1
DA:167,1
DA:168,1
DA:169,1
DA:170,1
DA:174,1
DA:175,1
DA:177,1
DA:192,0
DA:196,0
DA:197,0
DA:200,0
DA:201,0
DA:202,0
DA:203,0
DA:204,0
DA:205,0
DA:206,0
DA:207,0
DA:208,0
DA:209,0
DA:210,0
DA:211,0
DA:213,0
DA:214,0
DA:218,0
DA:220,0
DA:221,0
DA:222,0
DA:223,0
DA:224,0
DA:225,0
DA:226,0
DA:228,0
DA:229,0
DA:230,0
DA:231,0
DA:232,0
DA:233,0
DA:235,0
DA:244,2
LF:81
LH:44
BRDA:52,0,0,0
BRDA:52,0,1,2
BRDA:56,1,0,0
BRDA:56,1,1,2
BRDA:56,2,0,2
BRDA:56,2,1,0
BRDA:57,3,0,0
BRDA:57,3,1,2
BRDA:57,4,0,2
BRDA:57,4,1,0
BRDA:58,5,0,0
BRDA:58,5,1,2
BRDA:58,6,0,2
BRDA:58,6,1,0
BRDA:60,7,0,0
BRDA:60,7,1,2
BRDA:60,8,0,2
BRDA:60,8,1,0
BRDA:61,9,0,0
BRDA:61,9,1,2
BRDA:61,10,0,2
BRDA:61,10,1,0
BRDA:63,11,0,1
BRDA:63,11,1,1
BRDA:63,12,0,2
BRDA:63,12,1,2
BRDA:75,13,0,0
BRDA:86,14,0,1
BRDA:86,14,1,0
BRDA:86,15,0,1
BRDA:86,15,1,1
BRDA:134,16,0,0
BRDA:157,17,0,0
BRDA:157,17,1,1
BRDA:157,18,0,1
BRDA:157,18,1,1
BRDA:161,19,0,8
BRDA:161,19,1,0
BRDA:167,20,0,1
BRDA:167,20,1,0
BRDA:182,21,0,1
BRDA:182,21,1,0
BRDA:200,22,0,0
BRDA:200,22,1,0
BRDA:202,23,0,0
BRDA:202,23,1,0
BRDA:204,24,0,0
BRDA:204,24,1,0
BRDA:206,25,0,0
BRDA:206,25,1,0
BRDA:208,26,0,0
BRDA:208,26,1,0
BRDA:210,27,0,0
BRDA:210,27,1,0
BRDA:213,28,0,0
BRDA:213,28,1,0
BRDA:222,29,0,0
BRDA:222,29,1,0
BRDA:222,30,0,0
BRDA:222,30,1,0
BRDA:224,31,0,0
BRDA:224,31,1,0
BRDA:224,32,0,0
BRDA:224,32,1,0
BRDA:225,33,0,0
BRDA:225,33,1,0
BRDA:225,34,0,0
BRDA:225,34,1,0
BRDA:226,35,0,0
BRDA:226,35,1,0
BRDA:229,36,0,0
BRDA:229,36,1,0
BRDA:230,37,0,0
BRDA:230,37,1,0
BRDA:231,38,0,0
BRDA:231,38,1,0
BRDA:232,39,0,0
BRDA:232,39,1,0
BRDA:233,40,0,0
BRDA:233,40,1,0
BRF:80
BRH:24
end_of_record
TN:
SF:src/engines/question/index.ts
FN:1,(anonymous_0)
FN:1,(anonymous_1)
FNF:2
FNH:1
FNDA:0,(anonymous_0)
FNDA:3,(anonymous_1)
DA:1,4
DA:10,1
LF:2
LH:2
BRF:0
BRH:0
end_of_record
TN:
SF:src/engines/recommendation/RecommendationEngine.ts
FN:12,(anonymous_1)
FN:46,(anonymous_2)
FN:48,(anonymous_3)
FN:104,(anonymous_4)
FN:142,(anonymous_5)
FNF:5
FNH:0
FNDA:0,(anonymous_1)
FNDA:0,(anonymous_2)
FNDA:0,(anonymous_3)
FNDA:0,(anonymous_4)
FNDA:0,(anonymous_5)
DA:1,1
DA:2,1
DA:11,1
DA:16,0
DA:17,0
DA:19,0
DA:20,0
DA:29,0
DA:30,0
DA:31,0
DA:34,0
DA:36,0
DA:46,0
DA:48,0
DA:50,0
DA:51,0
DA:52,0
DA:55,0
DA:59,0
DA:67,0
DA:68,0
DA:70,0
DA:91,0
DA:94,0
DA:96,0
DA:100,0
DA:109,0
DA:110,0
DA:119,0
DA:120,0
DA:123,0
DA:126,0
DA:127,0
DA:129,0
DA:142,0
DA:156,0
DA:158,0
DA:159,0
DA:161,0
DA:165,0
DA:170,1
LF:41
LH:4
BRDA:16,0,0,0
BRDA:16,0,1,0
BRDA:17,1,0,0
BRDA:17,1,1,0
BRDA:29,2,0,0
BRDA:29,2,1,0
BRDA:50,3,0,0
BRDA:50,3,1,0
BRDA:68,4,0,0
BRDA:68,4,1,0
BRDA:68,5,0,0
BRDA:68,5,1,0
BRDA:80,6,0,0
BRDA:80,6,1,0
BRDA:98,7,0,0
BRDA:98,7,1,0
BRDA:107,8,0,0
BRDA:119,9,0,0
BRDA:119,9,1,0
BRDA:146,10,0,0
BRDA:146,10,1,0
BRDA:163,11,0,0
BRDA:163,11,1,0
BRF:23
BRH:0
end_of_record
TN:
SF:src/engines/recommendation/index.ts
FN:1,(anonymous_0)
FNF:1
FNH:0
FNDA:0,(anonymous_0)
DA:1,1
LF:1
LH:1
BRF:0
BRH:0
end_of_record
TN:
SF:src/engines/response/QuestionResponseService.ts
FN:28,(anonymous_1)
FN:76,(anonymous_2)
FN:80,(anonymous_3)
FN:83,(anonymous_4)
FN:119,(anonymous_5)
FN:135,(anonymous_6)
FN:147,(anonymous_7)
FN:160,(anonymous_8)
FN:172,(anonymous_9)
FNF:9
FNH:0
FNDA:0,(anonymous_1)
FNDA:0,(anonymous_2)
FNDA:0,(anonymous_3)
FNDA:0,(anonymous_4)
FNDA:0,(anonymous_5)
FNDA:0,(anonymous_6)
FNDA:0,(anonymous_7)
FNDA:0,(anonymous_8)
FNDA:0,(anonymous_9)
DA:1,1
DA:2,1
DA:3,1
DA:23,1
DA:29,0
DA:30,0
DA:50,0
DA:54,0
DA:55,0
DA:56,0
DA:61,0
DA:63,0
DA:68,0
DA:77,0
DA:79,0
DA:80,0
DA:82,0
DA:83,0
DA:103,0
DA:105,0
DA:106,0
DA:112,0
DA:113,0
DA:114,0
DA:119,0
DA:120,0
DA:121,0
DA:123,0
DA:125,0
DA:130,0
DA:136,0
DA:137,0
DA:142,0
DA:148,0
DA:149,0
DA:155,0
DA:161,0
DA:162,0
DA:168,0
DA:173,0
DA:185,1
LF:41
LH:5
BRDA:36,0,0,0
BRDA:36,0,1,0
BRDA:37,1,0,0
BRDA:37,1,1,0
BRDA:38,2,0,0
BRDA:38,2,1,0
BRDA:39,3,0,0
BRDA:39,3,1,0
BRDA:40,4,0,0
BRDA:40,4,1,0
BRDA:43,5,0,0
BRDA:43,5,1,0
BRDA:45,6,0,0
BRDA:45,6,1,0
BRDA:54,7,0,0
BRDA:54,7,1,0
BRDA:55,8,0,0
BRDA:55,8,1,0
BRDA:55,9,0,0
BRDA:55,9,1,0
BRDA:65,10,0,0
BRDA:65,10,1,0
BRDA:77,11,0,0
BRDA:77,11,1,0
BRDA:88,12,0,0
BRDA:88,12,1,0
BRDA:89,13,0,0
BRDA:89,13,1,0
BRDA:90,14,0,0
BRDA:90,14,1,0
BRDA:91,15,0,0
BRDA:91,15,1,0
BRDA:92,16,0,0
BRDA:92,16,1,0
BRDA:95,17,0,0
BRDA:95,17,1,0
BRDA:97,18,0,0
BRDA:97,18,1,0
BRDA:112,19,0,0
BRDA:112,19,1,0
BRDA:113,20,0,0
BRDA:113,20,1,0
BRDA:113,21,0,0
BRDA:113,21,1,0
BRDA:127,22,0,0
BRDA:127,22,1,0
BRDA:147,23,0,0
BRDA:160,24,0,0
BRF:48
BRH:0
end_of_record
TN:
SF:src/engines/response/index.ts
FN:1,(anonymous_0)
FNF:1
FNH:0
FNDA:0,(anonymous_0)
DA:1,1
LF:1
LH:1
BRF:0
BRH:0
end_of_record
TN:
SF:src/engines/test/AdaptiveTestEngine.ts
FN:22,(anonymous_1)
FN:27,(anonymous_2)
FN:44,(anonymous_3)
FN:50,(anonymous_4)
FN:118,(anonymous_5)
FN:133,(anonymous_6)
FN:140,(anonymous_7)
FN:177,(anonymous_8)
FN:181,(anonymous_9)
FNF:9
FNH:9
FNDA:15,(anonymous_1)
FNDA:11,(anonymous_2)
FNDA:2,(anonymous_3)
FNDA:3,(anonymous_4)
FNDA:1,(anonymous_5)
FNDA:11,(anonymous_6)
FNDA:4,(anonymous_7)
FNDA:2,(anonymous_8)
FNDA:4,(anonymous_9)
DA:1,3
DA:2,3
DA:21,3
DA:23,15
DA:24,15
DA:28,11
DA:29,11
DA:30,11
DA:31,11
DA:32,11
DA:33,11
DA:34,11
DA:35,10
DA:47,2
DA:55,3
DA:56,3
DA:61,2
DA:62,2
DA:66,2
DA:67,2
DA:70,2
DA:89,2
DA:90,1
DA:104,2
DA:107,1
DA:108,1
DA:110,1
DA:118,1
DA:125,1
DA:129,1
DA:134,11
DA:141,4
DA:142,4
DA:143,2
DA:147,2
DA:148,1
DA:149,1
DA:154,3
DA:158,2
DA:159,2
DA:160,1
DA:161,1
DA:164,1
DA:166,1
DA:170,1
DA:181,2
DA:182,4
DA:183,4
DA:184,4
DA:189,4
DA:194,4
DA:199,3
LF:52
LH:52
BRDA:34,0,0,1
BRDA:34,0,1,10
BRDA:61,1,0,1
BRDA:61,1,1,1
BRDA:73,2,0,1
BRDA:73,2,1,1
BRDA:89,3,0,1
BRDA:89,3,1,1
BRDA:93,4,0,0
BRDA:93,4,1,1
BRDA:104,5,0,1
BRDA:104,5,1,1
BRDA:127,6,0,1
BRDA:127,6,1,0
BRDA:142,7,0,2
BRDA:142,7,1,2
BRDA:147,8,0,1
BRDA:147,8,1,1
BRDA:159,9,0,1
BRDA:159,9,1,1
BRDA:159,10,0,2
BRDA:159,10,1,1
BRDA:168,11,0,1
BRDA:168,11,1,0
BRDA:182,12,0,4
BRDA:182,12,1,0
BRDA:183,13,0,4
BRDA:183,13,1,0
BRF:28
BRH:23
end_of_record
TN:
SF:src/engines/test/index.ts
FN:1,(anonymous_0)
FNF:1
FNH:0
FNDA:0,(anonymous_0)
DA:1,1
LF:1
LH:1
BRF:0
BRH:0
end_of_record
TN:
SF:src/middleware/anomalyDetection.ts
FN:16,(anonymous_1)
FN:32,(anonymous_2)
FN:36,(anonymous_3)
FN:41,(anonymous_4)
FN:83,(anonymous_5)
FNF:5
FNH:2
FNDA:2,(anonymous_1)
FNDA:1,(anonymous_2)
FNDA:0,(anonymous_3)
FNDA:0,(anonymous_4)
FNDA:0,(anonymous_5)
DA:2,1
DA:3,1
DA:4,1
DA:6,1
DA:16,1
DA:17,2
DA:18,2
DA:20,2
DA:21,0
DA:22,0
DA:24,0
DA:32,1
DA:33,1
DA:36,1
DA:37,0
DA:38,0
DA:41,1
DA:46,0
DA:48,0
DA:49,0
DA:50,0
DA:51,0
DA:54,0
DA:55,0
DA:61,0
DA:62,0
DA:63,0
DA:65,0
DA:71,0
DA:77,0
DA:80,0
DA:83,1
LF:32
LH:13
BRDA:20,0,0,0
BRDA:20,0,1,2
BRDA:46,1,0,0
BRDA:46,1,1,0
BRDA:46,1,2,0
BRDA:48,2,0,0
BRDA:48,2,1,0
BRDA:61,3,0,0
BRDA:61,3,1,0
BRF:9
BRH:1
end_of_record
TN:
SF:src/middleware/asyncHandler.ts
FN:15,asyncHandler
FN:18,(anonymous_1)
FNF:2
FNH:0
FNDA:0,asyncHandler
FNDA:0,(anonymous_1)
DA:15,5
DA:18,0
DA:19,0
LF:3
LH:1
BRF:0
BRH:0
end_of_record
TN:
SF:src/middleware/authMiddleware.ts
FN:24,(anonymous_1)
FN:42,(anonymous_2)
FN:46,(anonymous_3)
FN:140,(anonymous_4)
FN:168,(anonymous_5)
FN:203,(anonymous_6)
FN:204,(anonymous_7)
FN:223,(anonymous_8)
FN:223,(anonymous_9)
FNF:9
FNH:6
FNDA:7,(anonymous_1)
FNDA:6,(anonymous_2)
FNDA:8,(anonymous_3)
FNDA:0,(anonymous_4)
FNDA:5,(anonymous_5)
FNDA:14,(anonymous_6)
FNDA:17,(anonymous_7)
FNDA:0,(anonymous_8)
FNDA:0,(anonymous_9)
DA:1,2
DA:3,2
DA:4,2
DA:5,2
DA:6,2
DA:7,2
DA:8,2
DA:9,2
DA:24,2
DA:25,7
DA:26,7
DA:28,7
DA:29,7
DA:34,7
DA:35,6
DA:39,7
DA:42,2
DA:43,6
DA:46,2
DA:51,8
DA:52,8
DA:53,8
DA:54,8
DA:56,8
DA:57,2
DA:58,2
DA:61,6
DA:62,6
DA:64,4
DA:65,4
DA:66,4
DA:67,0
DA:68,0
DA:71,4
DA:72,4
DA:73,0
DA:74,0
DA:77,4
DA:79,4
DA:80,1
DA:81,1
DA:84,3
DA:85,2
DA:91,2
DA:94,1
DA:100,1
DA:101,1
DA:102,0
DA:112,0
DA:113,0
DA:114,0
DA:117,0
DA:118,0
DA:119,0
DA:120,0
DA:124,0
DA:125,0
DA:128,0
DA:129,0
DA:130,0
DA:134,0
DA:135,0
DA:138,0
DA:141,0
DA:148,1
DA:150,2
DA:154,1
DA:155,1
DA:157,1
DA:160,0
DA:164,0
DA:168,2
DA:173,5
DA:174,5
DA:175,5
DA:176,5
DA:178,5
DA:179,1
DA:180,1
DA:183,4
DA:184,4
DA:185,3
DA:186,3
DA:187,1
DA:193,4
DA:195,0
DA:199,0
DA:203,2
DA:204,14
DA:205,17
DA:206,2
DA:207,2
DA:210,15
DA:211,7
DA:212,7
DA:215,8
DA:219,2
DA:220,2
DA:221,2
DA:223,2
LF:100
LH:75
BRDA:28,0,0,7
BRDA:28,0,1,0
BRDA:34,1,0,6
BRDA:34,1,1,1
BRDA:43,2,0,6
BRDA:43,2,1,4
BRDA:43,3,0,4
BRDA:43,3,1,2
BRDA:54,4,0,6
BRDA:54,4,1,2
BRDA:56,5,0,2
BRDA:56,5,1,6
BRDA:66,6,0,0
BRDA:66,6,1,4
BRDA:72,7,0,0
BRDA:72,7,1,4
BRDA:72,8,0,4
BRDA:72,8,1,0
BRDA:72,8,2,0
BRDA:79,9,0,1
BRDA:79,9,1,3
BRDA:84,10,0,2
BRDA:84,10,1,1
BRDA:87,11,0,1
BRDA:87,11,1,1
BRDA:89,12,0,1
BRDA:89,12,1,1
BRDA:101,13,0,0
BRDA:101,13,1,1
BRDA:112,14,0,0
BRDA:112,14,1,0
BRDA:119,15,0,0
BRDA:119,15,1,0
BRDA:129,16,0,0
BRDA:129,16,1,0
BRDA:143,17,0,0
BRDA:143,17,1,0
BRDA:150,18,0,1
BRDA:150,18,1,1
BRDA:151,19,0,2
BRDA:151,19,1,2
BRDA:151,19,2,2
BRDA:162,20,0,0
BRDA:162,20,1,0
BRDA:176,21,0,4
BRDA:176,21,1,1
BRDA:178,22,0,1
BRDA:178,22,1,4
BRDA:186,23,0,1
BRDA:186,23,1,2
BRDA:186,24,0,3
BRDA:186,24,1,3
BRDA:197,25,0,0
BRDA:197,25,1,0
BRDA:205,26,0,2
BRDA:205,26,1,15
BRDA:210,27,0,7
BRDA:210,27,1,8
BRF:58
BRH:40
end_of_record
TN:
SF:src/middleware/errorHandler.ts
FN:15,(anonymous_1)
FN:45,(anonymous_2)
FN:62,(anonymous_3)
FN:64,(anonymous_4)
FN:65,(anonymous_5)
FN:66,(anonymous_6)
FN:67,(anonymous_7)
FN:69,(anonymous_8)
FN:71,(anonymous_9)
FN:73,(anonymous_10)
FN:75,(anonymous_11)
FN:81,(anonymous_12)
FN:82,(anonymous_13)
FN:84,(anonymous_14)
FN:86,(anonymous_15)
FN:88,(anonymous_16)
FN:90,(anonymous_17)
FN:92,(anonymous_18)
FN:94,(anonymous_19)
FN:96,(anonymous_20)
FN:98,(anonymous_21)
FN:100,(anonymous_22)
FN:102,(anonymous_23)
FN:105,mapStatusToErrorCode
FN:120,(anonymous_25)
FN:144,(anonymous_26)
FN:216,handlePrismaError
FN:245,(anonymous_28)
FNF:28
FNH:5
FNDA:6,(anonymous_1)
FNDA:4,(anonymous_2)
FNDA:0,(anonymous_3)
FNDA:0,(anonymous_4)
FNDA:0,(anonymous_5)
FNDA:0,(anonymous_6)
FNDA:0,(anonymous_7)
FNDA:0,(anonymous_8)
FNDA:0,(anonymous_9)
FNDA:0,(anonymous_10)
FNDA:0,(anonymous_11)
FNDA:0,(anonymous_12)
FNDA:0,(anonymous_13)
FNDA:0,(anonymous_14)
FNDA:0,(anonymous_15)
FNDA:0,(anonymous_16)
FNDA:0,(anonymous_17)
FNDA:0,(anonymous_18)
FNDA:0,(anonymous_19)
FNDA:0,(anonymous_20)
FNDA:0,(anonymous_21)
FNDA:0,(anonymous_22)
FNDA:0,(anonymous_23)
FNDA:4,mapStatusToErrorCode
FNDA:5,(anonymous_25)
FNDA:0,(anonymous_26)
FNDA:0,handlePrismaError
FNDA:2,(anonymous_28)
DA:2,6
DA:3,6
DA:4,6
DA:5,6
DA:6,6
DA:15,6
DA:16,6
DA:17,6
DA:18,6
DA:19,6
DA:20,6
DA:21,6
DA:22,6
DA:23,6
DA:24,6
DA:25,6
DA:26,6
DA:27,6
DA:28,6
DA:29,6
DA:30,6
DA:31,6
DA:32,6
DA:33,6
DA:34,6
DA:35,6
DA:36,6
DA:39,6
DA:52,4
DA:53,4
DA:54,4
DA:55,4
DA:56,4
DA:57,4
DA:61,6
DA:63,0
DA:64,0
DA:65,0
DA:66,0
DA:68,0
DA:70,0
DA:72,0
DA:74,0
DA:76,0
DA:81,0
DA:83,0
DA:85,0
DA:87,0
DA:89,0
DA:91,0
DA:93,0
DA:95,0
DA:97,0
DA:99,0
DA:101,0
DA:102,0
DA:106,4
DA:117,4
DA:120,6
DA:126,5
DA:127,5
DA:130,5
DA:132,5
DA:133,4
DA:134,4
DA:135,4
DA:136,2
DA:137,2
DA:139,2
DA:141,1
DA:142,0
DA:143,0
DA:144,0
DA:145,0
DA:146,1
DA:147,0
DA:148,0
DA:149,0
DA:150,0
DA:151,0
DA:152,1
DA:153,0
DA:154,0
DA:155,0
DA:156,1
DA:157,0
DA:158,0
DA:159,0
DA:160,0
DA:161,1
DA:162,0
DA:163,0
DA:164,0
DA:165,1
DA:166,0
DA:167,0
DA:168,0
DA:169,1
DA:170,0
DA:171,0
DA:172,0
DA:173,1
DA:174,0
DA:175,0
DA:176,0
DA:177,1
DA:178,0
DA:179,0
DA:180,0
DA:181,0
DA:185,0
DA:186,1
DA:187,0
DA:188,0
DA:189,0
DA:190,1
DA:191,0
DA:192,0
DA:193,0
DA:194,1
DA:195,0
DA:196,0
DA:197,0
DA:199,1
DA:200,1
DA:203,5
DA:204,1
DA:207,5
DA:220,0
DA:222,0
DA:223,0
DA:231,0
DA:233,0
DA:235,0
DA:237,0
DA:239,0
DA:241,0
DA:245,6
DA:246,2
DA:252,6
DA:253,6
LF:141
LH:69
BRDA:15,0,0,6
BRDA:15,0,1,6
BRDA:49,1,0,0
BRDA:54,2,0,4
BRDA:54,2,1,4
BRDA:62,3,0,0
BRDA:64,4,0,0
BRDA:65,5,0,0
BRDA:66,6,0,0
BRDA:67,7,0,0
BRDA:69,8,0,0
BRDA:73,9,0,0
BRDA:77,10,0,0
BRDA:77,10,1,0
BRDA:81,11,0,0
BRDA:86,12,0,0
BRDA:88,13,0,0
BRDA:90,14,0,0
BRDA:92,15,0,0
BRDA:94,16,0,0
BRDA:102,17,0,0
BRDA:117,18,0,4
BRDA:117,18,1,0
BRDA:132,19,0,4
BRDA:132,19,1,1
BRDA:134,20,0,2
BRDA:134,20,1,2
BRDA:135,21,0,2
BRDA:135,21,1,2
BRDA:139,22,0,2
BRDA:139,22,1,2
BRDA:141,23,0,0
BRDA:141,23,1,1
BRDA:145,24,0,0
BRDA:145,24,1,0
BRDA:146,25,0,0
BRDA:146,25,1,1
BRDA:152,26,0,0
BRDA:152,26,1,1
BRDA:155,27,0,0
BRDA:155,27,1,0
BRDA:156,28,0,0
BRDA:156,28,1,1
BRDA:161,29,0,0
BRDA:161,29,1,1
BRDA:161,30,0,1
BRDA:161,30,1,1
BRDA:163,31,0,0
BRDA:163,31,1,0
BRDA:164,32,0,0
BRDA:164,32,1,0
BRDA:165,33,0,0
BRDA:165,33,1,1
BRDA:165,34,0,1
BRDA:165,34,1,0
BRDA:168,35,0,0
BRDA:168,35,1,0
BRDA:169,36,0,0
BRDA:169,36,1,1
BRDA:172,37,0,0
BRDA:172,37,1,0
BRDA:173,38,0,0
BRDA:173,38,1,1
BRDA:176,39,0,0
BRDA:176,39,1,0
BRDA:177,40,0,0
BRDA:177,40,1,1
BRDA:180,41,0,0
BRDA:180,41,1,0
BRDA:181,42,0,0
BRDA:181,42,1,0
BRDA:185,43,0,0
BRDA:185,43,1,0
BRDA:186,44,0,0
BRDA:186,44,1,1
BRDA:189,45,0,0
BRDA:189,45,1,0
BRDA:190,46,0,0
BRDA:190,46,1,1
BRDA:193,47,0,0
BRDA:193,47,1,0
BRDA:194,48,0,0
BRDA:194,48,1,1
BRDA:197,49,0,0
BRDA:197,49,1,0
BRDA:203,50,0,1
BRDA:203,50,1,4
BRDA:210,51,0,5
BRDA:210,51,1,0
BRDA:211,52,0,5
BRDA:211,52,1,0
BRDA:212,53,0,5
BRDA:212,53,1,1
BRDA:220,54,0,0
BRDA:220,54,1,0
BRDA:220,54,2,0
BRDA:220,54,3,0
BRDA:220,54,4,0
BRDA:220,54,5,0
BRDA:220,54,6,0
BRDA:220,54,7,0
BRDA:220,54,8,0
BRDA:225,55,0,0
BRDA:225,55,1,0
BRDA:248,56,0,2
BRDA:248,56,1,0
BRF:106
BRH:35
end_of_record
TN:
SF:src/middleware/rateLimiter.ts
FN:23,(anonymous_1)
FN:25,(anonymous_2)
FN:33,(anonymous_3)
FN:40,(anonymous_4)
FN:64,(anonymous_5)
FN:83,getClientIp
FN:92,createRateLimiter
FN:95,(anonymous_8)
FN:165,stopMemoryStoreCleanup
FNF:9
FNH:8
FNDA:1,(anonymous_1)
FNDA:0,(anonymous_2)
FNDA:1,(anonymous_3)
FNDA:5,(anonymous_4)
FNDA:5,(anonymous_5)
FNDA:10,getClientIp
FNDA:8,createRateLimiter
FNDA:8,(anonymous_8)
FNDA:1,stopMemoryStoreCleanup
DA:2,1
DA:3,1
DA:17,1
DA:18,1
DA:19,1
DA:20,1
DA:21,1
DA:23,1
DA:24,1
DA:25,1
DA:26,0
DA:28,1
DA:29,1
DA:33,1
DA:34,1
DA:35,1
DA:36,1
DA:40,1
DA:41,5
DA:42,5
DA:43,5
DA:44,1
DA:47,5
DA:48,1
DA:51,5
DA:52,0
DA:53,0
DA:54,0
DA:55,0
DA:56,0
DA:57,0
DA:62,1
DA:64,1
DA:65,5
DA:67,5
DA:68,3
DA:69,0
DA:71,3
DA:72,0
DA:74,3
DA:75,3
DA:76,3
DA:79,2
DA:80,2
DA:83,1
DA:84,10
DA:85,10
DA:86,1
DA:87,1
DA:89,9
DA:92,1
DA:93,8
DA:95,8
DA:96,8
DA:97,0
DA:98,0
DA:101,8
DA:102,8
DA:103,8
DA:105,8
DA:106,8
DA:108,8
DA:109,8
DA:110,8
DA:112,8
DA:113,8
DA:114,3
DA:115,3
DA:116,3
DA:119,5
DA:124,8
DA:125,5
DA:126,5
DA:127,5
DA:128,5
DA:129,5
DA:132,8
DA:133,8
DA:135,8
DA:136,8
DA:137,8
DA:139,8
DA:140,2
DA:141,2
DA:143,2
DA:147,2
DA:158,2
DA:161,6
DA:165,1
DA:166,1
DA:169,1
DA:176,1
DA:183,1
DA:190,1
LF:94
LH:83
BRDA:24,0,0,0
BRDA:24,0,1,1
BRDA:28,1,0,1
BRDA:28,1,1,0
BRDA:28,2,0,1
BRDA:28,2,1,1
BRDA:34,3,0,1
BRDA:34,3,1,0
BRDA:40,4,0,0
BRDA:43,5,0,1
BRDA:43,5,1,4
BRDA:51,6,0,0
BRDA:51,6,1,5
BRDA:55,7,0,0
BRDA:55,7,1,0
BRDA:67,8,0,3
BRDA:67,8,1,2
BRDA:67,9,0,5
BRDA:67,9,1,2
BRDA:68,10,0,0
BRDA:68,10,1,3
BRDA:71,11,0,0
BRDA:71,11,1,3
BRDA:85,12,0,1
BRDA:85,12,1,9
BRDA:86,13,0,0
BRDA:86,13,1,1
BRDA:89,14,0,9
BRDA:89,14,1,0
BRDA:89,14,2,0
BRDA:93,15,0,0
BRDA:96,16,0,0
BRDA:96,16,1,8
BRDA:96,17,0,8
BRDA:96,17,1,8
BRDA:103,18,0,8
BRDA:103,18,1,0
BRDA:105,19,0,0
BRDA:105,19,1,8
BRDA:114,20,0,3
BRDA:114,20,1,0
BRDA:120,21,0,5
BRDA:120,21,1,0
BRDA:124,22,0,5
BRDA:124,22,1,3
BRDA:139,23,0,2
BRDA:139,23,1,6
BRDA:144,24,0,2
BRDA:144,24,1,2
BRDA:150,25,0,2
BRDA:150,25,1,1
BRDA:151,26,0,2
BRDA:151,26,1,0
BRF:53
BRH:34
end_of_record
TN:
SF:src/middleware/requestLogger.ts
FN:5,(anonymous_1)
FN:12,(anonymous_2)
FN:15,(anonymous_3)
FNF:3
FNH:0
FNDA:0,(anonymous_1)
FNDA:0,(anonymous_2)
FNDA:0,(anonymous_3)
DA:2,2
DA:3,2
DA:5,2
DA:6,0
DA:7,0
DA:8,0
DA:9,0
DA:12,2
DA:13,0
DA:15,0
DA:16,0
DA:17,0
DA:28,0
DA:29,0
DA:30,0
DA:31,0
DA:33,0
DA:37,0
LF:18
LH:4
BRDA:6,0,0,0
BRDA:6,0,1,0
BRDA:28,1,0,0
BRDA:28,1,1,0
BRDA:30,2,0,0
BRDA:30,2,1,0
BRF:6
BRH:0
end_of_record
TN:
SF:src/middleware/roleMiddleware.ts
FN:16,(anonymous_0)
FN:18,(anonymous_1)
FN:19,(anonymous_2)
FN:20,(anonymous_3)
FN:33,(anonymous_4)
FN:45,(anonymous_5)
FN:46,(anonymous_6)
FN:59,(anonymous_7)
FNF:8
FNH:8
FNDA:12,(anonymous_0)
FNDA:3,(anonymous_1)
FNDA:4,(anonymous_2)
FNDA:3,(anonymous_3)
FNDA:3,(anonymous_4)
FNDA:3,(anonymous_5)
FNDA:3,(anonymous_6)
FNDA:4,(anonymous_7)
DA:14,1
DA:16,12
DA:18,1
DA:19,4
DA:20,3
DA:21,3
DA:22,1
DA:23,1
DA:25,2
DA:26,1
DA:27,1
DA:29,1
DA:33,1
DA:34,3
DA:35,0
DA:36,0
DA:38,3
DA:39,1
DA:40,1
DA:42,2
DA:45,1
DA:46,3
DA:47,3
DA:48,0
DA:49,0
DA:51,3
DA:52,1
DA:53,1
DA:55,2
DA:59,1
DA:60,4
DA:61,0
DA:62,0
DA:64,4
DA:65,1
DA:66,1
DA:68,3
LF:37
LH:31
BRDA:16,0,0,12
BRDA:16,0,1,0
BRDA:21,1,0,1
BRDA:21,1,1,2
BRDA:25,2,0,1
BRDA:25,2,1,1
BRDA:34,3,0,0
BRDA:34,3,1,3
BRDA:38,4,0,1
BRDA:38,4,1,2
BRDA:47,5,0,0
BRDA:47,5,1,3
BRDA:51,6,0,1
BRDA:51,6,1,2
BRDA:60,7,0,0
BRDA:60,7,1,4
BRDA:64,8,0,1
BRDA:64,8,1,3
BRF:18
BRH:14
end_of_record
TN:
SF:src/middleware/sanitizeMiddleware.ts
FN:18,(anonymous_0)
FN:24,(anonymous_1)
FN:31,(anonymous_2)
FN:47,(anonymous_3)
FNF:4
FNH:3
FNDA:4,(anonymous_0)
FNDA:7,(anonymous_1)
FNDA:0,(anonymous_2)
FNDA:1,(anonymous_3)
DA:2,1
DA:4,1
DA:18,1
DA:19,4
DA:20,4
DA:21,4
DA:24,1
DA:25,7
DA:26,7
DA:27,4
DA:28,4
DA:29,4
DA:31,3
DA:32,3
DA:33,3
DA:34,3
DA:35,4
DA:36,4
DA:42,3
DA:44,0
DA:47,1
DA:48,1
DA:49,1
DA:50,1
DA:51,1
DA:52,2
DA:54,1
DA:56,1
DA:57,1
LF:29
LH:28
BRDA:19,0,0,0
BRDA:19,0,1,4
BRDA:20,1,0,0
BRDA:20,1,1,4
BRDA:24,2,0,3
BRDA:25,3,0,0
BRDA:25,3,1,7
BRDA:25,4,0,7
BRDA:25,4,1,7
BRDA:26,5,0,4
BRDA:26,5,1,3
BRDA:27,6,0,4
BRDA:27,6,1,0
BRDA:28,7,0,0
BRDA:28,7,1,4
BRDA:31,8,0,0
BRDA:31,8,1,3
BRDA:32,9,0,3
BRDA:32,9,1,0
BRDA:32,10,0,3
BRDA:32,10,1,3
BRDA:35,11,0,4
BRDA:35,11,1,0
BRDA:38,12,0,0
BRDA:38,12,1,4
BRDA:48,13,0,1
BRDA:48,13,1,0
BRDA:49,14,0,1
BRDA:49,14,1,0
BRDA:49,15,0,1
BRDA:49,15,1,1
BRDA:56,16,0,1
BRDA:56,16,1,0
BRF:33
BRH:21
end_of_record
TN:
SF:src/repositories/BaseRepository.ts
FN:32,(anonymous_0)
FN:43,(anonymous_1)
FN:47,(anonymous_2)
FN:55,(anonymous_3)
FN:60,(anonymous_4)
FNF:5
FNH:2
FNDA:26,(anonymous_0)
FNDA:5,(anonymous_1)
FNDA:0,(anonymous_2)
FNDA:0,(anonymous_3)
FNDA:0,(anonymous_4)
DA:29,1
DA:33,26
DA:44,5
DA:48,0
DA:49,0
DA:50,0
DA:52,0
DA:56,0
DA:57,0
DA:66,0
DA:67,0
LF:11
LH:3
BRDA:44,0,0,5
BRDA:44,0,1,5
BRDA:48,1,0,0
BRDA:48,1,1,0
BRDA:49,2,0,0
BRDA:49,2,1,0
BRDA:55,3,0,0
BRDA:56,4,0,0
BRDA:56,4,1,0
BRF:9
BRH:2
end_of_record
TN:
SF:src/repositories/TestRepository.ts
FN:62,(anonymous_0)
FN:74,(anonymous_1)
FN:81,(anonymous_2)
FN:110,(anonymous_3)
FN:130,(anonymous_4)
FN:137,(anonymous_5)
FN:148,(anonymous_6)
FN:153,(anonymous_7)
FN:161,(anonymous_8)
FNF:9
FNH:0
FNDA:0,(anonymous_0)
FNDA:0,(anonymous_1)
FNDA:0,(anonymous_2)
FNDA:0,(anonymous_3)
FNDA:0,(anonymous_4)
FNDA:0,(anonymous_5)
FNDA:0,(anonymous_6)
FNDA:0,(anonymous_7)
FNDA:0,(anonymous_8)
DA:2,1
DA:61,1
DA:63,0
DA:75,0
DA:84,0
DA:86,0
DA:100,0
DA:110,0
DA:127,0
DA:131,0
DA:132,0
DA:138,0
DA:139,0
DA:149,0
DA:150,0
DA:154,0
DA:155,0
DA:162,0
DA:163,0
LF:19
LH:2
BRDA:62,0,0,0
BRDA:65,1,0,0
BRDA:65,1,1,0
BRDA:82,2,0,0
BRDA:88,3,0,0
BRDA:88,3,1,0
BRDA:89,4,0,0
BRDA:89,4,1,0
BRDA:90,5,0,0
BRDA:90,5,1,0
BRDA:91,6,0,0
BRDA:91,6,1,0
BRDA:92,7,0,0
BRDA:92,7,1,0
BRF:14
BRH:0
end_of_record
TN:
SF:src/repositories/UserRepository.ts
FN:68,(anonymous_0)
FN:82,(anonymous_1)
FN:91,(anonymous_2)
FN:100,(anonymous_3)
FN:151,(anonymous_4)
FN:161,(anonymous_5)
FN:173,(anonymous_6)
FN:178,(anonymous_7)
FN:186,(anonymous_8)
FN:194,(anonymous_9)
FN:208,(anonymous_10)
FN:234,(anonymous_11)
FN:255,(anonymous_12)
FN:282,(anonymous_13)
FN:293,(anonymous_14)
FNF:15
FNH:7
FNDA:7,(anonymous_0)
FNDA:8,(anonymous_1)
FNDA:2,(anonymous_2)
FNDA:0,(anonymous_3)
FNDA:1,(anonymous_4)
FNDA:1,(anonymous_5)
FNDA:0,(anonymous_6)
FNDA:0,(anonymous_7)
FNDA:0,(anonymous_8)
FNDA:2,(anonymous_9)
FNDA:1,(anonymous_10)
FNDA:0,(anonymous_11)
FNDA:0,(anonymous_12)
FNDA:0,(anonymous_13)
FNDA:0,(anonymous_14)
DA:2,1
DA:67,1
DA:69,7
DA:83,8
DA:92,2
DA:103,0
DA:105,0
DA:124,0
DA:148,0
DA:152,1
DA:153,1
DA:162,1
DA:163,1
DA:174,0
DA:175,0
DA:179,0
DA:180,0
DA:187,0
DA:188,0
DA:195,2
DA:196,2
DA:209,1
DA:210,1
DA:211,1
DA:213,1
DA:218,1
DA:220,1
DA:221,1
DA:223,1
DA:231,1
DA:235,0
DA:238,0
DA:243,0
DA:245,0
DA:260,0
DA:264,0
DA:269,0
DA:271,0
DA:272,0
DA:274,0
DA:279,0
DA:283,0
DA:289,0
DA:290,0
DA:294,0
DA:300,0
DA:301,0
LF:47
LH:20
BRDA:68,0,0,7
BRDA:71,1,0,0
BRDA:71,1,1,7
BRDA:101,2,0,0
BRDA:107,3,0,0
BRDA:107,3,1,0
BRDA:108,4,0,0
BRDA:108,4,1,0
BRDA:111,5,0,0
BRDA:111,5,1,0
BRDA:117,6,0,0
BRDA:117,6,1,0
BRDA:118,7,0,0
BRDA:118,7,1,0
BRDA:119,8,0,0
BRDA:119,8,1,0
BRDA:120,9,0,0
BRDA:120,9,1,0
BRDA:167,10,0,1
BRDA:167,10,1,0
BRDA:218,11,0,0
BRDA:218,11,1,1
BRDA:227,12,0,0
BRDA:227,12,1,1
BRDA:243,13,0,0
BRDA:243,13,1,0
BRDA:269,14,0,0
BRDA:269,14,1,0
BRDA:286,15,0,0
BRDA:286,15,1,0
BRDA:297,16,0,0
BRDA:297,16,1,0
BRF:32
BRH:5
end_of_record
TN:
SF:src/repositories/index.ts
FN:38,(anonymous_4)
FN:38,(anonymous_5)
FN:15,(anonymous_6)
FN:22,(anonymous_7)
FN:29,(anonymous_8)
FNF:5
FNH:1
FNDA:26,(anonymous_4)
FNDA:0,(anonymous_5)
FNDA:0,(anonymous_6)
FNDA:0,(anonymous_7)
FNDA:0,(anonymous_8)
DA:2,1
DA:3,1
DA:4,1
DA:7,1
DA:8,1
DA:9,1
DA:12,1
DA:13,1
DA:16,0
DA:17,0
DA:19,0
DA:23,0
DA:24,0
DA:26,0
DA:30,0
DA:38,27
LF:16
LH:9
BRDA:16,0,0,0
BRDA:16,0,1,0
BRDA:23,1,0,0
BRDA:23,1,1,0
BRF:4
BRH:0
end_of_record
TN:
SF:src/services/AITestService.ts
FN:108,(anonymous_1)
FN:152,(anonymous_2)
FN:200,(anonymous_3)
FN:240,(anonymous_4)
FN:272,(anonymous_5)
FN:304,(anonymous_6)
FN:306,(anonymous_7)
FN:307,(anonymous_8)
FN:415,(anonymous_9)
FN:443,(anonymous_10)
FN:462,(anonymous_11)
FN:487,(anonymous_12)
FN:489,(anonymous_13)
FN:490,(anonymous_14)
FN:516,(anonymous_15)
FN:536,(anonymous_16)
FN:561,(anonymous_17)
FN:563,(anonymous_18)
FN:564,(anonymous_19)
FN:587,(anonymous_20)
FN:607,(anonymous_21)
FN:632,(anonymous_22)
FN:645,(anonymous_23)
FN:650,(anonymous_24)
FN:658,(anonymous_25)
FN:666,(anonymous_26)
FN:667,(anonymous_27)
FN:673,(anonymous_28)
FN:691,(anonymous_29)
FN:724,(anonymous_30)
FN:726,(anonymous_31)
FN:735,(anonymous_32)
FN:761,(anonymous_33)
FNF:33
FNH:0
FNDA:0,(anonymous_1)
FNDA:0,(anonymous_2)
FNDA:0,(anonymous_3)
FNDA:0,(anonymous_4)
FNDA:0,(anonymous_5)
FNDA:0,(anonymous_6)
FNDA:0,(anonymous_7)
FNDA:0,(anonymous_8)
FNDA:0,(anonymous_9)
FNDA:0,(anonymous_10)
FNDA:0,(anonymous_11)
FNDA:0,(anonymous_12)
FNDA:0,(anonymous_13)
FNDA:0,(anonymous_14)
FNDA:0,(anonymous_15)
FNDA:0,(anonymous_16)
FNDA:0,(anonymous_17)
FNDA:0,(anonymous_18)
FNDA:0,(anonymous_19)
FNDA:0,(anonymous_20)
FNDA:0,(anonymous_21)
FNDA:0,(anonymous_22)
FNDA:0,(anonymous_23)
FNDA:0,(anonymous_24)
FNDA:0,(anonymous_25)
FNDA:0,(anonymous_26)
FNDA:0,(anonymous_27)
FNDA:0,(anonymous_28)
FNDA:0,(anonymous_29)
FNDA:0,(anonymous_30)
FNDA:0,(anonymous_31)
FNDA:0,(anonymous_32)
FNDA:0,(anonymous_33)
DA:14,1
DA:15,1
DA:16,1
DA:17,1
DA:18,1
DA:19,1
DA:20,1
DA:22,1
DA:23,1
DA:52,1
DA:72,1
DA:76,1
DA:107,1
DA:108,0
DA:158,0
DA:200,0
DA:240,0
DA:268,1
DA:273,0
DA:274,0
DA:276,0
DA:277,0
DA:278,0
DA:280,0
DA:282,0
DA:285,0
DA:286,0
DA:299,0
DA:300,0
DA:302,0
DA:304,0
DA:306,0
DA:307,0
DA:314,0
DA:328,0
DA:329,0
DA:333,0
DA:334,0
DA:341,0
DA:342,0
DA:346,0
DA:347,0
DA:348,0
DA:356,0
DA:358,0
DA:359,0
DA:360,0
DA:362,0
DA:366,0
DA:367,0
DA:368,0
DA:369,0
DA:371,0
DA:372,0
DA:373,0
DA:381,0
DA:384,0
DA:390,0
DA:391,0
DA:396,0
DA:398,0
DA:399,0
DA:405,0
DA:406,0
DA:411,0
DA:414,0
DA:415,0
DA:431,0
DA:444,0
DA:445,0
DA:446,0
DA:447,0
DA:448,0
DA:451,0
DA:462,0
DA:482,0
DA:487,0
DA:489,0
DA:490,0
DA:504,0
DA:518,0
DA:519,0
DA:520,0
DA:521,0
DA:522,0
DA:525,0
DA:536,0
DA:558,0
DA:561,0
DA:563,0
DA:564,0
DA:571,0
DA:588,0
DA:595,0
DA:597,0
DA:604,0
DA:607,0
DA:609,0
DA:610,0
DA:611,0
DA:612,0
DA:616,0
DA:618,0
DA:620,0
DA:622,0
DA:625,0
DA:633,0
DA:639,0
DA:650,0
DA:651,0
DA:652,0
DA:653,0
DA:654,0
DA:657,0
DA:659,0
DA:661,0
DA:666,0
DA:667,0
DA:668,0
DA:672,0
DA:673,0
DA:675,0
DA:676,0
DA:679,0
DA:682,0
DA:685,0
DA:691,0
DA:698,0
DA:700,0
DA:701,0
DA:702,0
DA:707,0
DA:708,0
DA:711,0
DA:714,0
DA:715,0
DA:718,0
DA:725,0
DA:726,0
DA:736,0
DA:738,0
DA:739,0
DA:748,0
DA:749,0
DA:762,0
DA:764,0
DA:765,0
DA:767,0
DA:768,0
DA:770,0
DA:771,0
DA:772,0
DA:773,0
DA:775,0
DA:776,0
DA:777,0
DA:782,0
DA:783,0
DA:784,0
DA:786,0
DA:787,0
DA:793,0
DA:794,0
DA:799,0
DA:801,0
DA:805,0
DA:810,1
LF:167
LH:15
BRDA:274,0,0,0
BRDA:274,0,1,0
BRDA:285,1,0,0
BRDA:285,1,1,0
BRDA:285,2,0,0
BRDA:285,2,1,0
BRDA:285,2,2,0
BRDA:299,3,0,0
BRDA:299,3,1,0
BRDA:299,4,0,0
BRDA:299,4,1,0
BRDA:307,5,0,0
BRDA:307,5,1,0
BRDA:308,6,0,0
BRDA:308,6,1,0
BRDA:328,7,0,0
BRDA:328,7,1,0
BRDA:333,8,0,0
BRDA:333,8,1,0
BRDA:341,9,0,0
BRDA:341,9,1,0
BRDA:346,10,0,0
BRDA:346,10,1,0
BRDA:347,11,0,0
BRDA:347,11,1,0
BRDA:358,12,0,0
BRDA:358,12,1,0
BRDA:371,13,0,0
BRDA:371,13,1,0
BRDA:385,14,0,0
BRDA:385,14,1,0
BRDA:390,15,0,0
BRDA:390,15,1,0
BRDA:402,16,0,0
BRDA:402,16,1,0
BRDA:405,17,0,0
BRDA:405,17,1,0
BRDA:412,18,0,0
BRDA:412,18,1,0
BRDA:437,19,0,0
BRDA:437,19,1,0
BRDA:446,20,0,0
BRDA:446,20,1,0
BRDA:447,21,0,0
BRDA:447,21,1,0
BRDA:457,22,0,0
BRDA:457,22,1,0
BRDA:465,23,0,0
BRDA:465,23,1,0
BRDA:490,24,0,0
BRDA:490,24,1,0
BRDA:491,25,0,0
BRDA:491,25,1,0
BRDA:510,26,0,0
BRDA:510,26,1,0
BRDA:520,27,0,0
BRDA:520,27,1,0
BRDA:521,28,0,0
BRDA:521,28,1,0
BRDA:531,29,0,0
BRDA:531,29,1,0
BRDA:539,30,0,0
BRDA:539,30,1,0
BRDA:564,31,0,0
BRDA:564,31,1,0
BRDA:565,32,0,0
BRDA:565,32,1,0
BRDA:578,33,0,0
BRDA:578,33,1,0
BRDA:595,34,0,0
BRDA:595,34,1,0
BRDA:604,35,0,0
BRDA:604,35,1,0
BRDA:609,36,0,0
BRDA:609,36,1,0
BRDA:610,37,0,0
BRDA:610,37,1,0
BRDA:611,38,0,0
BRDA:611,38,1,0
BRDA:616,39,0,0
BRDA:616,39,1,0
BRDA:616,39,2,0
BRDA:616,39,3,0
BRDA:616,39,4,0
BRDA:639,40,0,0
BRDA:639,40,1,0
BRDA:651,41,0,0
BRDA:651,41,1,0
BRDA:651,42,0,0
BRDA:651,42,1,0
BRDA:652,43,0,0
BRDA:652,43,1,0
BRDA:652,44,0,0
BRDA:652,44,1,0
BRDA:653,45,0,0
BRDA:653,45,1,0
BRDA:654,46,0,0
BRDA:654,46,1,0
BRDA:654,47,0,0
BRDA:654,47,1,0
BRDA:659,48,0,0
BRDA:659,48,1,0
BRDA:661,49,0,0
BRDA:661,49,1,0
BRDA:666,50,0,0
BRDA:666,50,1,0
BRDA:668,51,0,0
BRDA:668,51,1,0
BRDA:675,52,0,0
BRDA:675,52,1,0
BRDA:682,53,0,0
BRDA:682,53,1,0
BRDA:701,54,0,0
BRDA:701,54,1,0
BRDA:707,55,0,0
BRDA:707,55,1,0
BRDA:715,56,0,0
BRDA:715,56,1,0
BRDA:735,57,0,0
BRDA:738,58,0,0
BRDA:738,58,1,0
BRDA:775,59,0,0
BRDA:775,59,1,0
BRDA:790,60,0,0
BRDA:790,60,1,0
BRDA:793,61,0,0
BRDA:793,61,1,0
BRDA:803,62,0,0
BRDA:803,62,1,0
BRF:129
BRH:0
end_of_record
TN:
SF:src/services/AnalyticsService.ts
FN:23,(anonymous_1)
FN:29,(anonymous_2)
FN:67,(anonymous_3)
FN:85,(anonymous_4)
FN:111,(anonymous_5)
FN:128,(anonymous_6)
FN:172,(anonymous_7)
FN:204,(anonymous_8)
FN:210,(anonymous_9)
FNF:9
FNH:0
FNDA:0,(anonymous_1)
FNDA:0,(anonymous_2)
FNDA:0,(anonymous_3)
FNDA:0,(anonymous_4)
FNDA:0,(anonymous_5)
FNDA:0,(anonymous_6)
FNDA:0,(anonymous_7)
FNDA:0,(anonymous_8)
FNDA:0,(anonymous_9)
DA:13,1
DA:15,1
DA:16,1
DA:18,1
DA:24,0
DA:25,0
DA:27,0
DA:30,0
DA:33,0
DA:46,0
DA:68,0
DA:70,0
DA:79,0
DA:86,0
DA:97,0
DA:98,0
DA:99,0
DA:101,0
DA:112,0
DA:138,0
DA:139,0
DA:140,0
DA:142,0
DA:143,0
DA:144,0
DA:145,0
DA:146,0
DA:147,0
DA:148,0
DA:151,0
DA:171,0
DA:172,0
DA:205,0
DA:206,0
DA:208,0
DA:211,0
DA:213,0
DA:240,0
DA:253,1
LF:39
LH:5
BRDA:23,0,0,0
BRDA:98,1,0,0
BRDA:98,1,1,0
BRDA:99,2,0,0
BRDA:99,2,1,0
BRDA:138,3,0,0
BRDA:138,3,1,0
BRDA:139,4,0,0
BRDA:139,4,1,0
BRDA:143,5,0,0
BRDA:143,5,1,0
BRDA:144,6,0,0
BRDA:144,6,1,0
BRDA:145,7,0,0
BRDA:145,7,1,0
BRDA:146,8,0,0
BRDA:146,8,1,0
BRDA:147,9,0,0
BRDA:147,9,1,0
BRDA:147,10,0,0
BRDA:147,10,1,0
BRDA:182,11,0,0
BRDA:182,11,1,0
BRDA:204,12,0,0
BRF:24
BRH:0
end_of_record
TN:
SF:src/services/AuditService.ts
FN:22,(anonymous_1)
FN:24,(anonymous_2)
FN:55,(anonymous_3)
FN:81,(anonymous_4)
FN:144,(anonymous_5)
FNF:5
FNH:2
FNDA:26,(anonymous_1)
FNDA:9,(anonymous_2)
FNDA:0,(anonymous_3)
FNDA:0,(anonymous_4)
FNDA:0,(anonymous_5)
DA:1,1
DA:3,1
DA:21,1
DA:22,26
DA:25,9
DA:27,9
DA:28,9
DA:47,0
DA:67,0
DA:68,0
DA:70,0
DA:97,0
DA:98,0
DA:99,0
DA:101,0
DA:116,0
DA:135,0
DA:145,0
DA:174,0
DA:200,0
LF:20
LH:7
BRDA:25,0,0,9
BRDA:25,0,1,9
BRDA:34,1,0,0
BRDA:34,1,1,9
BRDA:35,2,0,0
BRDA:35,2,1,9
BRDA:37,3,0,9
BRDA:37,3,1,5
BRDA:38,4,0,0
BRDA:38,4,1,9
BRDA:49,5,0,0
BRDA:49,5,1,0
BRDA:58,6,0,0
BRDA:68,7,0,0
BRDA:68,7,1,0
BRDA:74,8,0,0
BRDA:74,8,1,0
BRDA:75,9,0,0
BRDA:75,9,1,0
BRDA:76,10,0,0
BRDA:76,10,1,0
BRDA:97,11,0,0
BRDA:97,11,1,0
BRDA:98,12,0,0
BRDA:98,12,1,0
BRDA:102,13,0,0
BRDA:102,13,1,0
BRDA:103,14,0,0
BRDA:103,14,1,0
BRDA:104,15,0,0
BRDA:104,15,1,0
BRDA:105,16,0,0
BRDA:105,16,1,0
BRDA:106,17,0,0
BRDA:106,17,1,0
BRDA:107,18,0,0
BRDA:107,18,1,0
BRDA:107,18,2,0
BRDA:144,19,0,0
BRDA:166,20,0,0
BRDA:177,21,0,0
BRDA:177,21,1,0
BRDA:178,22,0,0
BRDA:178,22,1,0
BRDA:178,22,2,0
BRDA:187,23,0,0
BRDA:187,23,1,0
BRDA:192,24,0,0
BRDA:202,25,0,0
BRDA:202,25,1,0
BRDA:212,26,0,0
BRDA:212,26,1,0
BRDA:212,26,2,0
BRDA:221,27,0,0
BRDA:221,27,1,0
BRF:55
BRH:7
end_of_record
TN:
SF:src/services/AuthService.ts
FN:53,(anonymous_1)
FN:64,(anonymous_2)
FN:142,(anonymous_3)
FN:210,(anonymous_4)
FN:232,(anonymous_5)
FN:255,(anonymous_6)
FN:284,(anonymous_7)
FN:304,(anonymous_8)
FN:341,(anonymous_9)
FN:387,(anonymous_10)
FN:401,(anonymous_11)
FN:423,(anonymous_12)
FN:472,(anonymous_13)
FN:488,(anonymous_14)
FN:523,(anonymous_15)
FN:534,(anonymous_16)
FN:542,(anonymous_17)
FN:594,(anonymous_18)
FN:625,(anonymous_19)
FN:667,(anonymous_20)
FN:697,(anonymous_21)
FN:733,(anonymous_22)
FNF:22
FNH:13
FNDA:26,(anonymous_1)
FNDA:5,(anonymous_2)
FNDA:5,(anonymous_3)
FNDA:4,(anonymous_4)
FNDA:1,(anonymous_5)
FNDA:2,(anonymous_6)
FNDA:0,(anonymous_7)
FNDA:2,(anonymous_8)
FNDA:4,(anonymous_9)
FNDA:3,(anonymous_10)
FNDA:2,(anonymous_11)
FNDA:4,(anonymous_12)
FNDA:0,(anonymous_13)
FNDA:2,(anonymous_14)
FNDA:0,(anonymous_15)
FNDA:6,(anonymous_16)
FNDA:0,(anonymous_17)
FNDA:0,(anonymous_18)
FNDA:0,(anonymous_19)
FNDA:0,(anonymous_20)
FNDA:0,(anonymous_21)
FNDA:0,(anonymous_22)
DA:1,1
DA:2,1
DA:3,1
DA:5,1
DA:6,1
DA:7,1
DA:8,1
DA:10,1
DA:11,1
DA:49,1
DA:54,26
DA:57,26
DA:58,26
DA:66,5
DA:67,5
DA:68,1
DA:72,4
DA:73,4
DA:74,1
DA:78,3
DA:79,3
DA:80,1
DA:84,2
DA:85,2
DA:86,2
DA:87,1
DA:92,1
DA:95,1
DA:103,1
DA:113,1
DA:114,1
DA:115,1
DA:116,1
DA:117,1
DA:122,0
DA:124,1
DA:131,1
DA:133,1
DA:144,5
DA:145,5
DA:146,1
DA:150,4
DA:151,1
DA:152,1
DA:156,3
DA:157,3
DA:159,1
DA:162,1
DA:171,1
DA:175,2
DA:178,2
DA:187,2
DA:196,2
DA:199,2
DA:201,2
DA:211,4
DA:213,4
DA:216,4
DA:217,4
DA:221,4
DA:222,3
DA:226,1
DA:227,1
DA:228,0
DA:232,1
DA:233,1
DA:237,1
DA:238,0
DA:240,1
DA:243,1
DA:245,3
DA:246,0
DA:248,3
DA:262,2
DA:263,1
DA:264,1
DA:271,2
DA:272,0
DA:274,0
DA:278,2
DA:279,2
DA:287,2
DA:291,2
DA:292,2
DA:306,2
DA:312,2
DA:318,2
DA:320,2
DA:321,0
DA:322,0
DA:326,2
DA:329,2
DA:348,4
DA:349,4
DA:350,1
DA:354,3
DA:355,3
DA:356,1
DA:360,2
DA:361,2
DA:362,1
DA:366,1
DA:369,1
DA:372,1
DA:375,1
DA:388,3
DA:389,3
DA:391,2
DA:392,1
DA:394,1
DA:403,2
DA:406,2
DA:409,2
DA:410,2
DA:412,1
DA:415,1
DA:417,1
DA:424,4
DA:430,4
DA:437,4
DA:449,4
DA:450,4
DA:452,4
DA:453,4
DA:462,4
DA:468,4
DA:469,0
DA:472,0
DA:478,4
DA:498,2
DA:499,2
DA:501,2
DA:515,2
DA:516,2
DA:521,2
DA:522,0
DA:523,0
DA:524,0
DA:535,6
DA:536,6
DA:554,0
DA:555,0
DA:556,0
DA:557,0
DA:561,0
DA:562,0
DA:563,0
DA:568,0
DA:580,0
DA:588,0
DA:595,0
DA:604,0
DA:608,0
DA:614,0
DA:626,0
DA:627,0
DA:629,0
DA:630,0
DA:632,0
DA:636,0
DA:640,0
DA:641,0
DA:642,0
DA:644,0
DA:653,0
DA:656,0
DA:668,0
DA:669,0
DA:670,0
DA:673,0
DA:674,0
DA:677,0
DA:678,0
DA:679,0
DA:681,0
DA:691,0
DA:698,0
DA:700,0
DA:704,0
DA:705,0
DA:708,0
DA:722,0
DA:735,0
DA:736,0
DA:737,0
DA:740,0
DA:741,0
DA:746,0
DA:747,0
DA:750,0
DA:752,0
DA:770,0
DA:779,1
LF:193
LH:128
BRDA:58,0,0,26
BRDA:58,0,1,0
BRDA:67,1,0,1
BRDA:67,1,1,4
BRDA:73,2,0,1
BRDA:73,2,1,3
BRDA:79,3,0,1
BRDA:79,3,1,2
BRDA:84,4,0,2
BRDA:84,4,1,0
BRDA:86,5,0,1
BRDA:86,5,1,1
BRDA:99,6,0,1
BRDA:99,6,1,1
BRDA:122,7,0,0
BRDA:122,7,1,0
BRDA:126,8,0,1
BRDA:126,8,1,0
BRDA:145,9,0,1
BRDA:145,9,1,4
BRDA:150,10,0,1
BRDA:150,10,1,3
BRDA:150,11,0,4
BRDA:150,11,1,2
BRDA:157,12,0,1
BRDA:157,12,1,2
BRDA:221,13,0,3
BRDA:221,13,1,1
BRDA:221,14,0,4
BRDA:221,14,1,3
BRDA:221,14,2,2
BRDA:227,15,0,0
BRDA:227,15,1,1
BRDA:227,16,0,1
BRDA:227,16,1,1
BRDA:237,17,0,0
BRDA:237,17,1,1
BRDA:245,18,0,0
BRDA:245,18,1,3
BRDA:262,19,0,1
BRDA:262,19,1,1
BRDA:265,20,0,1
BRDA:265,20,1,1
BRDA:271,21,0,0
BRDA:271,21,1,2
BRDA:278,22,0,2
BRDA:278,22,1,0
BRDA:291,23,0,2
BRDA:291,23,1,0
BRDA:320,24,0,0
BRDA:320,24,1,2
BRDA:349,25,0,1
BRDA:349,25,1,3
BRDA:355,26,0,1
BRDA:355,26,1,2
BRDA:361,27,0,1
BRDA:361,27,1,1
BRDA:391,28,0,1
BRDA:391,28,1,1
BRDA:406,29,0,0
BRDA:406,29,1,2
BRDA:410,30,0,1
BRDA:410,30,1,1
BRDA:468,31,0,0
BRDA:468,31,1,4
BRDA:515,32,0,2
BRDA:515,32,1,2
BRDA:521,33,0,0
BRDA:521,33,1,2
BRDA:554,34,0,0
BRDA:554,34,1,0
BRDA:556,35,0,0
BRDA:556,35,1,0
BRDA:562,36,0,0
BRDA:562,36,1,0
BRDA:569,37,0,0
BRDA:569,37,1,0
BRDA:570,38,0,0
BRDA:570,38,1,0
BRDA:574,39,0,0
BRDA:574,39,1,0
BRDA:575,40,0,0
BRDA:575,40,1,0
BRDA:576,41,0,0
BRDA:576,41,1,0
BRDA:581,42,0,0
BRDA:581,42,1,0
BRDA:583,43,0,0
BRDA:583,43,1,0
BRDA:584,44,0,0
BRDA:584,44,1,0
BRDA:627,45,0,0
BRDA:627,45,1,0
BRDA:630,46,0,0
BRDA:630,46,1,0
BRDA:653,47,0,0
BRDA:653,47,1,0
BRDA:669,48,0,0
BRDA:669,48,1,0
BRDA:673,49,0,0
BRDA:673,49,1,0
BRDA:691,50,0,0
BRDA:691,50,1,0
BRDA:704,51,0,0
BRDA:704,51,1,0
BRDA:704,52,0,0
BRDA:704,52,1,0
BRDA:736,53,0,0
BRDA:736,53,1,0
BRDA:746,54,0,0
BRDA:746,54,1,0
BRDA:746,55,0,0
BRDA:746,55,1,0
BRDA:746,55,2,0
BRF:114
BRH:54
end_of_record
TN:
SF:src/services/DataExportService.ts
FN:15,(anonymous_0)
FN:61,(anonymous_1)
FN:74,(anonymous_2)
FN:83,(anonymous_3)
FN:90,(anonymous_4)
FNF:5
FNH:0
FNDA:0,(anonymous_0)
FNDA:0,(anonymous_1)
FNDA:0,(anonymous_2)
FNDA:0,(anonymous_3)
FNDA:0,(anonymous_4)
DA:9,1
DA:11,1
DA:16,0
DA:37,0
DA:38,0
DA:42,0
DA:44,0
DA:61,0
DA:74,0
DA:83,0
DA:90,0
DA:101,1
LF:12
LH:3
BRDA:37,0,0,0
BRDA:37,0,1,0
BRF:2
BRH:0
end_of_record
TN:
SF:src/services/EmailService.ts
FN:17,(anonymous_10)
FN:21,(anonymous_11)
FN:50,(anonymous_12)
FN:77,(anonymous_13)
FN:78,(anonymous_14)
FN:83,(anonymous_15)
FN:94,(anonymous_16)
FN:105,(anonymous_17)
FN:116,(anonymous_18)
FN:137,(anonymous_19)
FN:152,(anonymous_20)
FN:157,(anonymous_21)
FN:184,(anonymous_22)
FN:208,(anonymous_23)
FN:236,(anonymous_24)
FN:261,(anonymous_25)
FN:285,(anonymous_26)
FNF:17
FNH:2
FNDA:1,(anonymous_10)
FNDA:1,(anonymous_11)
FNDA:0,(anonymous_12)
FNDA:0,(anonymous_13)
FNDA:0,(anonymous_14)
FNDA:0,(anonymous_15)
FNDA:0,(anonymous_16)
FNDA:0,(anonymous_17)
FNDA:0,(anonymous_18)
FNDA:0,(anonymous_19)
FNDA:0,(anonymous_20)
FNDA:0,(anonymous_21)
FNDA:0,(anonymous_22)
FNDA:0,(anonymous_23)
FNDA:0,(anonymous_24)
FNDA:0,(anonymous_25)
FNDA:0,(anonymous_26)
DA:1,1
DA:2,1
DA:3,1
DA:12,1
DA:14,1
DA:15,1
DA:18,1
DA:22,1
DA:23,1
DA:24,1
DA:25,1
DA:27,1
DA:28,1
DA:29,1
DA:32,0
DA:33,0
DA:40,0
DA:41,0
DA:43,0
DA:51,0
DA:52,0
DA:53,0
DA:56,0
DA:57,0
DA:58,0
DA:66,0
DA:67,0
DA:69,0
DA:73,0
DA:78,0
DA:79,0
DA:80,0
DA:84,0
DA:85,0
DA:87,0
DA:95,0
DA:96,0
DA:98,0
DA:106,0
DA:107,0
DA:109,0
DA:122,0
DA:123,0
DA:130,0
DA:143,0
DA:145,0
DA:153,0
DA:156,1
DA:157,0
DA:184,0
DA:208,0
DA:236,0
DA:261,0
DA:286,0
DA:293,1
DA:294,1
LF:56
LH:17
BRDA:23,0,0,1
BRDA:23,0,1,1
BRDA:27,1,0,1
BRDA:27,1,1,0
BRDA:27,2,0,1
BRDA:27,2,1,0
BRDA:27,2,2,0
BRDA:45,3,0,0
BRDA:45,3,1,0
BRDA:51,4,0,0
BRDA:51,4,1,0
BRDA:51,5,0,0
BRDA:51,5,1,0
BRDA:57,6,0,0
BRDA:57,6,1,0
BRDA:63,7,0,0
BRDA:63,7,1,0
BRDA:71,8,0,0
BRDA:71,8,1,0
BRDA:85,9,0,0
BRDA:85,9,1,0
BRDA:96,10,0,0
BRDA:96,10,1,0
BRDA:107,11,0,0
BRDA:107,11,1,0
BRDA:124,12,0,0
BRDA:124,12,1,0
BRDA:143,13,0,0
BRDA:143,13,1,0
BRF:29
BRH:4
end_of_record
TN:
SF:src/services/FileUploadService.ts
FN:6,(anonymous_1)
FN:49,generateFileKey
FN:58,createStorage
FN:62,createFileFilter
FN:66,(anonymous_5)
FN:75,createUpload
FN:101,uploadFileToStorage
FN:109,deleteFile
FNF:8
FNH:4
FNDA:1,(anonymous_1)
FNDA:0,generateFileKey
FNDA:4,createStorage
FNDA:4,createFileFilter
FNDA:0,(anonymous_5)
FNDA:4,createUpload
FNDA:0,uploadFileToStorage
FNDA:0,deleteFile
DA:1,1
DA:2,1
DA:3,1
DA:4,1
DA:6,1
DA:7,1
DA:8,1
DA:9,1
DA:10,1
DA:19,1
DA:49,1
DA:51,0
DA:52,0
DA:53,0
DA:54,0
DA:55,0
DA:59,4
DA:64,4
DA:66,4
DA:67,0
DA:68,0
DA:70,0
DA:75,1
DA:77,4
DA:78,4
DA:79,4
DA:81,4
DA:99,1
DA:101,1
DA:105,0
DA:106,0
DA:109,1
DA:110,0
DA:114,0
DA:115,0
DA:116,0
DA:119,0
DA:121,0
DA:126,0
DA:130,1
DA:131,1
DA:132,1
DA:133,1
DA:135,1
LF:44
LH:27
BRDA:6,0,0,1
BRDA:6,0,1,1
BRDA:67,1,0,0
BRDA:67,1,1,0
BRDA:115,2,0,0
BRDA:115,2,1,0
BRDA:123,3,0,0
BRDA:123,3,1,0
BRF:8
BRH:2
end_of_record
TN:
SF:src/services/GrowthEngineService.ts
FN:103,(anonymous_1)
FN:110,(anonymous_2)
FN:117,(anonymous_3)
FN:124,(anonymous_4)
FN:131,(anonymous_5)
FN:138,(anonymous_6)
FN:145,(anonymous_7)
FN:152,(anonymous_8)
FN:159,(anonymous_9)
FN:166,(anonymous_10)
FN:173,(anonymous_11)
FN:180,(anonymous_12)
FN:187,(anonymous_13)
FN:198,(anonymous_14)
FN:207,(anonymous_15)
FN:269,(anonymous_16)
FN:369,(anonymous_17)
FN:377,(anonymous_18)
FN:425,(anonymous_19)
FN:456,(anonymous_20)
FN:528,(anonymous_21)
FN:536,(anonymous_22)
FN:541,(anonymous_23)
FN:551,(anonymous_24)
FN:580,(anonymous_25)
FNF:25
FNH:25
FNDA:1,(anonymous_1)
FNDA:2,(anonymous_2)
FNDA:2,(anonymous_3)
FNDA:2,(anonymous_4)
FNDA:2,(anonymous_5)
FNDA:2,(anonymous_6)
FNDA:2,(anonymous_7)
FNDA:2,(anonymous_8)
FNDA:2,(anonymous_9)
FNDA:2,(anonymous_10)
FNDA:2,(anonymous_11)
FNDA:2,(anonymous_12)
FNDA:2,(anonymous_13)
FNDA:10,(anonymous_14)
FNDA:9,(anonymous_15)
FNDA:4,(anonymous_16)
FNDA:2,(anonymous_17)
FNDA:1,(anonymous_18)
FNDA:2,(anonymous_19)
FNDA:2,(anonymous_20)
FNDA:8,(anonymous_21)
FNDA:18,(anonymous_22)
FNDA:11,(anonymous_23)
FNDA:2,(anonymous_24)
FNDA:2,(anonymous_25)
DA:16,1
DA:17,1
DA:82,1
DA:93,1
DA:97,1
DA:103,1
DA:110,2
DA:117,2
DA:124,2
DA:131,2
DA:138,2
DA:145,2
DA:152,2
DA:159,2
DA:166,2
DA:173,2
DA:180,2
DA:187,2
DA:193,1
DA:199,10
DA:201,10
DA:202,10
DA:204,9
DA:207,9
DA:209,9
DA:215,9
DA:216,1
DA:219,8
DA:220,8
DA:221,8
DA:222,8
DA:225,8
DA:226,1
DA:230,1
DA:233,8
DA:234,8
DA:236,8
DA:240,8
DA:251,9
DA:252,1
DA:254,8
DA:257,1
DA:261,1
DA:270,4
DA:279,4
DA:280,0
DA:283,4
DA:284,4
DA:285,4
DA:286,4
DA:288,4
DA:289,4
DA:290,4
DA:292,4
DA:294,1
DA:296,3
DA:297,3
DA:298,3
DA:300,3
DA:302,1
DA:303,1
DA:306,2
DA:307,1
DA:308,1
DA:310,2
DA:314,4
DA:317,4
DA:318,4
DA:319,23
DA:320,1
DA:321,1
DA:327,4
DA:335,4
DA:337,0
DA:341,0
DA:351,4
DA:352,1
DA:353,1
DA:356,4
DA:372,2
DA:373,2
DA:377,2
DA:379,2
DA:381,2
DA:382,26
DA:384,25
DA:385,25
DA:386,4
DA:396,2
DA:404,2
DA:406,2
DA:410,2
DA:411,0
DA:412,0
DA:419,2
DA:426,2
DA:431,2
DA:432,1
DA:435,1
DA:436,1
DA:437,1
DA:439,1
DA:443,1
DA:460,2
DA:461,2
DA:463,2
DA:467,2
DA:468,1
DA:469,1
DA:470,1
DA:472,1
DA:481,1
DA:482,1
DA:485,1
DA:492,1
DA:496,1
DA:498,1
DA:499,1
DA:509,1
DA:510,1
DA:513,1
DA:529,8
DA:530,4
DA:537,18
DA:538,10
DA:542,11
DA:543,1
DA:545,10
DA:553,2
DA:581,2
DA:588,2
DA:589,2
DA:591,2
DA:607,1
LF:134
LH:129
BRDA:159,0,0,2
BRDA:159,0,1,0
BRDA:199,1,0,10
BRDA:199,1,1,9
BRDA:202,2,0,1
BRDA:202,2,1,9
BRDA:215,3,0,1
BRDA:215,3,1,8
BRDA:225,4,0,1
BRDA:225,4,1,7
BRDA:236,5,0,8
BRDA:236,5,1,0
BRDA:251,6,0,1
BRDA:251,6,1,8
BRDA:259,7,0,1
BRDA:259,7,1,0
BRDA:279,8,0,0
BRDA:279,8,1,4
BRDA:292,9,0,1
BRDA:292,9,1,3
BRDA:300,10,0,1
BRDA:300,10,1,2
BRDA:306,11,0,1
BRDA:306,11,1,1
BRDA:319,12,0,1
BRDA:319,12,1,22
BRDA:319,13,0,23
BRDA:319,13,1,1
BRDA:335,14,0,0
BRDA:335,14,1,4
BRDA:342,15,0,0
BRDA:342,15,1,0
BRDA:343,16,0,0
BRDA:343,16,1,0
BRDA:351,17,0,1
BRDA:351,17,1,3
BRDA:382,18,0,1
BRDA:382,18,1,25
BRDA:385,19,0,4
BRDA:385,19,1,21
BRDA:410,20,0,0
BRDA:410,20,1,2
BRDA:410,21,0,2
BRDA:410,21,1,2
BRDA:411,22,0,0
BRDA:411,22,1,0
BRDA:431,23,0,1
BRDA:431,23,1,1
BRDA:439,24,0,1
BRDA:439,24,1,0
BRDA:467,25,0,1
BRDA:467,25,1,1
BRDA:481,26,0,1
BRDA:481,26,1,0
BRDA:481,27,0,1
BRDA:481,27,1,1
BRDA:496,28,0,1
BRDA:496,28,1,0
BRDA:509,29,0,1
BRDA:509,29,1,0
BRDA:529,30,0,4
BRDA:529,30,1,4
BRDA:529,31,0,8
BRDA:529,31,1,4
BRDA:537,32,0,8
BRDA:537,32,1,10
BRDA:537,33,0,18
BRDA:537,33,1,18
BRDA:542,34,0,1
BRDA:542,34,1,10
BRDA:542,35,0,11
BRDA:542,35,1,10
BRDA:542,35,2,10
BRDA:581,36,0,2
BRDA:581,36,1,0
BRDA:595,37,0,2
BRDA:595,37,1,0
BRDA:596,38,0,2
BRDA:596,38,1,0
BRDA:597,39,0,2
BRDA:597,39,1,0
BRDA:598,40,0,2
BRDA:598,40,1,0
BRDA:601,41,0,0
BRDA:601,41,1,2
BRF:85
BRH:63
end_of_record
TN:
SF:src/services/IRTScoringEngine.ts
FN:24,(anonymous_0)
FN:46,(anonymous_1)
FN:53,(anonymous_2)
FN:57,(anonymous_3)
FN:61,(anonymous_4)
FN:124,(anonymous_5)
FN:148,(anonymous_6)
FN:170,(anonymous_7)
FN:209,(anonymous_8)
FN:253,(anonymous_9)
FN:260,(anonymous_10)
FN:265,(anonymous_11)
FN:271,(anonymous_12)
FNF:13
FNH:1
FNDA:0,(anonymous_0)
FNDA:0,(anonymous_1)
FNDA:0,(anonymous_2)
FNDA:0,(anonymous_3)
FNDA:0,(anonymous_4)
FNDA:0,(anonymous_5)
FNDA:0,(anonymous_6)
FNDA:2,(anonymous_7)
FNDA:0,(anonymous_8)
FNDA:0,(anonymous_9)
FNDA:0,(anonymous_10)
FNDA:0,(anonymous_11)
FNDA:0,(anonymous_12)
DA:13,1
DA:27,0
DA:28,0
DA:29,0
[...]
DA:70,3
DA:72,3
DA:76,1
DA:79,1
DA:80,1
DA:81,1
DA:83,1
DA:84,1
DA:88,2
DA:89,2
DA:90,2
DA:91,2
DA:93,0
DA:99,3
DA:100,3
DA:105,6
DA:106,3
DA:107,3
DA:112,1
DA:113,0
DA:114,0
DA:117,1
DA:118,1
DA:122,0
DA:123,0
DA:127,0
DA:128,0
DA:132,2
LF:55
LH:47
BRDA:26,0,0,5
BRDA:26,0,1,0
BRDA:38,1,0,1
BRDA:38,1,1,0
BRDA:62,2,0,0
BRDA:62,2,1,3
BRDA:67,3,0,0
BRDA:67,3,1,3
BRDA:72,4,0,1
BRDA:72,4,1,2
BRDA:73,5,0,3
BRDA:73,5,1,2
BRDA:80,6,0,1
BRDA:80,6,1,0
BRDA:90,7,0,2
BRDA:90,7,1,0
BRDA:99,8,0,3
BRDA:99,8,1,0
BRDA:99,9,0,3
BRDA:99,9,1,3
BRDA:105,10,0,3
BRDA:105,10,1,3
BRDA:112,11,0,0
BRDA:112,11,1,1
BRDA:122,12,0,0
BRDA:122,12,1,0
BRDA:127,13,0,0
BRDA:127,13,1,0
BRF:28
BRH:16
end_of_record
TN:
SF:src/services/ai/AIServiceFactory.ts
FN:16,(anonymous_1)
FN:24,(anonymous_2)
FNF:2
FNH:0
FNDA:0,(anonymous_1)
FNDA:0,(anonymous_2)
DA:2,1
DA:4,1
DA:8,1
DA:10,1
DA:17,0
DA:18,0
DA:25,0
DA:27,0
DA:28,0
DA:29,0
DA:32,0
DA:34,0
DA:35,0
DA:37,0
DA:38,0
DA:40,0
DA:42,0
DA:45,0
DA:54,0
DA:57,0
DA:58,0
DA:60,0
DA:61,0
DA:65,0
LF:24
LH:4
BRDA:16,0,0,0
BRDA:25,1,0,0
BRDA:25,1,1,0
BRDA:28,2,0,0
BRDA:28,2,1,0
BRDA:32,3,0,0
BRDA:32,3,1,0
BRDA:32,3,2,0
BRDA:37,4,0,0
BRDA:37,4,1,0
BRDA:60,5,0,0
BRDA:60,5,1,0
BRF:12
BRH:0
end_of_record
TN:
SF:src/services/ai/GeminiAdapter.ts
FN:18,(anonymous_1)
FN:31,(anonymous_2)
FN:36,(anonymous_3)
FN:70,(anonymous_4)
FN:78,(anonymous_5)
FN:79,(anonymous_6)
FN:104,(anonymous_7)
FN:108,(anonymous_8)
FN:109,(anonymous_9)
FN:122,(anonymous_10)
FN:124,(anonymous_11)
FN:153,(anonymous_12)
FN:158,(anonymous_13)
FN:170,(anonymous_14)
FN:172,(anonymous_15)
FN:192,(anonymous_16)
FN:205,(anonymous_17)
FN:206,(anonymous_18)
FNF:18
FNH:0
FNDA:0,(anonymous_1)
FNDA:0,(anonymous_2)
FNDA:0,(anonymous_3)
FNDA:0,(anonymous_4)
FNDA:0,(anonymous_5)
FNDA:0,(anonymous_6)
FNDA:0,(anonymous_7)
FNDA:0,(anonymous_8)
FNDA:0,(anonymous_9)
FNDA:0,(anonymous_10)
FNDA:0,(anonymous_11)
FNDA:0,(anonymous_12)
FNDA:0,(anonymous_13)
FNDA:0,(anonymous_14)
FNDA:0,(anonymous_15)
FNDA:0,(anonymous_16)
FNDA:0,(anonymous_17)
FNDA:0,(anonymous_18)
DA:1,1
DA:2,1
DA:4,1
DA:5,1
DA:7,1
DA:8,1
DA:10,1
DA:12,0
DA:13,0
DA:19,0
DA:20,0
DA:21,0
DA:22,0
DA:24,0
DA:34,0
DA:35,0
DA:36,0
DA:38,0
DA:39,0
DA:42,0
DA:43,0
DA:48,0
DA:58,0
DA:59,0
DA:63,0
DA:66,0
DA:67,0
DA:70,0
DA:75,0
DA:79,0
DA:80,0
DA:88,0
DA:89,0
DA:91,0
DA:108,0
DA:109,0
DA:111,0
DA:121,0
DA:122,0
DA:125,0
DA:126,0
DA:127,0
DA:129,0
DA:131,0
DA:136,0
DA:137,0
DA:141,0
DA:143,0
DA:144,0
DA:145,0
DA:147,0
DA:157,0
DA:158,0
DA:160,0
DA:169,0
DA:170,0
DA:173,0
DA:174,0
DA:175,0
DA:177,0
DA:179,0
DA:184,0
DA:185,0
DA:188,0
DA:190,0
DA:191,0
DA:192,0
DA:196,0
DA:197,0
DA:200,0
DA:201,0
DA:206,0
DA:208,0
DA:217,0
DA:218,0
DA:219,0
DA:222,0
DA:223,0
DA:224,0
DA:228,0
DA:229,0
DA:232,0
DA:233,0
DA:238,0
LF:84
LH:7
BRDA:19,0,0,0
BRDA:19,0,1,0
BRDA:20,1,0,0
BRDA:20,1,1,0
BRDA:38,2,0,0
BRDA:38,2,1,0
BRDA:42,3,0,0
BRDA:42,3,1,0
BRDA:48,4,0,0
BRDA:48,4,1,0
BRDA:48,4,2,0
BRDA:48,4,3,0
BRDA:48,4,4,0
BRDA:48,4,5,0
BRDA:48,4,6,0
BRDA:48,4,7,0
BRDA:48,4,8,0
BRDA:58,5,0,0
BRDA:58,5,1,0
BRDA:58,6,0,0
BRDA:58,6,1,0
BRDA:81,7,0,0
BRDA:81,7,1,0
BRDA:83,8,0,0
BRDA:83,8,1,0
BRDA:84,9,0,0
BRDA:84,9,1,0
BRDA:93,10,0,0
BRDA:93,10,1,0
BRDA:112,11,0,0
BRDA:112,11,1,0
BRDA:114,12,0,0
BRDA:114,12,1,0
BRDA:115,13,0,0
BRDA:115,13,1,0
BRDA:117,14,0,0
BRDA:117,14,1,0
BRDA:125,15,0,0
BRDA:125,15,1,0
BRDA:126,16,0,0
BRDA:126,16,1,0
BRDA:126,17,0,0
BRDA:126,17,1,0
BRDA:136,18,0,0
BRDA:136,18,1,0
BRDA:141,19,0,0
BRDA:141,19,1,0
BRDA:161,20,0,0
BRDA:161,20,1,0
BRDA:163,21,0,0
BRDA:163,21,1,0
BRDA:164,22,0,0
BRDA:164,22,1,0
BRDA:166,23,0,0
BRDA:166,23,1,0
BRDA:173,24,0,0
BRDA:173,24,1,0
BRDA:174,25,0,0
BRDA:174,25,1,0
BRDA:174,26,0,0
BRDA:174,26,1,0
BRDA:184,27,0,0
BRDA:184,27,1,0
BRDA:188,28,0,0
BRDA:188,28,1,0
BRDA:209,29,0,0
BRDA:209,29,1,0
BRDA:211,30,0,0
BRDA:211,30,1,0
BRDA:212,31,0,0
BRDA:212,31,1,0
BRDA:223,32,0,0
BRDA:223,32,1,0
BRDA:228,33,0,0
BRDA:228,33,1,0
BRDA:240,34,0,0
BRDA:240,34,1,0
BRF:77
BRH:0
end_of_record
TN:
SF:src/services/ml/ConductorClient.ts
FN:22,(anonymous_1)
FN:26,(anonymous_2)
FN:29,(anonymous_3)
FN:38,(anonymous_4)
FN:45,(anonymous_5)
FN:65,(anonymous_6)
FN:74,(anonymous_7)
FN:79,(anonymous_8)
FN:85,(anonymous_9)
FN:99,(anonymous_10)
FN:103,(anonymous_11)
FN:119,(anonymous_12)
FN:124,(anonymous_13)
FNF:13
FNH:7
FNDA:1,(anonymous_1)
FNDA:2,(anonymous_2)
FNDA:0,(anonymous_3)
FNDA:2,(anonymous_4)
FNDA:2,(anonymous_5)
FNDA:2,(anonymous_6)
FNDA:0,(anonymous_7)
FNDA:0,(anonymous_8)
FNDA:0,(anonymous_9)
FNDA:0,(anonymous_10)
FNDA:0,(anonymous_11)
FNDA:2,(anonymous_12)
FNDA:2,(anonymous_13)
DA:1,1
DA:2,1
DA:3,1
DA:5,1
DA:6,1
DA:14,1
DA:15,1
DA:23,1
DA:27,2
DA:28,2
DA:29,2
DA:30,2
DA:31,2
DA:32,0
DA:34,2
DA:43,2
DA:44,2
DA:45,2
DA:48,2
DA:51,2
DA:57,2
DA:58,0
DA:61,0
DA:64,2
DA:65,2
DA:68,0
DA:78,0
DA:80,0
DA:85,0
DA:88,0
DA:89,0
DA:102,0
DA:104,0
DA:107,0
DA:108,0
DA:109,0
DA:123,2
DA:125,2
DA:133,0
DA:134,0
DA:142,1
LF:41
LH:25
BRDA:23,0,0,1
BRDA:23,0,1,1
BRDA:26,1,0,0
BRDA:27,2,0,2
BRDA:48,3,0,0
BRDA:48,3,1,2
BRDA:51,4,0,2
BRDA:51,4,1,2
BRDA:51,4,2,0
BRDA:51,4,3,0
BRDA:51,4,4,0
BRDA:51,4,5,0
BRDA:57,5,0,0
BRDA:57,5,1,2
BRDA:57,6,0,2
BRDA:57,6,1,2
BRDA:57,6,2,2
BRDA:59,7,0,0
BRDA:59,7,1,0
BRDA:85,8,0,0
BRDA:85,8,1,0
BRDA:88,9,0,0
BRDA:88,9,1,0
BRDA:107,10,0,0
BRDA:107,10,1,0
BRDA:133,11,0,0
BRDA:133,11,1,0
BRF:27
BRH:10
end_of_record
TN:
SF:src/services/ml/ItemCalibrationService.ts
FN:23,(anonymous_1)
FN:76,(anonymous_2)
FN:86,(anonymous_3)
FN:107,(anonymous_4)
FN:132,(anonymous_5)
FN:149,(anonymous_6)
FNF:6
FNH:6
FNDA:5,(anonymous_1)
FNDA:4,(anonymous_2)
FNDA:3,(anonymous_3)
FNDA:3,(anonymous_4)
FNDA:5,(anonymous_5)
FNDA:3,(anonymous_6)
DA:1,1
DA:2,1
DA:3,1
DA:12,1
DA:14,1
DA:24,5
DA:25,5
DA:32,5
DA:34,5
DA:36,5
DA:39,5
DA:60,4
DA:61,0
DA:62,0
DA:65,4
DA:66,4
DA:67,4
DA:75,4
DA:76,4
DA:78,4
DA:79,4
DA:82,4
DA:83,4
DA:84,3
DA:85,3
DA:86,3
DA:91,4
DA:94,4
DA:96,1
DA:100,1
DA:112,3
DA:113,3
DA:118,3
DA:119,0
DA:120,0
DA:124,3
DA:129,3
DA:132,5
DA:133,1
DA:134,1
DA:135,1
DA:136,1
DA:139,2
DA:140,2
DA:142,0
DA:154,3
DA:155,3
DA:158,3
DA:159,2
DA:167,1
LF:50
LH:45
BRDA:23,0,0,5
BRDA:56,1,0,0
BRDA:56,1,1,5
BRDA:60,2,0,0
BRDA:60,2,1,4
BRDA:98,3,0,1
BRDA:98,3,1,0
BRDA:118,4,0,0
BRDA:118,4,1,3
BRDA:129,5,0,1
BRDA:129,5,1,2
BRDA:129,6,0,3
BRDA:129,6,1,2
BRDA:144,7,0,0
BRDA:144,7,1,0
BRDA:158,8,0,2
BRDA:158,8,1,1
BRF:17
BRH:11
end_of_record
TN:
SF:src/services/storage/LocalDiskProvider.ts
FN:11,(anonymous_1)
FN:13,(anonymous_2)
FN:27,(anonymous_3)
FN:41,(anonymous_4)
FN:59,(anonymous_5)
FNF:5
FNH:2
FNDA:1,(anonymous_1)
FNDA:1,(anonymous_2)
FNDA:0,(anonymous_3)
FNDA:0,(anonymous_4)
FNDA:0,(anonymous_5)
DA:2,1
DA:3,1
DA:5,1
DA:7,1
DA:12,1
DA:13,1
DA:15,1
DA:16,1
DA:17,0
DA:19,1
DA:22,1
DA:23,0
DA:28,0
DA:29,0
DA:31,0
DA:32,0
DA:35,0
DA:36,0
DA:38,0
DA:42,0
DA:43,0
DA:44,0
DA:45,0
DA:46,0
DA:47,0
DA:49,0
DA:51,0
DA:55,0
DA:60,0
LF:29
LH:10
BRDA:15,0,0,1
BRDA:15,0,1,1
BRDA:15,1,0,1
BRDA:15,1,1,0
BRDA:16,2,0,0
BRDA:16,2,1,1
BRDA:22,3,0,0
BRDA:22,3,1,1
BRDA:31,4,0,0
BRDA:31,4,1,0
BRDA:44,5,0,0
BRDA:44,5,1,0
BRDA:53,6,0,0
BRDA:53,6,1,0
BRF:14
BRH:5
end_of_record
TN:
SF:src/services/storage/S3StorageProvider.ts
FN:16,(anonymous_1)
FN:31,(anonymous_2)
FN:52,(anonymous_3)
FN:71,(anonymous_4)
FNF:4
FNH:0
FNDA:0,(anonymous_1)
FNDA:0,(anonymous_2)
FNDA:0,(anonymous_3)
FNDA:0,(anonymous_4)
DA:1,1
DA:7,1
DA:9,1
DA:11,1
DA:17,0
DA:27,0
DA:28,0
DA:32,0
DA:39,0
DA:40,0
DA:41,0
DA:42,0
DA:44,0
DA:48,0
DA:53,0
DA:58,0
DA:59,0
DA:60,0
DA:61,0
DA:63,0
DA:67,0
DA:73,0
DA:74,0
DA:78,0
DA:83,0
LF:25
LH:4
BRDA:18,0,0,0
BRDA:18,0,1,0
BRDA:20,1,0,0
BRDA:20,1,1,0
BRDA:21,2,0,0
BRDA:21,2,1,0
BRDA:27,3,0,0
BRDA:27,3,1,0
BRDA:28,4,0,0
BRDA:28,4,1,0
BRDA:46,5,0,0
BRDA:46,5,1,0
BRDA:65,6,0,0
BRDA:65,6,1,0
BRDA:73,7,0,0
BRDA:73,7,1,0
BRF:16
BRH:0
end_of_record
TN:
SF:src/services/storage/StorageFactory.ts
FN:9,(anonymous_1)
FNF:1
FNH:1
FNDA:1,(anonymous_1)
DA:2,1
DA:3,1
DA:4,1
DA:6,1
DA:10,1
DA:12,1
DA:17,0
DA:18,0
DA:20,1
DA:23,1
DA:26,1
DA:30,1
LF:12
LH:10
BRDA:10,0,0,1
BRDA:10,0,1,0
BRDA:12,1,0,0
BRDA:12,1,1,1
BRDA:13,2,0,1
BRDA:13,2,1,0
BRDA:13,2,2,0
BRF:7
BRH:3
end_of_record
TN:
SF:src/utils/CircuitBreaker.ts
FN:18,(anonymous_1)
FN:24,(anonymous_2)
FN:44,(anonymous_3)
FN:52,(anonymous_4)
FN:63,(anonymous_5)
FNF:5
FNH:3
FNDA:1,(anonymous_1)
FNDA:2,(anonymous_2)
FNDA:0,(anonymous_3)
FNDA:2,(anonymous_4)
FNDA:0,(anonymous_5)
DA:1,2
DA:10,2
DA:11,1
DA:12,1
DA:13,1
DA:19,1
DA:20,1
DA:21,1
DA:25,2
DA:26,0
DA:27,0
DA:28,0
DA:30,0
DA:34,2
DA:35,2
DA:36,0
DA:37,0
DA:39,2
DA:40,2
DA:45,0
DA:46,0
DA:47,0
DA:48,0
DA:53,2
DA:54,2
DA:55,0
DA:56,0
DA:57,0
DA:64,0
LF:29
LH:15
BRDA:20,0,0,1
BRDA:20,0,1,0
BRDA:21,1,0,1
BRDA:21,1,1,0
BRDA:25,2,0,0
BRDA:25,2,1,2
BRDA:26,3,0,0
BRDA:26,3,1,0
BRDA:46,4,0,0
BRDA:46,4,1,0
BRDA:54,5,0,0
BRDA:54,5,1,2
BRF:12
BRH:4
end_of_record
TN:
SF:src/utils/TokenTrimmer.ts
FN:26,(anonymous_0)
FN:35,detectPromptInjection
FN:46,sanitizeInput
FN:79,(anonymous_3)
FN:95,(anonymous_4)
FN:103,(anonymous_5)
FN:112,(anonymous_6)
FN:120,(anonymous_7)
FNF:8
FNH:0
FNDA:0,(anonymous_0)
FNDA:0,detectPromptInjection
FNDA:0,sanitizeInput
FNDA:0,(anonymous_3)
FNDA:0,(anonymous_4)
FNDA:0,(anonymous_5)
FNDA:0,(anonymous_6)
FNDA:0,(anonymous_7)
DA:10,1
DA:25,1
DA:28,0
DA:30,0
DA:31,0
DA:35,1
DA:36,0
DA:38,0
DA:39,0
DA:40,0
DA:43,0
DA:46,1
DA:47,0
DA:50,0
DA:51,0
DA:52,0
DA:53,0
DA:57,0
DA:58,0
DA:59,0
DA:63,0
DA:70,0
DA:73,1
DA:74,1
DA:80,0
DA:82,0
DA:83,0
DA:84,0
DA:88,0
DA:89,0
DA:96,0
DA:97,0
DA:104,0
DA:106,0
DA:113,0
DA:114,0
DA:121,0
DA:122,0
DA:123,0
DA:124,0
DA:125,0
DA:126,0
DA:131,0
LF:43
LH:6
BRDA:36,0,0,0
BRDA:36,0,1,0
BRDA:39,1,0,0
BRDA:39,1,1,0
BRDA:46,2,0,0
BRDA:47,3,0,0
BRDA:47,3,1,0
BRDA:51,4,0,0
BRDA:51,4,1,0
BRDA:52,5,0,0
BRDA:52,5,1,0
BRDA:58,6,0,0
BRDA:58,6,1,0
BRDA:79,7,0,0
BRDA:80,8,0,0
BRDA:80,8,1,0
BRDA:83,9,0,0
BRDA:83,9,1,0
BRDA:96,10,0,0
BRDA:96,10,1,0
BRDA:104,11,0,0
BRDA:104,11,1,0
BRDA:113,12,0,0
BRDA:113,12,1,0
BRDA:124,13,0,0
BRDA:124,13,1,0
BRDA:125,14,0,0
BRDA:125,14,1,0
BRF:28
BRH:0
end_of_record
TN:
SF:src/utils/auth.ts
FN:5,(anonymous_1)
FN:8,(anonymous_2)
FN:17,(anonymous_3)
FN:26,(anonymous_4)
FN:30,(anonymous_5)
FN:38,(anonymous_6)
FN:45,(anonymous_7)
FNF:7
FNH:2
FNDA:6,(anonymous_1)
FNDA:9,(anonymous_2)
FNDA:0,(anonymous_3)
FNDA:0,(anonymous_4)
FNDA:0,(anonymous_5)
FNDA:0,(anonymous_6)
FNDA:0,(anonymous_7)
DA:1,2
DA:2,2
DA:3,2
DA:5,2
DA:6,6
DA:8,2
DA:9,9
DA:17,2
DA:18,0
DA:26,2
DA:27,0
DA:30,2
DA:31,0
DA:38,2
DA:39,0
DA:45,2
DA:46,0
LF:17
LH:12
BRDA:9,0,0,9
BRDA:9,0,1,5
BRF:2
BRH:2
end_of_record
TN:
SF:src/utils/cookies.ts
FN:3,(anonymous_0)
FN:17,(anonymous_1)
FN:36,(anonymous_2)
FN:59,(anonymous_3)
FN:73,(anonymous_4)
FN:77,(anonymous_5)
FNF:6
FNH:3
FNDA:0,(anonymous_0)
FNDA:0,(anonymous_1)
FNDA:5,(anonymous_2)
FNDA:0,(anonymous_3)
FNDA:1,(anonymous_4)
FNDA:13,(anonymous_5)
DA:3,3
DA:4,0
DA:5,0
DA:6,0
DA:7,0
DA:8,0
DA:9,0
DA:10,0
DA:11,0
DA:14,0
DA:17,3
DA:18,0
DA:19,0
DA:22,3
DA:29,3
DA:36,3
DA:40,5
DA:42,5
DA:50,5
DA:59,3
DA:60,0
DA:61,0
DA:66,0
DA:73,3
DA:74,1
DA:77,3
DA:78,13
LF:27
LH:13
BRDA:4,0,0,0
BRDA:4,0,1,0
BRDA:8,1,0,0
BRDA:8,1,1,0
BRDA:11,2,0,0
BRDA:11,2,1,0
BRDA:40,3,0,5
BRDA:40,3,1,5
BRDA:60,4,0,0
BRDA:60,4,1,0
BRF:10
BRH:2
end_of_record
TN:
SF:src/utils/env.ts
FN:61,(anonymous_0)
FN:99,(anonymous_1)
FN:148,(anonymous_2)
FN:153,(anonymous_3)
FNF:4
FNH:3
FNDA:0,(anonymous_0)
FNDA:14,(anonymous_1)
FNDA:6,(anonymous_2)
FNDA:20,(anonymous_3)
DA:8,2
DA:11,2
DA:62,0
DA:63,0
DA:67,0
DA:68,0
DA:71,0
DA:93,2
DA:94,2
DA:96,2
DA:97,2
DA:99,2
DA:100,14
DA:102,2
DA:104,2
DA:137,0
DA:138,0
DA:141,0
DA:145,2
DA:148,2
DA:149,6
DA:153,2
DA:154,20
DA:158,2
LF:24
LH:16
BRDA:62,0,0,0
BRDA:62,0,1,0
BRDA:96,1,0,2
BRDA:96,1,1,0
BRDA:102,2,0,2
BRDA:102,2,1,0
BRDA:105,3,0,2
BRDA:105,3,1,2
BRDA:106,4,0,2
BRDA:106,4,1,0
BRDA:107,5,0,2
BRDA:107,5,1,2
BRDA:108,6,0,2
BRDA:108,6,1,2
BRDA:109,7,0,2
BRDA:109,7,1,2
BRDA:110,8,0,2
BRDA:110,8,1,0
BRDA:112,9,0,2
BRDA:112,9,1,0
BRDA:113,10,0,2
BRDA:113,10,1,0
BRDA:114,11,0,2
BRDA:114,11,1,0
BRDA:115,12,0,2
BRDA:115,12,1,2
BRDA:116,13,0,2
BRDA:116,13,1,2
BRDA:117,14,0,2
BRDA:117,14,1,0
BRDA:118,15,0,2
BRDA:118,15,1,2
BRDA:119,16,0,2
BRDA:119,16,1,2
BRDA:120,17,0,2
BRDA:120,17,1,2
BRDA:121,18,0,2
BRDA:121,18,1,2
BRDA:122,19,0,2
BRDA:122,19,1,2
BRDA:123,20,0,2
BRDA:123,20,1,2
BRDA:124,21,0,2
BRDA:124,21,1,2
BRDA:125,22,0,2
BRDA:125,22,1,2
BRDA:126,23,0,2
BRDA:126,23,1,2
BRDA:127,24,0,2
BRDA:127,24,1,2
BRDA:128,25,0,2
BRDA:128,25,1,0
BRDA:129,26,0,2
BRDA:129,26,1,2
BRDA:130,27,0,2
BRDA:130,27,1,2
BRDA:131,28,0,2
BRDA:131,28,1,2
BRDA:132,29,0,2
BRDA:132,29,1,2
BRDA:133,30,0,2
BRDA:133,30,1,2
BRDA:134,31,0,2
BRDA:134,31,1,2
BRDA:191,32,0,0
BRDA:191,32,1,2
BRF:66
BRH:54
end_of_record
TN:
SF:src/utils/errorHandler.ts
FN:17,(anonymous_0)
FN:17,(anonymous_1)
FN:17,(anonymous_2)
FN:23,(anonymous_3)
FN:25,(anonymous_4)
FN:44,(anonymous_5)
FNF:6
FNH:4
FNDA:5,(anonymous_0)
FNDA:5,(anonymous_1)
FNDA:5,(anonymous_2)
FNDA:5,(anonymous_3)
FNDA:0,(anonymous_4)
FNDA:0,(anonymous_5)
DA:9,5
DA:17,10
DA:19,5
DA:21,5
DA:23,10
DA:25,5
DA:26,0
DA:28,0
DA:29,0
DA:30,0
DA:32,0
DA:34,0
DA:36,0
DA:38,0
DA:40,0
DA:44,5
DA:45,0
DA:48,5
LF:18
LH:8
BRDA:26,0,0,0
BRDA:26,0,1,0
BRDA:26,0,2,0
BRDA:26,0,3,0
BRDA:26,0,4,0
BRDA:26,0,5,0
BRDA:29,1,0,0
BRDA:29,1,1,0
BRF:8
BRH:0
end_of_record
TN:
SF:src/utils/errors.ts
FN:6,(anonymous_0)
FN:13,(anonymous_1)
FN:22,(anonymous_2)
FN:30,(anonymous_3)
FN:37,(anonymous_4)
FN:44,(anonymous_5)
FNF:6
FNH:0
FNDA:0,(anonymous_0)
FNDA:0,(anonymous_1)
FNDA:0,(anonymous_2)
FNDA:0,(anonymous_3)
FNDA:0,(anonymous_4)
FNDA:0,(anonymous_5)
DA:5,6
DA:7,0
DA:8,0
DA:12,6
DA:14,0
DA:15,0
DA:19,6
DA:23,0
DA:24,0
DA:25,0
DA:29,6
DA:31,0
DA:32,0
DA:36,6
DA:38,0
DA:39,0
DA:43,6
DA:45,0
DA:46,0
LF:19
LH:6
BRDA:6,0,0,0
BRDA:13,1,0,0
BRDA:22,2,0,0
BRDA:30,3,0,0
BRDA:37,4,0,0
BRDA:44,5,0,0
BRF:6
BRH:0
end_of_record
TN:
SF:src/utils/json.ts
FN:1,(anonymous_0)
FN:20,(anonymous_1)
FNF:2
FNH:2
FNDA:5,(anonymous_0)
FNDA:5,(anonymous_1)
DA:1,1
DA:2,5
DA:4,5
DA:5,2
DA:6,2
DA:7,1
DA:9,1
DA:13,3
DA:14,2
DA:17,1
DA:20,1
DA:21,5
DA:23,5
DA:24,2
DA:25,2
DA:26,1
DA:28,1
DA:32,3
LF:18
LH:18
BRDA:2,0,0,0
BRDA:2,0,1,5
BRDA:4,1,0,2
BRDA:4,1,1,3
BRDA:13,2,0,2
BRDA:13,2,1,1
BRDA:13,3,0,3
BRDA:13,3,1,3
BRDA:21,4,0,0
BRDA:21,4,1,5
BRDA:23,5,0,2
BRDA:23,5,1,3
BRDA:32,6,0,2
BRDA:32,6,1,1
BRF:14
BRH:12
end_of_record
TN:
SF:src/utils/logger.ts
FN:7,(anonymous_1)
FN:14,(anonymous_2)
FN:48,(anonymous_3)
FN:127,(anonymous_4)
FN:134,(anonymous_5)
FN:136,(anonymous_6)
FN:147,(anonymous_7)
FN:177,(anonymous_8)
FN:197,(anonymous_9)
FN:208,(anonymous_10)
FN:213,(anonymous_11)
FN:218,(anonymous_12)
FN:224,(anonymous_13)
FNF:13
FNH:12
FNDA:5,(anonymous_1)
FNDA:14,(anonymous_2)
FNDA:0,(anonymous_3)
FNDA:9,(anonymous_4)
FNDA:8,(anonymous_5)
FNDA:53,(anonymous_6)
FNDA:31,(anonymous_7)
FNDA:2,(anonymous_8)
FNDA:3,(anonymous_9)
FNDA:12,(anonymous_10)
FNDA:14,(anonymous_11)
FNDA:2,(anonymous_12)
FNDA:2,(anonymous_13)
DA:2,5
DA:3,5
DA:4,5
DA:5,5
DA:7,5
DA:8,5
DA:9,5
DA:10,5
DA:11,5
DA:14,5
DA:15,14
DA:16,14
DA:17,14
DA:18,0
DA:21,14
DA:22,14
DA:30,14
DA:32,14
DA:36,0
DA:40,5
DA:41,5
DA:42,0
DA:45,5
DA:48,5
DA:49,0
DA:50,0
DA:51,0
DA:53,0
DA:54,0
DA:56,0
DA:57,0
DA:59,0
DA:62,5
DA:90,5
DA:107,5
DA:111,0
DA:120,5
DA:127,5
DA:128,9
DA:131,9
DA:134,5
DA:135,8
DA:136,8
DA:137,53
DA:138,15
DA:139,0
DA:141,15
DA:143,53
DA:147,5
DA:152,31
DA:157,25
DA:159,6
DA:165,6
DA:167,6
DA:168,2
DA:169,4
DA:170,1
DA:173,3
DA:177,5
DA:182,2
DA:185,2
DA:196,5
DA:198,3
DA:202,3
DA:209,12
DA:210,12
DA:214,14
DA:215,14
DA:219,2
DA:220,2
DA:225,2
DA:226,2
DA:234,5
LF:73
LH:60
BRDA:7,0,0,5
BRDA:7,0,1,5
BRDA:16,1,0,14
BRDA:16,1,1,0
BRDA:17,2,0,0
BRDA:17,2,1,14
BRDA:30,3,0,14
BRDA:30,3,1,0
BRDA:36,4,0,0
BRDA:36,4,1,0
BRDA:41,5,0,0
BRDA:41,5,1,5
BRDA:50,6,0,0
BRDA:50,6,1,0
BRDA:53,7,0,0
BRDA:53,7,1,0
BRDA:56,8,0,0
BRDA:56,8,1,0
BRDA:107,9,0,0
BRDA:107,9,1,5
BRDA:108,10,0,5
BRDA:108,10,1,5
BRDA:108,10,2,5
BRDA:137,11,0,15
BRDA:137,11,1,38
BRDA:137,12,0,53
BRDA:137,12,1,15
BRDA:138,13,0,0
BRDA:138,13,1,15
BRDA:150,14,0,0
BRDA:152,15,0,25
BRDA:152,15,1,6
BRDA:153,16,0,31
BRDA:153,16,1,31
BRDA:153,16,2,9
BRDA:167,17,0,2
BRDA:167,17,1,4
BRDA:169,18,0,1
BRDA:169,18,1,3
BRDA:182,19,0,0
BRDA:182,19,1,2
BRDA:182,20,0,2
BRDA:182,20,1,2
BRDA:199,21,0,2
BRDA:199,21,1,1
BRDA:203,22,0,2
BRDA:203,22,1,1
BRF:47
BRH:31
end_of_record
TN:
SF:src/utils/pagination.ts
FN:25,(anonymous_0)
FN:39,(anonymous_1)
FNF:2
FNH:2
FNDA:16,(anonymous_0)
FNDA:9,(anonymous_1)
DA:25,4
DA:28,16
DA:29,16
DA:31,16
DA:32,16
DA:34,16
DA:36,16
DA:39,4
DA:45,9
DA:47,9
LF:10
LH:10
BRDA:29,0,0,7
BRDA:29,0,1,9
BRDA:32,1,0,7
BRDA:32,1,1,9
BRF:4
BRH:4
end_of_record
TN:
SF:src/utils/responseHelper.ts
FN:28,(anonymous_0)
FN:42,(anonymous_1)
FN:47,(anonymous_2)
FN:61,(anonymous_3)
FN:67,(anonymous_4)
FN:73,(anonymous_5)
FN:79,(anonymous_6)
FN:82,(anonymous_7)
FN:88,(anonymous_8)
FNF:9
FNH:7
FNDA:33,(anonymous_0)
FNDA:5,(anonymous_1)
FNDA:41,(anonymous_2)
FNDA:6,(anonymous_3)
FNDA:1,(anonymous_4)
FNDA:7,(anonymous_5)
FNDA:0,(anonymous_6)
FNDA:0,(anonymous_7)
FNDA:6,(anonymous_8)
DA:28,8
DA:35,33
DA:36,33
DA:37,33
DA:38,33
DA:42,8
DA:43,5
DA:47,8
DA:54,41
DA:55,41
DA:56,41
DA:57,41
DA:61,8
DA:65,6
DA:67,8
DA:71,1
DA:73,8
DA:77,7
DA:79,8
DA:80,0
DA:82,8
DA:86,0
DA:88,8
DA:93,6
LF:24
LH:22
BRDA:32,0,0,25
BRDA:36,1,0,8
BRDA:36,1,1,25
BRDA:37,2,0,3
BRDA:37,2,1,30
BRDA:50,3,0,0
BRDA:55,4,0,41
BRDA:55,4,1,0
BRDA:56,5,0,0
BRDA:56,5,1,41
BRDA:63,6,0,1
BRDA:64,7,0,6
BRDA:69,8,0,0
BRDA:70,9,0,0
BRDA:75,10,0,0
BRDA:76,11,0,7
BRDA:79,12,0,0
BRDA:84,13,0,0
BRDA:85,14,0,0
BRDA:91,15,0,6
BRF:20
BRH:11
end_of_record
TN:
SF:src/utils/sentry.ts
FN:4,initSentry
FN:12,(anonymous_10)
FN:37,(anonymous_11)
FNF:3
FNH:1
FNDA:0,initSentry
FNDA:0,(anonymous_10)
FNDA:3,(anonymous_11)
DA:1,6
DA:2,6
DA:4,6
DA:5,0
DA:6,0
DA:13,0
DA:14,0
DA:15,0
DA:17,0
DA:18,0
DA:19,0
DA:20,0
DA:21,0
DA:27,0
DA:32,0
DA:37,6
DA:38,3
DA:39,0
LF:18
LH:5
BRDA:5,0,0,0
BRDA:5,0,1,0
BRDA:9,1,0,0
BRDA:9,1,1,0
BRDA:10,2,0,0
BRDA:10,2,1,0
BRDA:11,3,0,0
BRDA:11,3,1,0
BRDA:13,4,0,0
BRDA:13,4,1,0
BRDA:17,5,0,0
BRDA:17,5,1,0
BRDA:20,6,0,0
BRDA:20,6,1,0
BRDA:20,7,0,0
BRDA:20,7,1,0
BRDA:38,8,0,0
BRDA:38,8,1,3
BRF:18
BRH:1
end_of_record
TN:
SF:src/utils/testsHelper.ts
FN:1,(anonymous_0)
FN:19,(anonymous_1)
FN:25,(anonymous_2)
FN:34,(anonymous_3)
FN:50,(anonymous_4)
FN:51,(anonymous_5)
FN:56,(anonymous_6)
FN:60,(anonymous_7)
FN:66,(anonymous_8)
FN:71,(anonymous_9)
FN:81,(anonymous_10)
FN:83,(anonymous_11)
FN:88,(anonymous_12)
FN:92,(anonymous_13)
FN:94,(anonymous_14)
FN:96,(anonymous_15)
FNF:16
FNH:13
FNDA:3,(anonymous_0)
FNDA:6,(anonymous_1)
FNDA:4,(anonymous_2)
FNDA:3,(anonymous_3)
FNDA:5,(anonymous_4)
FNDA:0,(anonymous_5)
FNDA:2,(anonymous_6)
FNDA:2,(anonymous_7)
FNDA:0,(anonymous_8)
FNDA:0,(anonymous_9)
FNDA:3,(anonymous_10)
FNDA:3,(anonymous_11)
FNDA:2,(anonymous_12)
FNDA:2,(anonymous_13)
FNDA:2,(anonymous_14)
FNDA:2,(anonymous_15)
DA:1,1
DA:10,3
DA:19,6
DA:22,1
DA:23,1
DA:25,1
DA:29,4
DA:30,0
DA:31,0
DA:34,1
DA:38,3
DA:40,3
DA:42,3
DA:43,2
DA:46,1
DA:47,1
DA:50,1
DA:51,5
DA:52,5
DA:53,0
DA:56,1
DA:57,2
DA:58,2
DA:60,2
DA:63,2
DA:66,1
DA:67,0
DA:68,0
DA:69,0
DA:71,0
DA:81,1
DA:82,3
DA:83,3
DA:85,0
DA:88,1
DA:92,2
DA:93,2
DA:94,2
DA:96,2
DA:97,2
DA:99,2
LF:41
LH:33
BRDA:14,0,0,3
BRDA:14,0,1,0
BRDA:15,1,0,3
BRDA:15,1,1,0
BRDA:29,2,0,4
BRDA:29,2,1,0
BRDA:29,3,0,4
BRDA:29,3,1,0
BRDA:31,4,0,0
BRDA:31,4,1,0
BRDA:40,5,0,1
BRDA:40,5,1,2
BRDA:42,6,0,2
BRDA:42,6,1,1
BRDA:51,7,0,0
BRDA:51,7,1,5
BRDA:52,8,0,5
BRDA:52,8,1,0
BRDA:53,9,0,0
BRDA:53,9,1,0
BRDA:57,10,0,0
BRDA:57,10,1,2
BRDA:67,11,0,0
BRDA:67,11,1,0
BRDA:82,12,0,3
BRDA:82,12,1,0
BRDA:90,13,0,0
BRDA:94,14,0,2
BRDA:94,14,1,1
BRF:29
BRH:14
end_of_record
TN:
SF:src/utils/timeout.ts
FN:2,(anonymous_0)
FN:8,(anonymous_1)
FN:9,(anonymous_2)
FN:10,(anonymous_3)
FN:15,(anonymous_4)
FN:19,(anonymous_5)
FNF:6
FNH:0
FNDA:0,(anonymous_0)
FNDA:0,(anonymous_1)
FNDA:0,(anonymous_2)
FNDA:0,(anonymous_3)
FNDA:0,(anonymous_4)
FNDA:0,(anonymous_5)
DA:1,1
DA:3,0
DA:4,0
DA:8,1
DA:9,0
DA:10,0
DA:11,0
DA:14,0
DA:16,0
DA:17,0
DA:20,0
DA:21,0
LF:12
LH:2
BRF:0
BRH:0
end_of_record
