TN:
SF:src\debug_prisma.ts
FNF:0
FNH:0
DA:1,0
DA:2,0
DA:3,0
DA:5,0
DA:10,0
DA:12,0
DA:13,0
DA:14,0
DA:16,0
DA:20,0
LF:10
LH:0
BRDA:18,0,0,0
BRDA:18,0,1,0
BRF:2
BRH:0
end_of_record
TN:
SF:src\config\database.ts
FN:47,(anonymous_1)
FN:65,(anonymous_2)
FN:119,(anonymous_3)
FN:124,(anonymous_4)
FN:127,(anonymous_5)
FN:144,(anonymous_6)
FN:153,(anonymous_7)
FN:162,(anonymous_8)
FN:165,(anonymous_9)
FN:216,(anonymous_10)
FN:253,(anonymous_11)
FN:265,(anonymous_12)
FN:268,(anonymous_13)
FN:269,(anonymous_14)
FN:275,(anonymous_15)
FN:282,(anonymous_16)
FN:309,(anonymous_17)
FN:319,(anonymous_18)
FNF:18
FNH:5
FNDA:2,(anonymous_1)
FNDA:2,(anonymous_2)
FNDA:2,(anonymous_3)
FNDA:2,(anonymous_4)
FNDA:0,(anonymous_5)
FNDA:0,(anonymous_6)
FNDA:0,(anonymous_7)
FNDA:2,(anonymous_8)
FNDA:0,(anonymous_9)
FNDA:0,(anonymous_10)
FNDA:0,(anonymous_11)
FNDA:0,(anonymous_12)
FNDA:0,(anonymous_13)
FNDA:0,(anonymous_14)
FNDA:0,(anonymous_15)
FNDA:0,(anonymous_16)
FNDA:0,(anonymous_17)
FNDA:0,(anonymous_18)
DA:1,2
DA:2,2
DA:26,2
DA:42,2
DA:47,2
DA:48,2
DA:49,0
DA:55,2
DA:65,2
DA:66,2
DA:67,2
DA:68,0
DA:71,2
DA:75,2
DA:76,2
DA:77,2
DA:79,2
DA:80,2
DA:83,2
DA:89,2
DA:113,2
DA:120,2
DA:121,2
DA:126,2
DA:127,2
DA:128,0
DA:129,0
DA:130,0
DA:136,0
DA:137,0
DA:138,0
DA:144,2
DA:145,0
DA:149,0
DA:153,2
DA:154,0
DA:159,2
DA:163,2
DA:165,2
DA:166,0
DA:167,0
DA:169,0
DA:171,0
DA:173,0
DA:175,0
DA:176,0
DA:178,0
DA:181,0
DA:184,0
DA:185,0
DA:186,0
DA:187,0
DA:190,0
DA:193,0
DA:196,0
DA:197,0
DA:199,0
DA:201,0
DA:202,0
DA:203,0
DA:205,0
DA:209,0
DA:227,0
DA:228,0
DA:229,0
DA:231,0
DA:234,0
DA:235,0
DA:238,0
DA:243,0
DA:247,0
DA:254,0
DA:256,0
DA:265,0
DA:269,0
DA:276,0
DA:283,0
DA:284,0
DA:285,0
DA:286,0
DA:291,0
DA:292,0
DA:301,2
DA:304,2
DA:305,2
DA:309,2
DA:310,0
DA:311,0
DA:319,2
DA:320,0
DA:321,0
DA:322,0
DA:325,2
LF:93
LH:34
BRDA:27,0,0,2
BRDA:27,0,1,0
BRDA:48,1,0,0
BRDA:48,1,1,2
BRDA:50,2,0,0
BRDA:50,2,1,0
BRDA:51,3,0,0
BRDA:51,3,1,0
BRDA:52,4,0,0
BRDA:52,4,1,0
BRDA:67,5,0,0
BRDA:67,5,1,2
BRDA:76,6,0,2
BRDA:76,6,1,0
BRDA:79,7,0,2
BRDA:79,7,1,0
BRDA:91,8,0,0
BRDA:91,8,1,2
BRDA:126,9,0,2
BRDA:126,9,1,0
BRDA:129,10,0,0
BRDA:129,10,1,0
BRDA:137,11,0,0
BRDA:137,11,1,0
BRDA:166,12,0,0
BRDA:166,12,1,0
BRDA:166,13,0,0
BRDA:166,13,1,0
BRDA:167,14,0,0
BRDA:167,14,1,0
BRDA:167,15,0,0
BRDA:167,15,1,0
BRDA:173,16,0,0
BRDA:173,16,1,0
BRDA:175,17,0,0
BRDA:175,17,1,0
BRDA:176,18,0,0
BRDA:176,18,1,0
BRDA:184,19,0,0
BRDA:184,19,1,0
BRDA:185,20,0,0
BRDA:185,20,1,0
BRDA:186,21,0,0
BRDA:186,21,1,0
BRDA:193,22,0,0
BRDA:193,22,1,0
BRDA:199,23,0,0
BRDA:199,23,1,0
BRDA:202,24,0,0
BRDA:202,24,1,0
BRDA:223,25,0,0
BRDA:234,26,0,0
BRDA:234,26,1,0
BRDA:254,27,0,0
BRDA:254,27,1,0
BRDA:301,28,0,2
BRDA:301,28,1,2
BRDA:304,29,0,2
BRDA:304,29,1,0
BRF:59
BRH:10
end_of_record
TN:
SF:src\config\index.ts
FN:1,(anonymous_5)
FNF:1
FNH:0
FNDA:0,(anonymous_5)
DA:1,2
DA:2,2
LF:2
LH:2
BRF:0
BRH:0
end_of_record
TN:
SF:src\config\security.ts
FN:31,(anonymous_1)
FN:52,(anonymous_2)
FN:74,(anonymous_3)
FN:111,(anonymous_4)
FN:124,(anonymous_5)
FN:204,(anonymous_6)
FN:255,(anonymous_7)
FN:303,(anonymous_8)
FN:316,(anonymous_9)
FN:329,(anonymous_10)
FNF:10
FNH:6
FNDA:0,(anonymous_1)
FNDA:0,(anonymous_2)
FNDA:0,(anonymous_3)
FNDA:3,(anonymous_4)
FNDA:12,(anonymous_5)
FNDA:6,(anonymous_6)
FNDA:6,(anonymous_7)
FNDA:60,(anonymous_8)
FNDA:4,(anonymous_9)
FNDA:0,(anonymous_10)
DA:1,3
DA:19,3
DA:32,0
DA:42,3
DA:53,0
DA:62,3
DA:75,0
DA:84,3
DA:97,3
DA:111,3
DA:112,3
DA:113,3
DA:116,3
DA:117,3
DA:118,0
DA:122,3
DA:124,12
DA:126,3
DA:129,3
DA:148,3
DA:204,3
DA:205,6
DA:206,6
DA:207,0
DA:209,6
DA:212,3
DA:229,3
DA:236,3
DA:247,3
DA:255,3
DA:258,6
DA:260,6
DA:261,2
DA:264,6
DA:265,0
DA:268,6
DA:269,2
DA:272,6
DA:273,2
DA:276,6
DA:277,0
DA:280,6
DA:284,6
DA:285,6
DA:286,2
DA:290,6
DA:303,60
DA:304,0
DA:307,6
DA:316,3
DA:317,4
DA:329,3
DA:330,0
LF:53
LH:44
BRDA:20,0,0,3
BRDA:20,0,1,3
BRDA:21,1,0,3
BRDA:21,1,1,3
BRDA:43,2,0,3
BRDA:43,2,1,1
BRDA:44,3,0,3
BRDA:44,3,1,1
BRDA:57,4,0,0
BRDA:57,4,1,0
BRDA:63,5,0,3
BRDA:63,5,1,1
BRDA:64,6,0,3
BRDA:64,6,1,1
BRDA:85,7,0,3
BRDA:85,7,1,1
BRDA:86,8,0,3
BRDA:86,8,1,1
BRDA:98,9,0,3
BRDA:98,9,1,3
BRDA:99,10,0,3
BRDA:99,10,1,3
BRDA:113,11,0,3
BRDA:113,11,1,0
BRDA:116,12,0,3
BRDA:116,12,1,1
BRDA:117,13,0,0
BRDA:117,13,1,3
BRDA:126,14,0,0
BRDA:126,14,1,3
BRDA:156,15,0,0
BRDA:156,15,1,3
BRDA:167,16,0,0
BRDA:167,16,1,3
BRDA:175,17,0,0
BRDA:175,17,1,3
BRDA:206,18,0,0
BRDA:206,18,1,6
BRDA:206,19,0,6
BRDA:206,19,1,6
BRDA:221,20,0,3
BRDA:221,20,1,3
BRDA:222,21,0,3
BRDA:222,21,1,3
BRDA:230,22,0,3
BRDA:230,22,1,1
BRDA:248,23,0,3
BRDA:248,23,1,3
BRDA:260,24,0,2
BRDA:260,24,1,4
BRDA:264,25,0,0
BRDA:264,25,1,6
BRDA:268,26,0,2
BRDA:268,26,1,4
BRDA:268,27,0,6
BRDA:268,27,1,6
BRDA:272,28,0,2
BRDA:272,28,1,4
BRDA:272,29,0,6
BRDA:272,29,1,6
BRDA:276,30,0,0
BRDA:276,30,1,6
BRDA:276,31,0,6
BRDA:276,31,1,6
BRDA:285,32,0,2
BRDA:285,32,1,4
BRDA:285,33,0,6
BRDA:285,33,1,6
BRDA:303,34,0,0
BRDA:303,34,1,6
BRDA:329,35,0,0
BRF:71
BRH:58
end_of_record
TN:
SF:src\config\swagger.ts
FNF:0
FNH:0
DA:1,0
DA:2,0
DA:4,0
DA:46,0
LF:4
LH:0
BRF:0
BRH:0
end_of_record
TN:
SF:src\constants\xp.ts
FNF:0
FNH:0
DA:1,1
LF:1
LH:1
BRF:0
BRH:0
end_of_record
TN:
SF:src\controllers\abTestingController.ts
FN:8,(anonymous_1)
FN:24,(anonymous_2)
FN:46,(anonymous_3)
FNF:3
FNH:0
FNDA:0,(anonymous_1)
FNDA:0,(anonymous_2)
FNDA:0,(anonymous_3)
DA:2,0
DA:3,0
DA:4,0
DA:6,0
DA:8,0
DA:9,0
DA:10,0
DA:11,0
DA:12,0
DA:13,0
DA:16,0
DA:17,0
DA:19,0
DA:20,0
DA:24,0
DA:25,0
DA:26,0
DA:27,0
DA:28,0
DA:29,0
DA:32,0
DA:33,0
DA:34,0
DA:35,0
DA:38,0
DA:39,0
DA:41,0
DA:42,0
DA:46,0
DA:47,0
DA:48,0
DA:49,0
DA:50,0
DA:51,0
DA:54,0
DA:55,0
DA:57,0
DA:58,0
LF:38
LH:0
BRDA:11,0,0,0
BRDA:11,0,1,0
BRDA:27,1,0,0
BRDA:27,1,1,0
BRDA:33,2,0,0
BRDA:33,2,1,0
BRDA:33,3,0,0
BRDA:33,3,1,0
BRDA:49,4,0,0
BRDA:49,4,1,0
BRF:10
BRH:0
end_of_record
TN:
SF:src\controllers\adminAnalyticsDauController.ts
FN:11,(anonymous_0)
FN:46,(anonymous_1)
FN:54,(anonymous_2)
FN:55,(anonymous_3)
FNF:4
FNH:0
FNDA:0,(anonymous_0)
FNDA:0,(anonymous_1)
FNDA:0,(anonymous_2)
FNDA:0,(anonymous_3)
DA:2,0
DA:3,0
DA:4,0
DA:6,0
DA:11,0
DA:12,0
DA:13,0
DA:14,0
DA:15,0
DA:18,0
DA:19,0
DA:20,0
DA:27,0
DA:37,0
DA:40,0
DA:41,0
DA:42,0
DA:43,0
DA:46,0
DA:47,0
DA:48,0
DA:49,0
DA:53,0
DA:54,0
DA:55,0
DA:57,0
DA:59,0
DA:63,0
LF:28
LH:0
BRDA:13,0,0,0
BRDA:13,0,1,0
BRDA:18,1,0,0
BRDA:18,1,1,0
BRDA:48,2,0,0
BRDA:48,2,1,0
BRDA:49,3,0,0
BRDA:49,3,1,0
BRDA:61,4,0,0
BRDA:61,4,1,0
BRF:10
BRH:0
end_of_record
TN:
SF:src\controllers\adminAuthController.ts
FN:20,(anonymous_1)
FN:22,(anonymous_2)
FN:33,(anonymous_3)
FN:141,(anonymous_4)
FN:199,(anonymous_5)
FNF:5
FNH:0
FNDA:0,(anonymous_1)
FNDA:0,(anonymous_2)
FNDA:0,(anonymous_3)
FNDA:0,(anonymous_4)
FNDA:0,(anonymous_5)
DA:2,0
DA:3,0
DA:4,0
DA:5,0
DA:6,0
DA:8,0
DA:9,0
DA:20,0
DA:22,0
DA:23,0
DA:24,0
DA:33,0
DA:34,0
DA:35,0
DA:37,0
DA:38,0
DA:39,0
DA:42,0
DA:44,0
DA:59,0
DA:60,0
DA:61,0
DA:62,0
DA:65,0
DA:66,0
DA:67,0
DA:73,0
DA:76,0
DA:77,0
DA:78,0
DA:79,0
DA:80,0
DA:82,0
DA:91,0
DA:95,0
DA:96,0
DA:99,0
DA:110,0
DA:111,0
DA:112,0
DA:116,0
DA:119,0
DA:120,0
DA:121,0
DA:123,0
DA:125,0
DA:136,0
DA:137,0
DA:141,0
DA:142,0
DA:143,0
DA:145,0
DA:146,0
DA:147,0
DA:150,0
DA:162,0
DA:163,0
DA:164,0
DA:167,0
DA:168,0
DA:169,0
DA:170,0
DA:171,0
DA:174,0
DA:175,0
DA:176,0
DA:178,0
DA:180,0
DA:191,0
DA:195,0
DA:199,0
DA:200,0
DA:201,0
DA:208,0
DA:209,0
DA:210,0
DA:213,0
DA:214,0
DA:215,0
DA:216,0
DA:217,0
DA:219,0
DA:220,0
DA:221,0
DA:222,0
DA:225,0
DA:229,0
DA:230,0
DA:231,0
DA:234,0
DA:235,0
DA:236,0
DA:239,0
DA:241,0
DA:262,0
DA:264,0
DA:265,0
DA:266,0
DA:268,0
DA:283,0
DA:287,0
LF:101
LH:0
BRDA:37,0,0,0
BRDA:37,0,1,0
BRDA:37,1,0,0
BRDA:37,1,1,0
BRDA:59,2,0,0
BRDA:59,2,1,0
BRDA:59,3,0,0
BRDA:59,3,1,0
BRDA:59,3,2,0
BRDA:59,3,3,0
BRDA:65,4,0,0
BRDA:65,4,1,0
BRDA:65,5,0,0
BRDA:65,5,1,0
BRDA:77,6,0,0
BRDA:77,6,1,0
BRDA:87,7,0,0
BRDA:87,7,1,0
BRDA:110,8,0,0
BRDA:110,8,1,0
BRDA:131,9,0,0
BRDA:131,9,1,0
BRDA:136,10,0,0
BRDA:136,10,1,0
BRDA:145,11,0,0
BRDA:145,11,1,0
BRDA:145,12,0,0
BRDA:145,12,1,0
BRDA:162,13,0,0
BRDA:162,13,1,0
BRDA:162,14,0,0
BRDA:162,14,1,0
BRDA:162,14,2,0
BRDA:162,14,3,0
BRDA:168,15,0,0
BRDA:168,15,1,0
BRDA:186,16,0,0
BRDA:186,16,1,0
BRDA:193,17,0,0
BRDA:193,17,1,0
BRDA:208,18,0,0
BRDA:208,18,1,0
BRDA:208,19,0,0
BRDA:208,19,1,0
BRDA:208,19,2,0
BRDA:208,19,3,0
BRDA:214,20,0,0
BRDA:214,20,1,0
BRDA:219,21,0,0
BRDA:219,21,1,0
BRDA:229,22,0,0
BRDA:229,22,1,0
BRDA:234,23,0,0
BRDA:234,23,1,0
BRDA:285,24,0,0
BRDA:285,24,1,0
BRF:56
BRH:0
end_of_record
TN:
SF:src\controllers\adminController.ts
FN:22,(anonymous_1)
FN:90,(anonymous_2)
FN:149,(anonymous_3)
FN:193,(anonymous_4)
FN:266,(anonymous_5)
FN:296,(anonymous_6)
FN:311,(anonymous_7)
FN:329,(anonymous_8)
FN:411,(anonymous_9)
FN:467,(anonymous_10)
FN:519,(anonymous_11)
FN:550,(anonymous_12)
FN:579,(anonymous_13)
FN:613,(anonymous_14)
FN:637,(anonymous_15)
FN:658,(anonymous_16)
FN:664,(anonymous_17)
FN:665,(anonymous_18)
FN:668,(anonymous_19)
FN:683,(anonymous_20)
FN:708,(anonymous_21)
FN:716,(anonymous_22)
FN:717,(anonymous_23)
FN:732,(anonymous_24)
FN:756,(anonymous_25)
FN:761,(anonymous_26)
FNF:26
FNH:5
FNDA:2,(anonymous_1)
FNDA:2,(anonymous_2)
FNDA:3,(anonymous_3)
FNDA:4,(anonymous_4)
FNDA:2,(anonymous_5)
FNDA:0,(anonymous_6)
FNDA:0,(anonymous_7)
FNDA:0,(anonymous_8)
FNDA:0,(anonymous_9)
FNDA:0,(anonymous_10)
FNDA:0,(anonymous_11)
FNDA:0,(anonymous_12)
FNDA:0,(anonymous_13)
FNDA:0,(anonymous_14)
FNDA:0,(anonymous_15)
FNDA:0,(anonymous_16)
FNDA:0,(anonymous_17)
FNDA:0,(anonymous_18)
FNDA:0,(anonymous_19)
FNDA:0,(anonymous_20)
FNDA:0,(anonymous_21)
FNDA:0,(anonymous_22)
FNDA:0,(anonymous_23)
FNDA:0,(anonymous_24)
FNDA:0,(anonymous_25)
FNDA:0,(anonymous_26)
DA:3,1
DA:4,1
DA:5,1
DA:6,1
DA:7,1
DA:8,1
DA:9,1
DA:22,1
DA:23,2
DA:25,2
DA:27,2
DA:30,2
DA:31,2
DA:32,2
DA:42,2
DA:63,1
DA:76,1
DA:83,1
DA:90,1
DA:91,2
DA:93,2
DA:94,2
DA:95,2
DA:97,2
DA:102,2
DA:103,2
DA:104,1
DA:110,2
DA:131,2
DA:141,0
DA:142,0
DA:149,1
DA:150,3
DA:151,3
DA:152,3
DA:154,3
DA:155,3
DA:156,3
DA:157,1
DA:158,1
DA:161,2
DA:173,1
DA:175,1
DA:177,1
DA:186,1
DA:193,1
DA:194,4
DA:195,4
DA:197,4
DA:199,4
DA:200,1
DA:201,1
DA:205,3
DA:209,3
DA:210,1
DA:211,1
DA:213,2
DA:217,0
DA:218,0
DA:222,2
DA:247,1
DA:249,1
DA:251,1
DA:259,1
DA:266,1
DA:267,2
DA:269,2
DA:271,2
DA:274,2
DA:276,1
DA:282,1
DA:289,1
DA:296,1
DA:297,0
DA:298,0
DA:299,0
DA:300,0
DA:301,0
DA:303,0
DA:304,0
DA:311,1
DA:312,0
DA:313,0
DA:314,0
DA:315,0
DA:316,0
DA:317,0
DA:319,0
DA:320,0
DA:329,1
DA:330,0
DA:332,0
DA:333,0
DA:334,0
DA:335,0
DA:336,0
DA:338,0
DA:340,0
DA:341,0
DA:343,0
DA:344,0
DA:346,0
DA:347,0
DA:349,0
DA:350,0
DA:354,0
DA:355,0
DA:358,0
DA:359,0
DA:365,0
DA:392,0
DA:399,0
DA:404,0
DA:411,1
DA:412,0
DA:414,0
DA:415,0
DA:417,0
DA:418,0
DA:419,0
DA:422,0
DA:451,0
DA:453,0
DA:455,0
DA:460,0
DA:467,1
DA:468,0
DA:469,0
DA:471,0
DA:472,0
DA:474,0
DA:475,0
DA:476,0
DA:477,0
DA:480,0
DA:503,0
DA:505,0
DA:507,0
DA:512,0
DA:519,1
DA:520,0
DA:521,0
DA:523,0
DA:524,0
DA:525,0
DA:526,0
DA:527,0
DA:530,0
DA:532,0
DA:534,0
DA:536,0
DA:541,0
DA:550,1
DA:551,0
DA:553,0
DA:554,0
DA:556,0
DA:557,0
DA:559,0
DA:561,0
DA:566,0
DA:571,0
DA:579,1
DA:580,0
DA:582,0
DA:583,0
DA:585,0
DA:596,0
DA:598,0
DA:600,0
DA:605,0
DA:613,1
DA:614,0
DA:616,0
DA:617,0
DA:619,0
DA:621,0
DA:623,0
DA:625,0
DA:630,0
DA:637,1
DA:638,0
DA:639,0
DA:640,0
DA:641,0
DA:643,0
DA:649,0
DA:650,0
DA:652,0
DA:657,0
DA:658,0
DA:659,0
DA:660,0
DA:663,0
DA:664,0
DA:665,0
DA:667,0
DA:668,0
DA:672,0
DA:676,0
DA:683,1
DA:684,0
DA:685,0
DA:686,0
DA:687,0
DA:690,0
DA:691,0
DA:692,0
DA:694,0
DA:699,0
DA:702,0
DA:703,0
DA:704,0
DA:705,0
DA:708,0
DA:709,0
DA:710,0
DA:711,0
DA:715,0
DA:716,0
DA:717,0
DA:719,0
DA:721,0
DA:725,0
DA:732,1
DA:733,0
DA:734,0
DA:735,0
DA:736,0
DA:738,0
DA:749,0
DA:755,0
DA:756,0
DA:761,0
DA:767,0
DA:771,0
LF:236
LH:80
BRDA:23,0,0,2
BRDA:23,0,1,0
BRDA:78,1,0,1
BRDA:78,1,1,0
BRDA:91,2,0,2
BRDA:91,2,1,0
BRDA:99,3,0,1
BRDA:99,3,1,1
BRDA:103,4,0,1
BRDA:103,4,1,1
BRDA:141,5,0,0
BRDA:141,5,1,0
BRDA:152,6,0,3
BRDA:152,6,1,0
BRDA:156,7,0,1
BRDA:156,7,1,2
BRDA:179,8,0,1
BRDA:179,8,1,0
BRDA:195,9,0,4
BRDA:195,9,1,0
BRDA:199,10,0,1
BRDA:199,10,1,3
BRDA:209,11,0,1
BRDA:209,11,1,2
BRDA:213,12,0,0
BRDA:213,12,1,2
BRDA:214,13,0,2
BRDA:214,13,1,2
BRDA:214,13,2,0
BRDA:253,14,0,1
BRDA:253,14,1,0
BRDA:267,15,0,2
BRDA:267,15,1,0
BRDA:284,16,0,1
BRDA:284,16,1,0
BRDA:297,17,0,0
BRDA:297,17,1,0
BRDA:312,18,0,0
BRDA:312,18,1,0
BRDA:330,19,0,0
BRDA:330,19,1,0
BRDA:333,20,0,0
BRDA:333,21,0,0
BRDA:340,22,0,0
BRDA:340,22,1,0
BRDA:340,23,0,0
BRDA:340,23,1,0
BRDA:341,24,0,0
BRDA:341,24,1,0
BRDA:341,24,2,0
BRDA:354,25,0,0
BRDA:354,25,1,0
BRDA:354,26,0,0
BRDA:354,26,1,0
BRDA:358,27,0,0
BRDA:358,27,1,0
BRDA:358,28,0,0
BRDA:358,28,1,0
BRDA:401,29,0,0
BRDA:401,29,1,0
BRDA:412,30,0,0
BRDA:412,30,1,0
BRDA:417,31,0,0
BRDA:417,31,1,0
BRDA:417,32,0,0
BRDA:417,32,1,0
BRDA:417,32,2,0
BRDA:433,33,0,0
BRDA:433,33,1,0
BRDA:457,34,0,0
BRDA:457,34,1,0
BRDA:468,35,0,0
BRDA:468,35,1,0
BRDA:475,36,0,0
BRDA:475,36,1,0
BRDA:483,37,0,0
BRDA:483,37,1,0
BRDA:484,38,0,0
BRDA:484,38,1,0
BRDA:486,39,0,0
BRDA:486,39,1,0
BRDA:487,40,0,0
BRDA:487,40,1,0
BRDA:488,41,0,0
BRDA:488,41,1,0
BRDA:489,42,0,0
BRDA:489,42,1,0
BRDA:490,43,0,0
BRDA:490,43,1,0
BRDA:509,44,0,0
BRDA:509,44,1,0
BRDA:520,45,0,0
BRDA:520,45,1,0
BRDA:525,46,0,0
BRDA:525,46,1,0
BRDA:538,47,0,0
BRDA:538,47,1,0
BRDA:551,48,0,0
BRDA:551,48,1,0
BRDA:554,49,0,0
BRDA:554,49,1,0
BRDA:568,50,0,0
BRDA:568,50,1,0
BRDA:580,51,0,0
BRDA:580,51,1,0
BRDA:586,52,0,0
BRDA:586,52,1,0
BRDA:587,53,0,0
BRDA:587,53,1,0
BRDA:592,54,0,0
BRDA:592,54,1,0
BRDA:593,55,0,0
BRDA:593,55,1,0
BRDA:602,56,0,0
BRDA:602,56,1,0
BRDA:614,57,0,0
BRDA:614,57,1,0
BRDA:617,58,0,0
BRDA:617,58,1,0
BRDA:627,59,0,0
BRDA:627,59,1,0
BRDA:639,60,0,0
BRDA:639,60,1,0
BRDA:660,61,0,0
BRDA:660,61,1,0
BRDA:674,62,0,0
BRDA:674,62,1,0
BRDA:685,63,0,0
BRDA:685,63,1,0
BRDA:690,64,0,0
BRDA:690,64,1,0
BRDA:710,65,0,0
BRDA:710,65,1,0
BRDA:723,66,0,0
BRDA:723,66,1,0
BRDA:734,67,0,0
BRDA:734,67,1,0
BRDA:762,68,0,0
BRDA:762,68,1,0
BRDA:769,69,0,0
BRDA:769,69,1,0
BRF:141
BRH:22
end_of_record
TN:
SF:src\controllers\advancedAnalyticsController.ts
FN:12,requireAdmin
FN:25,parseDaysParam
FN:33,parseLimitParam
FN:41,getDailyActiveUsers
FN:63,getEnrollmentTrend
FN:78,getCohortRetention
FN:102,getLearningPatterns
FN:116,getCourseCompletionFunnel
FN:135,getTopCourses
FN:150,getUserVelocity
FNF:10
FNH:0
FNDA:0,requireAdmin
FNDA:0,parseDaysParam
FNDA:0,parseLimitParam
FNDA:0,getDailyActiveUsers
FNDA:0,getEnrollmentTrend
FNDA:0,getCohortRetention
FNDA:0,getLearningPatterns
FNDA:0,getCourseCompletionFunnel
FNDA:0,getTopCourses
FNDA:0,getUserVelocity
DA:2,0
DA:3,0
DA:9,0
DA:10,0
DA:13,0
DA:14,0
DA:15,0
DA:17,0
DA:18,0
DA:19,0
DA:20,0
DA:22,0
DA:26,0
DA:27,0
DA:28,0
DA:29,0
DA:30,0
DA:34,0
DA:35,0
DA:36,0
DA:37,0
DA:38,0
DA:41,0
DA:42,0
DA:43,0
DA:44,0
DA:45,0
DA:46,0
DA:47,0
DA:48,0
DA:49,0
DA:51,0
DA:52,0
DA:53,0
DA:55,0
DA:59,0
DA:63,0
DA:64,0
DA:65,0
DA:66,0
DA:67,0
DA:68,0
DA:70,0
DA:74,0
DA:78,0
DA:79,0
DA:80,0
DA:81,0
DA:83,0
DA:84,0
DA:85,0
DA:86,0
DA:87,0
DA:88,0
DA:90,0
DA:91,0
DA:92,0
DA:94,0
DA:98,0
DA:102,0
DA:103,0
DA:104,0
DA:105,0
DA:106,0
DA:108,0
DA:112,0
DA:116,0
DA:117,0
DA:118,0
DA:119,0
DA:120,0
DA:121,0
DA:122,0
DA:124,0
DA:125,0
DA:127,0
DA:131,0
DA:135,0
DA:136,0
DA:137,0
DA:138,0
DA:139,0
DA:140,0
DA:142,0
DA:146,0
DA:150,0
DA:151,0
DA:152,0
DA:153,0
DA:154,0
DA:156,0
DA:157,0
DA:158,0
DA:159,0
DA:161,0
DA:165,0
LF:96
LH:0
BRDA:13,0,0,0
BRDA:13,0,1,0
BRDA:18,1,0,0
BRDA:18,1,1,0
BRDA:18,2,0,0
BRDA:18,2,1,0
BRDA:18,2,2,0
BRDA:27,3,0,0
BRDA:27,3,1,0
BRDA:29,4,0,0
BRDA:29,4,1,0
BRDA:29,5,0,0
BRDA:29,5,1,0
BRDA:35,6,0,0
BRDA:35,6,1,0
BRDA:37,7,0,0
BRDA:37,7,1,0
BRDA:37,8,0,0
BRDA:37,8,1,0
BRDA:43,9,0,0
BRDA:43,9,1,0
BRDA:47,10,0,0
BRDA:47,10,1,0
BRDA:57,11,0,0
BRDA:57,11,1,0
BRDA:65,12,0,0
BRDA:65,12,1,0
BRDA:72,13,0,0
BRDA:72,13,1,0
BRDA:80,14,0,0
BRDA:80,14,1,0
BRDA:83,15,0,0
BRDA:83,15,1,0
BRDA:83,16,0,0
BRDA:83,16,1,0
BRDA:86,17,0,0
BRDA:86,17,1,0
BRDA:96,18,0,0
BRDA:96,18,1,0
BRDA:104,19,0,0
BRDA:104,19,1,0
BRDA:110,20,0,0
BRDA:110,20,1,0
BRDA:118,21,0,0
BRDA:118,21,1,0
BRDA:120,22,0,0
BRDA:120,22,1,0
BRDA:120,23,0,0
BRDA:120,23,1,0
BRDA:129,24,0,0
BRDA:129,24,1,0
BRDA:137,25,0,0
BRDA:137,25,1,0
BRDA:144,26,0,0
BRDA:144,26,1,0
BRDA:152,27,0,0
BRDA:152,27,1,0
BRDA:163,28,0,0
BRDA:163,28,1,0
BRF:59
BRH:0
end_of_record
TN:
SF:src\controllers\aiController.ts
FN:17,(anonymous_1)
FN:39,(anonymous_2)
FN:75,(anonymous_3)
FN:132,(anonymous_4)
FN:183,(anonymous_5)
FN:211,(anonymous_6)
FN:234,(anonymous_7)
FN:273,(anonymous_8)
FN:309,(anonymous_9)
FN:331,(anonymous_10)
FN:359,(anonymous_11)
FN:385,(anonymous_12)
FNF:12
FNH:0
FNDA:0,(anonymous_1)
FNDA:0,(anonymous_2)
FNDA:0,(anonymous_3)
FNDA:0,(anonymous_4)
FNDA:0,(anonymous_5)
FNDA:0,(anonymous_6)
FNDA:0,(anonymous_7)
FNDA:0,(anonymous_8)
FNDA:0,(anonymous_9)
FNDA:0,(anonymous_10)
FNDA:0,(anonymous_11)
FNDA:0,(anonymous_12)
DA:2,0
DA:3,0
DA:4,0
DA:5,0
DA:17,0
DA:18,0
DA:19,0
DA:20,0
DA:21,0
DA:22,0
DA:25,0
DA:26,0
DA:28,0
DA:32,0
DA:39,0
DA:40,0
DA:41,0
DA:42,0
DA:43,0
DA:44,0
DA:47,0
DA:49,0
DA:50,0
DA:51,0
DA:54,0
DA:55,0
DA:62,0
DA:64,0
DA:68,0
DA:75,0
DA:76,0
DA:77,0
DA:78,0
DA:79,0
DA:80,0
DA:83,0
DA:85,0
DA:86,0
DA:87,0
DA:90,0
DA:92,0
DA:98,0
DA:105,0
DA:107,0
DA:109,0
DA:113,0
DA:114,0
DA:116,0
DA:120,0
DA:121,0
DA:123,0
DA:124,0
DA:132,0
DA:133,0
DA:134,0
DA:135,0
DA:136,0
DA:137,0
DA:147,0
DA:149,0
DA:150,0
DA:151,0
DA:154,0
DA:155,0
DA:156,0
DA:160,0
DA:170,0
DA:172,0
DA:176,0
DA:183,0
DA:184,0
DA:185,0
DA:186,0
DA:187,0
DA:188,0
DA:191,0
DA:193,0
DA:198,0
DA:200,0
DA:204,0
DA:211,0
DA:212,0
DA:213,0
DA:214,0
DA:215,0
DA:216,0
DA:219,0
DA:221,0
DA:223,0
DA:227,0
DA:234,0
DA:235,0
DA:236,0
DA:237,0
DA:238,0
DA:239,0
DA:242,0
DA:244,0
DA:245,0
DA:246,0
DA:249,0
DA:250,0
DA:251,0
DA:253,0
DA:260,0
DA:262,0
DA:266,0
DA:273,0
DA:274,0
DA:275,0
DA:276,0
DA:277,0
DA:278,0
DA:281,0
DA:283,0
DA:284,0
DA:285,0
DA:288,0
DA:290,0
DA:296,0
DA:298,0
DA:302,0
DA:309,0
DA:310,0
DA:311,0
DA:312,0
DA:313,0
DA:314,0
DA:317,0
DA:318,0
DA:320,0
DA:324,0
DA:331,0
DA:332,0
DA:333,0
DA:334,0
DA:335,0
DA:336,0
DA:339,0
DA:340,0
DA:341,0
DA:342,0
DA:345,0
DA:346,0
DA:348,0
DA:352,0
DA:359,0
DA:360,0
DA:361,0
DA:362,0
DA:363,0
DA:364,0
DA:367,0
DA:368,0
DA:372,0
DA:374,0
DA:378,0
DA:385,0
DA:386,0
DA:387,0
DA:388,0
DA:389,0
DA:390,0
DA:393,0
DA:394,0
DA:395,0
DA:396,0
DA:399,0
DA:400,0
DA:402,0
DA:406,0
LF:171
LH:0
BRDA:20,0,0,0
BRDA:20,0,1,0
BRDA:30,1,0,0
BRDA:30,1,1,0
BRDA:42,2,0,0
BRDA:42,2,1,0
BRDA:49,3,0,0
BRDA:49,3,1,0
BRDA:49,4,0,0
BRDA:49,4,1,0
BRDA:49,4,2,0
BRDA:66,5,0,0
BRDA:66,5,1,0
BRDA:78,6,0,0
BRDA:78,6,1,0
BRDA:85,7,0,0
BRDA:85,7,1,0
BRDA:85,8,0,0
BRDA:85,8,1,0
BRDA:85,8,2,0
BRDA:109,9,0,0
BRDA:109,9,1,0
BRDA:118,10,0,0
BRDA:118,10,1,0
BRDA:120,11,0,0
BRDA:120,11,1,0
BRDA:135,12,0,0
BRDA:135,12,1,0
BRDA:142,13,0,0
BRDA:143,14,0,0
BRDA:144,15,0,0
BRDA:149,16,0,0
BRDA:149,16,1,0
BRDA:149,17,0,0
BRDA:149,17,1,0
BRDA:149,17,2,0
BRDA:154,18,0,0
BRDA:154,18,1,0
BRDA:156,19,0,0
BRDA:156,19,1,0
BRDA:164,20,0,0
BRDA:164,20,1,0
BRDA:174,21,0,0
BRDA:174,21,1,0
BRDA:176,22,0,0
BRDA:176,22,1,0
BRDA:186,23,0,0
BRDA:186,23,1,0
BRDA:191,24,0,0
BRDA:195,25,0,0
BRDA:195,25,1,0
BRDA:202,26,0,0
BRDA:202,26,1,0
BRDA:214,27,0,0
BRDA:214,27,1,0
BRDA:225,28,0,0
BRDA:225,28,1,0
BRDA:237,29,0,0
BRDA:237,29,1,0
BRDA:244,30,0,0
BRDA:244,30,1,0
BRDA:244,31,0,0
BRDA:244,31,1,0
BRDA:244,31,2,0
BRDA:264,32,0,0
BRDA:264,32,1,0
BRDA:276,33,0,0
BRDA:276,33,1,0
BRDA:281,34,0,0
BRDA:281,35,0,0
BRDA:283,36,0,0
BRDA:283,36,1,0
BRDA:283,37,0,0
BRDA:283,37,1,0
BRDA:283,37,2,0
BRDA:300,38,0,0
BRDA:300,38,1,0
BRDA:312,39,0,0
BRDA:312,39,1,0
BRDA:322,40,0,0
BRDA:322,40,1,0
BRDA:334,41,0,0
BRDA:334,41,1,0
BRDA:340,42,0,0
BRDA:340,42,1,0
BRDA:350,43,0,0
BRDA:350,43,1,0
BRDA:352,44,0,0
BRDA:352,44,1,0
BRDA:362,45,0,0
BRDA:362,45,1,0
BRDA:370,46,0,0
BRDA:370,46,1,0
BRDA:376,47,0,0
BRDA:376,47,1,0
BRDA:388,48,0,0
BRDA:388,48,1,0
BRDA:394,49,0,0
BRDA:394,49,1,0
BRDA:404,50,0,0
BRDA:404,50,1,0
BRDA:406,51,0,0
BRDA:406,51,1,0
BRF:103
BRH:0
end_of_record
TN:
SF:src\controllers\analyticsController.ts
FN:13,(anonymous_1)
FN:18,(anonymous_2)
FN:24,(anonymous_3)
FN:63,(anonymous_4)
FN:69,(anonymous_5)
FN:70,(anonymous_6)
FN:77,(anonymous_7)
FN:98,(anonymous_8)
FN:190,(anonymous_9)
FN:216,(anonymous_10)
FNF:10
FNH:8
FNDA:1,(anonymous_1)
FNDA:7,(anonymous_2)
FNDA:2,(anonymous_3)
FNDA:2,(anonymous_4)
FNDA:2,(anonymous_5)
FNDA:2,(anonymous_6)
FNDA:1,(anonymous_7)
FNDA:2,(anonymous_8)
FNDA:0,(anonymous_9)
FNDA:0,(anonymous_10)
DA:2,1
DA:3,1
DA:4,1
DA:5,1
DA:6,1
DA:13,1
DA:14,1
DA:15,1
DA:18,7
DA:24,1
DA:25,2
DA:26,2
DA:27,2
DA:28,0
DA:29,0
DA:32,2
DA:57,2
DA:58,1
DA:59,1
DA:62,1
DA:63,2
DA:67,1
DA:69,2
DA:70,2
DA:77,1
DA:85,0
DA:90,0
DA:98,1
DA:99,2
DA:100,2
DA:101,2
DA:102,1
DA:103,1
DA:106,1
DA:107,1
DA:108,1
DA:109,1
DA:111,1
DA:130,1
DA:141,1
DA:142,2
DA:143,2
DA:144,2
DA:145,2
DA:154,1
DA:155,1
DA:156,1
DA:159,1
DA:160,1
DA:161,1
DA:164,1
DA:165,2
DA:166,2
DA:167,2
DA:170,1
DA:171,1
DA:172,1
DA:175,1
DA:177,0
DA:182,0
DA:190,1
DA:191,0
DA:192,0
DA:193,0
DA:194,0
DA:195,0
DA:198,0
DA:199,0
DA:201,0
DA:203,0
DA:208,0
DA:216,1
DA:217,0
DA:218,0
DA:219,0
DA:220,0
DA:221,0
DA:224,0
DA:226,0
DA:228,0
DA:233,0
LF:81
LH:56
BRDA:14,0,0,1
BRDA:14,0,1,0
BRDA:15,1,0,1
BRDA:15,1,1,0
BRDA:27,2,0,0
BRDA:27,2,1,2
BRDA:57,3,0,1
BRDA:57,3,1,1
BRDA:72,4,0,1
BRDA:72,4,1,0
BRDA:87,5,0,0
BRDA:87,5,1,0
BRDA:101,6,0,1
BRDA:101,6,1,1
BRDA:156,7,0,1
BRDA:156,7,1,0
BRDA:161,8,0,1
BRDA:161,8,1,0
BRDA:165,9,0,0
BRDA:165,9,1,2
BRDA:167,10,0,1
BRDA:167,10,1,1
BRDA:167,11,0,2
BRDA:167,11,1,2
BRDA:172,12,0,1
BRDA:172,12,1,0
BRDA:179,13,0,0
BRDA:179,13,1,0
BRDA:193,14,0,0
BRDA:193,14,1,0
BRDA:205,15,0,0
BRDA:205,15,1,0
BRDA:219,16,0,0
BRDA:219,16,1,0
BRDA:230,17,0,0
BRDA:230,17,1,0
BRF:36
BRH:16
end_of_record
TN:
SF:src\controllers\authController.ts
FN:23,(anonymous_1)
FN:26,(anonymous_2)
FN:55,(anonymous_3)
FN:125,(anonymous_4)
FN:216,(anonymous_5)
FN:247,(anonymous_6)
FN:315,(anonymous_7)
FN:383,(anonymous_8)
FN:414,(anonymous_9)
FN:478,(anonymous_10)
FN:544,(anonymous_11)
FN:595,(anonymous_12)
FN:634,(anonymous_13)
FN:680,(anonymous_14)
FN:716,(anonymous_15)
FN:765,(anonymous_16)
FN:831,(anonymous_17)
FN:859,(anonymous_18)
FN:869,(anonymous_19)
FNF:19
FNH:6
FNDA:4,(anonymous_1)
FNDA:2,(anonymous_2)
FNDA:4,(anonymous_3)
FNDA:4,(anonymous_4)
FNDA:0,(anonymous_5)
FNDA:6,(anonymous_6)
FNDA:3,(anonymous_7)
FNDA:0,(anonymous_8)
FNDA:0,(anonymous_9)
FNDA:0,(anonymous_10)
FNDA:0,(anonymous_11)
FNDA:0,(anonymous_12)
FNDA:0,(anonymous_13)
FNDA:0,(anonymous_14)
FNDA:0,(anonymous_15)
FNDA:0,(anonymous_16)
FNDA:0,(anonymous_17)
FNDA:0,(anonymous_18)
FNDA:0,(anonymous_19)
DA:2,1
DA:3,1
DA:4,1
DA:5,1
DA:6,1
DA:7,1
DA:8,1
DA:9,1
DA:10,1
DA:19,1
DA:21,1
DA:23,1
DA:24,4
DA:26,1
DA:27,2
DA:28,2
DA:55,1
DA:56,4
DA:57,4
DA:58,4
DA:60,4
DA:61,1
DA:62,1
DA:66,3
DA:67,3
DA:68,3
DA:69,3
DA:70,3
DA:71,3
DA:72,3
DA:73,3
DA:74,0
DA:75,0
DA:78,3
DA:79,2
DA:80,1
DA:81,1
DA:84,1
DA:86,1
DA:95,1
DA:96,1
DA:97,1
DA:99,1
DA:117,1
DA:121,1
DA:125,1
DA:126,4
DA:127,4
DA:128,4
DA:130,4
DA:131,3
DA:132,1
DA:133,1
DA:137,2
DA:138,0
DA:139,0
DA:143,0
DA:147,2
DA:149,2
DA:151,2
DA:153,1
DA:154,1
DA:155,1
DA:156,1
DA:159,1
DA:160,0
DA:161,0
DA:167,1
DA:169,1
DA:170,1
DA:174,1
DA:185,1
DA:186,1
DA:187,1
DA:189,1
DA:208,1
DA:212,1
DA:216,1
DA:217,0
DA:218,0
DA:219,0
DA:221,0
DA:222,0
DA:229,0
DA:230,0
DA:231,0
DA:237,0
DA:239,0
DA:243,0
DA:247,1
DA:248,6
DA:249,6
DA:250,6
DA:251,1
DA:252,1
DA:255,5
DA:256,4
DA:257,1
DA:258,1
DA:261,3
DA:262,3
DA:266,3
DA:272,0
DA:273,0
DA:278,0
DA:279,0
DA:282,3
DA:283,3
DA:284,1
DA:285,1
DA:288,2
DA:293,2
DA:294,2
DA:296,2
DA:297,2
DA:305,2
DA:310,1
DA:311,1
DA:315,1
DA:316,3
DA:317,3
DA:318,3
DA:319,0
DA:320,0
DA:323,3
DA:342,2
DA:343,1
DA:344,1
DA:347,1
DA:349,1
DA:351,1
DA:352,1
DA:368,1
DA:369,1
DA:370,1
DA:372,0
DA:379,1
DA:380,1
DA:381,1
DA:382,1
DA:383,1
DA:384,1
DA:387,1
DA:405,1
DA:410,1
DA:414,1
DA:415,0
DA:416,0
DA:417,0
DA:418,0
DA:419,0
DA:421,0
DA:424,0
DA:425,0
DA:426,0
DA:429,0
DA:430,0
DA:431,0
DA:435,0
DA:464,0
DA:466,0
DA:474,0
DA:478,1
DA:479,0
DA:480,0
DA:481,0
DA:482,0
DA:483,0
DA:485,0
DA:487,0
DA:488,0
DA:489,0
DA:493,0
DA:500,0
DA:504,0
DA:507,0
DA:508,0
DA:509,0
DA:510,0
DA:513,0
DA:514,0
DA:515,0
DA:516,0
DA:519,0
DA:520,0
DA:531,0
DA:533,0
DA:540,0
DA:544,1
DA:545,0
DA:546,0
DA:547,0
DA:548,0
DA:549,0
DA:555,0
DA:557,0
DA:558,0
DA:559,0
DA:560,0
DA:561,0
DA:562,0
DA:563,0
DA:564,0
DA:566,0
DA:568,0
DA:569,0
DA:572,0
DA:583,0
DA:585,0
DA:588,0
DA:595,1
DA:596,0
DA:597,0
DA:598,0
DA:599,0
DA:600,0
DA:603,0
DA:612,0
DA:616,0
DA:621,0
DA:623,0
DA:625,0
DA:630,0
DA:634,1
DA:635,0
DA:636,0
DA:637,0
DA:638,0
DA:639,0
DA:642,0
DA:643,0
DA:644,0
DA:645,0
DA:648,0
DA:649,0
DA:650,0
DA:653,0
DA:654,0
DA:655,0
DA:657,0
DA:667,0
DA:669,0
DA:671,0
DA:676,0
DA:680,1
DA:681,0
DA:682,0
DA:683,0
DA:685,0
DA:689,0
DA:690,0
DA:691,0
DA:694,0
DA:707,0
DA:709,0
DA:712,0
DA:716,1
DA:717,0
DA:718,0
DA:719,0
DA:721,0
DA:722,0
DA:723,0
DA:726,0
DA:727,0
DA:728,0
DA:733,0
DA:736,0
DA:737,0
DA:738,0
DA:740,0
DA:748,0
DA:750,0
DA:756,0
DA:761,0
DA:765,1
DA:766,0
DA:767,0
DA:769,0
DA:770,0
DA:771,0
DA:774,0
DA:781,0
DA:785,0
DA:789,0
DA:790,0
DA:795,0
DA:796,0
DA:797,0
DA:800,0
DA:802,0
DA:820,0
DA:822,0
DA:827,0
DA:831,1
DA:832,0
DA:833,0
DA:834,0
DA:836,0
DA:845,0
DA:847,0
DA:859,0
DA:867,0
DA:868,0
DA:869,0
DA:870,0
DA:873,0
DA:880,0
LF:308
LH:129
BRDA:58,0,0,4
BRDA:58,0,1,0
BRDA:60,1,0,1
BRDA:60,1,1,3
BRDA:60,2,0,4
BRDA:60,2,1,4
BRDA:67,3,0,0
BRDA:67,3,1,3
BRDA:68,4,0,0
BRDA:68,4,1,3
BRDA:69,5,0,0
BRDA:69,5,1,3
BRDA:70,6,0,0
BRDA:70,6,1,3
BRDA:71,7,0,0
BRDA:71,7,1,3
BRDA:72,8,0,0
BRDA:72,8,1,3
BRDA:73,9,0,0
BRDA:73,9,1,3
BRDA:79,10,0,1
BRDA:79,10,1,1
BRDA:117,11,0,1
BRDA:117,11,1,0
BRDA:128,12,0,4
BRDA:128,12,1,0
BRDA:131,13,0,1
BRDA:131,13,1,2
BRDA:137,14,0,0
BRDA:137,14,1,2
BRDA:137,15,0,2
BRDA:137,15,1,0
BRDA:141,16,0,0
BRDA:141,16,1,0
BRDA:151,17,0,1
BRDA:151,17,1,1
BRDA:155,18,0,1
BRDA:155,18,1,0
BRDA:159,19,0,0
BRDA:159,19,1,1
BRDA:208,20,0,1
BRDA:208,20,1,0
BRDA:218,21,0,0
BRDA:218,21,1,0
BRDA:219,22,0,0
BRDA:219,22,1,0
BRDA:230,23,0,0
BRDA:230,23,1,0
BRDA:239,24,0,0
BRDA:239,24,1,0
BRDA:249,25,0,6
BRDA:249,25,1,2
BRDA:250,26,0,1
BRDA:250,26,1,5
BRDA:256,27,0,1
BRDA:256,27,1,3
BRDA:266,28,0,0
BRDA:266,28,1,3
BRDA:267,29,0,3
BRDA:267,29,1,3
BRDA:267,29,2,3
BRDA:267,29,3,3
BRDA:272,30,0,0
BRDA:272,30,1,0
BRDA:283,31,0,1
BRDA:283,31,1,2
BRDA:283,32,0,3
BRDA:283,32,1,2
BRDA:310,33,0,1
BRDA:310,33,1,0
BRDA:318,34,0,0
BRDA:318,34,1,3
BRDA:342,35,0,1
BRDA:342,35,1,1
BRDA:351,36,0,1
BRDA:351,36,1,0
BRDA:374,37,0,0
BRDA:374,37,1,0
BRDA:382,38,0,1
BRDA:382,38,1,0
BRDA:382,39,0,1
BRDA:382,39,1,0
BRDA:407,40,0,1
BRDA:407,40,1,0
BRDA:417,41,0,0
BRDA:417,41,1,0
BRDA:424,42,0,0
BRDA:424,42,1,0
BRDA:425,43,0,0
BRDA:425,43,1,0
BRDA:429,44,0,0
BRDA:429,44,1,0
BRDA:438,45,0,0
BRDA:438,45,1,0
BRDA:439,46,0,0
BRDA:439,46,1,0
BRDA:443,47,0,0
BRDA:443,47,1,0
BRDA:444,48,0,0
BRDA:444,48,1,0
BRDA:445,49,0,0
BRDA:445,49,1,0
BRDA:468,50,0,0
BRDA:468,50,1,0
BRDA:481,51,0,0
BRDA:481,51,1,0
BRDA:487,52,0,0
BRDA:487,52,1,0
BRDA:487,53,0,0
BRDA:487,53,1,0
BRDA:493,54,0,0
BRDA:493,54,1,0
BRDA:494,55,0,0
BRDA:494,55,1,0
BRDA:494,55,2,0
BRDA:494,55,3,0
BRDA:494,55,4,0
BRDA:508,56,0,0
BRDA:508,56,1,0
BRDA:514,57,0,0
BRDA:514,57,1,0
BRDA:535,58,0,0
BRDA:535,58,1,0
BRDA:547,59,0,0
BRDA:547,59,1,0
BRDA:555,60,0,0
BRDA:555,60,1,0
BRDA:558,61,0,0
BRDA:558,61,1,0
BRDA:558,62,0,0
BRDA:558,62,1,0
BRDA:562,63,0,0
BRDA:562,63,1,0
BRDA:562,64,0,0
BRDA:562,64,1,0
BRDA:562,64,2,0
BRDA:585,65,0,0
BRDA:585,65,1,0
BRDA:598,66,0,0
BRDA:598,66,1,0
BRDA:627,67,0,0
BRDA:627,67,1,0
BRDA:637,68,0,0
BRDA:637,68,1,0
BRDA:643,69,0,0
BRDA:643,69,1,0
BRDA:648,70,0,0
BRDA:648,70,1,0
BRDA:667,71,0,0
BRDA:667,71,1,0
BRDA:673,72,0,0
BRDA:673,72,1,0
BRDA:689,73,0,0
BRDA:689,73,1,0
BRDA:689,74,0,0
BRDA:689,74,1,0
BRDA:709,75,0,0
BRDA:709,75,1,0
BRDA:719,76,0,0
BRDA:719,76,1,0
BRDA:721,77,0,0
BRDA:721,77,1,0
BRDA:727,78,0,0
BRDA:727,78,1,0
BRDA:748,79,0,0
BRDA:748,79,1,0
BRDA:758,80,0,0
BRDA:758,80,1,0
BRDA:769,81,0,0
BRDA:769,81,1,0
BRDA:769,82,0,0
BRDA:769,82,1,0
BRDA:774,83,0,0
BRDA:774,83,1,0
BRDA:775,84,0,0
BRDA:775,84,1,0
BRDA:775,84,2,0
BRDA:775,84,3,0
BRDA:775,84,4,0
BRDA:795,85,0,0
BRDA:795,85,1,0
BRDA:795,86,0,0
BRDA:795,86,1,0
BRDA:795,86,2,0
BRDA:824,87,0,0
BRDA:824,87,1,0
BRDA:834,88,0,0
BRDA:834,88,1,0
BRDA:845,89,0,0
BRDA:845,89,1,0
BRDA:875,90,0,0
BRDA:875,90,1,0
BRF:192
BRH:48
end_of_record
TN:
SF:src\controllers\bookmarksController.ts
FN:19,(anonymous_1)
FN:46,(anonymous_2)
FN:66,(anonymous_3)
FN:155,(anonymous_4)
FNF:4
FNH:0
FNDA:0,(anonymous_1)
FNDA:0,(anonymous_2)
FNDA:0,(anonymous_3)
FNDA:0,(anonymous_4)
DA:2,0
DA:3,0
DA:4,0
DA:19,0
DA:20,0
DA:21,0
DA:22,0
DA:23,0
DA:24,0
DA:27,0
DA:44,0
DA:46,0
DA:57,0
DA:62,0
DA:66,0
DA:67,0
DA:68,0
DA:69,0
DA:70,0
DA:71,0
DA:73,0
DA:75,0
DA:76,0
DA:77,0
DA:81,0
DA:82,0
DA:83,0
DA:84,0
DA:88,0
DA:93,0
DA:94,0
DA:95,0
DA:99,0
DA:116,0
DA:117,0
DA:120,0
DA:121,0
DA:126,0
DA:132,0
DA:146,0
DA:151,0
DA:155,0
DA:156,0
DA:157,0
DA:158,0
DA:159,0
DA:160,0
DA:162,0
DA:164,0
DA:168,0
DA:169,0
DA:170,0
DA:173,0
DA:175,0
DA:180,0
LF:55
LH:0
BRDA:22,0,0,0
BRDA:22,0,1,0
BRDA:59,1,0,0
BRDA:59,1,1,0
BRDA:69,2,0,0
BRDA:69,2,1,0
BRDA:75,3,0,0
BRDA:75,3,1,0
BRDA:82,4,0,0
BRDA:82,4,1,0
BRDA:93,5,0,0
BRDA:93,5,1,0
BRDA:116,6,0,0
BRDA:116,6,1,0
BRDA:120,7,0,0
BRDA:120,7,1,0
BRDA:148,8,0,0
BRDA:148,8,1,0
BRDA:158,9,0,0
BRDA:158,9,1,0
BRDA:168,10,0,0
BRDA:168,10,1,0
BRDA:177,11,0,0
BRDA:177,11,1,0
BRF:24
BRH:0
end_of_record
TN:
SF:src\controllers\cartController.ts
FN:12,(anonymous_1)
FN:28,(anonymous_2)
FN:55,(anonymous_3)
FN:83,(anonymous_4)
FN:109,(anonymous_5)
FNF:5
FNH:0
FNDA:0,(anonymous_1)
FNDA:0,(anonymous_2)
FNDA:0,(anonymous_3)
FNDA:0,(anonymous_4)
FNDA:0,(anonymous_5)
DA:2,0
DA:3,0
DA:10,0
DA:12,0
DA:13,0
DA:14,0
DA:15,0
DA:16,0
DA:18,0
DA:19,0
DA:21,0
DA:24,0
DA:28,0
DA:29,0
DA:30,0
DA:31,0
DA:32,0
DA:34,0
DA:35,0
DA:36,0
DA:37,0
DA:39,0
DA:40,0
DA:41,0
DA:43,0
DA:51,0
DA:55,0
DA:56,0
DA:57,0
DA:58,0
DA:59,0
DA:61,0
DA:62,0
DA:63,0
DA:64,0
DA:65,0
DA:67,0
DA:68,0
DA:69,0
DA:71,0
DA:79,0
DA:83,0
DA:84,0
DA:85,0
DA:86,0
DA:87,0
DA:89,0
DA:90,0
DA:91,0
DA:92,0
DA:94,0
DA:95,0
DA:97,0
DA:105,0
DA:109,0
DA:110,0
DA:111,0
DA:112,0
DA:113,0
DA:115,0
DA:116,0
DA:118,0
DA:125,0
LF:63
LH:0
BRDA:14,0,0,0
BRDA:14,0,1,0
BRDA:21,1,0,0
BRDA:21,1,1,0
BRDA:30,2,0,0
BRDA:30,2,1,0
BRDA:35,3,0,0
BRDA:35,3,1,0
BRDA:35,4,0,0
BRDA:35,4,1,0
BRDA:39,5,0,0
BRDA:39,5,1,0
BRDA:39,6,0,0
BRDA:39,6,1,0
BRDA:45,7,0,0
BRDA:45,7,1,0
BRDA:57,8,0,0
BRDA:57,8,1,0
BRDA:63,9,0,0
BRDA:63,9,1,0
BRDA:67,10,0,0
BRDA:67,10,1,0
BRDA:67,11,0,0
BRDA:67,11,1,0
BRDA:73,12,0,0
BRDA:73,12,1,0
BRDA:85,13,0,0
BRDA:85,13,1,0
BRDA:90,14,0,0
BRDA:90,14,1,0
BRDA:99,15,0,0
BRDA:99,15,1,0
BRDA:111,16,0,0
BRDA:111,16,1,0
BRDA:120,17,0,0
BRDA:120,17,1,0
BRF:36
BRH:0
end_of_record
TN:
SF:src\controllers\certificateController.ts
FN:14,(anonymous_1)
FN:53,(anonymous_2)
FNF:2
FNH:0
FNDA:0,(anonymous_1)
FNDA:0,(anonymous_2)
DA:2,0
DA:3,0
DA:9,0
DA:14,0
DA:15,0
DA:16,0
DA:17,0
DA:18,0
DA:19,0
DA:22,0
DA:24,0
DA:25,0
DA:26,0
DA:29,0
DA:31,0
DA:36,0
DA:40,0
DA:42,0
DA:43,0
DA:45,0
DA:53,0
DA:54,0
DA:55,0
DA:56,0
DA:57,0
DA:58,0
DA:61,0
DA:63,0
DA:65,0
DA:69,0
LF:30
LH:0
BRDA:17,0,0,0
BRDA:17,0,1,0
BRDA:24,1,0,0
BRDA:24,1,1,0
BRDA:38,2,0,0
BRDA:38,2,1,0
BRDA:40,3,0,0
BRDA:40,3,1,0
BRDA:42,4,0,0
BRDA:42,4,1,0
BRDA:42,5,0,0
BRDA:42,5,1,0
BRDA:56,6,0,0
BRDA:56,6,1,0
BRDA:67,7,0,0
BRDA:67,7,1,0
BRF:16
BRH:0
end_of_record
TN:
SF:src\controllers\contestsController.ts
FN:47,(anonymous_1)
FN:123,(anonymous_2)
FN:186,(anonymous_3)
FN:190,(anonymous_4)
FN:210,(anonymous_5)
FN:256,(anonymous_6)
FN:274,(anonymous_7)
FN:324,(anonymous_8)
FN:348,(anonymous_9)
FN:411,(anonymous_10)
FN:466,(anonymous_11)
FN:499,(anonymous_12)
FN:507,(anonymous_13)
FN:533,(anonymous_14)
FN:611,(anonymous_15)
FN:627,(anonymous_16)
FNF:16
FNH:0
FNDA:0,(anonymous_1)
FNDA:0,(anonymous_2)
FNDA:0,(anonymous_3)
FNDA:0,(anonymous_4)
FNDA:0,(anonymous_5)
FNDA:0,(anonymous_6)
FNDA:0,(anonymous_7)
FNDA:0,(anonymous_8)
FNDA:0,(anonymous_9)
FNDA:0,(anonymous_10)
FNDA:0,(anonymous_11)
FNDA:0,(anonymous_12)
FNDA:0,(anonymous_13)
FNDA:0,(anonymous_14)
FNDA:0,(anonymous_15)
FNDA:0,(anonymous_16)
DA:2,0
DA:3,0
DA:4,0
DA:5,0
DA:16,0
DA:35,0
DA:39,0
DA:47,0
DA:48,0
DA:49,0
DA:50,0
DA:51,0
DA:52,0
DA:53,0
DA:54,0
DA:56,0
DA:58,0
DA:59,0
DA:60,0
DA:62,0
DA:63,0
DA:64,0
DA:66,0
DA:67,0
DA:68,0
DA:69,0
DA:71,0
DA:72,0
DA:73,0
DA:77,0
DA:78,0
DA:80,0
DA:106,0
DA:115,0
DA:119,0
DA:123,0
DA:124,0
DA:125,0
DA:126,0
DA:128,0
DA:157,0
DA:158,0
DA:159,0
DA:162,0
DA:163,0
DA:164,0
DA:166,0
DA:167,0
DA:176,0
DA:177,0
DA:178,0
DA:179,0
DA:183,0
DA:184,0
DA:186,0
DA:190,0
DA:194,0
DA:202,0
DA:206,0
DA:210,0
DA:211,0
DA:212,0
DA:213,0
DA:214,0
DA:215,0
DA:231,0
DA:233,0
DA:234,0
DA:235,0
DA:236,0
DA:239,0
DA:256,0
DA:264,0
DA:266,0
DA:270,0
DA:274,0
DA:275,0
DA:276,0
DA:277,0
DA:278,0
DA:279,0
DA:282,0
DA:283,0
DA:284,0
DA:285,0
DA:288,0
DA:290,0
DA:291,0
DA:292,0
DA:293,0
DA:296,0
DA:297,0
DA:298,0
DA:301,0
DA:302,0
DA:303,0
DA:304,0
DA:307,0
DA:308,0
DA:309,0
DA:312,0
DA:318,0
DA:319,0
DA:320,0
DA:324,0
DA:325,0
DA:331,0
DA:335,0
DA:338,0
DA:340,0
DA:344,0
DA:348,0
DA:349,0
DA:350,0
DA:351,0
DA:352,0
DA:353,0
DA:356,0
DA:357,0
DA:358,0
DA:359,0
DA:362,0
DA:364,0
DA:365,0
DA:366,0
DA:367,0
DA:370,0
DA:371,0
DA:372,0
DA:373,0
DA:376,0
DA:382,0
DA:383,0
DA:384,0
DA:387,0
DA:396,0
DA:397,0
DA:398,0
DA:401,0
DA:406,0
DA:407,0
DA:408,0
DA:411,0
DA:413,0
DA:414,0
DA:416,0
DA:429,0
DA:430,0
DA:435,0
DA:442,0
DA:452,0
DA:458,0
DA:462,0
DA:466,0
DA:467,0
DA:468,0
DA:469,0
DA:470,0
DA:471,0
DA:473,0
DA:474,0
DA:475,0
DA:476,0
DA:479,0
DA:499,0
DA:504,0
DA:506,0
DA:508,0
DA:516,0
DA:525,0
DA:529,0
DA:533,0
DA:534,0
DA:535,0
DA:536,0
DA:538,0
DA:539,0
DA:540,0
DA:541,0
DA:544,0
DA:545,0
DA:546,0
DA:549,0
DA:550,0
DA:552,0
DA:553,0
DA:559,0
DA:560,0
DA:579,0
DA:595,0
DA:611,0
DA:619,0
DA:623,0
DA:627,0
DA:628,0
DA:629,0
DA:630,0
DA:632,0
DA:633,0
DA:634,0
DA:638,0
DA:639,0
DA:640,0
DA:641,0
DA:644,0
DA:652,0
DA:653,0
DA:654,0
DA:658,0
DA:661,0
DA:666,0
DA:668,0
DA:672,0
LF:213
LH:0
BRDA:52,0,0,0
BRDA:52,0,1,0
BRDA:53,1,0,0
BRDA:53,1,1,0
BRDA:58,2,0,0
BRDA:58,2,1,0
BRDA:60,3,0,0
BRDA:60,3,1,0
BRDA:60,3,2,0
BRDA:77,4,0,0
BRDA:77,4,1,0
BRDA:78,5,0,0
BRDA:78,5,1,0
BRDA:117,6,0,0
BRDA:117,6,1,0
BRDA:157,7,0,0
BRDA:157,7,1,0
BRDA:166,8,0,0
BRDA:166,8,1,0
BRDA:176,9,0,0
BRDA:176,9,1,0
BRDA:184,10,0,0
BRDA:184,10,1,0
BRDA:188,11,0,0
BRDA:188,11,1,0
BRDA:191,12,0,0
BRDA:191,12,1,0
BRDA:204,13,0,0
BRDA:204,13,1,0
BRDA:213,14,0,0
BRDA:213,14,1,0
BRDA:234,15,0,0
BRDA:234,15,1,0
BRDA:246,16,0,0
BRDA:246,16,1,0
BRDA:268,17,0,0
BRDA:268,17,1,0
BRDA:277,18,0,0
BRDA:277,18,1,0
BRDA:283,19,0,0
BRDA:283,19,1,0
BRDA:291,20,0,0
BRDA:291,20,1,0
BRDA:296,21,0,0
BRDA:296,21,1,0
BRDA:296,22,0,0
BRDA:296,22,1,0
BRDA:302,23,0,0
BRDA:302,23,1,0
BRDA:307,24,0,0
BRDA:307,24,1,0
BRDA:318,25,0,0
BRDA:318,25,1,0
BRDA:342,26,0,0
BRDA:342,26,1,0
BRDA:351,27,0,0
BRDA:351,27,1,0
BRDA:357,28,0,0
BRDA:357,28,1,0
BRDA:365,29,0,0
BRDA:365,29,1,0
BRDA:371,30,0,0
BRDA:371,30,1,0
BRDA:371,31,0,0
BRDA:371,31,1,0
BRDA:382,32,0,0
BRDA:382,32,1,0
BRDA:396,33,0,0
BRDA:396,33,1,0
BRDA:406,34,0,0
BRDA:406,34,1,0
BRDA:411,35,0,0
BRDA:411,35,1,0
BRDA:411,36,0,0
BRDA:411,36,1,0
BRDA:413,37,0,0
BRDA:413,37,1,0
BRDA:414,38,0,0
BRDA:414,38,1,0
BRDA:429,39,0,0
BRDA:429,39,1,0
BRDA:445,40,0,0
BRDA:445,40,1,0
BRDA:460,41,0,0
BRDA:460,41,1,0
BRDA:469,42,0,0
BRDA:469,42,1,0
BRDA:470,43,0,0
BRDA:470,43,1,0
BRDA:474,44,0,0
BRDA:474,44,1,0
BRDA:504,45,0,0
BRDA:504,45,1,0
BRDA:504,46,0,0
BRDA:504,46,1,0
BRDA:504,46,2,0
BRDA:527,47,0,0
BRDA:527,47,1,0
BRDA:539,48,0,0
BRDA:539,48,1,0
BRDA:544,49,0,0
BRDA:544,49,1,0
BRDA:544,50,0,0
BRDA:544,50,1,0
BRDA:552,51,0,0
BRDA:552,51,1,0
BRDA:559,52,0,0
BRDA:559,52,1,0
BRDA:602,53,0,0
BRDA:602,53,1,0
BRDA:621,54,0,0
BRDA:621,54,1,0
BRDA:632,55,0,0
BRDA:632,55,1,0
BRDA:639,56,0,0
BRDA:639,56,1,0
BRDA:652,57,0,0
BRDA:652,57,1,0
BRDA:653,58,0,0
BRDA:653,58,1,0
BRDA:656,59,0,0
BRDA:656,59,1,0
BRDA:670,60,0,0
BRDA:670,60,1,0
BRF:124
BRH:0
end_of_record
TN:
SF:src\controllers\courseReviewsController.ts
FN:12,(anonymous_1)
FN:92,(anonymous_2)
FN:128,(anonymous_3)
FN:159,(anonymous_4)
FNF:4
FNH:0
FNDA:0,(anonymous_1)
FNDA:0,(anonymous_2)
FNDA:0,(anonymous_3)
FNDA:0,(anonymous_4)
DA:2,0
DA:3,0
DA:4,0
DA:12,0
DA:13,0
DA:14,0
DA:15,0
DA:17,0
DA:18,0
DA:19,0
DA:22,0
DA:24,0
DA:25,0
DA:26,0
DA:29,0
DA:34,0
DA:35,0
DA:36,0
DA:39,0
DA:44,0
DA:45,0
DA:55,0
DA:67,0
DA:73,0
DA:81,0
DA:83,0
DA:88,0
DA:92,0
DA:93,0
DA:94,0
DA:95,0
DA:96,0
DA:97,0
DA:99,0
DA:104,0
DA:105,0
DA:106,0
DA:109,0
DA:128,0
DA:143,0
DA:150,0
DA:155,0
DA:159,0
DA:160,0
DA:161,0
DA:162,0
DA:163,0
DA:164,0
DA:167,0
DA:169,0
DA:173,0
DA:174,0
DA:175,0
DA:178,0
DA:183,0
DA:185,0
DA:190,0
LF:57
LH:0
BRDA:17,0,0,0
BRDA:17,0,1,0
BRDA:24,1,0,0
BRDA:24,1,1,0
BRDA:24,2,0,0
BRDA:24,2,1,0
BRDA:24,2,2,0
BRDA:24,2,3,0
BRDA:34,3,0,0
BRDA:34,3,1,0
BRDA:44,4,0,0
BRDA:44,4,1,0
BRDA:49,5,0,0
BRDA:49,5,1,0
BRDA:50,6,0,0
BRDA:50,6,1,0
BRDA:76,7,0,0
BRDA:76,7,1,0
BRDA:81,8,0,0
BRDA:81,8,1,0
BRDA:81,9,0,0
BRDA:81,9,1,0
BRDA:85,10,0,0
BRDA:85,10,1,0
BRDA:95,11,0,0
BRDA:95,11,1,0
BRDA:96,12,0,0
BRDA:96,12,1,0
BRDA:104,13,0,0
BRDA:104,13,1,0
BRDA:152,14,0,0
BRDA:152,14,1,0
BRDA:162,15,0,0
BRDA:162,15,1,0
BRDA:173,16,0,0
BRDA:173,16,1,0
BRDA:187,17,0,0
BRDA:187,17,1,0
BRF:38
BRH:0
end_of_record
TN:
SF:src\controllers\coursesController.ts
FN:35,(anonymous_1)
FN:68,(anonymous_2)
FN:81,(anonymous_3)
FN:84,(anonymous_4)
FN:143,(anonymous_5)
FN:178,(anonymous_6)
FNF:6
FNH:4
FNDA:3,(anonymous_1)
FNDA:2,(anonymous_2)
FNDA:1,(anonymous_3)
FNDA:1,(anonymous_4)
FNDA:0,(anonymous_5)
FNDA:0,(anonymous_6)
DA:3,1
DA:4,1
DA:5,1
DA:13,1
DA:15,1
DA:17,1
DA:25,1
DA:35,1
DA:36,3
DA:37,3
DA:38,3
DA:39,3
DA:40,3
DA:42,3
DA:57,3
DA:58,3
DA:60,0
DA:64,0
DA:68,1
DA:69,2
DA:70,2
DA:71,2
DA:73,2
DA:75,2
DA:76,1
DA:77,1
DA:81,1
DA:84,1
DA:97,1
DA:130,1
DA:132,0
DA:139,0
DA:143,1
DA:144,0
DA:145,0
DA:146,0
DA:147,0
DA:148,0
DA:151,0
DA:153,0
DA:154,0
DA:155,0
DA:158,0
DA:159,0
DA:161,0
DA:162,0
DA:166,0
DA:167,0
DA:168,0
DA:170,0
DA:171,0
DA:172,0
DA:174,0
DA:178,1
DA:179,0
DA:180,0
DA:181,0
DA:182,0
DA:183,0
DA:186,0
DA:187,0
DA:188,0
DA:189,0
DA:190,0
DA:193,0
DA:194,0
DA:196,0
DA:204,0
LF:68
LH:30
BRDA:38,0,0,1
BRDA:38,0,1,2
BRDA:39,1,0,3
BRDA:39,1,1,3
BRDA:40,2,0,3
BRDA:40,2,1,3
BRDA:44,3,0,0
BRDA:44,3,1,3
BRDA:44,4,0,3
BRDA:44,4,1,0
BRDA:48,5,0,1
BRDA:48,5,1,2
BRDA:48,6,0,3
BRDA:48,6,1,1
BRDA:51,7,0,0
BRDA:51,7,1,3
BRDA:51,8,0,3
BRDA:51,8,1,0
BRDA:52,9,0,1
BRDA:52,9,1,2
BRDA:52,10,0,3
BRDA:52,10,1,1
BRDA:62,11,0,0
BRDA:62,11,1,0
BRDA:75,12,0,1
BRDA:75,12,1,1
BRDA:81,13,0,1
BRDA:81,13,1,0
BRDA:84,14,0,1
BRDA:84,14,1,0
BRDA:87,15,0,1
BRDA:87,15,1,1
BRDA:105,16,0,1
BRDA:105,16,1,0
BRDA:106,17,0,1
BRDA:106,17,1,0
BRDA:107,18,0,1
BRDA:107,18,1,1
BRDA:108,19,0,1
BRDA:108,19,1,1
BRDA:112,20,0,1
BRDA:112,20,1,0
BRDA:120,21,0,1
BRDA:120,21,1,1
BRDA:125,22,0,1
BRDA:125,22,1,0
BRDA:127,23,0,1
BRDA:127,23,1,0
BRDA:134,24,0,0
BRDA:134,24,1,0
BRDA:146,25,0,0
BRDA:146,25,1,0
BRDA:153,26,0,0
BRDA:153,26,1,0
BRDA:161,27,0,0
BRDA:161,27,1,0
BRDA:166,28,0,0
BRDA:166,28,1,0
BRDA:170,29,0,0
BRDA:170,29,1,0
BRDA:181,30,0,0
BRDA:181,30,1,0
BRDA:188,31,0,0
BRDA:188,31,1,0
BRDA:188,32,0,0
BRDA:188,32,1,0
BRDA:198,33,0,0
BRDA:198,33,1,0
BRF:68
BRH:35
end_of_record
TN:
SF:src\controllers\examContentController.ts
FN:15,(anonymous_1)
FN:28,(anonymous_2)
FN:51,(anonymous_3)
FN:69,(anonymous_4)
FN:82,(anonymous_5)
FNF:5
FNH:0
FNDA:0,(anonymous_1)
FNDA:0,(anonymous_2)
FNDA:0,(anonymous_3)
FNDA:0,(anonymous_4)
FNDA:0,(anonymous_5)
DA:2,0
DA:3,0
DA:4,0
DA:12,0
DA:14,0
DA:16,0
DA:17,0
DA:18,0
DA:20,0
DA:24,0
DA:29,0
DA:30,0
DA:31,0
DA:32,0
DA:33,0
DA:35,0
DA:36,0
DA:37,0
DA:38,0
DA:40,0
DA:42,0
DA:47,0
DA:52,0
DA:53,0
DA:54,0
DA:55,0
DA:56,0
DA:58,0
DA:59,0
DA:61,0
DA:65,0
DA:70,0
DA:71,0
DA:72,0
DA:74,0
DA:78,0
DA:83,0
DA:84,0
DA:85,0
DA:87,0
DA:91,0
LF:41
LH:0
BRDA:22,0,0,0
BRDA:22,0,1,0
BRDA:30,1,0,0
BRDA:30,1,1,0
BRDA:31,2,0,0
BRDA:31,2,1,0
BRDA:31,3,0,0
BRDA:31,3,1,0
BRDA:36,4,0,0
BRDA:36,4,1,0
BRDA:44,5,0,0
BRDA:44,5,1,0
BRDA:54,6,0,0
BRDA:54,6,1,0
BRDA:54,7,0,0
BRDA:54,7,1,0
BRDA:54,7,2,0
BRDA:54,7,3,0
BRDA:54,7,4,0
BRDA:63,8,0,0
BRDA:63,8,1,0
BRDA:76,9,0,0
BRDA:76,9,1,0
BRDA:89,10,0,0
BRDA:89,10,1,0
BRF:25
BRH:0
end_of_record
TN:
SF:src\controllers\gamificationController.ts
FN:14,(anonymous_1)
FN:34,(anonymous_2)
FN:57,(anonymous_3)
FN:91,(anonymous_4)
FN:138,(anonymous_5)
FN:189,(anonymous_6)
FNF:6
FNH:0
FNDA:0,(anonymous_1)
FNDA:0,(anonymous_2)
FNDA:0,(anonymous_3)
FNDA:0,(anonymous_4)
FNDA:0,(anonymous_5)
FNDA:0,(anonymous_6)
DA:2,0
DA:3,0
DA:4,0
DA:5,0
DA:14,0
DA:15,0
DA:16,0
DA:18,0
DA:24,0
DA:26,0
DA:30,0
DA:34,0
DA:35,0
DA:36,0
DA:37,0
DA:38,0
DA:39,0
DA:41,0
DA:46,0
DA:48,0
DA:53,0
DA:57,0
DA:58,0
DA:59,0
DA:60,0
DA:61,0
DA:62,0
DA:65,0
DA:66,0
DA:67,0
DA:68,0
DA:70,0
DA:72,0
DA:78,0
DA:79,0
DA:85,0
DA:88,0
DA:89,0
DA:91,0
DA:92,0
DA:107,0
DA:108,0
DA:109,0
DA:113,0
DA:117,0
DA:120,0
DA:123,0
DA:124,0
DA:127,0
DA:129,0
DA:134,0
DA:138,0
DA:139,0
DA:140,0
DA:141,0
DA:142,0
DA:143,0
DA:146,0
DA:147,0
DA:148,0
DA:149,0
DA:152,0
DA:153,0
DA:154,0
DA:155,0
DA:158,0
DA:159,0
DA:160,0
DA:161,0
DA:164,0
DA:170,0
DA:171,0
DA:172,0
DA:178,0
DA:180,0
DA:185,0
DA:189,0
DA:190,0
DA:191,0
DA:192,0
DA:193,0
DA:194,0
DA:197,0
DA:198,0
DA:203,0
DA:204,0
DA:206,0
DA:209,0
DA:224,0
DA:229,0
DA:231,0
DA:246,0
DA:251,0
LF:93
LH:0
BRDA:21,0,0,0
BRDA:21,0,1,0
BRDA:28,1,0,0
BRDA:28,1,1,0
BRDA:37,2,0,0
BRDA:37,2,1,0
BRDA:50,3,0,0
BRDA:50,3,1,0
BRDA:60,4,0,0
BRDA:60,4,1,0
BRDA:66,5,0,0
BRDA:66,5,1,0
BRDA:66,6,0,0
BRDA:66,6,1,0
BRDA:66,6,2,0
BRDA:78,7,0,0
BRDA:78,7,1,0
BRDA:108,8,0,0
BRDA:108,8,1,0
BRDA:108,9,0,0
BRDA:108,9,1,0
BRDA:123,10,0,0
BRDA:123,10,1,0
BRDA:123,11,0,0
BRDA:123,11,1,0
BRDA:131,12,0,0
BRDA:131,12,1,0
BRDA:141,13,0,0
BRDA:141,13,1,0
BRDA:147,14,0,0
BRDA:147,14,1,0
BRDA:147,15,0,0
BRDA:147,15,1,0
BRDA:147,15,2,0
BRDA:153,16,0,0
BRDA:153,16,1,0
BRDA:153,17,0,0
BRDA:153,17,1,0
BRDA:153,17,2,0
BRDA:159,18,0,0
BRDA:159,18,1,0
BRDA:159,19,0,0
BRDA:159,19,1,0
BRDA:171,20,0,0
BRDA:171,20,1,0
BRDA:182,21,0,0
BRDA:182,21,1,0
BRDA:192,22,0,0
BRDA:192,22,1,0
BRDA:206,23,0,0
BRDA:206,23,1,0
BRDA:229,24,0,0
BRDA:229,24,1,0
BRDA:241,25,0,0
BRDA:241,25,1,0
BRDA:242,26,0,0
BRDA:242,26,1,0
BRDA:248,27,0,0
BRDA:248,27,1,0
BRF:59
BRH:0
end_of_record
TN:
SF:src\controllers\gdprController.ts
FN:5,exportUserData
FN:37,(anonymous_1)
FN:42,(anonymous_2)
FN:47,(anonymous_3)
FN:52,(anonymous_4)
FN:66,deleteUserAccount
FNF:6
FNH:0
FNDA:0,exportUserData
FNDA:0,(anonymous_1)
FNDA:0,(anonymous_2)
FNDA:0,(anonymous_3)
FNDA:0,(anonymous_4)
FNDA:0,deleteUserAccount
DA:2,0
DA:3,0
DA:5,0
DA:6,0
DA:7,0
DA:8,0
DA:9,0
DA:12,0
DA:22,0
DA:23,0
DA:26,0
DA:37,0
DA:42,0
DA:47,0
DA:52,0
DA:58,0
DA:59,0
DA:60,0
DA:62,0
DA:66,0
DA:67,0
DA:68,0
DA:69,0
DA:70,0
DA:73,0
DA:74,0
DA:75,0
DA:79,0
DA:80,0
DA:81,0
DA:83,0
DA:84,0
DA:88,0
DA:98,0
DA:100,0
LF:35
LH:0
BRDA:7,0,0,0
BRDA:7,0,1,0
BRDA:8,1,0,0
BRDA:8,1,1,0
BRDA:22,2,0,0
BRDA:22,2,1,0
BRDA:68,3,0,0
BRDA:68,3,1,0
BRDA:69,4,0,0
BRDA:69,4,1,0
BRDA:74,5,0,0
BRDA:74,5,1,0
BRDA:81,6,0,0
BRDA:81,6,1,0
BRDA:83,7,0,0
BRDA:83,7,1,0
BRF:16
BRH:0
end_of_record
TN:
SF:src\controllers\lessonsController.ts
FN:12,(anonymous_1)
FN:24,(anonymous_2)
FN:26,(anonymous_3)
FN:69,(anonymous_4)
FN:73,(anonymous_5)
FN:76,(anonymous_6)
FN:101,(anonymous_7)
FN:159,(anonymous_8)
FN:218,(anonymous_9)
FN:276,(anonymous_10)
FN:382,(anonymous_11)
FN:414,(anonymous_12)
FN:468,(anonymous_13)
FN:592,(anonymous_14)
FNF:14
FNH:0
FNDA:0,(anonymous_1)
FNDA:0,(anonymous_2)
FNDA:0,(anonymous_3)
FNDA:0,(anonymous_4)
FNDA:0,(anonymous_5)
FNDA:0,(anonymous_6)
FNDA:0,(anonymous_7)
FNDA:0,(anonymous_8)
FNDA:0,(anonymous_9)
FNDA:0,(anonymous_10)
FNDA:0,(anonymous_11)
FNDA:0,(anonymous_12)
FNDA:0,(anonymous_13)
FNDA:0,(anonymous_14)
DA:2,0
DA:3,0
DA:4,0
DA:12,0
DA:13,0
DA:14,0
DA:16,0
DA:17,0
DA:18,0
DA:20,0
DA:24,0
DA:26,0
DA:27,0
DA:28,0
DA:29,0
DA:31,0
DA:36,0
DA:37,0
DA:38,0
DA:42,0
DA:63,0
DA:64,0
DA:65,0
DA:69,0
DA:73,0
DA:76,0
DA:88,0
DA:90,0
DA:97,0
DA:101,0
DA:102,0
DA:103,0
DA:104,0
DA:105,0
DA:108,0
DA:125,0
DA:126,0
DA:127,0
DA:130,0
DA:131,0
DA:132,0
DA:135,0
DA:138,0
DA:151,0
DA:155,0
DA:159,0
DA:160,0
DA:161,0
DA:162,0
DA:163,0
DA:164,0
DA:166,0
DA:169,0
DA:181,0
DA:182,0
DA:192,0
DA:195,0
DA:206,0
DA:214,0
DA:218,0
DA:219,0
DA:220,0
DA:221,0
DA:222,0
DA:223,0
DA:224,0
DA:227,0
DA:228,0
DA:229,0
DA:233,0
DA:234,0
DA:235,0
DA:238,0
DA:239,0
DA:240,0
DA:241,0
DA:244,0
DA:258,0
DA:264,0
DA:272,0
DA:276,0
DA:277,0
DA:278,0
DA:279,0
DA:280,0
DA:281,0
DA:282,0
DA:285,0
DA:286,0
DA:290,0
DA:291,0
DA:292,0
DA:295,0
DA:300,0
DA:306,0
DA:319,0
DA:320,0
DA:321,0
DA:323,0
DA:346,0
DA:347,0
DA:348,0
DA:349,0
DA:356,0
DA:370,0
DA:378,0
DA:382,0
DA:383,0
DA:384,0
DA:385,0
DA:386,0
DA:387,0
DA:389,0
DA:390,0
DA:392,0
DA:397,0
DA:402,0
DA:410,0
DA:414,0
DA:415,0
DA:416,0
DA:417,0
DA:418,0
DA:419,0
DA:421,0
DA:422,0
DA:423,0
DA:425,0
DA:426,0
DA:438,0
DA:442,0
DA:443,0
DA:448,0
DA:454,0
DA:456,0
DA:464,0
DA:468,0
DA:469,0
DA:470,0
DA:471,0
DA:472,0
DA:475,0
DA:480,0
DA:481,0
DA:482,0
DA:484,0
DA:485,0
DA:486,0
DA:490,0
DA:509,0
DA:511,0
DA:536,0
DA:537,0
DA:538,0
DA:541,0
DA:542,0
DA:543,0
DA:544,0
DA:547,0
DA:549,0
DA:561,0
DA:564,0
DA:565,0
DA:566,0
DA:569,0
DA:571,0
DA:584,0
DA:588,0
DA:592,0
DA:593,0
DA:594,0
DA:595,0
DA:596,0
DA:598,0
DA:603,0
DA:604,0
DA:605,0
DA:607,0
DA:608,0
DA:609,0
DA:613,0
DA:632,0
DA:634,0
DA:659,0
DA:660,0
DA:661,0
DA:664,0
DA:665,0
DA:666,0
DA:667,0
DA:670,0
DA:672,0
DA:684,0
DA:687,0
DA:688,0
DA:689,0
DA:692,0
DA:694,0
DA:707,0
DA:715,0
LF:200
LH:0
BRDA:13,0,0,0
BRDA:13,0,1,0
BRDA:18,1,0,0
BRDA:18,1,1,0
BRDA:28,2,0,0
BRDA:28,2,1,0
BRDA:36,3,0,0
BRDA:36,3,1,0
BRDA:64,4,0,0
BRDA:64,4,1,0
BRDA:79,5,0,0
BRDA:79,5,1,0
BRDA:92,6,0,0
BRDA:92,6,1,0
BRDA:103,7,0,0
BRDA:103,7,1,0
BRDA:125,8,0,0
BRDA:125,8,1,0
BRDA:131,9,0,0
BRDA:131,9,1,0
BRDA:141,10,0,0
BRDA:141,10,1,0
BRDA:146,11,0,0
BRDA:146,11,1,0
BRDA:146,11,2,0
BRDA:151,12,0,0
BRDA:151,12,1,0
BRDA:162,13,0,0
BRDA:162,13,1,0
BRDA:166,14,0,0
BRDA:166,14,1,0
BRDA:181,15,0,0
BRDA:181,15,1,0
BRDA:202,16,0,0
BRDA:202,16,1,0
BRDA:208,17,0,0
BRDA:208,17,1,0
BRDA:219,18,0,0
BRDA:219,18,1,0
BRDA:222,19,0,0
BRDA:222,19,1,0
BRDA:233,20,0,0
BRDA:233,20,1,0
BRDA:239,21,0,0
BRDA:239,21,1,0
BRDA:248,22,0,0
BRDA:248,22,1,0
BRDA:248,23,0,0
BRDA:248,23,1,0
BRDA:255,24,0,0
BRDA:255,24,1,0
BRDA:255,25,0,0
BRDA:255,25,1,0
BRDA:261,26,0,0
BRDA:261,26,1,0
BRDA:266,27,0,0
BRDA:266,27,1,0
BRDA:277,28,0,0
BRDA:277,28,1,0
BRDA:280,29,0,0
BRDA:280,29,1,0
BRDA:290,30,0,0
BRDA:290,30,1,0
BRDA:319,31,0,0
BRDA:319,31,1,0
BRDA:320,32,0,0
BRDA:320,32,1,0
BRDA:321,33,0,0
BRDA:321,33,1,0
BRDA:328,34,0,0
BRDA:328,34,1,0
BRDA:334,35,0,0
BRDA:334,35,1,0
BRDA:340,36,0,0
BRDA:340,36,1,0
BRDA:346,37,0,0
BRDA:346,37,1,0
BRDA:348,38,0,0
BRDA:348,38,1,0
BRDA:367,39,0,0
BRDA:367,39,1,0
BRDA:372,40,0,0
BRDA:372,40,1,0
BRDA:385,41,0,0
BRDA:385,41,1,0
BRDA:389,42,0,0
BRDA:389,42,1,0
BRDA:393,43,0,0
BRDA:393,43,1,0
BRDA:398,44,0,0
BRDA:398,44,1,0
BRDA:399,45,0,0
BRDA:399,45,1,0
BRDA:404,46,0,0
BRDA:404,46,1,0
BRDA:417,47,0,0
BRDA:417,47,1,0
BRDA:421,48,0,0
BRDA:421,48,1,0
BRDA:422,49,0,0
BRDA:422,49,1,0
BRDA:423,50,0,0
BRDA:423,50,1,0
BRDA:425,51,0,0
BRDA:425,51,1,0
BRDA:442,52,0,0
BRDA:442,52,1,0
BRDA:458,53,0,0
BRDA:458,53,1,0
BRDA:470,54,0,0
BRDA:470,54,1,0
BRDA:480,55,0,0
BRDA:480,55,1,0
BRDA:484,56,0,0
BRDA:484,56,1,0
BRDA:509,57,0,0
BRDA:509,57,1,0
BRDA:536,58,0,0
BRDA:536,58,1,0
BRDA:536,59,0,0
BRDA:536,59,1,0
BRDA:543,60,0,0
BRDA:543,60,1,0
BRDA:552,61,0,0
BRDA:552,61,1,0
BRDA:557,62,0,0
BRDA:557,62,1,0
BRDA:565,63,0,0
BRDA:565,63,1,0
BRDA:574,64,0,0
BRDA:574,64,1,0
BRDA:579,65,0,0
BRDA:579,65,1,0
BRDA:584,66,0,0
BRDA:584,66,1,0
BRDA:594,67,0,0
BRDA:594,67,1,0
BRDA:603,68,0,0
BRDA:603,68,1,0
BRDA:607,69,0,0
BRDA:607,69,1,0
BRDA:632,70,0,0
BRDA:632,70,1,0
BRDA:659,71,0,0
BRDA:659,71,1,0
BRDA:659,72,0,0
BRDA:659,72,1,0
BRDA:666,73,0,0
BRDA:666,73,1,0
BRDA:675,74,0,0
BRDA:675,74,1,0
BRDA:680,75,0,0
BRDA:680,75,1,0
BRDA:688,76,0,0
BRDA:688,76,1,0
BRDA:697,77,0,0
BRDA:697,77,1,0
BRDA:702,78,0,0
BRDA:702,78,1,0
BRDA:709,79,0,0
BRDA:709,79,1,0
BRF:161
BRH:0
end_of_record
TN:
SF:src\controllers\liveClassController.ts
FN:16,(anonymous_1)
FN:46,(anonymous_2)
FN:83,(anonymous_3)
FNF:3
FNH:0
FNDA:0,(anonymous_1)
FNDA:0,(anonymous_2)
FNDA:0,(anonymous_3)
DA:2,0
DA:3,0
DA:4,0
DA:6,0
DA:16,0
DA:17,0
DA:18,0
DA:19,0
DA:21,0
DA:22,0
DA:25,0
DA:35,0
DA:36,0
DA:38,0
DA:42,0
DA:46,0
DA:47,0
DA:49,0
DA:50,0
DA:51,0
DA:52,0
DA:55,0
DA:56,0
DA:58,0
DA:70,0
DA:72,0
DA:79,0
DA:83,0
DA:84,0
DA:85,0
DA:86,0
DA:88,0
DA:89,0
DA:90,0
DA:94,0
DA:95,0
DA:96,0
DA:97,0
DA:100,0
DA:101,0
DA:102,0
DA:105,0
DA:106,0
DA:107,0
DA:111,0
DA:118,0
DA:120,0
DA:121,0
DA:124,0
DA:125,0
DA:127,0
DA:135,0
LF:52
LH:0
BRDA:22,0,0,0
BRDA:22,0,1,0
BRDA:40,1,0,0
BRDA:40,1,1,0
BRDA:50,2,0,0
BRDA:50,2,1,0
BRDA:50,3,0,0
BRDA:50,3,1,0
BRDA:74,4,0,0
BRDA:74,4,1,0
BRDA:88,5,0,0
BRDA:88,5,1,0
BRDA:95,6,0,0
BRDA:95,6,1,0
BRDA:100,7,0,0
BRDA:100,7,1,0
BRDA:105,8,0,0
BRDA:105,8,1,0
BRDA:118,9,0,0
BRDA:118,9,1,0
BRDA:129,10,0,0
BRDA:129,10,1,0
BRF:22
BRH:0
end_of_record
TN:
SF:src\controllers\mediaController.ts
FN:12,(anonymous_1)
FN:47,(anonymous_2)
FN:105,(anonymous_3)
FNF:3
FNH:0
FNDA:0,(anonymous_1)
FNDA:0,(anonymous_2)
FNDA:0,(anonymous_3)
DA:2,0
DA:9,0
DA:10,0
DA:12,0
DA:13,0
DA:14,0
DA:15,0
DA:16,0
DA:19,0
DA:20,0
DA:21,0
DA:22,0
DA:25,0
DA:27,0
DA:33,0
DA:39,0
DA:43,0
DA:47,0
DA:48,0
DA:49,0
DA:50,0
DA:51,0
DA:54,0
DA:55,0
DA:56,0
DA:57,0
DA:58,0
DA:61,0
DA:62,0
DA:63,0
DA:64,0
DA:67,0
DA:72,0
DA:73,0
DA:74,0
DA:77,0
DA:78,0
DA:79,0
DA:80,0
DA:81,0
DA:84,0
DA:86,0
DA:91,0
DA:97,0
DA:101,0
DA:105,0
DA:106,0
DA:107,0
DA:108,0
DA:109,0
DA:112,0
DA:114,0
DA:119,0
DA:123,0
LF:54
LH:0
BRDA:14,0,0,0
BRDA:14,0,1,0
BRDA:20,1,0,0
BRDA:20,1,1,0
BRDA:41,2,0,0
BRDA:41,2,1,0
BRDA:49,3,0,0
BRDA:49,3,1,0
BRDA:56,4,0,0
BRDA:56,4,1,0
BRDA:62,5,0,0
BRDA:62,5,1,0
BRDA:62,6,0,0
BRDA:62,6,1,0
BRDA:72,7,0,0
BRDA:72,7,1,0
BRDA:77,8,0,0
BRDA:77,8,1,0
BRDA:79,9,0,0
BRDA:79,9,1,0
BRDA:79,10,0,0
BRDA:79,10,1,0
BRDA:99,11,0,0
BRDA:99,11,1,0
BRDA:107,12,0,0
BRDA:107,12,1,0
BRDA:121,13,0,0
BRDA:121,13,1,0
BRF:28
BRH:0
end_of_record
TN:
SF:src\controllers\monitoringController.ts
FN:14,requireAdmin
FN:27,checkDatabase
FN:49,checkCache
FN:75,deepHealthCheck
FN:123,getMetrics
FN:177,getDatabaseStatus
FN:192,getCacheStatus
FN:217,getProcesses
FNF:8
FNH:0
FNDA:0,requireAdmin
FNDA:0,checkDatabase
FNDA:0,checkCache
FNDA:0,deepHealthCheck
FNDA:0,getMetrics
FNDA:0,getDatabaseStatus
FNDA:0,getCacheStatus
FNDA:0,getProcesses
DA:2,0
DA:3,0
DA:4,0
DA:5,0
DA:12,0
DA:15,0
DA:16,0
DA:17,0
DA:19,0
DA:20,0
DA:21,0
DA:22,0
DA:24,0
DA:32,0
DA:33,0
DA:34,0
DA:35,0
DA:36,0
DA:38,0
DA:42,0
DA:55,0
DA:56,0
DA:58,0
DA:59,0
DA:60,0
DA:61,0
DA:62,0
DA:63,0
DA:64,0
DA:66,0
DA:68,0
DA:75,0
DA:76,0
DA:77,0
DA:79,0
DA:81,0
DA:90,0
DA:91,0
DA:92,0
DA:93,0
DA:94,0
DA:95,0
DA:96,0
DA:97,0
DA:98,0
DA:99,0
DA:101,0
DA:103,0
DA:105,0
DA:106,0
DA:108,0
DA:115,0
DA:116,0
DA:118,0
DA:119,0
DA:123,0
DA:124,0
DA:125,0
DA:127,0
DA:128,0
DA:129,0
DA:130,0
DA:131,0
DA:132,0
DA:133,0
DA:134,0
DA:135,0
DA:137,0
DA:139,0
DA:141,0
DA:142,0
DA:143,0
DA:148,0
DA:154,0
DA:160,0
DA:172,0
DA:173,0
DA:177,0
DA:178,0
DA:179,0
DA:180,0
DA:181,0
DA:182,0
DA:183,0
DA:188,0
DA:192,0
DA:193,0
DA:194,0
DA:195,0
DA:196,0
DA:197,0
DA:202,0
DA:204,0
DA:205,0
DA:206,0
DA:207,0
DA:208,0
DA:210,0
DA:213,0
DA:217,0
DA:218,0
DA:219,0
DA:220,0
DA:230,0
DA:231,0
LF:105
LH:0
BRDA:15,0,0,0
BRDA:15,0,1,0
BRDA:20,1,0,0
BRDA:20,1,1,0
BRDA:20,2,0,0
BRDA:20,2,1,0
BRDA:20,2,2,0
BRDA:40,3,0,0
BRDA:40,3,1,0
BRDA:44,4,0,0
BRDA:44,4,1,0
BRDA:55,5,0,0
BRDA:55,5,1,0
BRDA:62,6,0,0
BRDA:62,6,1,0
BRDA:70,7,0,0
BRDA:70,7,1,0
BRDA:77,8,0,0
BRDA:77,8,1,0
BRDA:82,9,0,0
BRDA:82,9,1,0
BRDA:82,10,0,0
BRDA:82,10,1,0
BRDA:90,11,0,0
BRDA:90,11,1,0
BRDA:103,12,0,0
BRDA:103,12,1,0
BRDA:105,13,0,0
BRDA:105,13,1,0
BRDA:106,14,0,0
BRDA:106,14,1,0
BRDA:106,15,0,0
BRDA:106,15,1,0
BRDA:111,16,0,0
BRDA:111,16,1,0
BRDA:115,17,0,0
BRDA:115,17,1,0
BRDA:118,18,0,0
BRDA:118,18,1,0
BRDA:125,19,0,0
BRDA:125,19,1,0
BRDA:139,20,0,0
BRDA:139,20,1,0
BRDA:156,21,0,0
BRDA:156,21,1,0
BRDA:172,22,0,0
BRDA:172,22,1,0
BRDA:179,23,0,0
BRDA:179,23,1,0
BRDA:194,24,0,0
BRDA:194,24,1,0
BRDA:196,25,0,0
BRDA:196,25,1,0
BRDA:207,26,0,0
BRDA:207,26,1,0
BRDA:219,27,0,0
BRDA:219,27,1,0
BRDA:230,28,0,0
BRDA:230,28,1,0
BRF:59
BRH:0
end_of_record
TN:
SF:src\controllers\notificationsController.ts
FN:11,(anonymous_1)
FN:48,(anonymous_2)
FN:68,(anonymous_3)
FN:90,(anonymous_4)
FN:110,(anonymous_5)
FNF:5
FNH:0
FNDA:0,(anonymous_1)
FNDA:0,(anonymous_2)
FNDA:0,(anonymous_3)
FNDA:0,(anonymous_4)
FNDA:0,(anonymous_5)
DA:2,0
DA:3,0
DA:4,0
DA:11,0
DA:12,0
DA:13,0
DA:14,0
DA:15,0
DA:16,0
DA:19,0
DA:20,0
DA:22,0
DA:23,0
DA:25,0
DA:30,0
DA:40,0
DA:44,0
DA:48,0
DA:49,0
DA:50,0
DA:51,0
DA:52,0
DA:53,0
DA:56,0
DA:58,0
DA:60,0
DA:64,0
DA:68,0
DA:69,0
DA:70,0
DA:71,0
DA:72,0
DA:73,0
DA:76,0
DA:78,0
DA:80,0
DA:82,0
DA:86,0
DA:90,0
DA:91,0
DA:92,0
DA:93,0
DA:94,0
DA:95,0
DA:98,0
DA:100,0
DA:102,0
DA:106,0
DA:110,0
DA:111,0
DA:112,0
DA:113,0
DA:114,0
DA:115,0
DA:118,0
DA:120,0
DA:122,0
DA:124,0
DA:128,0
LF:59
LH:0
BRDA:14,0,0,0
BRDA:14,0,1,0
BRDA:19,1,0,0
BRDA:19,1,1,0
BRDA:20,2,0,0
BRDA:20,2,1,0
BRDA:22,3,0,0
BRDA:22,3,1,0
BRDA:22,4,0,0
BRDA:22,4,1,0
BRDA:42,5,0,0
BRDA:42,5,1,0
BRDA:51,6,0,0
BRDA:51,6,1,0
BRDA:62,7,0,0
BRDA:62,7,1,0
BRDA:71,8,0,0
BRDA:71,8,1,0
BRDA:84,9,0,0
BRDA:84,9,1,0
BRDA:93,10,0,0
BRDA:93,10,1,0
BRDA:104,11,0,0
BRDA:104,11,1,0
BRDA:113,12,0,0
BRDA:113,12,1,0
BRDA:126,13,0,0
BRDA:126,13,1,0
BRF:28
BRH:0
end_of_record
TN:
SF:src\controllers\paymentsController.ts
FN:13,(anonymous_10)
FN:59,(anonymous_11)
FN:85,(anonymous_12)
FN:93,(anonymous_13)
FN:113,(anonymous_14)
FN:121,(anonymous_15)
FN:147,(anonymous_16)
FNF:7
FNH:0
FNDA:0,(anonymous_10)
FNDA:0,(anonymous_11)
FNDA:0,(anonymous_12)
FNDA:0,(anonymous_13)
FNDA:0,(anonymous_14)
FNDA:0,(anonymous_15)
FNDA:0,(anonymous_16)
DA:2,0
DA:3,0
DA:4,0
DA:13,0
DA:14,0
DA:15,0
DA:16,0
DA:17,0
DA:18,0
DA:21,0
DA:22,0
DA:23,0
DA:24,0
DA:28,0
DA:33,0
DA:34,0
DA:35,0
DA:38,0
DA:39,0
DA:40,0
DA:43,0
DA:44,0
DA:45,0
DA:49,0
DA:53,0
DA:54,0
DA:55,0
DA:59,0
DA:60,0
DA:70,0
DA:77,0
DA:81,0
DA:85,0
DA:86,0
DA:87,0
DA:88,0
DA:89,0
DA:90,0
DA:93,0
DA:94,0
DA:96,0
DA:99,0
DA:100,0
DA:102,0
DA:105,0
DA:109,0
DA:113,0
DA:114,0
DA:115,0
DA:116,0
DA:117,0
DA:118,0
DA:121,0
DA:123,0
DA:124,0
DA:129,0
DA:130,0
DA:134,0
DA:137,0
DA:139,0
DA:143,0
DA:147,0
DA:148,0
DA:149,0
DA:150,0
DA:151,0
DA:152,0
DA:155,0
DA:159,0
DA:160,0
DA:161,0
DA:164,0
DA:165,0
DA:166,0
DA:167,0
DA:170,0
DA:171,0
DA:172,0
DA:175,0
DA:182,0
DA:186,0
LF:81
LH:0
BRDA:16,0,0,0
BRDA:16,0,1,0
BRDA:22,1,0,0
BRDA:22,1,1,0
BRDA:33,2,0,0
BRDA:33,2,1,0
BRDA:38,3,0,0
BRDA:38,3,1,0
BRDA:43,4,0,0
BRDA:43,4,1,0
BRDA:43,5,0,0
BRDA:43,5,1,0
BRDA:53,6,0,0
BRDA:53,6,1,0
BRDA:66,7,0,0
BRDA:66,7,1,0
BRDA:67,8,0,0
BRDA:67,8,1,0
BRDA:79,9,0,0
BRDA:79,9,1,0
BRDA:88,10,0,0
BRDA:88,10,1,0
BRDA:88,11,0,0
BRDA:88,11,1,0
BRDA:96,12,0,0
BRDA:96,12,1,0
BRDA:107,13,0,0
BRDA:107,13,1,0
BRDA:116,14,0,0
BRDA:116,14,1,0
BRDA:123,15,0,0
BRDA:123,15,1,0
BRDA:129,16,0,0
BRDA:129,16,1,0
BRDA:141,17,0,0
BRDA:141,17,1,0
BRDA:150,18,0,0
BRDA:150,18,1,0
BRDA:150,19,0,0
BRDA:150,19,1,0
BRDA:159,20,0,0
BRDA:159,20,1,0
BRDA:165,21,0,0
BRDA:165,21,1,0
BRDA:165,22,0,0
BRDA:165,22,1,0
BRDA:170,23,0,0
BRDA:170,23,1,0
BRDA:170,24,0,0
BRDA:170,24,1,0
BRDA:184,25,0,0
BRDA:184,25,1,0
BRF:52
BRH:0
end_of_record
TN:
SF:src\controllers\platformHealthController.ts
FN:15,(anonymous_1)
FN:29,(anonymous_2)
FNF:2
FNH:0
FNDA:0,(anonymous_1)
FNDA:0,(anonymous_2)
DA:8,0
DA:9,0
DA:15,0
DA:16,0
DA:17,0
DA:18,0
DA:20,0
DA:21,0
DA:29,0
DA:30,0
DA:31,0
DA:32,0
DA:33,0
DA:35,0
DA:36,0
LF:15
LH:0
BRDA:20,0,0,0
BRDA:20,0,1,0
BRDA:31,1,0,0
BRDA:31,1,1,0
BRDA:35,2,0,0
BRDA:35,2,1,0
BRF:6
BRH:0
end_of_record
TN:
SF:src\controllers\problemsController.ts
FN:31,transformProblem
FN:33,(anonymous_11)
FN:35,(anonymous_12)
FN:61,(anonymous_13)
FN:105,(anonymous_14)
FN:138,(anonymous_15)
FN:153,(anonymous_16)
FN:184,(anonymous_17)
FN:208,(anonymous_18)
FN:259,(anonymous_19)
FNF:10
FNH:7
FNDA:3,transformProblem
FNDA:0,(anonymous_11)
FNDA:4,(anonymous_12)
FNDA:0,(anonymous_13)
FNDA:1,(anonymous_14)
FNDA:1,(anonymous_15)
FNDA:3,(anonymous_16)
FNDA:4,(anonymous_17)
FNDA:1,(anonymous_18)
FNDA:0,(anonymous_19)
DA:2,1
DA:3,1
DA:4,1
DA:6,1
DA:7,1
DA:32,3
DA:33,0
DA:35,4
DA:41,3
DA:42,3
DA:43,3
DA:44,0
DA:46,3
DA:53,0
DA:56,3
DA:57,3
DA:58,3
DA:59,0
DA:60,0
DA:61,0
DA:69,0
DA:72,3
DA:73,3
DA:75,3
DA:76,3
DA:77,0
DA:80,3
DA:105,1
DA:106,1
DA:107,1
DA:108,1
DA:109,1
DA:111,1
DA:112,1
DA:113,1
DA:115,1
DA:119,1
DA:120,1
DA:121,0
DA:122,0
DA:125,1
DA:138,1
DA:139,1
DA:141,1
DA:143,1
DA:145,0
DA:149,0
DA:153,1
DA:154,3
DA:155,3
DA:156,3
DA:158,3
DA:167,3
DA:168,1
DA:169,1
DA:172,2
DA:173,2
DA:175,0
DA:180,0
DA:184,1
DA:185,4
DA:186,4
DA:187,4
DA:188,1
DA:189,1
DA:191,3
DA:192,3
DA:194,3
DA:195,1
DA:196,1
DA:199,2
DA:203,2
DA:204,1
DA:205,1
DA:208,2
DA:209,1
DA:217,1
DA:229,1
DA:230,1
DA:235,1
DA:236,1
DA:240,1
DA:250,0
DA:255,0
DA:259,1
DA:260,0
DA:261,0
DA:262,0
DA:263,0
DA:264,0
DA:266,0
DA:267,0
DA:272,0
DA:274,0
DA:278,0
LF:95
LH:69
BRDA:32,0,0,0
BRDA:32,0,1,3
BRDA:34,1,0,3
BRDA:34,1,1,0
BRDA:43,2,0,0
BRDA:43,2,1,3
BRDA:58,3,0,0
BRDA:58,3,1,3
BRDA:60,4,0,0
BRDA:60,4,1,0
BRDA:62,5,0,0
BRDA:62,5,1,0
BRDA:63,6,0,0
BRDA:63,6,1,0
BRDA:72,7,0,3
BRDA:72,7,1,2
BRDA:73,8,0,3
BRDA:73,8,1,3
BRDA:76,9,0,0
BRDA:76,9,1,3
BRDA:76,10,0,3
BRDA:76,10,1,3
BRDA:77,11,0,0
BRDA:77,11,1,0
BRDA:84,12,0,3
BRDA:84,12,1,0
BRDA:89,13,0,3
BRDA:89,13,1,0
BRDA:90,14,0,3
BRDA:90,14,1,0
BRDA:91,15,0,3
BRDA:91,15,1,0
BRDA:95,16,0,1
BRDA:95,16,1,2
BRDA:101,17,0,3
BRDA:101,17,1,0
BRDA:112,18,0,0
BRDA:112,18,1,1
BRDA:113,19,0,0
BRDA:113,19,1,1
BRDA:120,20,0,0
BRDA:120,20,1,1
BRDA:147,21,0,0
BRDA:147,21,1,0
BRDA:155,22,0,3
BRDA:155,22,1,0
BRDA:167,23,0,1
BRDA:167,23,1,2
BRDA:177,24,0,0
BRDA:177,24,1,0
BRDA:178,25,0,0
BRDA:178,25,1,0
BRDA:187,26,0,1
BRDA:187,26,1,3
BRDA:194,27,0,1
BRDA:194,27,1,2
BRDA:194,28,0,3
BRDA:194,28,1,2
BRDA:194,28,2,2
BRDA:203,29,0,1
BRDA:203,29,1,1
BRDA:211,30,0,1
BRDA:211,30,1,0
BRDA:212,31,0,1
BRDA:212,31,1,0
BRDA:222,32,0,1
BRDA:222,32,1,0
BRDA:229,33,0,1
BRDA:229,33,1,0
BRDA:235,34,0,1
BRDA:235,34,1,0
BRDA:252,35,0,0
BRDA:252,35,1,0
BRDA:262,36,0,0
BRDA:262,36,1,0
BRDA:276,37,0,0
BRDA:276,37,1,0
BRF:77
BRH:38
end_of_record
TN:
SF:src\controllers\progressController.ts
FN:13,(anonymous_1)
FN:50,(anonymous_2)
FN:98,(anonymous_3)
FN:111,(anonymous_4)
FN:161,(anonymous_5)
FNF:5
FNH:0
FNDA:0,(anonymous_1)
FNDA:0,(anonymous_2)
FNDA:0,(anonymous_3)
FNDA:0,(anonymous_4)
FNDA:0,(anonymous_5)
DA:2,0
DA:3,0
DA:4,0
DA:5,0
DA:13,0
DA:14,0
DA:15,0
DA:16,0
DA:17,0
DA:18,0
DA:20,0
DA:22,0
DA:23,0
DA:24,0
DA:27,0
DA:32,0
DA:33,0
DA:34,0
DA:36,0
DA:37,0
DA:38,0
DA:41,0
DA:47,0
DA:48,0
DA:50,0
DA:51,0
DA:58,0
DA:67,0
DA:68,0
DA:69,0
DA:73,0
DA:76,0
DA:79,0
DA:89,0
DA:94,0
DA:98,0
DA:99,0
DA:100,0
DA:101,0
DA:102,0
DA:103,0
DA:107,0
DA:108,0
DA:111,0
DA:112,0
DA:113,0
DA:115,0
DA:116,0
DA:121,0
DA:123,0
DA:124,0
DA:126,0
DA:127,0
DA:130,0
DA:133,0
DA:135,0
DA:145,0
DA:154,0
DA:157,0
DA:161,0
DA:162,0
DA:163,0
DA:164,0
DA:165,0
DA:166,0
DA:168,0
DA:169,0
DA:170,0
DA:171,0
DA:174,0
DA:178,0
DA:179,0
DA:180,0
DA:182,0
DA:183,0
DA:186,0
DA:191,0
LF:77
LH:0
BRDA:16,0,0,0
BRDA:16,0,1,0
BRDA:22,1,0,0
BRDA:22,1,1,0
BRDA:32,2,0,0
BRDA:32,2,1,0
BRDA:36,3,0,0
BRDA:36,3,1,0
BRDA:47,4,0,0
BRDA:47,4,1,0
BRDA:48,5,0,0
BRDA:48,5,1,0
BRDA:61,6,0,0
BRDA:61,6,1,0
BRDA:67,7,0,0
BRDA:67,7,1,0
BRDA:86,8,0,0
BRDA:86,8,1,0
BRDA:91,9,0,0
BRDA:91,9,1,0
BRDA:101,10,0,0
BRDA:101,10,1,0
BRDA:113,11,0,0
BRDA:113,11,1,0
BRDA:124,12,0,0
BRDA:124,12,1,0
BRDA:126,13,0,0
BRDA:126,13,1,0
BRDA:154,14,0,0
BRDA:154,14,1,0
BRDA:164,15,0,0
BRDA:164,15,1,0
BRDA:169,16,0,0
BRDA:169,16,1,0
BRDA:169,17,0,0
BRDA:169,17,1,0
BRDA:178,18,0,0
BRDA:178,18,1,0
BRDA:188,19,0,0
BRDA:188,19,1,0
BRF:40
BRH:0
end_of_record
TN:
SF:src\controllers\questionBookmarksController.ts
FN:17,(anonymous_1)
FN:53,(anonymous_2)
FN:78,(anonymous_3)
FNF:3
FNH:0
FNDA:0,(anonymous_1)
FNDA:0,(anonymous_2)
FNDA:0,(anonymous_3)
DA:2,0
DA:3,0
DA:4,0
DA:17,0
DA:18,0
DA:19,0
DA:20,0
DA:21,0
DA:22,0
DA:25,0
DA:27,0
DA:28,0
DA:29,0
DA:32,0
DA:34,0
DA:36,0
DA:37,0
DA:38,0
DA:40,0
DA:45,0
DA:53,0
DA:54,0
DA:55,0
DA:56,0
DA:57,0
DA:58,0
DA:61,0
DA:63,0
DA:65,0
DA:70,0
DA:78,0
DA:79,0
DA:80,0
DA:81,0
DA:83,0
DA:84,0
DA:85,0
DA:88,0
DA:90,0
DA:92,0
DA:97,0
LF:41
LH:0
BRDA:20,0,0,0
BRDA:20,0,1,0
BRDA:27,1,0,0
BRDA:27,1,1,0
BRDA:36,2,0,0
BRDA:36,2,1,0
BRDA:36,3,0,0
BRDA:36,3,1,0
BRDA:42,4,0,0
BRDA:42,4,1,0
BRDA:56,5,0,0
BRDA:56,5,1,0
BRDA:67,6,0,0
BRDA:67,6,1,0
BRDA:83,7,0,0
BRDA:83,7,1,0
BRDA:94,8,0,0
BRDA:94,8,1,0
BRF:18
BRH:0
end_of_record
TN:
SF:src\controllers\searchController.ts
FN:6,searchContent
FNF:1
FNH:0
FNDA:0,searchContent
DA:2,0
DA:3,0
DA:4,0
DA:6,0
DA:7,0
DA:8,0
DA:10,0
DA:11,0
DA:12,0
DA:16,0
DA:17,0
DA:18,0
DA:19,0
DA:20,0
DA:23,0
DA:29,0
DA:31,0
DA:33,0
LF:18
LH:0
BRDA:10,0,0,0
BRDA:10,0,1,0
BRDA:10,1,0,0
BRDA:10,1,1,0
BRDA:16,2,0,0
BRDA:16,2,1,0
BRDA:16,3,0,0
BRDA:16,3,1,0
BRDA:18,4,0,0
BRDA:18,4,1,0
BRDA:25,5,0,0
BRDA:25,5,1,0
BRF:12
BRH:0
end_of_record
TN:
SF:src\controllers\subscriptionsController.ts
FN:17,(anonymous_1)
FN:22,(anonymous_2)
FN:48,(anonymous_3)
FN:96,(anonymous_4)
FN:121,(anonymous_5)
FN:194,(anonymous_6)
FN:218,(anonymous_7)
FNF:7
FNH:7
FNDA:2,(anonymous_1)
FNDA:2,(anonymous_2)
FNDA:4,(anonymous_3)
FNDA:5,(anonymous_4)
FNDA:3,(anonymous_5)
FNDA:3,(anonymous_6)
FNDA:3,(anonymous_7)
DA:2,1
DA:3,1
DA:4,1
DA:17,1
DA:18,2
DA:19,2
DA:21,1
DA:22,2
DA:36,1
DA:40,1
DA:48,1
DA:49,4
DA:50,4
DA:51,4
DA:52,1
DA:53,1
DA:56,3
DA:58,2
DA:59,1
DA:68,1
DA:71,1
DA:84,1
DA:88,1
DA:96,1
DA:97,5
DA:98,5
DA:99,5
DA:100,0
DA:101,0
DA:104,5
DA:106,5
DA:107,1
DA:108,1
DA:112,4
DA:113,1
DA:114,1
DA:115,1
DA:116,1
DA:120,3
DA:121,3
DA:122,3
DA:123,1
DA:124,1
DA:127,2
DA:129,1
DA:135,1
DA:136,0
DA:139,1
DA:145,1
DA:149,1
DA:152,1
DA:154,1
DA:155,1
DA:156,1
DA:165,1
DA:167,0
DA:169,0
DA:172,1
DA:182,0
DA:186,0
DA:194,1
DA:195,3
DA:196,3
DA:197,3
DA:198,1
DA:199,1
DA:202,2
DA:204,1
DA:206,1
DA:210,1
DA:218,1
DA:219,3
DA:220,3
DA:222,3
DA:223,1
DA:224,1
DA:227,2
DA:229,2
DA:231,0
DA:235,0
LF:80
LH:71
BRDA:38,0,0,1
BRDA:38,0,1,0
BRDA:51,1,0,1
BRDA:51,1,1,3
BRDA:58,2,0,1
BRDA:58,2,1,1
BRDA:72,3,0,1
BRDA:72,3,1,0
BRDA:81,4,0,1
BRDA:81,4,1,0
BRDA:86,5,0,1
BRDA:86,5,1,0
BRDA:99,6,0,0
BRDA:99,6,1,5
BRDA:106,7,0,1
BRDA:106,7,1,4
BRDA:112,8,0,1
BRDA:112,8,1,3
BRDA:114,9,0,1
BRDA:114,9,1,0
BRDA:115,10,0,1
BRDA:115,10,1,0
BRDA:122,11,0,1
BRDA:122,11,1,2
BRDA:127,12,0,1
BRDA:127,12,1,1
BRDA:135,13,0,0
BRDA:135,13,1,1
BRDA:149,14,0,1
BRDA:149,14,1,1
BRDA:160,15,0,1
BRDA:160,15,1,0
BRDA:184,16,0,0
BRDA:184,16,1,0
BRDA:186,17,0,0
BRDA:186,17,1,0
BRDA:197,18,0,1
BRDA:197,18,1,2
BRDA:208,19,0,1
BRDA:208,19,1,0
BRDA:222,20,0,1
BRDA:222,20,1,2
BRDA:233,21,0,0
BRDA:233,21,1,0
BRF:44
BRH:28
end_of_record
TN:
SF:src\controllers\testEngineController.ts
FN:16,(anonymous_1)
FN:54,(anonymous_2)
FN:81,(anonymous_3)
FN:106,(anonymous_4)
FN:139,(anonymous_5)
FNF:5
FNH:0
FNDA:0,(anonymous_1)
FNDA:0,(anonymous_2)
FNDA:0,(anonymous_3)
FNDA:0,(anonymous_4)
FNDA:0,(anonymous_5)
DA:2,0
DA:3,0
DA:4,0
DA:16,0
DA:17,0
DA:18,0
DA:19,0
DA:20,0
DA:22,0
DA:23,0
DA:24,0
DA:27,0
DA:28,0
DA:29,0
DA:32,0
DA:39,0
DA:41,0
DA:46,0
DA:54,0
DA:55,0
DA:56,0
DA:57,0
DA:59,0
DA:60,0
DA:61,0
DA:64,0
DA:66,0
DA:68,0
DA:73,0
DA:81,0
DA:82,0
DA:83,0
DA:84,0
DA:85,0
DA:86,0
DA:89,0
DA:91,0
DA:93,0
DA:98,0
DA:106,0
DA:107,0
DA:108,0
DA:109,0
DA:110,0
DA:111,0
DA:114,0
DA:116,0
DA:124,0
DA:126,0
DA:131,0
DA:139,0
DA:140,0
DA:141,0
DA:142,0
DA:144,0
DA:145,0
DA:146,0
DA:149,0
DA:151,0
DA:153,0
DA:158,0
LF:61
LH:0
BRDA:22,0,0,0
BRDA:22,0,1,0
BRDA:27,1,0,0
BRDA:27,1,1,0
BRDA:27,2,0,0
BRDA:27,2,1,0
BRDA:43,3,0,0
BRDA:43,3,1,0
BRDA:46,4,0,0
BRDA:46,4,1,0
BRDA:59,5,0,0
BRDA:59,5,1,0
BRDA:70,6,0,0
BRDA:70,6,1,0
BRDA:73,7,0,0
BRDA:73,7,1,0
BRDA:84,8,0,0
BRDA:84,8,1,0
BRDA:95,9,0,0
BRDA:95,9,1,0
BRDA:109,10,0,0
BRDA:109,10,1,0
BRDA:120,11,0,0
BRDA:120,11,1,0
BRDA:121,12,0,0
BRDA:121,12,1,0
BRDA:128,13,0,0
BRDA:128,13,1,0
BRDA:144,14,0,0
BRDA:144,14,1,0
BRDA:155,15,0,0
BRDA:155,15,1,0
BRF:32
BRH:0
end_of_record
TN:
SF:src\controllers\testsController.ts
FN:30,(anonymous_1)
FN:120,(anonymous_2)
FN:123,(anonymous_3)
FN:126,(anonymous_4)
FN:170,(anonymous_5)
FN:227,(anonymous_6)
FN:346,(anonymous_7)
FN:376,(anonymous_8)
FN:402,(anonymous_9)
FN:414,(anonymous_10)
FN:481,(anonymous_11)
FN:524,(anonymous_12)
FN:525,(anonymous_13)
FN:555,(anonymous_14)
FN:576,(anonymous_15)
FN:615,(anonymous_16)
FNF:16
FNH:9
FNDA:3,(anonymous_1)
FNDA:1,(anonymous_2)
FNDA:0,(anonymous_3)
FNDA:1,(anonymous_4)
FNDA:2,(anonymous_5)
FNDA:4,(anonymous_6)
FNDA:2,(anonymous_7)
FNDA:1,(anonymous_8)
FNDA:1,(anonymous_9)
FNDA:0,(anonymous_10)
FNDA:0,(anonymous_11)
FNDA:0,(anonymous_12)
FNDA:0,(anonymous_13)
FNDA:0,(anonymous_14)
FNDA:0,(anonymous_15)
FNDA:4,(anonymous_16)
DA:2,1
DA:3,1
DA:4,1
DA:6,1
DA:16,1
DA:17,1
DA:18,1
DA:20,1
DA:30,1
DA:31,3
DA:32,3
DA:33,3
DA:34,3
DA:36,3
DA:37,3
DA:38,3
DA:39,0
DA:40,0
DA:41,0
DA:44,3
DA:45,3
DA:47,3
DA:48,3
DA:50,3
DA:51,3
DA:53,3
DA:54,0
DA:55,0
DA:61,3
DA:62,3
DA:63,3
DA:65,3
DA:66,0
DA:67,0
DA:74,3
DA:75,0
DA:76,0
DA:85,3
DA:86,0
DA:89,3
DA:91,2
DA:116,2
DA:117,2
DA:118,2
DA:120,1
DA:123,2
DA:126,2
DA:155,2
DA:158,2
DA:160,2
DA:162,1
DA:166,1
DA:170,1
DA:171,2
DA:172,2
DA:174,2
DA:175,2
DA:176,2
DA:177,0
DA:178,0
DA:181,2
DA:193,2
DA:194,1
DA:195,1
DA:198,1
DA:215,1
DA:217,1
DA:219,0
DA:223,0
DA:227,1
DA:228,4
DA:229,4
DA:230,4
DA:231,4
DA:232,0
DA:233,0
DA:236,4
DA:251,4
DA:252,1
DA:253,1
DA:256,3
DA:271,3
DA:272,1
DA:273,1
DA:274,1
DA:276,1
DA:288,1
DA:291,2
DA:296,2
DA:299,2
DA:300,2
DA:301,1
DA:306,1
DA:309,1
DA:323,1
DA:325,1
DA:338,0
DA:342,0
DA:346,1
DA:347,2
DA:348,2
DA:349,2
DA:350,0
DA:351,0
DA:354,2
DA:376,2
DA:377,1
DA:379,1
DA:402,2
DA:404,2
DA:406,0
DA:410,0
DA:414,1
DA:415,0
DA:416,0
DA:417,0
DA:419,0
DA:420,0
DA:421,0
DA:424,0
DA:444,0
DA:445,0
DA:446,0
DA:447,0
DA:450,0
DA:451,0
DA:453,0
DA:470,0
DA:472,0
DA:477,0
DA:481,1
DA:482,0
DA:483,0
DA:484,0
DA:486,0
DA:487,0
DA:488,0
DA:491,0
DA:509,0
DA:510,0
DA:511,0
DA:514,0
DA:515,0
DA:516,0
DA:519,0
DA:520,0
DA:524,0
DA:525,0
DA:526,0
DA:527,0
DA:529,0
DA:541,0
DA:547,0
DA:551,0
DA:555,1
DA:556,0
DA:557,0
DA:558,0
DA:559,0
DA:561,0
DA:562,0
DA:563,0
DA:566,0
DA:567,0
DA:568,0
DA:571,0
DA:572,0
DA:573,0
DA:576,0
DA:577,0
DA:585,0
DA:586,0
DA:589,0
DA:590,0
DA:592,0
DA:596,0
DA:599,0
DA:600,0
DA:601,0
DA:604,0
DA:606,0
DA:611,0
DA:615,1
DA:616,4
DA:617,4
DA:618,4
DA:619,0
DA:620,0
DA:622,4
DA:623,4
DA:625,4
DA:626,1
DA:627,1
DA:631,3
DA:640,2
DA:641,2
DA:643,2
DA:645,2
DA:647,2
DA:665,2
DA:666,0
DA:667,0
DA:670,2
DA:672,1
DA:678,1
DA:682,1
DA:683,1
DA:686,0
DA:687,0
LF:209
LH:114
BRDA:38,0,0,0
BRDA:38,0,1,3
BRDA:45,1,0,1
BRDA:45,1,1,2
BRDA:48,2,0,0
BRDA:48,2,1,3
BRDA:51,3,0,0
BRDA:51,3,1,3
BRDA:53,4,0,0
BRDA:53,4,1,3
BRDA:53,5,0,3
BRDA:53,5,1,0
BRDA:62,6,0,0
BRDA:62,6,1,3
BRDA:63,7,0,0
BRDA:63,7,1,3
BRDA:65,8,0,0
BRDA:65,8,1,3
BRDA:65,9,0,3
BRDA:65,9,1,0
BRDA:74,10,0,0
BRDA:74,10,1,3
BRDA:74,11,0,3
BRDA:74,11,1,0
BRDA:85,12,0,0
BRDA:85,12,1,3
BRDA:117,13,0,2
BRDA:117,13,1,0
BRDA:131,14,0,1
BRDA:131,14,1,1
BRDA:132,15,0,1
BRDA:132,15,1,1
BRDA:133,16,0,1
BRDA:133,16,1,1
BRDA:134,17,0,1
BRDA:134,17,1,1
BRDA:135,18,0,1
BRDA:135,18,1,1
BRDA:137,19,0,1
BRDA:137,19,1,0
BRDA:144,20,0,1
BRDA:144,20,1,1
BRDA:145,21,0,1
BRDA:145,21,1,1
BRDA:164,22,0,1
BRDA:164,22,1,0
BRDA:176,23,0,0
BRDA:176,23,1,2
BRDA:193,24,0,1
BRDA:193,24,1,1
BRDA:203,25,0,1
BRDA:203,25,1,0
BRDA:221,26,0,0
BRDA:221,26,1,0
BRDA:231,27,0,0
BRDA:231,27,1,4
BRDA:251,28,0,1
BRDA:251,28,1,3
BRDA:271,29,0,1
BRDA:271,29,1,2
BRDA:296,30,0,2
BRDA:296,30,1,1
BRDA:299,31,0,2
BRDA:299,31,1,2
BRDA:300,32,0,1
BRDA:300,32,1,1
BRDA:300,33,0,2
BRDA:300,33,1,1
BRDA:338,34,0,0
BRDA:338,34,1,0
BRDA:349,35,0,0
BRDA:349,35,1,2
BRDA:382,36,0,1
BRDA:382,36,1,0
BRDA:384,37,0,1
BRDA:384,37,1,0
BRDA:392,38,0,0
BRDA:392,38,1,1
BRDA:393,39,0,0
BRDA:393,39,1,0
BRDA:398,40,0,1
BRDA:398,40,1,0
BRDA:402,41,0,1
BRDA:402,41,1,0
BRDA:408,42,0,0
BRDA:408,42,1,0
BRDA:419,43,0,0
BRDA:419,43,1,0
BRDA:445,44,0,0
BRDA:445,44,1,0
BRDA:456,45,0,0
BRDA:456,45,1,0
BRDA:457,46,0,0
BRDA:457,46,1,0
BRDA:463,47,0,0
BRDA:463,47,1,0
BRDA:474,48,0,0
BRDA:474,48,1,0
BRDA:486,49,0,0
BRDA:486,49,1,0
BRDA:509,50,0,0
BRDA:509,50,1,0
BRDA:514,51,0,0
BRDA:514,51,1,0
BRDA:525,52,0,0
BRDA:525,52,1,0
BRDA:527,53,0,0
BRDA:527,53,1,0
BRDA:527,53,2,0
BRDA:533,54,0,0
BRDA:533,54,1,0
BRDA:534,55,0,0
BRDA:534,55,1,0
BRDA:534,56,0,0
BRDA:534,56,1,0
BRDA:535,57,0,0
BRDA:535,57,1,0
BRDA:536,58,0,0
BRDA:536,58,1,0
BRDA:536,59,0,0
BRDA:536,59,1,0
BRDA:537,60,0,0
BRDA:537,60,1,0
BRDA:549,61,0,0
BRDA:549,61,1,0
BRDA:561,62,0,0
BRDA:561,62,1,0
BRDA:566,63,0,0
BRDA:566,63,1,0
BRDA:566,64,0,0
BRDA:566,64,1,0
BRDA:571,65,0,0
BRDA:571,65,1,0
BRDA:571,66,0,0
BRDA:571,66,1,0
BRDA:578,67,0,0
BRDA:578,67,1,0
BRDA:585,68,0,0
BRDA:585,68,1,0
BRDA:599,69,0,0
BRDA:599,69,1,0
BRDA:608,70,0,0
BRDA:608,70,1,0
BRDA:618,71,0,0
BRDA:618,71,1,4
BRDA:625,72,0,1
BRDA:625,72,1,3
BRDA:625,73,0,4
BRDA:625,73,1,3
BRDA:643,74,0,2
BRDA:643,74,1,0
BRDA:645,75,0,2
BRDA:645,75,1,0
BRDA:665,76,0,0
BRDA:665,76,1,2
BRDA:674,77,0,1
BRDA:674,77,1,0
BRDA:678,78,0,1
BRDA:678,78,1,0
BRDA:679,79,0,1
BRDA:679,79,1,1
BRDA:679,79,2,0
BRDA:687,80,0,0
BRDA:687,80,1,0
BRF:164
BRH:66
end_of_record
TN:
SF:src\controllers\userAnalyticsController.ts
FN:18,(anonymous_1)
FN:43,(anonymous_2)
FN:65,(anonymous_3)
FN:85,(anonymous_4)
FN:107,(anonymous_5)
FN:129,(anonymous_6)
FN:151,(anonymous_7)
FN:173,(anonymous_8)
FN:195,(anonymous_9)
FNF:9
FNH:0
FNDA:0,(anonymous_1)
FNDA:0,(anonymous_2)
FNDA:0,(anonymous_3)
FNDA:0,(anonymous_4)
FNDA:0,(anonymous_5)
FNDA:0,(anonymous_6)
FNDA:0,(anonymous_7)
FNDA:0,(anonymous_8)
FNDA:0,(anonymous_9)
DA:8,0
DA:9,0
DA:10,0
DA:11,0
DA:12,0
DA:18,0
DA:19,0
DA:20,0
DA:21,0
DA:22,0
DA:23,0
DA:26,0
DA:27,0
DA:29,0
DA:34,0
DA:35,0
DA:43,0
DA:44,0
DA:45,0
DA:46,0
DA:47,0
DA:48,0
DA:51,0
DA:52,0
DA:54,0
DA:56,0
DA:57,0
DA:65,0
DA:66,0
DA:67,0
DA:68,0
DA:69,0
DA:70,0
DA:73,0
DA:74,0
DA:76,0
DA:77,0
DA:85,0
DA:86,0
DA:87,0
DA:88,0
DA:89,0
DA:90,0
DA:93,0
DA:94,0
DA:96,0
DA:98,0
DA:99,0
DA:107,0
DA:108,0
DA:109,0
DA:110,0
DA:111,0
DA:112,0
DA:115,0
DA:116,0
DA:118,0
DA:120,0
DA:121,0
DA:129,0
DA:130,0
DA:131,0
DA:132,0
DA:133,0
DA:134,0
DA:137,0
DA:138,0
DA:140,0
DA:142,0
DA:143,0
DA:151,0
DA:152,0
DA:153,0
DA:154,0
DA:155,0
DA:156,0
DA:159,0
DA:160,0
DA:162,0
DA:164,0
DA:165,0
DA:173,0
DA:174,0
DA:175,0
DA:176,0
DA:177,0
DA:178,0
DA:181,0
DA:182,0
DA:184,0
DA:186,0
DA:187,0
DA:195,0
DA:196,0
DA:197,0
DA:198,0
DA:199,0
DA:200,0
DA:203,0
DA:204,0
DA:206,0
DA:207,0
LF:102
LH:0
BRDA:21,0,0,0
BRDA:21,0,1,0
BRDA:26,1,0,0
BRDA:26,1,1,0
BRDA:34,2,0,0
BRDA:34,2,1,0
BRDA:46,3,0,0
BRDA:46,3,1,0
BRDA:51,4,0,0
BRDA:51,4,1,0
BRDA:56,5,0,0
BRDA:56,5,1,0
BRDA:68,6,0,0
BRDA:68,6,1,0
BRDA:76,7,0,0
BRDA:76,7,1,0
BRDA:88,8,0,0
BRDA:88,8,1,0
BRDA:93,9,0,0
BRDA:93,9,1,0
BRDA:98,10,0,0
BRDA:98,10,1,0
BRDA:110,11,0,0
BRDA:110,11,1,0
BRDA:115,12,0,0
BRDA:115,12,1,0
BRDA:120,13,0,0
BRDA:120,13,1,0
BRDA:132,14,0,0
BRDA:132,14,1,0
BRDA:137,15,0,0
BRDA:137,15,1,0
BRDA:142,16,0,0
BRDA:142,16,1,0
BRDA:154,17,0,0
BRDA:154,17,1,0
BRDA:159,18,0,0
BRDA:159,18,1,0
BRDA:164,19,0,0
BRDA:164,19,1,0
BRDA:176,20,0,0
BRDA:176,20,1,0
BRDA:181,21,0,0
BRDA:181,21,1,0
BRDA:186,22,0,0
BRDA:186,22,1,0
BRDA:198,23,0,0
BRDA:198,23,1,0
BRDA:206,24,0,0
BRDA:206,24,1,0
BRF:50
BRH:0
end_of_record
TN:
SF:src\controllers\web3Controller.ts
FN:11,(anonymous_1)
FN:30,(anonymous_2)
FN:60,(anonymous_3)
FN:79,(anonymous_4)
FNF:4
FNH:0
FNDA:0,(anonymous_1)
FNDA:0,(anonymous_2)
FNDA:0,(anonymous_3)
FNDA:0,(anonymous_4)
DA:2,0
DA:3,0
DA:9,0
DA:11,0
DA:12,0
DA:13,0
DA:14,0
DA:15,0
DA:16,0
DA:19,0
DA:20,0
DA:22,0
DA:26,0
DA:30,0
DA:31,0
DA:32,0
DA:33,0
DA:34,0
DA:35,0
DA:38,0
DA:39,0
DA:40,0
DA:41,0
DA:44,0
DA:45,0
DA:47,0
DA:51,0
DA:52,0
DA:53,0
DA:55,0
DA:60,0
DA:61,0
DA:62,0
DA:63,0
DA:64,0
DA:65,0
DA:68,0
DA:69,0
DA:71,0
DA:75,0
DA:79,0
DA:80,0
DA:81,0
DA:82,0
DA:83,0
DA:84,0
DA:87,0
DA:88,0
DA:89,0
DA:90,0
DA:93,0
DA:94,0
DA:96,0
DA:100,0
DA:101,0
DA:106,0
DA:108,0
LF:57
LH:0
BRDA:14,0,0,0
BRDA:14,0,1,0
BRDA:24,1,0,0
BRDA:24,1,1,0
BRDA:33,2,0,0
BRDA:33,2,1,0
BRDA:39,3,0,0
BRDA:39,3,1,0
BRDA:49,4,0,0
BRDA:49,4,1,0
BRDA:51,5,0,0
BRDA:51,5,1,0
BRDA:52,6,0,0
BRDA:52,6,1,0
BRDA:63,7,0,0
BRDA:63,7,1,0
BRDA:73,8,0,0
BRDA:73,8,1,0
BRDA:82,9,0,0
BRDA:82,9,1,0
BRDA:88,10,0,0
BRDA:88,10,1,0
BRDA:98,11,0,0
BRDA:98,11,1,0
BRDA:100,12,0,0
BRDA:100,12,1,0
BRDA:101,13,0,0
BRDA:101,13,1,0
BRDA:102,14,0,0
BRDA:102,14,1,0
BRDA:102,14,2,0
BRF:31
BRH:0
end_of_record
TN:
SF:src\jobs\aiNotificationsJob.ts
FN:9,(anonymous_1)
FN:14,(anonymous_2)
FN:77,(anonymous_3)
FNF:3
FNH:0
FNDA:0,(anonymous_1)
FNDA:0,(anonymous_2)
FNDA:0,(anonymous_3)
DA:1,0
DA:2,0
DA:3,0
DA:4,0
DA:5,0
DA:7,0
DA:9,0
DA:10,0
DA:14,0
DA:15,0
DA:16,0
DA:18,0
DA:27,0
DA:29,0
DA:39,0
DA:42,0
DA:43,0
DA:48,0
DA:49,0
DA:50,0
DA:54,0
DA:55,0
DA:62,0
DA:65,0
DA:69,0
DA:77,0
DA:78,0
DA:79,0
DA:80,0
LF:29
LH:0
BRDA:10,0,0,0
BRDA:10,0,1,0
BRDA:39,1,0,0
BRDA:39,1,1,0
BRDA:54,2,0,0
BRDA:54,2,1,0
BRDA:54,3,0,0
BRDA:54,3,1,0
BRDA:71,4,0,0
BRDA:71,4,1,0
BRDA:78,5,0,0
BRDA:78,5,1,0
BRF:12
BRH:0
end_of_record
TN:
SF:src\jobs\staleSessionJob.ts
FN:38,runStaleSessionSweep
FN:98,startStaleSessionJob
FN:102,(anonymous_3)
FN:104,(anonymous_4)
FN:118,stopStaleSessionJob
FNF:5
FNH:0
FNDA:0,runStaleSessionSweep
FNDA:0,startStaleSessionJob
FNDA:0,(anonymous_3)
FNDA:0,(anonymous_4)
FNDA:0,stopStaleSessionJob
DA:19,0
DA:20,0
DA:22,0
DA:23,0
DA:28,0
DA:39,0
DA:40,0
DA:46,0
DA:60,0
DA:61,0
DA:68,0
DA:82,0
DA:83,0
DA:88,0
DA:98,0
DA:99,0
DA:102,0
DA:104,0
DA:105,0
DA:108,0
DA:110,0
DA:118,0
DA:119,0
DA:120,0
DA:121,0
DA:122,0
LF:26
LH:0
BRDA:24,0,0,0
BRDA:24,0,1,0
BRDA:29,1,0,0
BRDA:29,1,1,0
BRDA:60,2,0,0
BRDA:60,2,1,0
BRDA:82,3,0,0
BRDA:82,3,1,0
BRDA:90,4,0,0
BRDA:90,4,1,0
BRDA:99,5,0,0
BRDA:99,5,1,0
BRDA:119,6,0,0
BRDA:119,6,1,0
BRF:14
BRH:0
end_of_record
TN:
SF:src\jobs\testExpiryJob.ts
FN:35,runExpirySweep
FN:66,(anonymous_2)
FN:79,(anonymous_3)
FN:84,(anonymous_4)
FN:102,startTestExpiryJob
FN:108,(anonymous_6)
FN:123,stopTestExpiryJob
FNF:7
FNH:0
FNDA:0,runExpirySweep
FNDA:0,(anonymous_2)
FNDA:0,(anonymous_3)
FNDA:0,(anonymous_4)
FNDA:0,startTestExpiryJob
FNDA:0,(anonymous_6)
FNDA:0,stopTestExpiryJob
DA:17,0
DA:18,0
DA:19,0
DA:20,0
DA:22,0
DA:23,0
DA:36,0
DA:37,0
DA:39,0
DA:40,0
DA:44,0
DA:61,0
DA:63,0
DA:67,0
DA:71,0
DA:75,0
DA:76,0
DA:79,0
DA:85,0
DA:91,0
DA:102,0
DA:103,0
DA:106,0
DA:108,0
DA:109,0
DA:113,0
DA:115,0
DA:123,0
DA:124,0
DA:125,0
DA:126,0
DA:127,0
LF:32
LH:0
BRDA:24,0,0,0
BRDA:24,0,1,0
BRDA:39,1,0,0
BRDA:39,1,1,0
BRDA:67,2,0,0
BRDA:67,2,1,0
BRDA:71,3,0,0
BRDA:71,3,1,0
BRDA:75,4,0,0
BRDA:75,4,1,0
BRDA:80,5,0,0
BRDA:80,5,1,0
BRDA:81,6,0,0
BRDA:81,6,1,0
BRDA:82,7,0,0
BRDA:82,7,1,0
BRDA:85,8,0,0
BRDA:85,8,1,0
BRDA:93,9,0,0
BRDA:93,9,1,0
BRDA:103,10,0,0
BRDA:103,10,1,0
BRDA:124,11,0,0
BRDA:124,11,1,0
BRF:24
BRH:0
end_of_record
TN:
SF:src\jobs\tokenCleanup.ts
FN:22,cleanupExpiredTokens
FN:82,startTokenCleanupScheduler
FN:84,(anonymous_3)
FN:96,(anonymous_4)
FN:111,stopTokenCleanupScheduler
FNF:5
FNH:0
FNDA:0,cleanupExpiredTokens
FNDA:0,startTokenCleanupScheduler
FNDA:0,(anonymous_3)
FNDA:0,(anonymous_4)
FNDA:0,stopTokenCleanupScheduler
DA:13,0
DA:14,0
DA:16,0
DA:22,0
DA:27,0
DA:29,0
DA:30,0
DA:65,0
DA:71,0
DA:72,0
DA:82,0
DA:84,0
DA:85,0
DA:86,0
DA:87,0
DA:96,0
DA:97,0
DA:98,0
DA:99,0
DA:100,0
DA:108,0
DA:111,0
DA:112,0
DA:113,0
DA:114,0
DA:115,0
LF:26
LH:0
BRDA:71,0,0,0
BRDA:71,0,1,0
BRDA:86,1,0,0
BRDA:86,1,1,0
BRDA:99,2,0,0
BRDA:99,2,1,0
BRDA:112,3,0,0
BRDA:112,3,1,0
BRF:8
BRH:0
end_of_record
TN:
SF:src\middleware\asyncHandler.ts
FN:15,asyncHandler
FN:18,(anonymous_1)
FNF:2
FNH:0
FNDA:0,asyncHandler
FNDA:0,(anonymous_1)
DA:15,0
DA:18,0
DA:19,0
LF:3
LH:0
BRF:0
BRH:0
end_of_record
TN:
SF:src\middleware\authMiddleware.ts
FN:14,(anonymous_1)
FN:32,(anonymous_2)
FN:36,(anonymous_3)
FN:99,(anonymous_4)
FN:139,(anonymous_5)
FN:140,(anonymous_6)
FN:159,(anonymous_7)
FN:170,(anonymous_8)
FN:173,(anonymous_9)
FNF:9
FNH:6
FNDA:7,(anonymous_1)
FNDA:6,(anonymous_2)
FNDA:8,(anonymous_3)
FNDA:5,(anonymous_4)
FNDA:6,(anonymous_5)
FNDA:3,(anonymous_6)
FNDA:0,(anonymous_7)
FNDA:0,(anonymous_8)
FNDA:0,(anonymous_9)
DA:2,1
DA:3,1
DA:4,1
DA:5,1
DA:6,1
DA:14,1
DA:15,7
DA:16,7
DA:18,7
DA:19,7
DA:24,7
DA:25,6
DA:29,7
DA:32,1
DA:33,6
DA:36,1
DA:41,8
DA:42,8
DA:44,8
DA:45,2
DA:46,2
DA:49,6
DA:51,6
DA:52,6
DA:55,4
DA:57,4
DA:58,1
DA:59,1
DA:62,3
DA:63,2
DA:64,1
DA:65,1
DA:68,1
DA:69,1
DA:72,1
DA:78,1
DA:81,2
DA:85,1
DA:86,1
DA:88,1
DA:91,0
DA:95,0
DA:99,1
DA:104,5
DA:105,5
DA:107,5
DA:108,1
DA:109,1
DA:112,4
DA:114,4
DA:115,4
DA:116,3
DA:118,3
DA:119,1
DA:129,4
DA:131,0
DA:135,0
DA:139,1
DA:140,6
DA:141,3
DA:142,1
DA:143,1
DA:146,2
DA:147,1
DA:148,1
DA:151,1
DA:155,1
DA:156,1
DA:157,1
DA:159,1
DA:161,0
DA:164,0
DA:165,0
DA:167,0
DA:170,1
DA:171,0
DA:173,0
DA:174,0
DA:175,0
DA:186,0
DA:187,0
DA:188,0
DA:189,0
DA:191,0
DA:195,0
LF:85
LH:67
BRDA:18,0,0,7
BRDA:18,0,1,0
BRDA:24,1,0,6
BRDA:24,1,1,1
BRDA:33,2,0,6
BRDA:33,2,1,4
BRDA:33,3,0,4
BRDA:33,3,1,2
BRDA:44,4,0,2
BRDA:44,4,1,6
BRDA:57,5,0,1
BRDA:57,5,1,3
BRDA:62,6,0,2
BRDA:62,6,1,1
BRDA:63,7,0,1
BRDA:63,7,1,1
BRDA:81,8,0,1
BRDA:81,8,1,1
BRDA:82,9,0,2
BRDA:82,9,1,2
BRDA:82,9,2,2
BRDA:93,10,0,0
BRDA:93,10,1,0
BRDA:107,11,0,1
BRDA:107,11,1,4
BRDA:118,12,0,1
BRDA:118,12,1,2
BRDA:118,13,0,3
BRDA:118,13,1,3
BRDA:133,14,0,0
BRDA:133,14,1,0
BRDA:141,15,0,1
BRDA:141,15,1,2
BRDA:146,16,0,1
BRDA:146,16,1,1
BRDA:146,17,0,2
BRDA:146,17,1,2
BRDA:161,18,0,0
BRDA:161,18,1,0
BRDA:186,19,0,0
BRDA:186,19,1,0
BRDA:188,20,0,0
BRDA:188,20,1,0
BRF:43
BRH:32
end_of_record
TN:
SF:src\middleware\cacheMiddleware.ts
FN:5,(anonymous_1)
FN:6,(anonymous_2)
FN:41,(anonymous_3)
FN:44,(anonymous_4)
FN:55,(anonymous_5)
FNF:5
FNH:0
FNDA:0,(anonymous_1)
FNDA:0,(anonymous_2)
FNDA:0,(anonymous_3)
FNDA:0,(anonymous_4)
FNDA:0,(anonymous_5)
DA:2,0
DA:3,0
DA:5,0
DA:6,0
DA:11,0
DA:12,0
DA:13,0
DA:19,0
DA:21,0
DA:22,0
DA:23,0
DA:24,0
DA:25,0
DA:27,0
DA:28,0
DA:31,0
DA:34,0
DA:35,0
DA:39,0
DA:41,0
DA:43,0
DA:44,0
DA:45,0
DA:48,0
DA:51,0
DA:55,0
DA:56,0
DA:57,0
DA:58,0
DA:59,0
DA:62,0
DA:64,0
LF:32
LH:0
BRDA:11,0,0,0
BRDA:11,0,1,0
BRDA:11,1,0,0
BRDA:11,1,1,0
BRDA:11,1,2,0
BRDA:19,2,0,0
BRDA:19,2,1,0
BRDA:19,3,0,0
BRDA:19,3,1,0
BRDA:23,4,0,0
BRDA:23,4,1,0
BRDA:24,5,0,0
BRDA:24,5,1,0
BRDA:34,6,0,0
BRDA:34,6,1,0
BRDA:43,7,0,0
BRDA:43,7,1,0
BRDA:43,8,0,0
BRDA:43,8,1,0
BRDA:58,9,0,0
BRDA:58,9,1,0
BRF:21
BRH:0
end_of_record
TN:
SF:src\middleware\csrfMiddleware.ts
FN:13,generateCsrfToken
FN:17,getCsrfToken
FN:25,storeCsrfToken
FN:37,getStoredCsrfToken
FN:53,csrfProtection
FN:111,generateCsrfTokenForSession
FN:117,getCsrfTokenForSession
FN:124,(anonymous_8)
FN:136,stopCsrfCleanup
FN:141,csrfTokenHandler
FNF:10
FNH:0
FNDA:0,generateCsrfToken
FNDA:0,getCsrfToken
FNDA:0,storeCsrfToken
FNDA:0,getStoredCsrfToken
FNDA:0,csrfProtection
FNDA:0,generateCsrfTokenForSession
FNDA:0,getCsrfTokenForSession
FNDA:0,(anonymous_8)
FNDA:0,stopCsrfCleanup
FNDA:0,csrfTokenHandler
DA:2,0
DA:3,0
DA:4,0
DA:6,0
DA:7,0
DA:8,0
DA:11,0
DA:14,0
DA:18,0
DA:19,0
DA:20,0
DA:22,0
DA:26,0
DA:27,0
DA:28,0
DA:30,0
DA:38,0
DA:40,0
DA:41,0
DA:44,0
DA:45,0
DA:46,0
DA:47,0
DA:50,0
DA:53,0
DA:58,0
DA:59,0
DA:60,0
DA:61,0
DA:64,0
DA:65,0
DA:66,0
DA:69,0
DA:76,0
DA:77,0
DA:80,0
DA:81,0
DA:82,0
DA:83,0
DA:86,0
DA:87,0
DA:88,0
DA:89,0
DA:92,0
DA:93,0
DA:94,0
DA:95,0
DA:98,0
DA:99,0
DA:100,0
DA:104,0
DA:105,0
DA:108,0
DA:111,0
DA:112,0
DA:113,0
DA:114,0
DA:117,0
DA:118,0
DA:119,0
DA:123,0
DA:125,0
DA:126,0
DA:127,0
DA:128,0
DA:134,0
DA:136,0
DA:137,0
DA:138,0
DA:141,0
DA:142,0
DA:143,0
DA:144,0
DA:149,0
DA:152,0
DA:153,0
LF:76
LH:0
BRDA:19,0,0,0
BRDA:19,0,1,0
BRDA:27,1,0,0
BRDA:27,1,1,0
BRDA:40,2,0,0
BRDA:40,2,1,0
BRDA:45,3,0,0
BRDA:45,3,1,0
BRDA:45,4,0,0
BRDA:45,4,1,0
BRDA:59,5,0,0
BRDA:59,5,1,0
BRDA:64,6,0,0
BRDA:64,6,1,0
BRDA:69,7,0,0
BRDA:69,7,1,0
[...]
DA:231,0
DA:232,0
DA:233,0
DA:234,0
DA:235,0
DA:238,0
DA:254,0
DA:255,0
DA:256,0
DA:258,0
DA:280,0
DA:281,0
DA:283,0
DA:284,0
DA:287,0
DA:288,0
DA:291,0
DA:293,0
DA:296,0
DA:299,0
DA:300,0
DA:301,0
DA:302,0
DA:303,0
DA:304,0
DA:306,0
DA:323,0
DA:335,0
DA:345,0
DA:346,0
DA:347,0
DA:348,0
DA:349,0
DA:350,0
DA:352,0
DA:360,0
DA:380,0
DA:384,0
LF:74
LH:0
BRDA:71,0,0,0
BRDA:132,1,0,0
BRDA:132,1,1,0
BRDA:141,2,0,0
BRDA:141,2,1,0
BRDA:151,3,0,0
BRDA:151,3,1,0
BRDA:155,4,0,0
BRDA:155,4,1,0
BRDA:159,5,0,0
BRDA:159,5,1,0
BRDA:160,6,0,0
BRDA:160,6,1,0
BRDA:169,7,0,0
BRDA:189,8,0,0
BRDA:189,8,1,0
BRDA:191,9,0,0
BRDA:191,9,1,0
BRDA:209,10,0,0
BRDA:229,11,0,0
BRDA:229,11,1,0
BRDA:231,12,0,0
BRDA:231,12,1,0
BRDA:232,13,0,0
BRDA:232,13,1,0
BRDA:240,14,0,0
BRDA:240,14,1,0
BRDA:252,15,0,0
BRDA:280,16,0,0
BRDA:280,16,1,0
BRDA:283,17,0,0
BRDA:283,17,1,0
BRDA:321,18,0,0
BRDA:348,19,0,0
BRDA:348,19,1,0
BRDA:352,20,0,0
BRDA:352,20,1,0
BRDA:364,21,0,0
BRDA:364,21,1,0
BRDA:380,22,0,0
BRDA:380,22,1,0
BRF:41
BRH:0
end_of_record
TN:
SF:src\services\Web3Service.ts
FN:9,(anonymous_1)
FN:16,(anonymous_2)
FN:23,(anonymous_3)
FN:41,(anonymous_4)
FN:63,(anonymous_5)
FN:78,(anonymous_6)
FNF:6
FNH:0
FNDA:0,(anonymous_1)
FNDA:0,(anonymous_2)
FNDA:0,(anonymous_3)
FNDA:0,(anonymous_4)
FNDA:0,(anonymous_5)
FNDA:0,(anonymous_6)
DA:1,0
DA:2,0
DA:3,0
DA:5,0
DA:10,0
DA:17,0
DA:24,0
DA:28,0
DA:35,0
DA:43,0
DA:44,0
DA:47,0
DA:57,0
DA:64,0
DA:79,0
DA:83,0
DA:84,0
DA:88,0
DA:100,0
DA:101,0
DA:104,0
DA:105,0
DA:109,0
DA:118,0
DA:119,0
DA:123,0
DA:124,0
DA:131,0
DA:132,0
DA:136,0
DA:141,0
DA:156,0
DA:159,0
DA:163,0
LF:34
LH:0
BRDA:43,0,0,0
BRDA:43,0,1,0
BRDA:83,1,0,0
BRDA:83,1,1,0
BRDA:100,2,0,0
BRDA:100,2,1,0
BRDA:104,3,0,0
BRDA:104,3,1,0
BRDA:118,4,0,0
BRDA:118,4,1,0
BRF:10
BRH:0
end_of_record
TN:
SF:src\services\index.ts
FN:4,(anonymous_0)
FN:4,(anonymous_1)
FN:7,(anonymous_2)
FN:7,(anonymous_3)
FN:11,(anonymous_4)
FN:12,(anonymous_5)
FN:13,(anonymous_6)
FN:14,(anonymous_7)
FN:15,(anonymous_8)
FN:16,(anonymous_9)
FN:21,(anonymous_10)
FN:22,(anonymous_11)
FN:23,(anonymous_12)
FN:24,(anonymous_13)
FNF:14
FNH:0
FNDA:0,(anonymous_0)
FNDA:0,(anonymous_1)
FNDA:0,(anonymous_2)
FNDA:0,(anonymous_3)
FNDA:0,(anonymous_4)
FNDA:0,(anonymous_5)
FNDA:0,(anonymous_6)
FNDA:0,(anonymous_7)
FNDA:0,(anonymous_8)
FNDA:0,(anonymous_9)
FNDA:0,(anonymous_10)
FNDA:0,(anonymous_11)
FNDA:0,(anonymous_12)
FNDA:0,(anonymous_13)
DA:4,0
DA:7,0
DA:10,0
DA:11,0
DA:12,0
DA:13,0
DA:14,0
DA:15,0
DA:16,0
DA:20,0
DA:21,0
DA:22,0
DA:23,0
DA:24,0
LF:14
LH:0
BRF:0
BRH:0
end_of_record
TN:
SF:src\services\ai\AILearningService.ts
FN:21,(anonymous_1)
FN:39,(anonymous_2)
FN:55,(anonymous_3)
FN:93,(anonymous_4)
FN:97,(anonymous_5)
FN:104,(anonymous_6)
FN:105,(anonymous_7)
FN:106,(anonymous_8)
FN:107,(anonymous_9)
FN:131,(anonymous_10)
FN:132,(anonymous_11)
FN:151,(anonymous_12)
FN:164,(anonymous_13)
FN:181,(anonymous_14)
FN:190,(anonymous_15)
FN:206,(anonymous_16)
FN:243,(anonymous_17)
FN:294,(anonymous_18)
FN:312,(anonymous_19)
FN:354,(anonymous_20)
FN:404,(anonymous_21)
FN:415,(anonymous_22)
FN:455,(anonymous_23)
FN:508,(anonymous_24)
FNF:24
FNH:0
FNDA:0,(anonymous_1)
FNDA:0,(anonymous_2)
FNDA:0,(anonymous_3)
FNDA:0,(anonymous_4)
FNDA:0,(anonymous_5)
FNDA:0,(anonymous_6)
FNDA:0,(anonymous_7)
FNDA:0,(anonymous_8)
FNDA:0,(anonymous_9)
FNDA:0,(anonymous_10)
FNDA:0,(anonymous_11)
FNDA:0,(anonymous_12)
FNDA:0,(anonymous_13)
FNDA:0,(anonymous_14)
FNDA:0,(anonymous_15)
FNDA:0,(anonymous_16)
FNDA:0,(anonymous_17)
FNDA:0,(anonymous_18)
FNDA:0,(anonymous_19)
FNDA:0,(anonymous_20)
FNDA:0,(anonymous_21)
FNDA:0,(anonymous_22)
FNDA:0,(anonymous_23)
FNDA:0,(anonymous_24)
DA:1,0
DA:2,0
DA:3,0
DA:4,0
DA:20,0
DA:22,0
DA:23,0
DA:38,0
DA:39,0
DA:42,0
DA:51,0
DA:56,0
DA:57,0
DA:58,0
DA:59,0
DA:62,0
DA:92,0
DA:93,0
DA:96,0
DA:97,0
DA:100,0
DA:104,0
DA:105,0
DA:106,0
DA:107,0
DA:119,0
DA:120,0
DA:121,0
DA:124,0
DA:126,0
DA:130,0
DA:131,0
DA:132,0
DA:147,0
DA:148,0
DA:152,0
DA:165,0
DA:174,0
DA:175,0
DA:178,0
DA:182,0
DA:191,0
DA:195,0
DA:196,0
DA:199,0
DA:203,0
DA:207,0
DA:208,0
DA:209,0
DA:210,0
DA:214,0
DA:215,0
DA:219,0
DA:234,0
DA:236,0
DA:237,0
DA:243,0
DA:249,0
DA:250,0
DA:251,0
DA:260,0
DA:273,0
DA:274,0
DA:294,0
DA:297,0
DA:299,0
DA:303,0
DA:318,0
DA:319,0
DA:320,0
DA:321,0
DA:325,0
DA:326,0
DA:330,0
DA:345,0
DA:347,0
DA:348,0
DA:354,0
DA:360,0
DA:361,0
DA:362,0
DA:363,0
DA:366,0
DA:375,0
DA:376,0
DA:377,0
DA:378,0
DA:381,0
DA:382,0
DA:384,0
DA:404,0
DA:407,0
DA:411,0
DA:416,0
DA:446,0
DA:449,0
DA:455,0
DA:456,0
DA:472,0
DA:473,0
DA:474,0
DA:482,0
DA:483,0
DA:484,0
DA:498,0
DA:501,0
DA:514,0
DA:515,0
DA:517,0
DA:540,0
DA:546,0
DA:548,0
DA:549,0
DA:550,0
DA:552,0
DA:553,0
DA:562,0
DA:563,0
DA:568,0
LF:119
LH:0
BRDA:38,0,0,0
BRDA:38,0,1,0
BRDA:43,1,0,0
BRDA:43,1,1,0
BRDA:44,2,0,0
BRDA:44,2,1,0
BRDA:44,3,0,0
BRDA:44,3,1,0
BRDA:44,4,0,0
BRDA:44,4,1,0
BRDA:46,5,0,0
BRDA:46,5,1,0
BRDA:58,6,0,0
BRDA:58,6,1,0
BRDA:92,7,0,0
BRDA:92,7,1,0
BRDA:96,8,0,0
BRDA:96,8,1,0
BRDA:104,9,0,0
BRDA:104,9,1,0
BRDA:105,10,0,0
BRDA:105,10,1,0
BRDA:106,11,0,0
BRDA:106,11,1,0
BRDA:107,12,0,0
BRDA:107,12,1,0
BRDA:128,13,0,0
BRDA:128,13,1,0
BRDA:134,14,0,0
BRDA:134,14,1,0
BRDA:174,15,0,0
BRDA:174,15,1,0
BRDA:195,16,0,0
BRDA:195,16,1,0
BRDA:209,17,0,0
BRDA:209,17,1,0
BRDA:214,18,0,0
BRDA:214,18,1,0
BRDA:236,19,0,0
BRDA:236,19,1,0
BRDA:262,20,0,0
BRDA:262,20,1,0
BRDA:273,21,0,0
BRDA:273,21,1,0
BRDA:301,22,0,0
BRDA:301,22,1,0
BRDA:320,23,0,0
BRDA:320,23,1,0
BRDA:325,24,0,0
BRDA:325,24,1,0
BRDA:347,25,0,0
BRDA:347,25,1,0
BRDA:362,26,0,0
BRDA:362,26,1,0
BRDA:381,27,0,0
BRDA:381,27,1,0
BRDA:409,28,0,0
BRDA:409,28,1,0
BRDA:464,29,0,0
BRDA:464,29,1,0
BRDA:465,30,0,0
BRDA:465,30,1,0
BRDA:490,31,0,0
BRDA:490,31,1,0
BRDA:492,32,0,0
BRDA:492,32,1,0
BRDA:562,33,0,0
BRDA:562,33,1,0
BRF:68
BRH:0
end_of_record
TN:
SF:src\services\ai\AIServiceFactory.ts
FN:15,(anonymous_1)
FN:23,(anonymous_2)
FNF:2
FNH:0
FNDA:0,(anonymous_1)
FNDA:0,(anonymous_2)
DA:2,2
DA:3,2
DA:7,2
DA:9,2
DA:16,0
DA:17,0
DA:24,0
DA:26,0
DA:27,0
DA:28,0
DA:31,0
DA:33,0
DA:34,0
DA:43,0
DA:46,0
DA:49,0
LF:16
LH:4
BRDA:15,0,0,0
BRDA:24,1,0,0
BRDA:24,1,1,0
BRDA:27,2,0,0
BRDA:27,2,1,0
BRDA:31,3,0,0
BRDA:31,3,1,0
BRF:7
BRH:0
end_of_record
TN:
SF:src\services\ai\GeminiAdapter.ts
FN:17,(anonymous_1)
FN:30,(anonymous_2)
FN:38,(anonymous_3)
FN:72,(anonymous_4)
FN:79,(anonymous_5)
FN:80,(anonymous_6)
FN:105,(anonymous_7)
FN:109,(anonymous_8)
FN:110,(anonymous_9)
FN:123,(anonymous_10)
FN:124,(anonymous_11)
FN:142,(anonymous_12)
FN:147,(anonymous_13)
FN:159,(anonymous_14)
FN:160,(anonymous_15)
FN:179,(anonymous_16)
FN:180,(anonymous_17)
FNF:17
FNH:0
FNDA:0,(anonymous_1)
FNDA:0,(anonymous_2)
FNDA:0,(anonymous_3)
FNDA:0,(anonymous_4)
FNDA:0,(anonymous_5)
FNDA:0,(anonymous_6)
FNDA:0,(anonymous_7)
FNDA:0,(anonymous_8)
FNDA:0,(anonymous_9)
FNDA:0,(anonymous_10)
FNDA:0,(anonymous_11)
FNDA:0,(anonymous_12)
FNDA:0,(anonymous_13)
FNDA:0,(anonymous_14)
FNDA:0,(anonymous_15)
FNDA:0,(anonymous_16)
FNDA:0,(anonymous_17)
DA:1,2
DA:3,2
DA:4,2
DA:6,2
DA:7,2
DA:9,2
DA:11,0
DA:12,0
DA:18,0
DA:19,0
DA:20,0
DA:21,0
DA:23,0
DA:36,0
DA:37,0
DA:38,0
DA:40,0
DA:41,0
DA:44,0
DA:45,0
DA:50,0
DA:60,0
DA:61,0
DA:65,0
DA:68,0
DA:69,0
DA:72,0
DA:76,0
DA:80,0
DA:81,0
DA:89,0
DA:90,0
DA:92,0
DA:109,0
DA:110,0
DA:112,0
DA:122,0
DA:123,0
DA:124,0
DA:130,0
DA:132,0
DA:133,0
DA:134,0
DA:136,0
DA:146,0
DA:147,0
DA:149,0
DA:158,0
DA:159,0
DA:160,0
DA:165,0
DA:167,0
DA:168,0
DA:170,0
DA:171,0
DA:174,0
DA:175,0
DA:180,0
DA:182,0
DA:191,0
DA:192,0
DA:193,0
DA:196,0
DA:197,0
DA:198,0
DA:202,0
DA:203,0
DA:206,0
LF:68
LH:6
BRDA:18,0,0,0
BRDA:18,0,1,0
BRDA:19,1,0,0
BRDA:19,1,1,0
BRDA:40,2,0,0
BRDA:40,2,1,0
BRDA:44,3,0,0
BRDA:44,3,1,0
BRDA:50,4,0,0
BRDA:50,4,1,0
BRDA:50,4,2,0
BRDA:50,4,3,0
BRDA:50,4,4,0
BRDA:50,4,5,0
BRDA:50,4,6,0
BRDA:50,4,7,0
BRDA:50,4,8,0
BRDA:60,5,0,0
BRDA:60,5,1,0
BRDA:60,6,0,0
BRDA:60,6,1,0
BRDA:82,7,0,0
BRDA:82,7,1,0
BRDA:84,8,0,0
BRDA:84,8,1,0
BRDA:85,9,0,0
BRDA:85,9,1,0
BRDA:94,10,0,0
BRDA:94,10,1,0
BRDA:113,11,0,0
BRDA:113,11,1,0
BRDA:115,12,0,0
BRDA:115,12,1,0
BRDA:116,13,0,0
BRDA:116,13,1,0
BRDA:118,14,0,0
BRDA:118,14,1,0
BRDA:125,15,0,0
BRDA:125,15,1,0
BRDA:130,16,0,0
BRDA:130,16,1,0
BRDA:150,17,0,0
BRDA:150,17,1,0
BRDA:152,18,0,0
BRDA:152,18,1,0
BRDA:153,19,0,0
BRDA:153,19,1,0
BRDA:155,20,0,0
BRDA:155,20,1,0
BRDA:161,21,0,0
BRDA:161,21,1,0
BRDA:165,22,0,0
BRDA:165,22,1,0
BRDA:183,23,0,0
BRDA:183,23,1,0
BRDA:185,24,0,0
BRDA:185,24,1,0
BRDA:186,25,0,0
BRDA:186,25,1,0
BRDA:197,26,0,0
BRDA:197,26,1,0
BRDA:202,27,0,0
BRDA:202,27,1,0
BRF:63
BRH:0
end_of_record
TN:
SF:src\utils\CircuitBreaker.ts
FN:18,(anonymous_1)
FN:24,(anonymous_2)
FN:44,(anonymous_3)
FN:52,(anonymous_4)
FN:61,(anonymous_5)
FNF:5
FNH:0
FNDA:0,(anonymous_1)
FNDA:0,(anonymous_2)
FNDA:0,(anonymous_3)
FNDA:0,(anonymous_4)
FNDA:0,(anonymous_5)
DA:1,2
DA:10,2
DA:11,0
DA:12,0
DA:13,0
DA:19,0
DA:20,0
DA:21,0
DA:25,0
DA:26,0
DA:27,0
DA:28,0
DA:30,0
DA:34,0
DA:35,0
DA:36,0
DA:37,0
DA:39,0
DA:40,0
DA:45,0
DA:46,0
DA:47,0
DA:48,0
DA:53,0
DA:54,0
DA:55,0
DA:56,0
DA:57,0
DA:62,0
LF:29
LH:2
BRDA:20,0,0,0
BRDA:20,0,1,0
BRDA:21,1,0,0
BRDA:21,1,1,0
BRDA:25,2,0,0
BRDA:25,2,1,0
BRDA:26,3,0,0
BRDA:26,3,1,0
BRDA:46,4,0,0
BRDA:46,4,1,0
BRDA:54,5,0,0
BRDA:54,5,1,0
BRF:12
BRH:0
end_of_record
TN:
SF:src\utils\TokenTrimmer.ts
FN:15,(anonymous_0)
FN:31,(anonymous_1)
FN:39,(anonymous_2)
FNF:3
FNH:0
FNDA:0,(anonymous_0)
FNDA:0,(anonymous_1)
FNDA:0,(anonymous_2)
DA:9,2
DA:10,2
DA:16,0
DA:18,0
DA:19,0
DA:20,0
DA:24,0
DA:25,0
DA:32,0
DA:33,0
DA:40,0
DA:42,0
LF:12
LH:2
BRDA:15,0,0,0
BRDA:16,1,0,0
BRDA:16,1,1,0
BRDA:19,2,0,0
BRDA:19,2,1,0
BRDA:32,3,0,0
BRDA:32,3,1,0
BRDA:40,4,0,0
BRDA:40,4,1,0
BRF:9
BRH:0
end_of_record
TN:
SF:src\utils\auth.ts
FN:5,(anonymous_1)
FN:8,(anonymous_2)
FN:17,(anonymous_3)
FN:30,(anonymous_4)
FN:34,(anonymous_5)
FN:42,(anonymous_6)
FN:49,(anonymous_7)
FNF:7
FNH:2
FNDA:6,(anonymous_1)
FNDA:9,(anonymous_2)
FNDA:0,(anonymous_3)
FNDA:0,(anonymous_4)
FNDA:0,(anonymous_5)
FNDA:0,(anonymous_6)
FNDA:0,(anonymous_7)
DA:1,1
DA:2,1
DA:3,1
DA:5,1
DA:6,6
DA:8,1
DA:9,9
DA:17,1
DA:22,0
DA:30,1
DA:31,0
DA:34,1
DA:35,0
DA:42,1
DA:43,0
DA:49,1
DA:50,0
LF:17
LH:12
BRDA:9,0,0,9
BRDA:9,0,1,5
BRF:2
BRH:2
end_of_record
TN:
SF:src\utils\env.ts
FN:80,(anonymous_0)
FN:92,(anonymous_1)
FN:97,(anonymous_2)
FNF:3
FNH:0
FNDA:0,(anonymous_0)
FNDA:0,(anonymous_1)
FNDA:0,(anonymous_2)
DA:8,0
DA:11,0
DA:75,0
DA:76,0
DA:78,0
DA:79,0
DA:80,0
DA:81,0
DA:83,0
DA:84,0
DA:86,0
DA:89,0
DA:92,0
DA:93,0
DA:97,0
DA:98,0
DA:102,0
LF:17
LH:0
BRDA:78,0,0,0
BRDA:78,0,1,0
BRDA:133,1,0,0
BRDA:133,1,1,0
BRF:4
BRH:0
end_of_record
TN:
SF:src\utils\errorHandler.ts
FN:17,(anonymous_0)
FN:17,(anonymous_1)
FN:17,(anonymous_2)
FN:24,(anonymous_3)
FN:27,(anonymous_4)
FN:28,(anonymous_5)
FN:35,(anonymous_6)
FN:54,(anonymous_7)
FNF:8
FNH:0
FNDA:0,(anonymous_0)
FNDA:0,(anonymous_1)
FNDA:0,(anonymous_2)
FNDA:0,(anonymous_3)
FNDA:0,(anonymous_4)
FNDA:0,(anonymous_5)
FNDA:0,(anonymous_6)
FNDA:0,(anonymous_7)
DA:9,0
DA:17,0
DA:20,0
DA:22,0
DA:24,0
DA:27,0
DA:28,0
DA:29,0
DA:30,0
DA:35,0
DA:36,0
DA:38,0
DA:39,0
DA:40,0
DA:42,0
DA:44,0
DA:46,0
DA:48,0
DA:50,0
DA:54,0
DA:55,0
DA:58,0
LF:22
LH:0
BRDA:30,0,0,0
BRDA:30,0,1,0
BRDA:36,1,0,0
BRDA:36,1,1,0
BRDA:36,1,2,0
BRDA:36,1,3,0
BRDA:36,1,4,0
BRDA:36,1,5,0
BRDA:39,2,0,0
BRDA:39,2,1,0
BRF:10
BRH:0
end_of_record
TN:
SF:src\utils\errors.ts
FN:6,(anonymous_0)
FN:13,(anonymous_1)
FN:22,(anonymous_2)
FN:30,(anonymous_3)
FN:37,(anonymous_4)
FN:44,(anonymous_5)
FNF:6
FNH:0
FNDA:0,(anonymous_0)
FNDA:0,(anonymous_1)
FNDA:0,(anonymous_2)
FNDA:0,(anonymous_3)
FNDA:0,(anonymous_4)
FNDA:0,(anonymous_5)
DA:5,0
DA:7,0
DA:8,0
DA:12,0
DA:14,0
DA:15,0
DA:19,0
DA:23,0
DA:24,0
DA:25,0
DA:29,0
DA:31,0
DA:32,0
DA:36,0
DA:38,0
DA:39,0
DA:43,0
DA:45,0
DA:46,0
LF:19
LH:0
BRDA:6,0,0,0
BRDA:13,1,0,0
BRDA:22,2,0,0
BRDA:30,3,0,0
BRDA:37,4,0,0
BRDA:44,5,0,0
BRF:6
BRH:0
end_of_record
TN:
SF:src\utils\json.ts
FN:1,(anonymous_0)
FN:20,(anonymous_1)
FNF:2
FNH:2
FNDA:12,(anonymous_0)
FNDA:13,(anonymous_1)
DA:1,3
DA:2,12
DA:4,10
DA:5,2
DA:6,2
DA:7,1
DA:9,1
DA:13,8
DA:14,7
DA:17,1
DA:20,3
DA:21,13
DA:23,13
DA:24,4
DA:25,4
DA:26,3
DA:28,1
DA:32,9
LF:18
LH:18
BRDA:2,0,0,2
BRDA:2,0,1,10
BRDA:4,1,0,2
BRDA:4,1,1,8
BRDA:13,2,0,7
BRDA:13,2,1,1
BRDA:13,3,0,8
BRDA:13,3,1,8
BRDA:21,4,0,0
BRDA:21,4,1,13
BRDA:23,5,0,4
BRDA:23,5,1,9
BRDA:32,6,0,8
BRDA:32,6,1,1
BRF:14
BRH:13
end_of_record
TN:
SF:src\utils\logger.ts
FN:6,(anonymous_1)
FN:13,(anonymous_2)
FN:46,(anonymous_3)
FN:125,(anonymous_4)
FN:130,(anonymous_5)
FN:159,(anonymous_6)
FN:178,(anonymous_7)
FN:189,(anonymous_8)
FN:194,(anonymous_9)
FN:199,(anonymous_10)
FN:205,(anonymous_11)
FNF:11
FNH:10
FNDA:4,(anonymous_1)
FNDA:13,(anonymous_2)
FNDA:0,(anonymous_3)
FNDA:9,(anonymous_4)
FNDA:22,(anonymous_5)
FNDA:2,(anonymous_6)
FNDA:7,(anonymous_7)
FNDA:5,(anonymous_8)
FNDA:8,(anonymous_9)
FNDA:2,(anonymous_10)
FNDA:2,(anonymous_11)
DA:1,4
DA:2,4
DA:3,4
DA:4,4
DA:6,4
DA:7,4
DA:8,4
DA:9,4
DA:10,4
DA:13,4
DA:14,13
DA:15,13
DA:16,13
DA:17,0
DA:20,13
DA:21,13
DA:29,13
DA:30,13
DA:34,0
DA:38,4
DA:39,4
DA:40,0
DA:43,4
DA:46,4
DA:47,0
DA:48,0
DA:49,0
DA:51,0
DA:52,0
DA:54,0
DA:55,0
DA:57,0
DA:60,4
DA:88,4
DA:105,4
DA:109,0
DA:118,4
DA:125,4
DA:126,9
DA:127,9
DA:130,4
DA:135,22
DA:140,16
DA:142,6
DA:148,6
DA:150,6
DA:151,2
DA:152,4
DA:153,1
DA:155,3
DA:159,4
DA:164,2
DA:166,2
DA:177,4
DA:179,7
DA:183,7
DA:190,5
DA:191,5
DA:195,8
DA:196,8
DA:200,2
DA:201,2
DA:206,2
DA:207,2
DA:215,4
LF:65
LH:53
BRDA:6,0,0,4
BRDA:6,0,1,4
BRDA:15,1,0,13
BRDA:15,1,1,0
BRDA:16,2,0,0
BRDA:16,2,1,13
BRDA:29,3,0,13
BRDA:29,3,1,0
BRDA:34,4,0,0
BRDA:34,4,1,0
BRDA:39,5,0,0
BRDA:39,5,1,4
BRDA:48,6,0,0
BRDA:48,6,1,0
BRDA:51,7,0,0
BRDA:51,7,1,0
BRDA:54,8,0,0
BRDA:54,8,1,0
BRDA:105,9,0,0
BRDA:105,9,1,4
BRDA:106,10,0,4
BRDA:106,10,1,4
BRDA:106,10,2,4
BRDA:133,11,0,0
BRDA:135,12,0,16
BRDA:135,12,1,6
BRDA:136,13,0,22
BRDA:136,13,1,22
BRDA:136,13,2,9
BRDA:150,14,0,2
BRDA:150,14,1,4
BRDA:152,15,0,1
BRDA:152,15,1,3
BRDA:164,16,0,0
BRDA:164,16,1,2
BRDA:164,17,0,2
BRDA:164,17,1,2
BRDA:180,18,0,6
BRDA:180,18,1,1
BRDA:184,19,0,6
BRDA:184,19,1,1
BRF:41
BRH:26
end_of_record
TN:
SF:src\utils\metrics.ts
FNF:0
FNH:0
DA:1,0
DA:4,0
DA:7,0
DA:10,0
DA:18,0
DA:25,0
DA:31,0
DA:39,0
DA:46,0
DA:53,0
LF:10
LH:0
BRF:0
BRH:0
end_of_record
TN:
SF:src\utils\pagination.ts
FN:25,(anonymous_0)
FN:39,(anonymous_1)
FNF:2
FNH:2
FNDA:16,(anonymous_0)
FNDA:9,(anonymous_1)
DA:25,4
DA:28,16
DA:29,16
DA:31,16
DA:32,16
DA:34,16
DA:36,16
DA:39,4
DA:45,9
DA:47,9
LF:10
LH:10
BRDA:29,0,0,6
BRDA:29,0,1,10
BRDA:32,1,0,6
BRDA:32,1,1,10
BRF:4
BRH:4
end_of_record
TN:
SF:src\utils\responseHelper.ts
FN:28,(anonymous_0)
FN:42,(anonymous_1)
FN:47,(anonymous_2)
FN:61,(anonymous_3)
FN:67,(anonymous_4)
FN:73,(anonymous_5)
FN:79,(anonymous_6)
FN:82,(anonymous_7)
FN:88,(anonymous_8)
FNF:9
FNH:9
FNDA:38,(anonymous_0)
FNDA:6,(anonymous_1)
FNDA:59,(anonymous_2)
FNDA:9,(anonymous_3)
FNDA:1,(anonymous_4)
FNDA:10,(anonymous_5)
FNDA:1,(anonymous_6)
FNDA:11,(anonymous_7)
FNDA:8,(anonymous_8)
DA:28,10
DA:35,38
DA:36,38
DA:37,38
DA:38,38
DA:42,10
DA:43,6
DA:47,10
DA:54,59
DA:55,59
DA:56,59
DA:57,59
DA:61,10
DA:65,9
DA:67,10
DA:71,1
DA:73,10
DA:77,10
DA:79,10
DA:80,1
DA:82,10
DA:86,11
DA:88,10
DA:93,8
LF:24
LH:24
BRDA:32,0,0,26
BRDA:36,1,0,7
BRDA:36,1,1,31
BRDA:37,2,0,6
BRDA:37,2,1,32
BRDA:50,3,0,0
BRDA:55,4,0,59
BRDA:55,4,1,0
BRDA:56,5,0,2
BRDA:56,5,1,57
BRDA:63,6,0,2
BRDA:64,7,0,9
BRDA:69,8,0,0
BRDA:70,9,0,0
BRDA:75,10,0,0
BRDA:76,11,0,10
BRDA:79,12,0,1
BRDA:84,13,0,7
BRDA:85,14,0,11
BRDA:91,15,0,8
BRF:20
BRH:15
end_of_record
TN:
SF:src\utils\sentry.ts
FN:4,initSentry
FN:19,(anonymous_10)
FNF:2
FNH:1
FNDA:0,initSentry
FNDA:3,(anonymous_10)
DA:1,1
DA:2,1
DA:4,1
DA:5,0
DA:6,0
DA:15,0
DA:19,1
DA:20,3
DA:21,0
LF:9
LH:5
BRDA:5,0,0,0
BRDA:5,0,1,0
BRDA:9,1,0,0
BRDA:9,1,1,0
BRDA:10,2,0,0
BRDA:10,2,1,0
BRDA:11,3,0,0
BRDA:11,3,1,0
BRDA:20,4,0,0
BRDA:20,4,1,3
BRF:10
BRH:1
end_of_record
TN:
SF:src\utils\testsHelper.ts
FN:1,(anonymous_0)
FN:19,(anonymous_1)
FN:25,(anonymous_2)
FN:34,(anonymous_3)
FN:50,(anonymous_4)
FN:51,(anonymous_5)
FN:56,(anonymous_6)
FN:60,(anonymous_7)
FN:66,(anonymous_8)
FN:70,(anonymous_9)
FN:73,(anonymous_10)
FN:75,(anonymous_11)
FN:80,(anonymous_12)
FN:84,(anonymous_13)
FN:86,(anonymous_14)
FN:88,(anonymous_15)
FNF:16
FNH:8
FNDA:2,(anonymous_0)
FNDA:4,(anonymous_1)
FNDA:6,(anonymous_2)
FNDA:2,(anonymous_3)
FNDA:2,(anonymous_4)
FNDA:0,(anonymous_5)
FNDA:2,(anonymous_6)
FNDA:2,(anonymous_7)
FNDA:0,(anonymous_8)
FNDA:0,(anonymous_9)
FNDA:0,(anonymous_10)
FNDA:0,(anonymous_11)
FNDA:2,(anonymous_12)
FNDA:0,(anonymous_13)
FNDA:0,(anonymous_14)
FNDA:0,(anonymous_15)
DA:1,1
DA:10,2
DA:19,4
DA:22,1
DA:23,1
DA:25,1
DA:29,6
DA:30,0
DA:31,0
DA:34,1
DA:38,2
DA:40,2
DA:42,2
DA:43,2
DA:46,0
DA:47,0
DA:50,1
DA:51,2
DA:52,2
DA:53,0
DA:56,1
DA:57,2
DA:58,2
DA:60,2
DA:63,2
DA:66,1
DA:67,0
DA:68,0
DA:69,0
DA:70,0
DA:73,1
DA:74,0
DA:75,0
DA:77,0
DA:80,1
DA:84,2
DA:85,2
DA:86,0
DA:88,2
DA:89,2
DA:91,2
LF:41
LH:28
BRDA:14,0,0,2
BRDA:14,0,1,0
BRDA:15,1,0,2
BRDA:15,1,1,0
BRDA:29,2,0,6
BRDA:29,2,1,0
BRDA:29,3,0,6
BRDA:29,3,1,0
BRDA:31,4,0,0
BRDA:31,4,1,0
BRDA:40,5,0,0
BRDA:40,5,1,2
BRDA:42,6,0,2
BRDA:42,6,1,0
BRDA:51,7,0,0
BRDA:51,7,1,2
BRDA:52,8,0,2
BRDA:52,8,1,0
BRDA:53,9,0,0
BRDA:53,9,1,0
BRDA:57,10,0,0
BRDA:57,10,1,2
BRDA:67,11,0,0
BRDA:67,11,1,0
BRDA:74,12,0,0
BRDA:74,12,1,0
BRDA:82,13,0,0
BRDA:86,14,0,0
BRDA:86,14,1,0
BRF:29
BRH:9
end_of_record
TN:
SF:src\validations\schemas.ts
FN:54,(anonymous_0)
FN:85,(anonymous_1)
FNF:2
FNH:0
FNDA:0,(anonymous_0)
FNDA:0,(anonymous_1)
DA:1,0
DA:3,0
DA:9,0
DA:33,0
DA:48,0
DA:54,0
DA:59,0
DA:65,0
DA:72,0
DA:86,0
DA:87,0
DA:88,0
DA:99,0
DA:121,0
DA:134,0
DA:145,0
DA:151,0
DA:158,0
DA:173,0
DA:200,0
DA:210,0
DA:221,0
DA:235,0
DA:246,0
DA:253,0
DA:259,0
DA:267,0
DA:275,0
DA:286,0
DA:296,0
DA:309,0
DA:316,0
DA:323,0
DA:330,0
DA:338,0
DA:344,0
DA:353,0
DA:361,0
DA:371,0
DA:377,0
DA:387,0
DA:393,0
LF:42
LH:0
BRDA:54,0,0,0
BRDA:54,0,1,0
BRDA:87,1,0,0
BRDA:87,1,1,0
BRF:4
BRH:0
end_of_record
TN:
SF:src\websockets\index.ts
FN:13,(anonymous_1)
FN:17,(anonymous_2)
FN:18,(anonymous_3)
FN:62,(anonymous_4)
FN:68,(anonymous_5)
FN:112,(anonymous_6)
FN:121,(anonymous_7)
FN:127,(anonymous_8)
FN:134,(anonymous_9)
FN:143,(anonymous_10)
FN:153,(anonymous_11)
FN:183,(anonymous_12)
FN:187,(anonymous_13)
FN:190,(anonymous_14)
FN:197,(anonymous_15)
FN:203,(anonymous_16)
FNF:16
FNH:0
FNDA:0,(anonymous_1)
FNDA:0,(anonymous_2)
FNDA:0,(anonymous_3)
FNDA:0,(anonymous_4)
FNDA:0,(anonymous_5)
FNDA:0,(anonymous_6)
FNDA:0,(anonymous_7)
FNDA:0,(anonymous_8)
FNDA:0,(anonymous_9)
FNDA:0,(anonymous_10)
FNDA:0,(anonymous_11)
FNDA:0,(anonymous_12)
FNDA:0,(anonymous_13)
FNDA:0,(anonymous_14)
FNDA:0,(anonymous_15)
FNDA:0,(anonymous_16)
DA:2,0
DA:3,0
DA:4,0
DA:5,0
DA:13,0
DA:14,0
DA:17,0
DA:18,0
DA:19,0
DA:20,0
DA:21,0
DA:26,0
DA:27,0
DA:29,0
DA:32,0
DA:33,0
DA:38,0
DA:39,0
DA:42,0
DA:43,0
DA:50,0
DA:51,0
DA:52,0
DA:54,0
DA:58,0
DA:62,0
DA:63,0
DA:66,0
DA:68,0
DA:69,0
DA:70,0
DA:80,0
DA:81,0
DA:82,0
DA:85,0
DA:86,0
DA:87,0
DA:90,0
DA:91,0
DA:92,0
DA:96,0
DA:101,0
DA:102,0
DA:103,0
DA:106,0
DA:107,0
DA:114,0
DA:115,0
DA:117,0
DA:121,0
DA:122,0
DA:123,0
DA:127,0
DA:128,0
DA:134,0
DA:135,0
DA:141,0
DA:144,0
DA:152,0
DA:153,0
DA:154,0
DA:155,0
DA:157,0
DA:159,0
DA:160,0
DA:162,0
DA:164,0
DA:165,0
DA:166,0
DA:169,0
DA:170,0
DA:171,0
DA:172,0
DA:175,0
DA:183,0
DA:184,0
DA:187,0
DA:190,0
DA:191,0
DA:192,0
DA:198,0
DA:203,0
DA:204,0
LF:83
LH:0
BRDA:14,0,0,0
BRDA:14,0,1,0
BRDA:14,1,0,0
BRDA:14,1,1,0
BRDA:19,2,0,0
BRDA:19,2,1,0
BRDA:20,3,0,0
BRDA:20,3,1,0
BRDA:38,4,0,0
BRDA:38,4,1,0
BRDA:42,5,0,0
BRDA:42,5,1,0
BRDA:45,6,0,0
BRDA:45,6,1,0
BRDA:56,7,0,0
BRDA:56,7,1,0
BRDA:80,8,0,0
BRDA:80,8,1,0
BRDA:85,9,0,0
BRDA:85,9,1,0
BRDA:85,10,0,0
BRDA:85,10,1,0
BRDA:90,11,0,0
BRDA:90,11,1,0
BRDA:96,12,0,0
BRDA:96,12,1,0
BRDA:96,12,2,0
BRDA:96,12,3,0
BRDA:101,13,0,0
BRDA:101,13,1,0
BRDA:155,14,0,0
BRDA:155,14,1,0
BRDA:157,15,0,0
BRDA:157,15,1,0
BRDA:164,16,0,0
BRDA:164,16,1,0
BRDA:164,17,0,0
BRDA:164,17,1,0
BRDA:170,18,0,0
BRDA:170,18,1,0
BRDA:191,19,0,0
BRDA:191,19,1,0
BRDA:191,20,0,0
BRDA:191,20,1,0
BRF:44
BRH:0
end_of_record
